Log for exercise 5
Begin run  student 2025-03-21-XXX-2068261, exercise 5, test 1
g++    -c -o main.o main.cpp
g++ -Wall -Wextra -O2 -o main main.o
End run student 2025-03-21-XXX-2068261, exercise 5, test 1

Begin run  student 2025-03-21-XXX-2045899, exercise 5, test 1
rm: cannot remove 'main': No such file or directory
rm: cannot remove 'results.txt': No such file or directory
make: *** No targets specified and no makefile found.  Stop.
mv: cannot stat 'results.txt': No such file or directory
End run student 2025-03-21-XXX-2045899, exercise 5, test 1

Begin run  student 2025-03-21-XXX-1948382, exercise 5, test 1
g++ main.cpp -o main
End run student 2025-03-21-XXX-1948382, exercise 5, test 1

Begin run  student 2025-03-21-XXX-2047145, exercise 5, test 1
g++ -lm -O3  -c main.cpp -o main.o
g++ -lm -O3  main.o -o main
End run student 2025-03-21-XXX-2047145, exercise 5, test 1

Begin run  student 2025-03-21-XXX-2045204, exercise 5, test 1
g++ -lm -O3  -c main.cpp -o main.o
g++ -lm -O3  main.o -o main
End run student 2025-03-21-XXX-2045204, exercise 5, test 1

Begin run  student 2025-03-21-XXX-2015518, exercise 5, test 1
rm: cannot remove 'main': No such file or directory
g++ -c -o simulation.o simulation.cpp -std=c++11 -I.  -lm 
g++ -o main simulation.o -std=c++11 -I.  -lm 
End run student 2025-03-21-XXX-2015518, exercise 5, test 1

Begin run  student 2025-03-21-XXX-1991139, exercise 5, test 1
rm: cannot remove 'main': No such file or directory
mkdir -p build
g++ -c -o build/main.o main.cpp -lm -g -O3 -std=c++11 -I../../
g++ -o main build/main.o -lm -g -O3 -std=c++11 -I../../
mv: cannot stat 'results.txt': No such file or directory
End run student 2025-03-21-XXX-1991139, exercise 5, test 1

Begin run  student 2025-03-21-XXX-1933763, exercise 5, test 1
./grade1stud1ex1test.sh: line 39: cd: /home/enrico/edata/tronci@di.uniroma1.it/enrico/teaching/EXAMS/software-engineering/cpp-grader/testdir/2025-03-21-XXX-1933763/5: Not a directory
rm: cannot remove 'main': No such file or directory
rm: cannot remove 'results.txt': No such file or directory
make: *** No targets specified and no makefile found.  Stop.
mv: cannot stat 'results.txt': No such file or directory
End run student 2025-03-21-XXX-1933763, exercise 5, test 1

Begin run  student 2025-03-21-XXX-1894899, exercise 5, test 1
rm: cannot remove 'main': No such file or directory
rm: cannot remove 'results.txt': No such file or directory
make: *** No targets specified and no makefile found.  Stop.
mv: cannot stat 'results.txt': No such file or directory
End run student 2025-03-21-XXX-1894899, exercise 5, test 1

Begin run  student 2025-03-21-XXX-2087530, exercise 5, test 1
g++ -Wall -Wextra -O2 -std=c++17 -c main.cpp -o main.o
g++ -Wall -Wextra -O2 -std=c++17 -o main main.o
End run student 2025-03-21-XXX-2087530, exercise 5, test 1

Begin run  student 2025-03-21-XXX-2049029, exercise 5, test 1
rm: cannot remove 'main': No such file or directory
rm: cannot remove 'results.txt': No such file or directory
make: *** No targets specified and no makefile found.  Stop.
mv: cannot stat 'results.txt': No such file or directory
End run student 2025-03-21-XXX-2049029, exercise 5, test 1

Begin run  student 2025-03-21-XXX-2059802, exercise 5, test 1
rm: cannot remove 'main': No such file or directory
rm: cannot remove 'results.txt': No such file or directory
g++ -lm -O3  -c ../mocc/stat.cpp -o ../mocc/stat.o
g++ -lm -O3  -c ../mocc/time.cpp -o ../mocc/time.o
g++ -lm -O3  -c data.cpp -o data.o
g++ -lm -O3  -c main.cpp -o main.o
main.cpp: In function ‘int main()’:
main.cpp:8:5: error: ‘Parameters’ was not declared in this scope
    8 |     Parameters prm;
      |     ^~~~~~~~~~
make: *** [Makefile:20: main.o] Error 1
mv: cannot stat 'results.txt': No such file or directory
End run student 2025-03-21-XXX-2059802, exercise 5, test 1

Begin run  student 2025-03-21-XXX-2061657, exercise 5, test 1
rm: cannot remove 'main': No such file or directory
rm: cannot remove 'results.txt': No such file or directory
make: *** No targets specified and no makefile found.  Stop.
mv: cannot stat 'results.txt': No such file or directory
End run student 2025-03-21-XXX-2061657, exercise 5, test 1

Begin run  student 2025-03-21-XXX-2045337, exercise 5, test 1
g++ -Wall -Wextra -std=c++11 -O2 -o main main.cpp
End run student 2025-03-21-XXX-2045337, exercise 5, test 1

Begin run  student 2025-03-21-XXX-2086686, exercise 5, test 1
rm: cannot remove 'main': No such file or directory
g++ -lm -O3  -c main.cpp -o main.o
g++ -lm -O3  main.o -o main
End run student 2025-03-21-XXX-2086686, exercise 5, test 1

Begin run  student 2025-03-21-XXX-2085129, exercise 5, test 1
rm: cannot remove 'main': No such file or directory
g++ -Wall -O2 -std=c++11 -c main.cpp -o main.o
g++ -Wall -O2 -std=c++11 -o main main.o
End run student 2025-03-21-XXX-2085129, exercise 5, test 1

Begin run  student 2025-03-21-XXX-2010731, exercise 5, test 1
rm: cannot remove 'main': No such file or directory
rm: cannot remove 'results.txt': No such file or directory
g++ -lm -O3 -c ../utils/time.cpp -o ../utils/time.o
g++ -lm -O3 -c ../utils/math.cpp -o ../utils/math.o
g++ -lm -O3 ../utils/time.o ../utils/math.o -o main
/usr/bin/ld: /usr/lib/gcc/x86_64-linux-gnu/13/../../../x86_64-linux-gnu/Scrt1.o: in function `_start':
(.text+0x24): undefined reference to `main'
collect2: error: ld returned 1 exit status
make: *** [Makefile:13: main] Error 1
mv: cannot stat 'results.txt': No such file or directory
End run student 2025-03-21-XXX-2010731, exercise 5, test 1

Begin run  student 2025-03-21-XXX-2067188, exercise 5, test 1
g++ -std=c++11 -Wall -O2 -o main main.cpp
mv: cannot stat 'results.txt': No such file or directory
End run student 2025-03-21-XXX-2067188, exercise 5, test 1

Begin run  student 2025-03-21-XXX-2063098, exercise 5, test 1
rm: cannot remove 'main': No such file or directory
rm: cannot remove 'results.txt': No such file or directory
make: *** No targets specified and no makefile found.  Stop.
mv: cannot stat 'results.txt': No such file or directory
End run student 2025-03-21-XXX-2063098, exercise 5, test 1

Begin run  student 2025-03-21-XXX-2059337, exercise 5, test 1
rm: cannot remove 'main': No such file or directory
rm: cannot remove 'results.txt': No such file or directory
make: *** No targets specified and no makefile found.  Stop.
mv: cannot stat 'results.txt': No such file or directory
End run student 2025-03-21-XXX-2059337, exercise 5, test 1

Begin run  student 2025-03-21-XXX-1933070, exercise 5, test 1
rm: cannot remove 'main': No such file or directory
rm: cannot remove 'results.txt': No such file or directory
make: *** No targets specified and no makefile found.  Stop.
mv: cannot stat 'results.txt': No such file or directory
End run student 2025-03-21-XXX-1933070, exercise 5, test 1

Begin run  student 2025-03-21-XXX-1943337, exercise 5, test 1
rm: cannot remove 'main': No such file or directory
g++ -std=c++11 -Wall -c main.cpp -o main.o
g++ main.o -o simulation
mv: cannot stat 'results.txt': No such file or directory
End run student 2025-03-21-XXX-1943337, exercise 5, test 1

Begin run  student 2025-03-21-XXX-2006305, exercise 5, test 1
rm: cannot remove 'main': No such file or directory
g++ -lm -O3  main.cpp -o main
End run student 2025-03-21-XXX-2006305, exercise 5, test 1

Begin run  student 2025-03-21-XXX-2044147, exercise 5, test 1
rm: cannot remove 'main': No such file or directory
make: *** No targets.  Stop.
mv: cannot stat 'results.txt': No such file or directory
End run student 2025-03-21-XXX-2044147, exercise 5, test 1

Begin run  student 2025-03-21-XXX-1944917, exercise 5, test 1
g++ -c -o main.o main.cpp -std=c++11 -I.  -lm 
g++ -o main main.o -std=c++11 -I.  -lm 
mv: cannot stat 'results.txt': No such file or directory
End run student 2025-03-21-XXX-1944917, exercise 5, test 1

Begin run  student 2025-03-21-XXX-1996623, exercise 5, test 1
rm: cannot remove 'main': No such file or directory
g++ -o main  -std=c++11 -I. -lm
/usr/bin/ld: /usr/lib/gcc/x86_64-linux-gnu/13/../../../x86_64-linux-gnu/Scrt1.o: in function `_start':
(.text+0x24): undefined reference to `main'
collect2: error: ld returned 1 exit status
make: *** [Makefile:15: main] Error 1
mv: cannot stat 'results.txt': No such file or directory
End run student 2025-03-21-XXX-1996623, exercise 5, test 1

Begin run  student 2025-03-21-XXX-2047034, exercise 5, test 1
rm: cannot remove 'main': No such file or directory
g++ -lm -O3 ../lib/stat.cpp ../lib/system.cpp main.cpp -o "main"
End run student 2025-03-21-XXX-2047034, exercise 5, test 1

Begin run  student 2025-03-21-XXX-2058986, exercise 5, test 1
rm: cannot remove 'main': No such file or directory
g++ -lm -O3 -std=c++11 -c ../mocc/stat.cpp -o ../mocc/stat.o
g++ -lm -O3 -std=c++11 -c ../mocc/time.cpp -o ../mocc/time.o
g++ -lm -O3 -std=c++11 -c main.cpp -o main.o
g++ -lm -O3 -std=c++11 ../mocc/stat.o ../mocc/time.o main.o -o main
End run student 2025-03-21-XXX-2058986, exercise 5, test 1

Begin run  student 2025-03-21-XXX-2060444, exercise 5, test 1
rm: cannot remove 'main': No such file or directory
rm: cannot remove 'results.txt': No such file or directory
make: *** No targets specified and no makefile found.  Stop.
mv: cannot stat 'results.txt': No such file or directory
End run student 2025-03-21-XXX-2060444, exercise 5, test 1

Begin run  student 2025-03-21-XXX-2070317, exercise 5, test 1
rm: cannot remove 'main': No such file or directory
rm: cannot remove 'results.txt': No such file or directory
make: *** No targets specified and no makefile found.  Stop.
mv: cannot stat 'results.txt': No such file or directory
End run student 2025-03-21-XXX-2070317, exercise 5, test 1

Begin run  student 2025-03-21-XXX-2046738, exercise 5, test 1
g++  -c -o es5.o es5.cpp -std=c++11 -I.  -lm 
g++  -o main es5.o -std=c++11 -I.  -lm 
mv: cannot stat 'results.txt': No such file or directory
End run student 2025-03-21-XXX-2046738, exercise 5, test 1

Begin run  student 2025-03-21-XXX-2046000, exercise 5, test 1
g++ -c -o main.o main.cpp -std=c++11 -I.  -lm 
g++ -o main main.o -std=c++11 -I.  -lm 
mv: cannot stat 'results.txt': No such file or directory
End run student 2025-03-21-XXX-2046000, exercise 5, test 1

Begin run  student 2025-03-21-XXX-2043415, exercise 5, test 1
rm: cannot remove 'main': No such file or directory
rm: cannot remove 'results.txt': No such file or directory
make: *** No targets specified and no makefile found.  Stop.
mv: cannot stat 'results.txt': No such file or directory
End run student 2025-03-21-XXX-2043415, exercise 5, test 1

Begin run  student 2025-03-21-XXX-2043364, exercise 5, test 1
rm: cannot remove 'main': No such file or directory
rm: cannot remove 'results.txt': No such file or directory
g++ -lm -O3  -c main.cpp -o main.o
g++ -lm -O3  main.o -o main
End run student 2025-03-21-XXX-2043364, exercise 5, test 1

Begin run  student 2025-03-21-XXX-2044032, exercise 5, test 1
g++ -Wall -std=c++11 main.cpp -o main
End run student 2025-03-21-XXX-2044032, exercise 5, test 1

Begin run  student 2025-03-21-XXX-2009905, exercise 5, test 1
rm: cannot remove 'main': No such file or directory
rm: cannot remove 'results.txt': No such file or directory
make: *** No targets specified and no makefile found.  Stop.
mv: cannot stat 'results.txt': No such file or directory
End run student 2025-03-21-XXX-2009905, exercise 5, test 1

Begin run  student 2025-03-21-XXX-2069217, exercise 5, test 1
g++ -Wall -O2 -std=c++11 -o main main.cpp
In file included from /usr/include/c++/13/iostream:41,
                 from main.cpp:1:
In member function ‘std::basic_ostream<_CharT, _Traits>::__ostream_type& std::basic_ostream<_CharT, _Traits>::operator<<(double) [with _CharT = char; _Traits = std::char_traits<char>]’,
    inlined from ‘int main()’ at main.cpp:231:36:
/usr/include/c++/13/ostream:223:25: warning: ‘best_result.SimulationResult::W’ may be used uninitialized [-Wmaybe-uninitialized]
  223 |       { return _M_insert(__f); }
      |                ~~~~~~~~~^~~~~
main.cpp: In function ‘int main()’:
main.cpp:195:22: note: ‘best_result.SimulationResult::W’ was declared here
  195 |     SimulationResult best_result;
      |                      ^~~~~~~~~~~
In member function ‘std::basic_ostream<_CharT, _Traits>::__ostream_type& std::basic_ostream<_CharT, _Traits>::operator<<(double) [with _CharT = char; _Traits = std::char_traits<char>]’,
    inlined from ‘int main()’ at main.cpp:232:36:
/usr/include/c++/13/ostream:223:25: warning: ‘best_result.SimulationResult::S’ may be used uninitialized [-Wmaybe-uninitialized]
  223 |       { return _M_insert(__f); }
      |                ~~~~~~~~~^~~~~
main.cpp: In function ‘int main()’:
main.cpp:195:22: note: ‘best_result.SimulationResult::S’ was declared here
  195 |     SimulationResult best_result;
      |                      ^~~~~~~~~~~
In member function ‘std::basic_ostream<_CharT, _Traits>::__ostream_type& std::basic_ostream<_CharT, _Traits>::operator<<(double) [with _CharT = char; _Traits = std::char_traits<char>]’,
    inlined from ‘int main()’ at main.cpp:233:36:
/usr/include/c++/13/ostream:223:25: warning: ‘best_result.SimulationResult::J’ may be used uninitialized [-Wmaybe-uninitialized]
  223 |       { return _M_insert(__f); }
      |                ~~~~~~~~~^~~~~
main.cpp: In function ‘int main()’:
main.cpp:195:22: note: ‘best_result.SimulationResult::J’ was declared here
  195 |     SimulationResult best_result;
      |                      ^~~~~~~~~~~
mv: cannot stat 'results.txt': No such file or directory
End run student 2025-03-21-XXX-2069217, exercise 5, test 1

Begin run  student 2025-03-21-XXX-1994583, exercise 5, test 1
g++ -Wall -std=c++11 -c main.cpp
g++ -Wall -std=c++11 -o main main.o
mv: cannot stat 'results.txt': No such file or directory
End run student 2025-03-21-XXX-1994583, exercise 5, test 1

Begin run  student 2025-03-21-XXX-2025557, exercise 5, test 1
./grade1stud1ex1test.sh: line 39: cd: /home/enrico/edata/tronci@di.uniroma1.it/enrico/teaching/EXAMS/software-engineering/cpp-grader/testdir/2025-03-21-XXX-2025557/5: Not a directory
rm: cannot remove 'main': No such file or directory
rm: cannot remove 'results.txt': No such file or directory
make: *** No targets specified and no makefile found.  Stop.
mv: cannot stat 'results.txt': No such file or directory
End run student 2025-03-21-XXX-2025557, exercise 5, test 1

Begin run  student 2025-03-21-XXX-2048130, exercise 5, test 1
rm: cannot remove 'main': No such file or directory
g++ -Wall -Wextra -O2 -std=c++11 -lm -c main.cpp
g++ -Wall -Wextra -O2 -std=c++11 -lm -o main main.o
End run student 2025-03-21-XXX-2048130, exercise 5, test 1

Begin run  student 2025-03-21-XXX-1987495, exercise 5, test 1
g++ -c -o ex5.o ex5.cpp -std=c++11 -I.  -lm 
g++ -o main ex5.o -std=c++11 -I.  -lm 
End run student 2025-03-21-XXX-1987495, exercise 5, test 1

Begin run  student 2025-03-21-XXX-2087310, exercise 5, test 1
rm: cannot remove 'main': No such file or directory
rm: cannot remove 'results.txt': No such file or directory
make: *** No targets specified and no makefile found.  Stop.
mv: cannot stat 'results.txt': No such file or directory
End run student 2025-03-21-XXX-2087310, exercise 5, test 1

Begin run  student 2025-03-21-XXX-1919026, exercise 5, test 1
rm: cannot remove 'main': No such file or directory
g++ -O3 -Wall -Wextra -pedantic -I ./include/ -std=c++17 -lm main.cpp src/Parameters.cpp src/VecUtils.cpp src/DB.cpp src/Server.cpp src/Customer.cpp src/Supplier.cpp src/Simulation.cpp -o main
End run student 2025-03-21-XXX-1919026, exercise 5, test 1

Begin run  student 2025-03-21-XXX-2086047, exercise 5, test 1
rm: cannot remove 'main': No such file or directory
g++ -std=c++17 -Wall -Wextra -O2 -c main.cpp -o main.o
g++ -std=c++17 -Wall -Wextra -O2 -o main main.o
End run student 2025-03-21-XXX-2086047, exercise 5, test 1

Begin run  student 2025-03-21-XXX-2087359, exercise 5, test 1
rm: cannot remove 'main': No such file or directory
rm: cannot remove 'results.txt': No such file or directory
make: *** No targets specified and no makefile found.  Stop.
mv: cannot stat 'results.txt': No such file or directory
End run student 2025-03-21-XXX-2087359, exercise 5, test 1

Begin run  student 2025-03-21-XXX-2068434, exercise 5, test 1
rm: cannot remove 'main': No such file or directory
g++  -c -o main.o main.cpp -std=c++11 -I. -lm
g++  -o main main.o -std=c++11 -I. -lm
mv: cannot stat 'results.txt': No such file or directory
End run student 2025-03-21-XXX-2068434, exercise 5, test 1

Begin run  student 2025-03-21-XXX-2046758, exercise 5, test 1
g++ -lm -O3  -c main.cpp -o main.o
g++ -lm -O3  main.o -o main
mv: cannot stat 'results.txt': No such file or directory
End run student 2025-03-21-XXX-2046758, exercise 5, test 1

Begin run  student 2025-03-21-XXX-1857898, exercise 5, test 1
rm: cannot remove 'results.txt': No such file or directory
g++ -c -o main.o main.cpp -std=c++11 -I.  -lm 
main.cpp: In function ‘int main()’:
main.cpp:83:18: warning: structured bindings only available with ‘-std=c++17’ or ‘-std=gnu++17’ [-Wc++17-extensions]
   83 |             auto [transaction_count, overselling_count] = simulate_performance(H, n, k, alpha, p, f);
      |                  ^
g++ -o main main.o -std=c++11 -I.  -lm 
mv: cannot stat 'results.txt': No such file or directory
End run student 2025-03-21-XXX-1857898, exercise 5, test 1

Begin run  student 2025-03-21-XXX-2051659, exercise 5, test 1
rm: cannot remove 'main': No such file or directory
rm: cannot remove 'results.txt': No such file or directory
g++ -c -o main.o main.cpp -std=c++11 -I.  -lm 
g++ -o main main.o -std=c++11 -I.  -lm 
End run student 2025-03-21-XXX-2051659, exercise 5, test 1

Begin run  student 2025-03-21-XXX-2014782, exercise 5, test 1
rm: cannot remove 'main': No such file or directory
rm: cannot remove 'results.txt': No such file or directory
make: *** No targets specified and no makefile found.  Stop.
mv: cannot stat 'results.txt': No such file or directory
End run student 2025-03-21-XXX-2014782, exercise 5, test 1

Begin run  student 2025-03-21-XXX-2046501, exercise 5, test 1
rm: cannot remove 'main': No such file or directory
g++  -c -o simulator.o simulator.cpp -std=c++11 -I.  -lm 
g++  -o main simulator.o -std=c++11 -I.  -lm 
End run student 2025-03-21-XXX-2046501, exercise 5, test 1

Begin run  student 2025-03-21-XXX-2083011, exercise 5, test 1
rm: cannot remove 'main': No such file or directory
g++ -c main.cpp -o main.o -std=c++11 -Wall -Wextra -O2
g++ -o main main.o -std=c++11 -Wall -Wextra -O2
End run student 2025-03-21-XXX-2083011, exercise 5, test 1

Begin run  student 2025-03-21-XXX-2034930, exercise 5, test 1
./grade1stud1ex1test.sh: line 39: cd: /home/enrico/edata/tronci@di.uniroma1.it/enrico/teaching/EXAMS/software-engineering/cpp-grader/testdir/2025-03-21-XXX-2034930/5: Not a directory
rm: cannot remove 'main': No such file or directory
rm: cannot remove 'results.txt': No such file or directory
make: *** No targets specified and no makefile found.  Stop.
mv: cannot stat 'results.txt': No such file or directory
End run student 2025-03-21-XXX-2034930, exercise 5, test 1

Begin run  student 2025-03-21-XXX-2021689, exercise 5, test 1
./grade1stud1ex1test.sh: line 39: cd: /home/enrico/edata/tronci@di.uniroma1.it/enrico/teaching/EXAMS/software-engineering/cpp-grader/testdir/2025-03-21-XXX-2021689/5: Not a directory
rm: cannot remove 'main': No such file or directory
rm: cannot remove 'results.txt': No such file or directory
make: *** No targets specified and no makefile found.  Stop.
mv: cannot stat 'results.txt': No such file or directory
End run student 2025-03-21-XXX-2021689, exercise 5, test 1

Begin run  student 2025-03-21-XXX-1960045, exercise 5, test 1
g++  -c -o ex5.o ex5.cpp -std=c++11 -I. -lm
g++  -o main ex5.o -std=c++11 -I. -lm
mv: cannot stat 'results.txt': No such file or directory
End run student 2025-03-21-XXX-1960045, exercise 5, test 1

Begin run  student 2025-03-21-XXX-2002583, exercise 5, test 1
rm: cannot remove 'main': No such file or directory
rm: cannot remove 'results.txt': No such file or directory
g++ -c -o time.o time.cpp -std=c++11 -I.  -lm 
In file included from time.hpp:3,
                 from time.cpp:1:
alias.hpp:20:52: warning: backslash-newline at end of file
   20 | #define STRONG_ALIAS(ALIAS, TYPE)                  \
      |                                                     
g++ -c -o math.o math.cpp -std=c++11 -I.  -lm 
g++ -c -o main.o main.cpp -std=c++11 -I.  -lm 
In file included from main.cpp:5:
parameters.hpp:3:14: error: uninitialized ‘const HORIZON’ [-fpermissive]
    3 | const size_t HORIZON;
      |              ^~~~~~~
main.cpp: In function ‘int main()’:
main.cpp:14:31: error: ‘avg’ was not declared in this scope
   14 |                 parameters >> avg;
      |                               ^~~
main.cpp:16:31: error: ‘var’ was not declared in this scope
   16 |                 parameters >> var;
      |                               ^~~
main.cpp:22:5: error: ‘Stopwatch’ was not declared in this scope
   22 |     Stopwatch stopwatch(delta);
      |     ^~~~~~~~~
main.cpp:24:12: error: ‘stopwatch’ was not declared in this scope
   24 |     while (stopwatch.elapsed() <= HORIZON)
      |            ^~~~~~~~~
make: *** [Makefile:12: main.o] Error 1
mv: cannot stat 'results.txt': No such file or directory
End run student 2025-03-21-XXX-2002583, exercise 5, test 1

Begin run  student 2025-03-21-XXX-2046790, exercise 5, test 1
rm: cannot remove 'main': No such file or directory
g++ -c main.cpp -o main.o
g++ main.o -o main
End run student 2025-03-21-XXX-2046790, exercise 5, test 1

Begin run  student 2025-03-21-XXX-1844504, exercise 5, test 1
rm: cannot remove 'main': No such file or directory
g++ -std=c++11 -Wall -O2 -o main main.cpp
mv: cannot stat 'results.txt': No such file or directory
End run student 2025-03-21-XXX-1844504, exercise 5, test 1

Begin run  student 2025-03-21-XXX-1884714, exercise 5, test 1
rm: cannot remove 'main': No such file or directory
g++ -std=c++11 -Wall -O2 -o main main.cpp
End run student 2025-03-21-XXX-1884714, exercise 5, test 1

Begin run  student 2025-03-21-XXX-2068261, exercise 5, test 2
g++    -c -o main.o main.cpp
g++ -Wall -Wextra -O2 -o main main.o
End run student 2025-03-21-XXX-2068261, exercise 5, test 2

Begin run  student 2025-03-21-XXX-2045899, exercise 5, test 2
rm: cannot remove 'main': No such file or directory
rm: cannot remove 'results.txt': No such file or directory
make: *** No targets specified and no makefile found.  Stop.
mv: cannot stat 'results.txt': No such file or directory
End run student 2025-03-21-XXX-2045899, exercise 5, test 2

Begin run  student 2025-03-21-XXX-1948382, exercise 5, test 2
g++ main.cpp -o main
End run student 2025-03-21-XXX-1948382, exercise 5, test 2

Begin run  student 2025-03-21-XXX-2047145, exercise 5, test 2
g++ -lm -O3  -c main.cpp -o main.o
g++ -lm -O3  main.o -o main
End run student 2025-03-21-XXX-2047145, exercise 5, test 2

Begin run  student 2025-03-21-XXX-2045204, exercise 5, test 2
g++ -lm -O3  -c main.cpp -o main.o
g++ -lm -O3  main.o -o main
End run student 2025-03-21-XXX-2045204, exercise 5, test 2

Begin run  student 2025-03-21-XXX-2015518, exercise 5, test 2
rm: cannot remove 'main': No such file or directory
g++ -c -o simulation.o simulation.cpp -std=c++11 -I.  -lm 
g++ -o main simulation.o -std=c++11 -I.  -lm 
End run student 2025-03-21-XXX-2015518, exercise 5, test 2

Begin run  student 2025-03-21-XXX-1991139, exercise 5, test 2
rm: cannot remove 'main': No such file or directory
mkdir -p build
g++ -c -o build/main.o main.cpp -lm -g -O3 -std=c++11 -I../../
g++ -o main build/main.o -lm -g -O3 -std=c++11 -I../../
mv: cannot stat 'results.txt': No such file or directory
End run student 2025-03-21-XXX-1991139, exercise 5, test 2

Begin run  student 2025-03-21-XXX-1933763, exercise 5, test 2
./grade1stud1ex1test.sh: line 39: cd: /home/enrico/edata/tronci@di.uniroma1.it/enrico/teaching/EXAMS/software-engineering/cpp-grader/testdir/2025-03-21-XXX-1933763/5: Not a directory
rm: cannot remove 'main': No such file or directory
rm: cannot remove 'results.txt': No such file or directory
make: *** No targets specified and no makefile found.  Stop.
mv: cannot stat 'results.txt': No such file or directory
End run student 2025-03-21-XXX-1933763, exercise 5, test 2

Begin run  student 2025-03-21-XXX-1894899, exercise 5, test 2
rm: cannot remove 'main': No such file or directory
rm: cannot remove 'results.txt': No such file or directory
make: *** No targets specified and no makefile found.  Stop.
mv: cannot stat 'results.txt': No such file or directory
End run student 2025-03-21-XXX-1894899, exercise 5, test 2

Begin run  student 2025-03-21-XXX-2087530, exercise 5, test 2
g++ -Wall -Wextra -O2 -std=c++17 -c main.cpp -o main.o
g++ -Wall -Wextra -O2 -std=c++17 -o main main.o
End run student 2025-03-21-XXX-2087530, exercise 5, test 2

Begin run  student 2025-03-21-XXX-2049029, exercise 5, test 2
rm: cannot remove 'main': No such file or directory
rm: cannot remove 'results.txt': No such file or directory
make: *** No targets specified and no makefile found.  Stop.
mv: cannot stat 'results.txt': No such file or directory
End run student 2025-03-21-XXX-2049029, exercise 5, test 2

Begin run  student 2025-03-21-XXX-2059802, exercise 5, test 2
rm: cannot remove 'main': No such file or directory
rm: cannot remove 'results.txt': No such file or directory
g++ -lm -O3  -c ../mocc/stat.cpp -o ../mocc/stat.o
g++ -lm -O3  -c ../mocc/time.cpp -o ../mocc/time.o
g++ -lm -O3  -c data.cpp -o data.o
g++ -lm -O3  -c main.cpp -o main.o
main.cpp: In function ‘int main()’:
main.cpp:8:5: error: ‘Parameters’ was not declared in this scope
    8 |     Parameters prm;
      |     ^~~~~~~~~~
make: *** [Makefile:20: main.o] Error 1
mv: cannot stat 'results.txt': No such file or directory
End run student 2025-03-21-XXX-2059802, exercise 5, test 2

Begin run  student 2025-03-21-XXX-2061657, exercise 5, test 2
rm: cannot remove 'main': No such file or directory
rm: cannot remove 'results.txt': No such file or directory
make: *** No targets specified and no makefile found.  Stop.
mv: cannot stat 'results.txt': No such file or directory
End run student 2025-03-21-XXX-2061657, exercise 5, test 2

Begin run  student 2025-03-21-XXX-2045337, exercise 5, test 2
g++ -Wall -Wextra -std=c++11 -O2 -o main main.cpp
End run student 2025-03-21-XXX-2045337, exercise 5, test 2

Begin run  student 2025-03-21-XXX-2086686, exercise 5, test 2
rm: cannot remove 'main': No such file or directory
g++ -lm -O3  -c main.cpp -o main.o
g++ -lm -O3  main.o -o main
End run student 2025-03-21-XXX-2086686, exercise 5, test 2

Begin run  student 2025-03-21-XXX-2085129, exercise 5, test 2
rm: cannot remove 'main': No such file or directory
g++ -Wall -O2 -std=c++11 -c main.cpp -o main.o
g++ -Wall -O2 -std=c++11 -o main main.o
End run student 2025-03-21-XXX-2085129, exercise 5, test 2

Begin run  student 2025-03-21-XXX-2010731, exercise 5, test 2
rm: cannot remove 'main': No such file or directory
rm: cannot remove 'results.txt': No such file or directory
g++ -lm -O3 -c ../utils/time.cpp -o ../utils/time.o
g++ -lm -O3 -c ../utils/math.cpp -o ../utils/math.o
g++ -lm -O3 ../utils/time.o ../utils/math.o -o main
/usr/bin/ld: /usr/lib/gcc/x86_64-linux-gnu/13/../../../x86_64-linux-gnu/Scrt1.o: in function `_start':
(.text+0x24): undefined reference to `main'
collect2: error: ld returned 1 exit status
make: *** [Makefile:13: main] Error 1
mv: cannot stat 'results.txt': No such file or directory
End run student 2025-03-21-XXX-2010731, exercise 5, test 2

Begin run  student 2025-03-21-XXX-2067188, exercise 5, test 2
g++ -std=c++11 -Wall -O2 -o main main.cpp
mv: cannot stat 'results.txt': No such file or directory
End run student 2025-03-21-XXX-2067188, exercise 5, test 2

Begin run  student 2025-03-21-XXX-2063098, exercise 5, test 2
rm: cannot remove 'main': No such file or directory
rm: cannot remove 'results.txt': No such file or directory
make: *** No targets specified and no makefile found.  Stop.
mv: cannot stat 'results.txt': No such file or directory
End run student 2025-03-21-XXX-2063098, exercise 5, test 2

Begin run  student 2025-03-21-XXX-2059337, exercise 5, test 2
rm: cannot remove 'main': No such file or directory
rm: cannot remove 'results.txt': No such file or directory
make: *** No targets specified and no makefile found.  Stop.
mv: cannot stat 'results.txt': No such file or directory
End run student 2025-03-21-XXX-2059337, exercise 5, test 2

Begin run  student 2025-03-21-XXX-1933070, exercise 5, test 2
rm: cannot remove 'main': No such file or directory
rm: cannot remove 'results.txt': No such file or directory
make: *** No targets specified and no makefile found.  Stop.
mv: cannot stat 'results.txt': No such file or directory
End run student 2025-03-21-XXX-1933070, exercise 5, test 2

Begin run  student 2025-03-21-XXX-1943337, exercise 5, test 2
rm: cannot remove 'main': No such file or directory
g++ -std=c++11 -Wall -c main.cpp -o main.o
g++ main.o -o simulation
mv: cannot stat 'results.txt': No such file or directory
End run student 2025-03-21-XXX-1943337, exercise 5, test 2

Begin run  student 2025-03-21-XXX-2006305, exercise 5, test 2
rm: cannot remove 'main': No such file or directory
g++ -lm -O3  main.cpp -o main
End run student 2025-03-21-XXX-2006305, exercise 5, test 2

Begin run  student 2025-03-21-XXX-2044147, exercise 5, test 2
rm: cannot remove 'main': No such file or directory
make: *** No targets.  Stop.
mv: cannot stat 'results.txt': No such file or directory
End run student 2025-03-21-XXX-2044147, exercise 5, test 2

Begin run  student 2025-03-21-XXX-1944917, exercise 5, test 2
g++ -c -o main.o main.cpp -std=c++11 -I.  -lm 
g++ -o main main.o -std=c++11 -I.  -lm 
mv: cannot stat 'results.txt': No such file or directory
End run student 2025-03-21-XXX-1944917, exercise 5, test 2

Begin run  student 2025-03-21-XXX-1996623, exercise 5, test 2
rm: cannot remove 'main': No such file or directory
g++ -o main  -std=c++11 -I. -lm
/usr/bin/ld: /usr/lib/gcc/x86_64-linux-gnu/13/../../../x86_64-linux-gnu/Scrt1.o: in function `_start':
(.text+0x24): undefined reference to `main'
collect2: error: ld returned 1 exit status
make: *** [Makefile:15: main] Error 1
mv: cannot stat 'results.txt': No such file or directory
End run student 2025-03-21-XXX-1996623, exercise 5, test 2

Begin run  student 2025-03-21-XXX-2047034, exercise 5, test 2
rm: cannot remove 'main': No such file or directory
g++ -lm -O3 ../lib/stat.cpp ../lib/system.cpp main.cpp -o "main"
End run student 2025-03-21-XXX-2047034, exercise 5, test 2

Begin run  student 2025-03-21-XXX-2058986, exercise 5, test 2
rm: cannot remove 'main': No such file or directory
g++ -lm -O3 -std=c++11 -c ../mocc/stat.cpp -o ../mocc/stat.o
g++ -lm -O3 -std=c++11 -c ../mocc/time.cpp -o ../mocc/time.o
g++ -lm -O3 -std=c++11 -c main.cpp -o main.o
g++ -lm -O3 -std=c++11 ../mocc/stat.o ../mocc/time.o main.o -o main
End run student 2025-03-21-XXX-2058986, exercise 5, test 2

Begin run  student 2025-03-21-XXX-2060444, exercise 5, test 2
rm: cannot remove 'main': No such file or directory
rm: cannot remove 'results.txt': No such file or directory
make: *** No targets specified and no makefile found.  Stop.
mv: cannot stat 'results.txt': No such file or directory
End run student 2025-03-21-XXX-2060444, exercise 5, test 2

Begin run  student 2025-03-21-XXX-2070317, exercise 5, test 2
rm: cannot remove 'main': No such file or directory
rm: cannot remove 'results.txt': No such file or directory
make: *** No targets specified and no makefile found.  Stop.
mv: cannot stat 'results.txt': No such file or directory
End run student 2025-03-21-XXX-2070317, exercise 5, test 2

Begin run  student 2025-03-21-XXX-2046738, exercise 5, test 2
g++  -c -o es5.o es5.cpp -std=c++11 -I.  -lm 
g++  -o main es5.o -std=c++11 -I.  -lm 
mv: cannot stat 'results.txt': No such file or directory
End run student 2025-03-21-XXX-2046738, exercise 5, test 2

Begin run  student 2025-03-21-XXX-2046000, exercise 5, test 2
g++ -c -o main.o main.cpp -std=c++11 -I.  -lm 
g++ -o main main.o -std=c++11 -I.  -lm 
mv: cannot stat 'results.txt': No such file or directory
End run student 2025-03-21-XXX-2046000, exercise 5, test 2

Begin run  student 2025-03-21-XXX-2043415, exercise 5, test 2
rm: cannot remove 'main': No such file or directory
rm: cannot remove 'results.txt': No such file or directory
make: *** No targets specified and no makefile found.  Stop.
mv: cannot stat 'results.txt': No such file or directory
End run student 2025-03-21-XXX-2043415, exercise 5, test 2

Begin run  student 2025-03-21-XXX-2043364, exercise 5, test 2
rm: cannot remove 'main': No such file or directory
rm: cannot remove 'results.txt': No such file or directory
g++ -lm -O3  -c main.cpp -o main.o
g++ -lm -O3  main.o -o main
End run student 2025-03-21-XXX-2043364, exercise 5, test 2

Begin run  student 2025-03-21-XXX-2044032, exercise 5, test 2
g++ -Wall -std=c++11 main.cpp -o main
End run student 2025-03-21-XXX-2044032, exercise 5, test 2

Begin run  student 2025-03-21-XXX-2009905, exercise 5, test 2
rm: cannot remove 'main': No such file or directory
rm: cannot remove 'results.txt': No such file or directory
make: *** No targets specified and no makefile found.  Stop.
mv: cannot stat 'results.txt': No such file or directory
End run student 2025-03-21-XXX-2009905, exercise 5, test 2

Begin run  student 2025-03-21-XXX-2069217, exercise 5, test 2
g++ -Wall -O2 -std=c++11 -o main main.cpp
In file included from /usr/include/c++/13/iostream:41,
                 from main.cpp:1:
In member function ‘std::basic_ostream<_CharT, _Traits>::__ostream_type& std::basic_ostream<_CharT, _Traits>::operator<<(double) [with _CharT = char; _Traits = std::char_traits<char>]’,
    inlined from ‘int main()’ at main.cpp:231:36:
/usr/include/c++/13/ostream:223:25: warning: ‘best_result.SimulationResult::W’ may be used uninitialized [-Wmaybe-uninitialized]
  223 |       { return _M_insert(__f); }
      |                ~~~~~~~~~^~~~~
main.cpp: In function ‘int main()’:
main.cpp:195:22: note: ‘best_result.SimulationResult::W’ was declared here
  195 |     SimulationResult best_result;
      |                      ^~~~~~~~~~~
In member function ‘std::basic_ostream<_CharT, _Traits>::__ostream_type& std::basic_ostream<_CharT, _Traits>::operator<<(double) [with _CharT = char; _Traits = std::char_traits<char>]’,
    inlined from ‘int main()’ at main.cpp:232:36:
/usr/include/c++/13/ostream:223:25: warning: ‘best_result.SimulationResult::S’ may be used uninitialized [-Wmaybe-uninitialized]
  223 |       { return _M_insert(__f); }
      |                ~~~~~~~~~^~~~~
main.cpp: In function ‘int main()’:
main.cpp:195:22: note: ‘best_result.SimulationResult::S’ was declared here
  195 |     SimulationResult best_result;
      |                      ^~~~~~~~~~~
In member function ‘std::basic_ostream<_CharT, _Traits>::__ostream_type& std::basic_ostream<_CharT, _Traits>::operator<<(double) [with _CharT = char; _Traits = std::char_traits<char>]’,
    inlined from ‘int main()’ at main.cpp:233:36:
/usr/include/c++/13/ostream:223:25: warning: ‘best_result.SimulationResult::J’ may be used uninitialized [-Wmaybe-uninitialized]
  223 |       { return _M_insert(__f); }
      |                ~~~~~~~~~^~~~~
main.cpp: In function ‘int main()’:
main.cpp:195:22: note: ‘best_result.SimulationResult::J’ was declared here
  195 |     SimulationResult best_result;
      |                      ^~~~~~~~~~~
mv: cannot stat 'results.txt': No such file or directory
End run student 2025-03-21-XXX-2069217, exercise 5, test 2

Begin run  student 2025-03-21-XXX-1994583, exercise 5, test 2
g++ -Wall -std=c++11 -c main.cpp
g++ -Wall -std=c++11 -o main main.o
mv: cannot stat 'results.txt': No such file or directory
End run student 2025-03-21-XXX-1994583, exercise 5, test 2

Begin run  student 2025-03-21-XXX-2025557, exercise 5, test 2
./grade1stud1ex1test.sh: line 39: cd: /home/enrico/edata/tronci@di.uniroma1.it/enrico/teaching/EXAMS/software-engineering/cpp-grader/testdir/2025-03-21-XXX-2025557/5: Not a directory
rm: cannot remove 'main': No such file or directory
rm: cannot remove 'results.txt': No such file or directory
make: *** No targets specified and no makefile found.  Stop.
mv: cannot stat 'results.txt': No such file or directory
End run student 2025-03-21-XXX-2025557, exercise 5, test 2

Begin run  student 2025-03-21-XXX-2048130, exercise 5, test 2
rm: cannot remove 'main': No such file or directory
g++ -Wall -Wextra -O2 -std=c++11 -lm -c main.cpp
g++ -Wall -Wextra -O2 -std=c++11 -lm -o main main.o
mv: cannot stat 'results.txt': No such file or directory
End run student 2025-03-21-XXX-2048130, exercise 5, test 2

Begin run  student 2025-03-21-XXX-1987495, exercise 5, test 2
g++ -c -o ex5.o ex5.cpp -std=c++11 -I.  -lm 
g++ -o main ex5.o -std=c++11 -I.  -lm 
End run student 2025-03-21-XXX-1987495, exercise 5, test 2

Begin run  student 2025-03-21-XXX-2087310, exercise 5, test 2
rm: cannot remove 'main': No such file or directory
rm: cannot remove 'results.txt': No such file or directory
make: *** No targets specified and no makefile found.  Stop.
mv: cannot stat 'results.txt': No such file or directory
End run student 2025-03-21-XXX-2087310, exercise 5, test 2

Begin run  student 2025-03-21-XXX-1919026, exercise 5, test 2
rm: cannot remove 'main': No such file or directory
g++ -O3 -Wall -Wextra -pedantic -I ./include/ -std=c++17 -lm main.cpp src/Parameters.cpp src/VecUtils.cpp src/DB.cpp src/Server.cpp src/Customer.cpp src/Supplier.cpp src/Simulation.cpp -o main
End run student 2025-03-21-XXX-1919026, exercise 5, test 2

Begin run  student 2025-03-21-XXX-2086047, exercise 5, test 2
rm: cannot remove 'main': No such file or directory
g++ -std=c++17 -Wall -Wextra -O2 -c main.cpp -o main.o
g++ -std=c++17 -Wall -Wextra -O2 -o main main.o
End run student 2025-03-21-XXX-2086047, exercise 5, test 2

Begin run  student 2025-03-21-XXX-2087359, exercise 5, test 2
rm: cannot remove 'main': No such file or directory
rm: cannot remove 'results.txt': No such file or directory
make: *** No targets specified and no makefile found.  Stop.
mv: cannot stat 'results.txt': No such file or directory
End run student 2025-03-21-XXX-2087359, exercise 5, test 2

Begin run  student 2025-03-21-XXX-2068434, exercise 5, test 2
rm: cannot remove 'main': No such file or directory
g++  -c -o main.o main.cpp -std=c++11 -I. -lm
g++  -o main main.o -std=c++11 -I. -lm
mv: cannot stat 'results.txt': No such file or directory
End run student 2025-03-21-XXX-2068434, exercise 5, test 2

Begin run  student 2025-03-21-XXX-2046758, exercise 5, test 2
g++ -lm -O3  -c main.cpp -o main.o
g++ -lm -O3  main.o -o main
mv: cannot stat 'results.txt': No such file or directory
End run student 2025-03-21-XXX-2046758, exercise 5, test 2

Begin run  student 2025-03-21-XXX-1857898, exercise 5, test 2
rm: cannot remove 'results.txt': No such file or directory
g++ -c -o main.o main.cpp -std=c++11 -I.  -lm 
main.cpp: In function ‘int main()’:
main.cpp:83:18: warning: structured bindings only available with ‘-std=c++17’ or ‘-std=gnu++17’ [-Wc++17-extensions]
   83 |             auto [transaction_count, overselling_count] = simulate_performance(H, n, k, alpha, p, f);
      |                  ^
g++ -o main main.o -std=c++11 -I.  -lm 
mv: cannot stat 'results.txt': No such file or directory
End run student 2025-03-21-XXX-1857898, exercise 5, test 2

Begin run  student 2025-03-21-XXX-2051659, exercise 5, test 2
rm: cannot remove 'main': No such file or directory
rm: cannot remove 'results.txt': No such file or directory
g++ -c -o main.o main.cpp -std=c++11 -I.  -lm 
g++ -o main main.o -std=c++11 -I.  -lm 
mv: cannot stat 'results.txt': No such file or directory
End run student 2025-03-21-XXX-2051659, exercise 5, test 2

Begin run  student 2025-03-21-XXX-2014782, exercise 5, test 2
rm: cannot remove 'main': No such file or directory
rm: cannot remove 'results.txt': No such file or directory
make: *** No targets specified and no makefile found.  Stop.
mv: cannot stat 'results.txt': No such file or directory
End run student 2025-03-21-XXX-2014782, exercise 5, test 2

Begin run  student 2025-03-21-XXX-2046501, exercise 5, test 2
rm: cannot remove 'main': No such file or directory
g++  -c -o simulator.o simulator.cpp -std=c++11 -I.  -lm 
g++  -o main simulator.o -std=c++11 -I.  -lm 
End run student 2025-03-21-XXX-2046501, exercise 5, test 2

Begin run  student 2025-03-21-XXX-2083011, exercise 5, test 2
rm: cannot remove 'main': No such file or directory
g++ -c main.cpp -o main.o -std=c++11 -Wall -Wextra -O2
g++ -o main main.o -std=c++11 -Wall -Wextra -O2
mv: cannot stat 'results.txt': No such file or directory
End run student 2025-03-21-XXX-2083011, exercise 5, test 2

Begin run  student 2025-03-21-XXX-2034930, exercise 5, test 2
./grade1stud1ex1test.sh: line 39: cd: /home/enrico/edata/tronci@di.uniroma1.it/enrico/teaching/EXAMS/software-engineering/cpp-grader/testdir/2025-03-21-XXX-2034930/5: Not a directory
rm: cannot remove 'main': No such file or directory
rm: cannot remove 'results.txt': No such file or directory
make: *** No targets specified and no makefile found.  Stop.
mv: cannot stat 'results.txt': No such file or directory
End run student 2025-03-21-XXX-2034930, exercise 5, test 2

Begin run  student 2025-03-21-XXX-2021689, exercise 5, test 2
./grade1stud1ex1test.sh: line 39: cd: /home/enrico/edata/tronci@di.uniroma1.it/enrico/teaching/EXAMS/software-engineering/cpp-grader/testdir/2025-03-21-XXX-2021689/5: Not a directory
rm: cannot remove 'main': No such file or directory
rm: cannot remove 'results.txt': No such file or directory
make: *** No targets specified and no makefile found.  Stop.
mv: cannot stat 'results.txt': No such file or directory
End run student 2025-03-21-XXX-2021689, exercise 5, test 2

Begin run  student 2025-03-21-XXX-1960045, exercise 5, test 2
g++  -c -o ex5.o ex5.cpp -std=c++11 -I. -lm
g++  -o main ex5.o -std=c++11 -I. -lm
mv: cannot stat 'results.txt': No such file or directory
End run student 2025-03-21-XXX-1960045, exercise 5, test 2

Begin run  student 2025-03-21-XXX-2002583, exercise 5, test 2
rm: cannot remove 'main': No such file or directory
rm: cannot remove 'results.txt': No such file or directory
g++ -c -o time.o time.cpp -std=c++11 -I.  -lm 
In file included from time.hpp:3,
                 from time.cpp:1:
alias.hpp:20:52: warning: backslash-newline at end of file
   20 | #define STRONG_ALIAS(ALIAS, TYPE)                  \
      |                                                     
g++ -c -o math.o math.cpp -std=c++11 -I.  -lm 
g++ -c -o main.o main.cpp -std=c++11 -I.  -lm 
In file included from main.cpp:5:
parameters.hpp:3:14: error: uninitialized ‘const HORIZON’ [-fpermissive]
    3 | const size_t HORIZON;
      |              ^~~~~~~
main.cpp: In function ‘int main()’:
main.cpp:14:31: error: ‘avg’ was not declared in this scope
   14 |                 parameters >> avg;
      |                               ^~~
main.cpp:16:31: error: ‘var’ was not declared in this scope
   16 |                 parameters >> var;
      |                               ^~~
main.cpp:22:5: error: ‘Stopwatch’ was not declared in this scope
   22 |     Stopwatch stopwatch(delta);
      |     ^~~~~~~~~
main.cpp:24:12: error: ‘stopwatch’ was not declared in this scope
   24 |     while (stopwatch.elapsed() <= HORIZON)
      |            ^~~~~~~~~
make: *** [Makefile:12: main.o] Error 1
mv: cannot stat 'results.txt': No such file or directory
End run student 2025-03-21-XXX-2002583, exercise 5, test 2

Begin run  student 2025-03-21-XXX-2046790, exercise 5, test 2
rm: cannot remove 'main': No such file or directory
g++ -c main.cpp -o main.o
g++ main.o -o main
End run student 2025-03-21-XXX-2046790, exercise 5, test 2

Begin run  student 2025-03-21-XXX-1844504, exercise 5, test 2
rm: cannot remove 'main': No such file or directory
g++ -std=c++11 -Wall -O2 -o main main.cpp
mv: cannot stat 'results.txt': No such file or directory
End run student 2025-03-21-XXX-1844504, exercise 5, test 2

Begin run  student 2025-03-21-XXX-1884714, exercise 5, test 2
rm: cannot remove 'main': No such file or directory
g++ -std=c++11 -Wall -O2 -o main main.cpp
End run student 2025-03-21-XXX-1884714, exercise 5, test 2

Begin run  student 2025-03-21-XXX-2068261, exercise 5, test 3
g++    -c -o main.o main.cpp
g++ -Wall -Wextra -O2 -o main main.o
End run student 2025-03-21-XXX-2068261, exercise 5, test 3

Begin run  student 2025-03-21-XXX-2045899, exercise 5, test 3
rm: cannot remove 'main': No such file or directory
rm: cannot remove 'results.txt': No such file or directory
make: *** No targets specified and no makefile found.  Stop.
mv: cannot stat 'results.txt': No such file or directory
End run student 2025-03-21-XXX-2045899, exercise 5, test 3

Begin run  student 2025-03-21-XXX-1948382, exercise 5, test 3
g++ main.cpp -o main
mv: cannot stat 'results.txt': No such file or directory
End run student 2025-03-21-XXX-1948382, exercise 5, test 3

Begin run  student 2025-03-21-XXX-2047145, exercise 5, test 3
g++ -lm -O3  -c main.cpp -o main.o
g++ -lm -O3  main.o -o main
mv: cannot stat 'results.txt': No such file or directory
End run student 2025-03-21-XXX-2047145, exercise 5, test 3

Begin run  student 2025-03-21-XXX-2045204, exercise 5, test 3
g++ -lm -O3  -c main.cpp -o main.o
g++ -lm -O3  main.o -o main
mv: cannot stat 'results.txt': No such file or directory
End run student 2025-03-21-XXX-2045204, exercise 5, test 3

Begin run  student 2025-03-21-XXX-2015518, exercise 5, test 3
rm: cannot remove 'main': No such file or directory
g++ -c -o simulation.o simulation.cpp -std=c++11 -I.  -lm 
g++ -o main simulation.o -std=c++11 -I.  -lm 
End run student 2025-03-21-XXX-2015518, exercise 5, test 3

Begin run  student 2025-03-21-XXX-1991139, exercise 5, test 3
rm: cannot remove 'main': No such file or directory
mkdir -p build
g++ -c -o build/main.o main.cpp -lm -g -O3 -std=c++11 -I../../
g++ -o main build/main.o -lm -g -O3 -std=c++11 -I../../
mv: cannot stat 'results.txt': No such file or directory
End run student 2025-03-21-XXX-1991139, exercise 5, test 3

Begin run  student 2025-03-21-XXX-1933763, exercise 5, test 3
./grade1stud1ex1test.sh: line 39: cd: /home/enrico/edata/tronci@di.uniroma1.it/enrico/teaching/EXAMS/software-engineering/cpp-grader/testdir/2025-03-21-XXX-1933763/5: Not a directory
rm: cannot remove 'main': No such file or directory
rm: cannot remove 'results.txt': No such file or directory
make: *** No targets specified and no makefile found.  Stop.
mv: cannot stat 'results.txt': No such file or directory
End run student 2025-03-21-XXX-1933763, exercise 5, test 3

Begin run  student 2025-03-21-XXX-1894899, exercise 5, test 3
rm: cannot remove 'main': No such file or directory
rm: cannot remove 'results.txt': No such file or directory
make: *** No targets specified and no makefile found.  Stop.
mv: cannot stat 'results.txt': No such file or directory
End run student 2025-03-21-XXX-1894899, exercise 5, test 3

Begin run  student 2025-03-21-XXX-2087530, exercise 5, test 3
g++ -Wall -Wextra -O2 -std=c++17 -c main.cpp -o main.o
g++ -Wall -Wextra -O2 -std=c++17 -o main main.o
End run student 2025-03-21-XXX-2087530, exercise 5, test 3

Begin run  student 2025-03-21-XXX-2049029, exercise 5, test 3
rm: cannot remove 'main': No such file or directory
rm: cannot remove 'results.txt': No such file or directory
make: *** No targets specified and no makefile found.  Stop.
mv: cannot stat 'results.txt': No such file or directory
End run student 2025-03-21-XXX-2049029, exercise 5, test 3

Begin run  student 2025-03-21-XXX-2059802, exercise 5, test 3
rm: cannot remove 'main': No such file or directory
rm: cannot remove 'results.txt': No such file or directory
g++ -lm -O3  -c ../mocc/stat.cpp -o ../mocc/stat.o
g++ -lm -O3  -c ../mocc/time.cpp -o ../mocc/time.o
g++ -lm -O3  -c data.cpp -o data.o
g++ -lm -O3  -c main.cpp -o main.o
main.cpp: In function ‘int main()’:
main.cpp:8:5: error: ‘Parameters’ was not declared in this scope
    8 |     Parameters prm;
      |     ^~~~~~~~~~
make: *** [Makefile:20: main.o] Error 1
mv: cannot stat 'results.txt': No such file or directory
End run student 2025-03-21-XXX-2059802, exercise 5, test 3

Begin run  student 2025-03-21-XXX-2061657, exercise 5, test 3
rm: cannot remove 'main': No such file or directory
rm: cannot remove 'results.txt': No such file or directory
make: *** No targets specified and no makefile found.  Stop.
mv: cannot stat 'results.txt': No such file or directory
End run student 2025-03-21-XXX-2061657, exercise 5, test 3

Begin run  student 2025-03-21-XXX-2045337, exercise 5, test 3
g++ -Wall -Wextra -std=c++11 -O2 -o main main.cpp
End run student 2025-03-21-XXX-2045337, exercise 5, test 3

Begin run  student 2025-03-21-XXX-2086686, exercise 5, test 3
rm: cannot remove 'main': No such file or directory
g++ -lm -O3  -c main.cpp -o main.o
g++ -lm -O3  main.o -o main
End run student 2025-03-21-XXX-2086686, exercise 5, test 3

Begin run  student 2025-03-21-XXX-2085129, exercise 5, test 3
rm: cannot remove 'main': No such file or directory
g++ -Wall -O2 -std=c++11 -c main.cpp -o main.o
g++ -Wall -O2 -std=c++11 -o main main.o
End run student 2025-03-21-XXX-2085129, exercise 5, test 3

Begin run  student 2025-03-21-XXX-2010731, exercise 5, test 3
rm: cannot remove 'main': No such file or directory
rm: cannot remove 'results.txt': No such file or directory
g++ -lm -O3 -c ../utils/time.cpp -o ../utils/time.o
g++ -lm -O3 -c ../utils/math.cpp -o ../utils/math.o
g++ -lm -O3 ../utils/time.o ../utils/math.o -o main
/usr/bin/ld: /usr/lib/gcc/x86_64-linux-gnu/13/../../../x86_64-linux-gnu/Scrt1.o: in function `_start':
(.text+0x24): undefined reference to `main'
collect2: error: ld returned 1 exit status
make: *** [Makefile:13: main] Error 1
mv: cannot stat 'results.txt': No such file or directory
End run student 2025-03-21-XXX-2010731, exercise 5, test 3

Begin run  student 2025-03-21-XXX-2067188, exercise 5, test 3
g++ -std=c++11 -Wall -O2 -o main main.cpp
mv: cannot stat 'results.txt': No such file or directory
End run student 2025-03-21-XXX-2067188, exercise 5, test 3

Begin run  student 2025-03-21-XXX-2063098, exercise 5, test 3
rm: cannot remove 'main': No such file or directory
rm: cannot remove 'results.txt': No such file or directory
make: *** No targets specified and no makefile found.  Stop.
mv: cannot stat 'results.txt': No such file or directory
End run student 2025-03-21-XXX-2063098, exercise 5, test 3

Begin run  student 2025-03-21-XXX-2059337, exercise 5, test 3
rm: cannot remove 'main': No such file or directory
rm: cannot remove 'results.txt': No such file or directory
make: *** No targets specified and no makefile found.  Stop.
mv: cannot stat 'results.txt': No such file or directory
End run student 2025-03-21-XXX-2059337, exercise 5, test 3

Begin run  student 2025-03-21-XXX-1933070, exercise 5, test 3
rm: cannot remove 'main': No such file or directory
rm: cannot remove 'results.txt': No such file or directory
make: *** No targets specified and no makefile found.  Stop.
mv: cannot stat 'results.txt': No such file or directory
End run student 2025-03-21-XXX-1933070, exercise 5, test 3

Begin run  student 2025-03-21-XXX-1943337, exercise 5, test 3
rm: cannot remove 'main': No such file or directory
g++ -std=c++11 -Wall -c main.cpp -o main.o
g++ main.o -o simulation
mv: cannot stat 'results.txt': No such file or directory
End run student 2025-03-21-XXX-1943337, exercise 5, test 3

Begin run  student 2025-03-21-XXX-2006305, exercise 5, test 3
rm: cannot remove 'main': No such file or directory
g++ -lm -O3  main.cpp -o main
End run student 2025-03-21-XXX-2006305, exercise 5, test 3

Begin run  student 2025-03-21-XXX-2044147, exercise 5, test 3
rm: cannot remove 'main': No such file or directory
make: *** No targets.  Stop.
mv: cannot stat 'results.txt': No such file or directory
End run student 2025-03-21-XXX-2044147, exercise 5, test 3

Begin run  student 2025-03-21-XXX-1944917, exercise 5, test 3
g++ -c -o main.o main.cpp -std=c++11 -I.  -lm 
g++ -o main main.o -std=c++11 -I.  -lm 
mv: cannot stat 'results.txt': No such file or directory
End run student 2025-03-21-XXX-1944917, exercise 5, test 3

Begin run  student 2025-03-21-XXX-1996623, exercise 5, test 3
rm: cannot remove 'main': No such file or directory
g++ -o main  -std=c++11 -I. -lm
/usr/bin/ld: /usr/lib/gcc/x86_64-linux-gnu/13/../../../x86_64-linux-gnu/Scrt1.o: in function `_start':
(.text+0x24): undefined reference to `main'
collect2: error: ld returned 1 exit status
make: *** [Makefile:15: main] Error 1
mv: cannot stat 'results.txt': No such file or directory
End run student 2025-03-21-XXX-1996623, exercise 5, test 3

Begin run  student 2025-03-21-XXX-2047034, exercise 5, test 3
rm: cannot remove 'main': No such file or directory
g++ -lm -O3 ../lib/stat.cpp ../lib/system.cpp main.cpp -o "main"
End run student 2025-03-21-XXX-2047034, exercise 5, test 3

Begin run  student 2025-03-21-XXX-2058986, exercise 5, test 3
rm: cannot remove 'main': No such file or directory
g++ -lm -O3 -std=c++11 -c ../mocc/stat.cpp -o ../mocc/stat.o
g++ -lm -O3 -std=c++11 -c ../mocc/time.cpp -o ../mocc/time.o
g++ -lm -O3 -std=c++11 -c main.cpp -o main.o
g++ -lm -O3 -std=c++11 ../mocc/stat.o ../mocc/time.o main.o -o main
End run student 2025-03-21-XXX-2058986, exercise 5, test 3

Begin run  student 2025-03-21-XXX-2060444, exercise 5, test 3
rm: cannot remove 'main': No such file or directory
rm: cannot remove 'results.txt': No such file or directory
make: *** No targets specified and no makefile found.  Stop.
mv: cannot stat 'results.txt': No such file or directory
End run student 2025-03-21-XXX-2060444, exercise 5, test 3

Begin run  student 2025-03-21-XXX-2070317, exercise 5, test 3
rm: cannot remove 'main': No such file or directory
rm: cannot remove 'results.txt': No such file or directory
make: *** No targets specified and no makefile found.  Stop.
mv: cannot stat 'results.txt': No such file or directory
End run student 2025-03-21-XXX-2070317, exercise 5, test 3

Begin run  student 2025-03-21-XXX-2046738, exercise 5, test 3
g++  -c -o es5.o es5.cpp -std=c++11 -I.  -lm 
g++  -o main es5.o -std=c++11 -I.  -lm 
mv: cannot stat 'results.txt': No such file or directory
End run student 2025-03-21-XXX-2046738, exercise 5, test 3

Begin run  student 2025-03-21-XXX-2046000, exercise 5, test 3
g++ -c -o main.o main.cpp -std=c++11 -I.  -lm 
g++ -o main main.o -std=c++11 -I.  -lm 
mv: cannot stat 'results.txt': No such file or directory
End run student 2025-03-21-XXX-2046000, exercise 5, test 3

Begin run  student 2025-03-21-XXX-2043415, exercise 5, test 3
rm: cannot remove 'main': No such file or directory
rm: cannot remove 'results.txt': No such file or directory
make: *** No targets specified and no makefile found.  Stop.
mv: cannot stat 'results.txt': No such file or directory
End run student 2025-03-21-XXX-2043415, exercise 5, test 3

Begin run  student 2025-03-21-XXX-2043364, exercise 5, test 3
rm: cannot remove 'main': No such file or directory
rm: cannot remove 'results.txt': No such file or directory
g++ -lm -O3  -c main.cpp -o main.o
g++ -lm -O3  main.o -o main
End run student 2025-03-21-XXX-2043364, exercise 5, test 3

Begin run  student 2025-03-21-XXX-2044032, exercise 5, test 3
g++ -Wall -std=c++11 main.cpp -o main
End run student 2025-03-21-XXX-2044032, exercise 5, test 3

Begin run  student 2025-03-21-XXX-2009905, exercise 5, test 3
rm: cannot remove 'main': No such file or directory
rm: cannot remove 'results.txt': No such file or directory
make: *** No targets specified and no makefile found.  Stop.
mv: cannot stat 'results.txt': No such file or directory
End run student 2025-03-21-XXX-2009905, exercise 5, test 3

Begin run  student 2025-03-21-XXX-2069217, exercise 5, test 3
g++ -Wall -O2 -std=c++11 -o main main.cpp
In file included from /usr/include/c++/13/iostream:41,
                 from main.cpp:1:
In member function ‘std::basic_ostream<_CharT, _Traits>::__ostream_type& std::basic_ostream<_CharT, _Traits>::operator<<(double) [with _CharT = char; _Traits = std::char_traits<char>]’,
    inlined from ‘int main()’ at main.cpp:231:36:
/usr/include/c++/13/ostream:223:25: warning: ‘best_result.SimulationResult::W’ may be used uninitialized [-Wmaybe-uninitialized]
  223 |       { return _M_insert(__f); }
      |                ~~~~~~~~~^~~~~
main.cpp: In function ‘int main()’:
main.cpp:195:22: note: ‘best_result.SimulationResult::W’ was declared here
  195 |     SimulationResult best_result;
      |                      ^~~~~~~~~~~
In member function ‘std::basic_ostream<_CharT, _Traits>::__ostream_type& std::basic_ostream<_CharT, _Traits>::operator<<(double) [with _CharT = char; _Traits = std::char_traits<char>]’,
    inlined from ‘int main()’ at main.cpp:232:36:
/usr/include/c++/13/ostream:223:25: warning: ‘best_result.SimulationResult::S’ may be used uninitialized [-Wmaybe-uninitialized]
  223 |       { return _M_insert(__f); }
      |                ~~~~~~~~~^~~~~
main.cpp: In function ‘int main()’:
main.cpp:195:22: note: ‘best_result.SimulationResult::S’ was declared here
  195 |     SimulationResult best_result;
      |                      ^~~~~~~~~~~
In member function ‘std::basic_ostream<_CharT, _Traits>::__ostream_type& std::basic_ostream<_CharT, _Traits>::operator<<(double) [with _CharT = char; _Traits = std::char_traits<char>]’,
    inlined from ‘int main()’ at main.cpp:233:36:
/usr/include/c++/13/ostream:223:25: warning: ‘best_result.SimulationResult::J’ may be used uninitialized [-Wmaybe-uninitialized]
  223 |       { return _M_insert(__f); }
      |                ~~~~~~~~~^~~~~
main.cpp: In function ‘int main()’:
main.cpp:195:22: note: ‘best_result.SimulationResult::J’ was declared here
  195 |     SimulationResult best_result;
      |                      ^~~~~~~~~~~
mv: cannot stat 'results.txt': No such file or directory
End run student 2025-03-21-XXX-2069217, exercise 5, test 3

Begin run  student 2025-03-21-XXX-1994583, exercise 5, test 3
g++ -Wall -std=c++11 -c main.cpp
g++ -Wall -std=c++11 -o main main.o
mv: cannot stat 'results.txt': No such file or directory
End run student 2025-03-21-XXX-1994583, exercise 5, test 3

Begin run  student 2025-03-21-XXX-2025557, exercise 5, test 3
./grade1stud1ex1test.sh: line 39: cd: /home/enrico/edata/tronci@di.uniroma1.it/enrico/teaching/EXAMS/software-engineering/cpp-grader/testdir/2025-03-21-XXX-2025557/5: Not a directory
rm: cannot remove 'main': No such file or directory
rm: cannot remove 'results.txt': No such file or directory
make: *** No targets specified and no makefile found.  Stop.
mv: cannot stat 'results.txt': No such file or directory
End run student 2025-03-21-XXX-2025557, exercise 5, test 3

Begin run  student 2025-03-21-XXX-2048130, exercise 5, test 3
rm: cannot remove 'main': No such file or directory
g++ -Wall -Wextra -O2 -std=c++11 -lm -c main.cpp
g++ -Wall -Wextra -O2 -std=c++11 -lm -o main main.o
mv: cannot stat 'results.txt': No such file or directory
End run student 2025-03-21-XXX-2048130, exercise 5, test 3

Begin run  student 2025-03-21-XXX-1987495, exercise 5, test 3
g++ -c -o ex5.o ex5.cpp -std=c++11 -I.  -lm 
g++ -o main ex5.o -std=c++11 -I.  -lm 
mv: cannot stat 'results.txt': No such file or directory
End run student 2025-03-21-XXX-1987495, exercise 5, test 3

Begin run  student 2025-03-21-XXX-2087310, exercise 5, test 3
rm: cannot remove 'main': No such file or directory
rm: cannot remove 'results.txt': No such file or directory
make: *** No targets specified and no makefile found.  Stop.
mv: cannot stat 'results.txt': No such file or directory
End run student 2025-03-21-XXX-2087310, exercise 5, test 3

Begin run  student 2025-03-21-XXX-1919026, exercise 5, test 3
rm: cannot remove 'main': No such file or directory
g++ -O3 -Wall -Wextra -pedantic -I ./include/ -std=c++17 -lm main.cpp src/Parameters.cpp src/VecUtils.cpp src/DB.cpp src/Server.cpp src/Customer.cpp src/Supplier.cpp src/Simulation.cpp -o main
End run student 2025-03-21-XXX-1919026, exercise 5, test 3

Begin run  student 2025-03-21-XXX-2086047, exercise 5, test 3
rm: cannot remove 'main': No such file or directory
g++ -std=c++17 -Wall -Wextra -O2 -c main.cpp -o main.o
g++ -std=c++17 -Wall -Wextra -O2 -o main main.o
End run student 2025-03-21-XXX-2086047, exercise 5, test 3

Begin run  student 2025-03-21-XXX-2087359, exercise 5, test 3
rm: cannot remove 'main': No such file or directory
rm: cannot remove 'results.txt': No such file or directory
make: *** No targets specified and no makefile found.  Stop.
mv: cannot stat 'results.txt': No such file or directory
End run student 2025-03-21-XXX-2087359, exercise 5, test 3

Begin run  student 2025-03-21-XXX-2068434, exercise 5, test 3
rm: cannot remove 'main': No such file or directory
g++  -c -o main.o main.cpp -std=c++11 -I. -lm
g++  -o main main.o -std=c++11 -I. -lm
mv: cannot stat 'results.txt': No such file or directory
End run student 2025-03-21-XXX-2068434, exercise 5, test 3

Begin run  student 2025-03-21-XXX-2046758, exercise 5, test 3
g++ -lm -O3  -c main.cpp -o main.o
g++ -lm -O3  main.o -o main
mv: cannot stat 'results.txt': No such file or directory
End run student 2025-03-21-XXX-2046758, exercise 5, test 3

Begin run  student 2025-03-21-XXX-1857898, exercise 5, test 3
rm: cannot remove 'results.txt': No such file or directory
g++ -c -o main.o main.cpp -std=c++11 -I.  -lm 
main.cpp: In function ‘int main()’:
main.cpp:83:18: warning: structured bindings only available with ‘-std=c++17’ or ‘-std=gnu++17’ [-Wc++17-extensions]
   83 |             auto [transaction_count, overselling_count] = simulate_performance(H, n, k, alpha, p, f);
      |                  ^
g++ -o main main.o -std=c++11 -I.  -lm 
mv: cannot stat 'results.txt': No such file or directory
End run student 2025-03-21-XXX-1857898, exercise 5, test 3

Begin run  student 2025-03-21-XXX-2051659, exercise 5, test 3
rm: cannot remove 'main': No such file or directory
rm: cannot remove 'results.txt': No such file or directory
g++ -c -o main.o main.cpp -std=c++11 -I.  -lm 
g++ -o main main.o -std=c++11 -I.  -lm 
mv: cannot stat 'results.txt': No such file or directory
End run student 2025-03-21-XXX-2051659, exercise 5, test 3

Begin run  student 2025-03-21-XXX-2014782, exercise 5, test 3
rm: cannot remove 'main': No such file or directory
rm: cannot remove 'results.txt': No such file or directory
make: *** No targets specified and no makefile found.  Stop.
mv: cannot stat 'results.txt': No such file or directory
End run student 2025-03-21-XXX-2014782, exercise 5, test 3

Begin run  student 2025-03-21-XXX-2046501, exercise 5, test 3
rm: cannot remove 'main': No such file or directory
g++  -c -o simulator.o simulator.cpp -std=c++11 -I.  -lm 
g++  -o main simulator.o -std=c++11 -I.  -lm 
End run student 2025-03-21-XXX-2046501, exercise 5, test 3

Begin run  student 2025-03-21-XXX-2083011, exercise 5, test 3
rm: cannot remove 'main': No such file or directory
g++ -c main.cpp -o main.o -std=c++11 -Wall -Wextra -O2
g++ -o main main.o -std=c++11 -Wall -Wextra -O2
mv: cannot stat 'results.txt': No such file or directory
End run student 2025-03-21-XXX-2083011, exercise 5, test 3

Begin run  student 2025-03-21-XXX-2034930, exercise 5, test 3
./grade1stud1ex1test.sh: line 39: cd: /home/enrico/edata/tronci@di.uniroma1.it/enrico/teaching/EXAMS/software-engineering/cpp-grader/testdir/2025-03-21-XXX-2034930/5: Not a directory
rm: cannot remove 'main': No such file or directory
rm: cannot remove 'results.txt': No such file or directory
make: *** No targets specified and no makefile found.  Stop.
mv: cannot stat 'results.txt': No such file or directory
End run student 2025-03-21-XXX-2034930, exercise 5, test 3

Begin run  student 2025-03-21-XXX-2021689, exercise 5, test 3
./grade1stud1ex1test.sh: line 39: cd: /home/enrico/edata/tronci@di.uniroma1.it/enrico/teaching/EXAMS/software-engineering/cpp-grader/testdir/2025-03-21-XXX-2021689/5: Not a directory
rm: cannot remove 'main': No such file or directory
rm: cannot remove 'results.txt': No such file or directory
make: *** No targets specified and no makefile found.  Stop.
mv: cannot stat 'results.txt': No such file or directory
End run student 2025-03-21-XXX-2021689, exercise 5, test 3

Begin run  student 2025-03-21-XXX-1960045, exercise 5, test 3
g++  -c -o ex5.o ex5.cpp -std=c++11 -I. -lm
g++  -o main ex5.o -std=c++11 -I. -lm
mv: cannot stat 'results.txt': No such file or directory
End run student 2025-03-21-XXX-1960045, exercise 5, test 3

Begin run  student 2025-03-21-XXX-2002583, exercise 5, test 3
rm: cannot remove 'main': No such file or directory
rm: cannot remove 'results.txt': No such file or directory
g++ -c -o time.o time.cpp -std=c++11 -I.  -lm 
In file included from time.hpp:3,
                 from time.cpp:1:
alias.hpp:20:52: warning: backslash-newline at end of file
   20 | #define STRONG_ALIAS(ALIAS, TYPE)                  \
      |                                                     
g++ -c -o math.o math.cpp -std=c++11 -I.  -lm 
g++ -c -o main.o main.cpp -std=c++11 -I.  -lm 
In file included from main.cpp:5:
parameters.hpp:3:14: error: uninitialized ‘const HORIZON’ [-fpermissive]
    3 | const size_t HORIZON;
      |              ^~~~~~~
main.cpp: In function ‘int main()’:
main.cpp:14:31: error: ‘avg’ was not declared in this scope
   14 |                 parameters >> avg;
      |                               ^~~
main.cpp:16:31: error: ‘var’ was not declared in this scope
   16 |                 parameters >> var;
      |                               ^~~
main.cpp:22:5: error: ‘Stopwatch’ was not declared in this scope
   22 |     Stopwatch stopwatch(delta);
      |     ^~~~~~~~~
main.cpp:24:12: error: ‘stopwatch’ was not declared in this scope
   24 |     while (stopwatch.elapsed() <= HORIZON)
      |            ^~~~~~~~~
make: *** [Makefile:12: main.o] Error 1
mv: cannot stat 'results.txt': No such file or directory
End run student 2025-03-21-XXX-2002583, exercise 5, test 3

Begin run  student 2025-03-21-XXX-2046790, exercise 5, test 3
rm: cannot remove 'main': No such file or directory
g++ -c main.cpp -o main.o
g++ main.o -o main
End run student 2025-03-21-XXX-2046790, exercise 5, test 3

Begin run  student 2025-03-21-XXX-1844504, exercise 5, test 3
rm: cannot remove 'main': No such file or directory
g++ -std=c++11 -Wall -O2 -o main main.cpp
mv: cannot stat 'results.txt': No such file or directory
End run student 2025-03-21-XXX-1844504, exercise 5, test 3

Begin run  student 2025-03-21-XXX-1884714, exercise 5, test 3
rm: cannot remove 'main': No such file or directory
g++ -std=c++11 -Wall -O2 -o main main.cpp
End run student 2025-03-21-XXX-1884714, exercise 5, test 3

Begin run  student 2025-03-21-XXX-2068261, exercise 5, test 4
g++    -c -o main.o main.cpp
g++ -Wall -Wextra -O2 -o main main.o
End run student 2025-03-21-XXX-2068261, exercise 5, test 4

Begin run  student 2025-03-21-XXX-2045899, exercise 5, test 4
rm: cannot remove 'main': No such file or directory
rm: cannot remove 'results.txt': No such file or directory
make: *** No targets specified and no makefile found.  Stop.
mv: cannot stat 'results.txt': No such file or directory
End run student 2025-03-21-XXX-2045899, exercise 5, test 4

Begin run  student 2025-03-21-XXX-1948382, exercise 5, test 4
g++ main.cpp -o main
mv: cannot stat 'results.txt': No such file or directory
End run student 2025-03-21-XXX-1948382, exercise 5, test 4

Begin run  student 2025-03-21-XXX-2047145, exercise 5, test 4
g++ -lm -O3  -c main.cpp -o main.o
g++ -lm -O3  main.o -o main
mv: cannot stat 'results.txt': No such file or directory
End run student 2025-03-21-XXX-2047145, exercise 5, test 4

Begin run  student 2025-03-21-XXX-2045204, exercise 5, test 4
g++ -lm -O3  -c main.cpp -o main.o
g++ -lm -O3  main.o -o main
mv: cannot stat 'results.txt': No such file or directory
End run student 2025-03-21-XXX-2045204, exercise 5, test 4

Begin run  student 2025-03-21-XXX-2015518, exercise 5, test 4
rm: cannot remove 'main': No such file or directory
g++ -c -o simulation.o simulation.cpp -std=c++11 -I.  -lm 
g++ -o main simulation.o -std=c++11 -I.  -lm 
End run student 2025-03-21-XXX-2015518, exercise 5, test 4

Begin run  student 2025-03-21-XXX-1991139, exercise 5, test 4
rm: cannot remove 'main': No such file or directory
mkdir -p build
g++ -c -o build/main.o main.cpp -lm -g -O3 -std=c++11 -I../../
g++ -o main build/main.o -lm -g -O3 -std=c++11 -I../../
mv: cannot stat 'results.txt': No such file or directory
End run student 2025-03-21-XXX-1991139, exercise 5, test 4

Begin run  student 2025-03-21-XXX-1933763, exercise 5, test 4
./grade1stud1ex1test.sh: line 39: cd: /home/enrico/edata/tronci@di.uniroma1.it/enrico/teaching/EXAMS/software-engineering/cpp-grader/testdir/2025-03-21-XXX-1933763/5: Not a directory
rm: cannot remove 'main': No such file or directory
rm: cannot remove 'results.txt': No such file or directory
make: *** No targets specified and no makefile found.  Stop.
mv: cannot stat 'results.txt': No such file or directory
End run student 2025-03-21-XXX-1933763, exercise 5, test 4

Begin run  student 2025-03-21-XXX-1894899, exercise 5, test 4
rm: cannot remove 'main': No such file or directory
rm: cannot remove 'results.txt': No such file or directory
make: *** No targets specified and no makefile found.  Stop.
mv: cannot stat 'results.txt': No such file or directory
End run student 2025-03-21-XXX-1894899, exercise 5, test 4

Begin run  student 2025-03-21-XXX-2087530, exercise 5, test 4
g++ -Wall -Wextra -O2 -std=c++17 -c main.cpp -o main.o
g++ -Wall -Wextra -O2 -std=c++17 -o main main.o
End run student 2025-03-21-XXX-2087530, exercise 5, test 4

Begin run  student 2025-03-21-XXX-2049029, exercise 5, test 4
rm: cannot remove 'main': No such file or directory
rm: cannot remove 'results.txt': No such file or directory
make: *** No targets specified and no makefile found.  Stop.
mv: cannot stat 'results.txt': No such file or directory
End run student 2025-03-21-XXX-2049029, exercise 5, test 4

Begin run  student 2025-03-21-XXX-2059802, exercise 5, test 4
rm: cannot remove 'main': No such file or directory
rm: cannot remove 'results.txt': No such file or directory
g++ -lm -O3  -c ../mocc/stat.cpp -o ../mocc/stat.o
g++ -lm -O3  -c ../mocc/time.cpp -o ../mocc/time.o
g++ -lm -O3  -c data.cpp -o data.o
g++ -lm -O3  -c main.cpp -o main.o
main.cpp: In function ‘int main()’:
main.cpp:8:5: error: ‘Parameters’ was not declared in this scope
    8 |     Parameters prm;
      |     ^~~~~~~~~~
make: *** [Makefile:20: main.o] Error 1
mv: cannot stat 'results.txt': No such file or directory
End run student 2025-03-21-XXX-2059802, exercise 5, test 4

Begin run  student 2025-03-21-XXX-2061657, exercise 5, test 4
rm: cannot remove 'main': No such file or directory
rm: cannot remove 'results.txt': No such file or directory
make: *** No targets specified and no makefile found.  Stop.
mv: cannot stat 'results.txt': No such file or directory
End run student 2025-03-21-XXX-2061657, exercise 5, test 4

Begin run  student 2025-03-21-XXX-2045337, exercise 5, test 4
g++ -Wall -Wextra -std=c++11 -O2 -o main main.cpp
End run student 2025-03-21-XXX-2045337, exercise 5, test 4

Begin run  student 2025-03-21-XXX-2086686, exercise 5, test 4
rm: cannot remove 'main': No such file or directory
g++ -lm -O3  -c main.cpp -o main.o
g++ -lm -O3  main.o -o main
End run student 2025-03-21-XXX-2086686, exercise 5, test 4

Begin run  student 2025-03-21-XXX-2085129, exercise 5, test 4
rm: cannot remove 'main': No such file or directory
g++ -Wall -O2 -std=c++11 -c main.cpp -o main.o
g++ -Wall -O2 -std=c++11 -o main main.o
mv: cannot stat 'results.txt': No such file or directory
End run student 2025-03-21-XXX-2085129, exercise 5, test 4

Begin run  student 2025-03-21-XXX-2010731, exercise 5, test 4
rm: cannot remove 'main': No such file or directory
rm: cannot remove 'results.txt': No such file or directory
g++ -lm -O3 -c ../utils/time.cpp -o ../utils/time.o
g++ -lm -O3 -c ../utils/math.cpp -o ../utils/math.o
g++ -lm -O3 ../utils/time.o ../utils/math.o -o main
/usr/bin/ld: /usr/lib/gcc/x86_64-linux-gnu/13/../../../x86_64-linux-gnu/Scrt1.o: in function `_start':
(.text+0x24): undefined reference to `main'
collect2: error: ld returned 1 exit status
make: *** [Makefile:13: main] Error 1
mv: cannot stat 'results.txt': No such file or directory
End run student 2025-03-21-XXX-2010731, exercise 5, test 4

Begin run  student 2025-03-21-XXX-2067188, exercise 5, test 4
g++ -std=c++11 -Wall -O2 -o main main.cpp
mv: cannot stat 'results.txt': No such file or directory
End run student 2025-03-21-XXX-2067188, exercise 5, test 4

Begin run  student 2025-03-21-XXX-2063098, exercise 5, test 4
rm: cannot remove 'main': No such file or directory
rm: cannot remove 'results.txt': No such file or directory
make: *** No targets specified and no makefile found.  Stop.
mv: cannot stat 'results.txt': No such file or directory
End run student 2025-03-21-XXX-2063098, exercise 5, test 4

Begin run  student 2025-03-21-XXX-2059337, exercise 5, test 4
rm: cannot remove 'main': No such file or directory
rm: cannot remove 'results.txt': No such file or directory
make: *** No targets specified and no makefile found.  Stop.
mv: cannot stat 'results.txt': No such file or directory
End run student 2025-03-21-XXX-2059337, exercise 5, test 4

Begin run  student 2025-03-21-XXX-1933070, exercise 5, test 4
rm: cannot remove 'main': No such file or directory
rm: cannot remove 'results.txt': No such file or directory
make: *** No targets specified and no makefile found.  Stop.
mv: cannot stat 'results.txt': No such file or directory
End run student 2025-03-21-XXX-1933070, exercise 5, test 4

Begin run  student 2025-03-21-XXX-1943337, exercise 5, test 4
rm: cannot remove 'main': No such file or directory
g++ -std=c++11 -Wall -c main.cpp -o main.o
g++ main.o -o simulation
mv: cannot stat 'results.txt': No such file or directory
End run student 2025-03-21-XXX-1943337, exercise 5, test 4

Begin run  student 2025-03-21-XXX-2006305, exercise 5, test 4
rm: cannot remove 'main': No such file or directory
g++ -lm -O3  main.cpp -o main
End run student 2025-03-21-XXX-2006305, exercise 5, test 4

Begin run  student 2025-03-21-XXX-2044147, exercise 5, test 4
rm: cannot remove 'main': No such file or directory
make: *** No targets.  Stop.
mv: cannot stat 'results.txt': No such file or directory
End run student 2025-03-21-XXX-2044147, exercise 5, test 4

Begin run  student 2025-03-21-XXX-1944917, exercise 5, test 4
g++ -c -o main.o main.cpp -std=c++11 -I.  -lm 
g++ -o main main.o -std=c++11 -I.  -lm 
mv: cannot stat 'results.txt': No such file or directory
End run student 2025-03-21-XXX-1944917, exercise 5, test 4

Begin run  student 2025-03-21-XXX-1996623, exercise 5, test 4
rm: cannot remove 'main': No such file or directory
g++ -o main  -std=c++11 -I. -lm
/usr/bin/ld: /usr/lib/gcc/x86_64-linux-gnu/13/../../../x86_64-linux-gnu/Scrt1.o: in function `_start':
(.text+0x24): undefined reference to `main'
collect2: error: ld returned 1 exit status
make: *** [Makefile:15: main] Error 1
mv: cannot stat 'results.txt': No such file or directory
End run student 2025-03-21-XXX-1996623, exercise 5, test 4

Begin run  student 2025-03-21-XXX-2047034, exercise 5, test 4
rm: cannot remove 'main': No such file or directory
g++ -lm -O3 ../lib/stat.cpp ../lib/system.cpp main.cpp -o "main"
End run student 2025-03-21-XXX-2047034, exercise 5, test 4

Begin run  student 2025-03-21-XXX-2058986, exercise 5, test 4
rm: cannot remove 'main': No such file or directory
g++ -lm -O3 -std=c++11 -c ../mocc/stat.cpp -o ../mocc/stat.o
g++ -lm -O3 -std=c++11 -c ../mocc/time.cpp -o ../mocc/time.o
g++ -lm -O3 -std=c++11 -c main.cpp -o main.o
g++ -lm -O3 -std=c++11 ../mocc/stat.o ../mocc/time.o main.o -o main
End run student 2025-03-21-XXX-2058986, exercise 5, test 4

Begin run  student 2025-03-21-XXX-2060444, exercise 5, test 4
rm: cannot remove 'main': No such file or directory
rm: cannot remove 'results.txt': No such file or directory
make: *** No targets specified and no makefile found.  Stop.
mv: cannot stat 'results.txt': No such file or directory
End run student 2025-03-21-XXX-2060444, exercise 5, test 4

Begin run  student 2025-03-21-XXX-2070317, exercise 5, test 4
rm: cannot remove 'main': No such file or directory
rm: cannot remove 'results.txt': No such file or directory
make: *** No targets specified and no makefile found.  Stop.
mv: cannot stat 'results.txt': No such file or directory
End run student 2025-03-21-XXX-2070317, exercise 5, test 4

Begin run  student 2025-03-21-XXX-2046738, exercise 5, test 4
g++  -c -o es5.o es5.cpp -std=c++11 -I.  -lm 
g++  -o main es5.o -std=c++11 -I.  -lm 
mv: cannot stat 'results.txt': No such file or directory
End run student 2025-03-21-XXX-2046738, exercise 5, test 4

Begin run  student 2025-03-21-XXX-2046000, exercise 5, test 4
g++ -c -o main.o main.cpp -std=c++11 -I.  -lm 
g++ -o main main.o -std=c++11 -I.  -lm 
mv: cannot stat 'results.txt': No such file or directory
End run student 2025-03-21-XXX-2046000, exercise 5, test 4

Begin run  student 2025-03-21-XXX-2043415, exercise 5, test 4
rm: cannot remove 'main': No such file or directory
rm: cannot remove 'results.txt': No such file or directory
make: *** No targets specified and no makefile found.  Stop.
mv: cannot stat 'results.txt': No such file or directory
End run student 2025-03-21-XXX-2043415, exercise 5, test 4

Begin run  student 2025-03-21-XXX-2043364, exercise 5, test 4
rm: cannot remove 'main': No such file or directory
rm: cannot remove 'results.txt': No such file or directory
g++ -lm -O3  -c main.cpp -o main.o
g++ -lm -O3  main.o -o main
End run student 2025-03-21-XXX-2043364, exercise 5, test 4

Begin run  student 2025-03-21-XXX-2044032, exercise 5, test 4
g++ -Wall -std=c++11 main.cpp -o main
End run student 2025-03-21-XXX-2044032, exercise 5, test 4

Begin run  student 2025-03-21-XXX-2009905, exercise 5, test 4
rm: cannot remove 'main': No such file or directory
rm: cannot remove 'results.txt': No such file or directory
make: *** No targets specified and no makefile found.  Stop.
mv: cannot stat 'results.txt': No such file or directory
End run student 2025-03-21-XXX-2009905, exercise 5, test 4

Begin run  student 2025-03-21-XXX-2069217, exercise 5, test 4
g++ -Wall -O2 -std=c++11 -o main main.cpp
In file included from /usr/include/c++/13/iostream:41,
                 from main.cpp:1:
In member function ‘std::basic_ostream<_CharT, _Traits>::__ostream_type& std::basic_ostream<_CharT, _Traits>::operator<<(double) [with _CharT = char; _Traits = std::char_traits<char>]’,
    inlined from ‘int main()’ at main.cpp:231:36:
/usr/include/c++/13/ostream:223:25: warning: ‘best_result.SimulationResult::W’ may be used uninitialized [-Wmaybe-uninitialized]
  223 |       { return _M_insert(__f); }
      |                ~~~~~~~~~^~~~~
main.cpp: In function ‘int main()’:
main.cpp:195:22: note: ‘best_result.SimulationResult::W’ was declared here
  195 |     SimulationResult best_result;
      |                      ^~~~~~~~~~~
In member function ‘std::basic_ostream<_CharT, _Traits>::__ostream_type& std::basic_ostream<_CharT, _Traits>::operator<<(double) [with _CharT = char; _Traits = std::char_traits<char>]’,
    inlined from ‘int main()’ at main.cpp:232:36:
/usr/include/c++/13/ostream:223:25: warning: ‘best_result.SimulationResult::S’ may be used uninitialized [-Wmaybe-uninitialized]
  223 |       { return _M_insert(__f); }
      |                ~~~~~~~~~^~~~~
main.cpp: In function ‘int main()’:
main.cpp:195:22: note: ‘best_result.SimulationResult::S’ was declared here
  195 |     SimulationResult best_result;
      |                      ^~~~~~~~~~~
In member function ‘std::basic_ostream<_CharT, _Traits>::__ostream_type& std::basic_ostream<_CharT, _Traits>::operator<<(double) [with _CharT = char; _Traits = std::char_traits<char>]’,
    inlined from ‘int main()’ at main.cpp:233:36:
/usr/include/c++/13/ostream:223:25: warning: ‘best_result.SimulationResult::J’ may be used uninitialized [-Wmaybe-uninitialized]
  223 |       { return _M_insert(__f); }
      |                ~~~~~~~~~^~~~~
main.cpp: In function ‘int main()’:
main.cpp:195:22: note: ‘best_result.SimulationResult::J’ was declared here
  195 |     SimulationResult best_result;
      |                      ^~~~~~~~~~~
mv: cannot stat 'results.txt': No such file or directory
End run student 2025-03-21-XXX-2069217, exercise 5, test 4

Begin run  student 2025-03-21-XXX-1994583, exercise 5, test 4
g++ -Wall -std=c++11 -c main.cpp
g++ -Wall -std=c++11 -o main main.o
mv: cannot stat 'results.txt': No such file or directory
End run student 2025-03-21-XXX-1994583, exercise 5, test 4

Begin run  student 2025-03-21-XXX-2025557, exercise 5, test 4
./grade1stud1ex1test.sh: line 39: cd: /home/enrico/edata/tronci@di.uniroma1.it/enrico/teaching/EXAMS/software-engineering/cpp-grader/testdir/2025-03-21-XXX-2025557/5: Not a directory
rm: cannot remove 'main': No such file or directory
rm: cannot remove 'results.txt': No such file or directory
make: *** No targets specified and no makefile found.  Stop.
mv: cannot stat 'results.txt': No such file or directory
End run student 2025-03-21-XXX-2025557, exercise 5, test 4

Begin run  student 2025-03-21-XXX-2048130, exercise 5, test 4
rm: cannot remove 'main': No such file or directory
g++ -Wall -Wextra -O2 -std=c++11 -lm -c main.cpp
g++ -Wall -Wextra -O2 -std=c++11 -lm -o main main.o
mv: cannot stat 'results.txt': No such file or directory
End run student 2025-03-21-XXX-2048130, exercise 5, test 4

Begin run  student 2025-03-21-XXX-1987495, exercise 5, test 4
g++ -c -o ex5.o ex5.cpp -std=c++11 -I.  -lm 
g++ -o main ex5.o -std=c++11 -I.  -lm 
mv: cannot stat 'results.txt': No such file or directory
End run student 2025-03-21-XXX-1987495, exercise 5, test 4

Begin run  student 2025-03-21-XXX-2087310, exercise 5, test 4
rm: cannot remove 'main': No such file or directory
rm: cannot remove 'results.txt': No such file or directory
make: *** No targets specified and no makefile found.  Stop.
mv: cannot stat 'results.txt': No such file or directory
End run student 2025-03-21-XXX-2087310, exercise 5, test 4

Begin run  student 2025-03-21-XXX-1919026, exercise 5, test 4
rm: cannot remove 'main': No such file or directory
g++ -O3 -Wall -Wextra -pedantic -I ./include/ -std=c++17 -lm main.cpp src/Parameters.cpp src/VecUtils.cpp src/DB.cpp src/Server.cpp src/Customer.cpp src/Supplier.cpp src/Simulation.cpp -o main
End run student 2025-03-21-XXX-1919026, exercise 5, test 4

Begin run  student 2025-03-21-XXX-2086047, exercise 5, test 4
rm: cannot remove 'main': No such file or directory
g++ -std=c++17 -Wall -Wextra -O2 -c main.cpp -o main.o
g++ -std=c++17 -Wall -Wextra -O2 -o main main.o
End run student 2025-03-21-XXX-2086047, exercise 5, test 4

Begin run  student 2025-03-21-XXX-2087359, exercise 5, test 4
rm: cannot remove 'main': No such file or directory
rm: cannot remove 'results.txt': No such file or directory
make: *** No targets specified and no makefile found.  Stop.
mv: cannot stat 'results.txt': No such file or directory
End run student 2025-03-21-XXX-2087359, exercise 5, test 4

Begin run  student 2025-03-21-XXX-2068434, exercise 5, test 4
rm: cannot remove 'main': No such file or directory
g++  -c -o main.o main.cpp -std=c++11 -I. -lm
g++  -o main main.o -std=c++11 -I. -lm
mv: cannot stat 'results.txt': No such file or directory
End run student 2025-03-21-XXX-2068434, exercise 5, test 4

Begin run  student 2025-03-21-XXX-2046758, exercise 5, test 4
g++ -lm -O3  -c main.cpp -o main.o
g++ -lm -O3  main.o -o main
mv: cannot stat 'results.txt': No such file or directory
End run student 2025-03-21-XXX-2046758, exercise 5, test 4

Begin run  student 2025-03-21-XXX-1857898, exercise 5, test 4
rm: cannot remove 'results.txt': No such file or directory
g++ -c -o main.o main.cpp -std=c++11 -I.  -lm 
main.cpp: In function ‘int main()’:
main.cpp:83:18: warning: structured bindings only available with ‘-std=c++17’ or ‘-std=gnu++17’ [-Wc++17-extensions]
   83 |             auto [transaction_count, overselling_count] = simulate_performance(H, n, k, alpha, p, f);
      |                  ^
g++ -o main main.o -std=c++11 -I.  -lm 
mv: cannot stat 'results.txt': No such file or directory
End run student 2025-03-21-XXX-1857898, exercise 5, test 4

Begin run  student 2025-03-21-XXX-2051659, exercise 5, test 4
rm: cannot remove 'main': No such file or directory
rm: cannot remove 'results.txt': No such file or directory
g++ -c -o main.o main.cpp -std=c++11 -I.  -lm 
g++ -o main main.o -std=c++11 -I.  -lm 
mv: cannot stat 'results.txt': No such file or directory
End run student 2025-03-21-XXX-2051659, exercise 5, test 4

Begin run  student 2025-03-21-XXX-2014782, exercise 5, test 4
rm: cannot remove 'main': No such file or directory
rm: cannot remove 'results.txt': No such file or directory
make: *** No targets specified and no makefile found.  Stop.
mv: cannot stat 'results.txt': No such file or directory
End run student 2025-03-21-XXX-2014782, exercise 5, test 4

Begin run  student 2025-03-21-XXX-2046501, exercise 5, test 4
rm: cannot remove 'main': No such file or directory
g++  -c -o simulator.o simulator.cpp -std=c++11 -I.  -lm 
g++  -o main simulator.o -std=c++11 -I.  -lm 
End run student 2025-03-21-XXX-2046501, exercise 5, test 4

Begin run  student 2025-03-21-XXX-2083011, exercise 5, test 4
rm: cannot remove 'main': No such file or directory
g++ -c main.cpp -o main.o -std=c++11 -Wall -Wextra -O2
g++ -o main main.o -std=c++11 -Wall -Wextra -O2
mv: cannot stat 'results.txt': No such file or directory
End run student 2025-03-21-XXX-2083011, exercise 5, test 4

Begin run  student 2025-03-21-XXX-2034930, exercise 5, test 4
./grade1stud1ex1test.sh: line 39: cd: /home/enrico/edata/tronci@di.uniroma1.it/enrico/teaching/EXAMS/software-engineering/cpp-grader/testdir/2025-03-21-XXX-2034930/5: Not a directory
rm: cannot remove 'main': No such file or directory
rm: cannot remove 'results.txt': No such file or directory
make: *** No targets specified and no makefile found.  Stop.
mv: cannot stat 'results.txt': No such file or directory
End run student 2025-03-21-XXX-2034930, exercise 5, test 4

Begin run  student 2025-03-21-XXX-2021689, exercise 5, test 4
./grade1stud1ex1test.sh: line 39: cd: /home/enrico/edata/tronci@di.uniroma1.it/enrico/teaching/EXAMS/software-engineering/cpp-grader/testdir/2025-03-21-XXX-2021689/5: Not a directory
rm: cannot remove 'main': No such file or directory
rm: cannot remove 'results.txt': No such file or directory
make: *** No targets specified and no makefile found.  Stop.
mv: cannot stat 'results.txt': No such file or directory
End run student 2025-03-21-XXX-2021689, exercise 5, test 4

Begin run  student 2025-03-21-XXX-1960045, exercise 5, test 4
g++  -c -o ex5.o ex5.cpp -std=c++11 -I. -lm
g++  -o main ex5.o -std=c++11 -I. -lm
mv: cannot stat 'results.txt': No such file or directory
End run student 2025-03-21-XXX-1960045, exercise 5, test 4

Begin run  student 2025-03-21-XXX-2002583, exercise 5, test 4
rm: cannot remove 'main': No such file or directory
rm: cannot remove 'results.txt': No such file or directory
g++ -c -o time.o time.cpp -std=c++11 -I.  -lm 
In file included from time.hpp:3,
                 from time.cpp:1:
alias.hpp:20:52: warning: backslash-newline at end of file
   20 | #define STRONG_ALIAS(ALIAS, TYPE)                  \
      |                                                     
g++ -c -o math.o math.cpp -std=c++11 -I.  -lm 
g++ -c -o main.o main.cpp -std=c++11 -I.  -lm 
In file included from main.cpp:5:
parameters.hpp:3:14: error: uninitialized ‘const HORIZON’ [-fpermissive]
    3 | const size_t HORIZON;
      |              ^~~~~~~
main.cpp: In function ‘int main()’:
main.cpp:14:31: error: ‘avg’ was not declared in this scope
   14 |                 parameters >> avg;
      |                               ^~~
main.cpp:16:31: error: ‘var’ was not declared in this scope
   16 |                 parameters >> var;
      |                               ^~~
main.cpp:22:5: error: ‘Stopwatch’ was not declared in this scope
   22 |     Stopwatch stopwatch(delta);
      |     ^~~~~~~~~
main.cpp:24:12: error: ‘stopwatch’ was not declared in this scope
   24 |     while (stopwatch.elapsed() <= HORIZON)
      |            ^~~~~~~~~
make: *** [Makefile:12: main.o] Error 1
mv: cannot stat 'results.txt': No such file or directory
End run student 2025-03-21-XXX-2002583, exercise 5, test 4

Begin run  student 2025-03-21-XXX-2046790, exercise 5, test 4
rm: cannot remove 'main': No such file or directory
g++ -c main.cpp -o main.o
g++ main.o -o main
End run student 2025-03-21-XXX-2046790, exercise 5, test 4

Begin run  student 2025-03-21-XXX-1844504, exercise 5, test 4
rm: cannot remove 'main': No such file or directory
g++ -std=c++11 -Wall -O2 -o main main.cpp
mv: cannot stat 'results.txt': No such file or directory
End run student 2025-03-21-XXX-1844504, exercise 5, test 4

Begin run  student 2025-03-21-XXX-1884714, exercise 5, test 4
rm: cannot remove 'main': No such file or directory
g++ -std=c++11 -Wall -O2 -o main main.cpp
End run student 2025-03-21-XXX-1884714, exercise 5, test 4

Begin run  student 2025-03-21-XXX-2068261, exercise 5, test 5
g++    -c -o main.o main.cpp
g++ -Wall -Wextra -O2 -o main main.o
End run student 2025-03-21-XXX-2068261, exercise 5, test 5

Begin run  student 2025-03-21-XXX-2045899, exercise 5, test 5
rm: cannot remove 'main': No such file or directory
rm: cannot remove 'results.txt': No such file or directory
make: *** No targets specified and no makefile found.  Stop.
mv: cannot stat 'results.txt': No such file or directory
End run student 2025-03-21-XXX-2045899, exercise 5, test 5

Begin run  student 2025-03-21-XXX-1948382, exercise 5, test 5
g++ main.cpp -o main
mv: cannot stat 'results.txt': No such file or directory
End run student 2025-03-21-XXX-1948382, exercise 5, test 5

Begin run  student 2025-03-21-XXX-2047145, exercise 5, test 5
g++ -lm -O3  -c main.cpp -o main.o
g++ -lm -O3  main.o -o main
mv: cannot stat 'results.txt': No such file or directory
End run student 2025-03-21-XXX-2047145, exercise 5, test 5

Begin run  student 2025-03-21-XXX-2045204, exercise 5, test 5
g++ -lm -O3  -c main.cpp -o main.o
g++ -lm -O3  main.o -o main
mv: cannot stat 'results.txt': No such file or directory
End run student 2025-03-21-XXX-2045204, exercise 5, test 5

Begin run  student 2025-03-21-XXX-2015518, exercise 5, test 5
rm: cannot remove 'main': No such file or directory
g++ -c -o simulation.o simulation.cpp -std=c++11 -I.  -lm 
g++ -o main simulation.o -std=c++11 -I.  -lm 
End run student 2025-03-21-XXX-2015518, exercise 5, test 5

Begin run  student 2025-03-21-XXX-1991139, exercise 5, test 5
rm: cannot remove 'main': No such file or directory
mkdir -p build
g++ -c -o build/main.o main.cpp -lm -g -O3 -std=c++11 -I../../
g++ -o main build/main.o -lm -g -O3 -std=c++11 -I../../
mv: cannot stat 'results.txt': No such file or directory
End run student 2025-03-21-XXX-1991139, exercise 5, test 5

Begin run  student 2025-03-21-XXX-1933763, exercise 5, test 5
./grade1stud1ex1test.sh: line 39: cd: /home/enrico/edata/tronci@di.uniroma1.it/enrico/teaching/EXAMS/software-engineering/cpp-grader/testdir/2025-03-21-XXX-1933763/5: Not a directory
rm: cannot remove 'main': No such file or directory
rm: cannot remove 'results.txt': No such file or directory
make: *** No targets specified and no makefile found.  Stop.
mv: cannot stat 'results.txt': No such file or directory
End run student 2025-03-21-XXX-1933763, exercise 5, test 5

Begin run  student 2025-03-21-XXX-1894899, exercise 5, test 5
rm: cannot remove 'main': No such file or directory
rm: cannot remove 'results.txt': No such file or directory
make: *** No targets specified and no makefile found.  Stop.
mv: cannot stat 'results.txt': No such file or directory
End run student 2025-03-21-XXX-1894899, exercise 5, test 5

Begin run  student 2025-03-21-XXX-2087530, exercise 5, test 5
g++ -Wall -Wextra -O2 -std=c++17 -c main.cpp -o main.o
g++ -Wall -Wextra -O2 -std=c++17 -o main main.o
End run student 2025-03-21-XXX-2087530, exercise 5, test 5

Begin run  student 2025-03-21-XXX-2049029, exercise 5, test 5
rm: cannot remove 'main': No such file or directory
rm: cannot remove 'results.txt': No such file or directory
make: *** No targets specified and no makefile found.  Stop.
mv: cannot stat 'results.txt': No such file or directory
End run student 2025-03-21-XXX-2049029, exercise 5, test 5

Begin run  student 2025-03-21-XXX-2059802, exercise 5, test 5
rm: cannot remove 'main': No such file or directory
rm: cannot remove 'results.txt': No such file or directory
g++ -lm -O3  -c ../mocc/stat.cpp -o ../mocc/stat.o
g++ -lm -O3  -c ../mocc/time.cpp -o ../mocc/time.o
g++ -lm -O3  -c data.cpp -o data.o
g++ -lm -O3  -c main.cpp -o main.o
main.cpp: In function ‘int main()’:
main.cpp:8:5: error: ‘Parameters’ was not declared in this scope
    8 |     Parameters prm;
      |     ^~~~~~~~~~
make: *** [Makefile:20: main.o] Error 1
mv: cannot stat 'results.txt': No such file or directory
End run student 2025-03-21-XXX-2059802, exercise 5, test 5

Begin run  student 2025-03-21-XXX-2061657, exercise 5, test 5
rm: cannot remove 'main': No such file or directory
rm: cannot remove 'results.txt': No such file or directory
make: *** No targets specified and no makefile found.  Stop.
mv: cannot stat 'results.txt': No such file or directory
End run student 2025-03-21-XXX-2061657, exercise 5, test 5

Begin run  student 2025-03-21-XXX-2045337, exercise 5, test 5
g++ -Wall -Wextra -std=c++11 -O2 -o main main.cpp
End run student 2025-03-21-XXX-2045337, exercise 5, test 5

Begin run  student 2025-03-21-XXX-2086686, exercise 5, test 5
rm: cannot remove 'main': No such file or directory
g++ -lm -O3  -c main.cpp -o main.o
g++ -lm -O3  main.o -o main
End run student 2025-03-21-XXX-2086686, exercise 5, test 5

Begin run  student 2025-03-21-XXX-2085129, exercise 5, test 5
rm: cannot remove 'main': No such file or directory
g++ -Wall -O2 -std=c++11 -c main.cpp -o main.o
g++ -Wall -O2 -std=c++11 -o main main.o
mv: cannot stat 'results.txt': No such file or directory
End run student 2025-03-21-XXX-2085129, exercise 5, test 5

Begin run  student 2025-03-21-XXX-2010731, exercise 5, test 5
rm: cannot remove 'main': No such file or directory
rm: cannot remove 'results.txt': No such file or directory
g++ -lm -O3 -c ../utils/time.cpp -o ../utils/time.o
g++ -lm -O3 -c ../utils/math.cpp -o ../utils/math.o
g++ -lm -O3 ../utils/time.o ../utils/math.o -o main
/usr/bin/ld: /usr/lib/gcc/x86_64-linux-gnu/13/../../../x86_64-linux-gnu/Scrt1.o: in function `_start':
(.text+0x24): undefined reference to `main'
collect2: error: ld returned 1 exit status
make: *** [Makefile:13: main] Error 1
mv: cannot stat 'results.txt': No such file or directory
End run student 2025-03-21-XXX-2010731, exercise 5, test 5

Begin run  student 2025-03-21-XXX-2067188, exercise 5, test 5
g++ -std=c++11 -Wall -O2 -o main main.cpp
mv: cannot stat 'results.txt': No such file or directory
End run student 2025-03-21-XXX-2067188, exercise 5, test 5

Begin run  student 2025-03-21-XXX-2063098, exercise 5, test 5
rm: cannot remove 'main': No such file or directory
rm: cannot remove 'results.txt': No such file or directory
make: *** No targets specified and no makefile found.  Stop.
mv: cannot stat 'results.txt': No such file or directory
End run student 2025-03-21-XXX-2063098, exercise 5, test 5

Begin run  student 2025-03-21-XXX-2059337, exercise 5, test 5
rm: cannot remove 'main': No such file or directory
rm: cannot remove 'results.txt': No such file or directory
make: *** No targets specified and no makefile found.  Stop.
mv: cannot stat 'results.txt': No such file or directory
End run student 2025-03-21-XXX-2059337, exercise 5, test 5

Begin run  student 2025-03-21-XXX-1933070, exercise 5, test 5
rm: cannot remove 'main': No such file or directory
rm: cannot remove 'results.txt': No such file or directory
make: *** No targets specified and no makefile found.  Stop.
mv: cannot stat 'results.txt': No such file or directory
End run student 2025-03-21-XXX-1933070, exercise 5, test 5

Begin run  student 2025-03-21-XXX-1943337, exercise 5, test 5
rm: cannot remove 'main': No such file or directory
g++ -std=c++11 -Wall -c main.cpp -o main.o
g++ main.o -o simulation
mv: cannot stat 'results.txt': No such file or directory
End run student 2025-03-21-XXX-1943337, exercise 5, test 5

Begin run  student 2025-03-21-XXX-2006305, exercise 5, test 5
rm: cannot remove 'main': No such file or directory
g++ -lm -O3  main.cpp -o main
End run student 2025-03-21-XXX-2006305, exercise 5, test 5

Begin run  student 2025-03-21-XXX-2044147, exercise 5, test 5
rm: cannot remove 'main': No such file or directory
make: *** No targets.  Stop.
mv: cannot stat 'results.txt': No such file or directory
End run student 2025-03-21-XXX-2044147, exercise 5, test 5

Begin run  student 2025-03-21-XXX-1944917, exercise 5, test 5
g++ -c -o main.o main.cpp -std=c++11 -I.  -lm 
g++ -o main main.o -std=c++11 -I.  -lm 
mv: cannot stat 'results.txt': No such file or directory
End run student 2025-03-21-XXX-1944917, exercise 5, test 5

Begin run  student 2025-03-21-XXX-1996623, exercise 5, test 5
rm: cannot remove 'main': No such file or directory
g++ -o main  -std=c++11 -I. -lm
/usr/bin/ld: /usr/lib/gcc/x86_64-linux-gnu/13/../../../x86_64-linux-gnu/Scrt1.o: in function `_start':
(.text+0x24): undefined reference to `main'
collect2: error: ld returned 1 exit status
make: *** [Makefile:15: main] Error 1
mv: cannot stat 'results.txt': No such file or directory
End run student 2025-03-21-XXX-1996623, exercise 5, test 5

Begin run  student 2025-03-21-XXX-2047034, exercise 5, test 5
rm: cannot remove 'main': No such file or directory
g++ -lm -O3 ../lib/stat.cpp ../lib/system.cpp main.cpp -o "main"
End run student 2025-03-21-XXX-2047034, exercise 5, test 5

Begin run  student 2025-03-21-XXX-2058986, exercise 5, test 5
rm: cannot remove 'main': No such file or directory
g++ -lm -O3 -std=c++11 -c ../mocc/stat.cpp -o ../mocc/stat.o
g++ -lm -O3 -std=c++11 -c ../mocc/time.cpp -o ../mocc/time.o
g++ -lm -O3 -std=c++11 -c main.cpp -o main.o
g++ -lm -O3 -std=c++11 ../mocc/stat.o ../mocc/time.o main.o -o main
End run student 2025-03-21-XXX-2058986, exercise 5, test 5

Begin run  student 2025-03-21-XXX-2060444, exercise 5, test 5
rm: cannot remove 'main': No such file or directory
rm: cannot remove 'results.txt': No such file or directory
make: *** No targets specified and no makefile found.  Stop.
mv: cannot stat 'results.txt': No such file or directory
End run student 2025-03-21-XXX-2060444, exercise 5, test 5

Begin run  student 2025-03-21-XXX-2070317, exercise 5, test 5
rm: cannot remove 'main': No such file or directory
rm: cannot remove 'results.txt': No such file or directory
make: *** No targets specified and no makefile found.  Stop.
mv: cannot stat 'results.txt': No such file or directory
End run student 2025-03-21-XXX-2070317, exercise 5, test 5

Begin run  student 2025-03-21-XXX-2046738, exercise 5, test 5
g++  -c -o es5.o es5.cpp -std=c++11 -I.  -lm 
g++  -o main es5.o -std=c++11 -I.  -lm 
mv: cannot stat 'results.txt': No such file or directory
End run student 2025-03-21-XXX-2046738, exercise 5, test 5

Begin run  student 2025-03-21-XXX-2046000, exercise 5, test 5
g++ -c -o main.o main.cpp -std=c++11 -I.  -lm 
g++ -o main main.o -std=c++11 -I.  -lm 
mv: cannot stat 'results.txt': No such file or directory
End run student 2025-03-21-XXX-2046000, exercise 5, test 5

Begin run  student 2025-03-21-XXX-2043415, exercise 5, test 5
rm: cannot remove 'main': No such file or directory
rm: cannot remove 'results.txt': No such file or directory
make: *** No targets specified and no makefile found.  Stop.
mv: cannot stat 'results.txt': No such file or directory
End run student 2025-03-21-XXX-2043415, exercise 5, test 5

Begin run  student 2025-03-21-XXX-2043364, exercise 5, test 5
rm: cannot remove 'main': No such file or directory
rm: cannot remove 'results.txt': No such file or directory
g++ -lm -O3  -c main.cpp -o main.o
g++ -lm -O3  main.o -o main
End run student 2025-03-21-XXX-2043364, exercise 5, test 5

Begin run  student 2025-03-21-XXX-2044032, exercise 5, test 5
g++ -Wall -std=c++11 main.cpp -o main
End run student 2025-03-21-XXX-2044032, exercise 5, test 5

Begin run  student 2025-03-21-XXX-2009905, exercise 5, test 5
rm: cannot remove 'main': No such file or directory
rm: cannot remove 'results.txt': No such file or directory
make: *** No targets specified and no makefile found.  Stop.
mv: cannot stat 'results.txt': No such file or directory
End run student 2025-03-21-XXX-2009905, exercise 5, test 5

Begin run  student 2025-03-21-XXX-2069217, exercise 5, test 5
g++ -Wall -O2 -std=c++11 -o main main.cpp
In file included from /usr/include/c++/13/iostream:41,
                 from main.cpp:1:
In member function ‘std::basic_ostream<_CharT, _Traits>::__ostream_type& std::basic_ostream<_CharT, _Traits>::operator<<(double) [with _CharT = char; _Traits = std::char_traits<char>]’,
    inlined from ‘int main()’ at main.cpp:231:36:
/usr/include/c++/13/ostream:223:25: warning: ‘best_result.SimulationResult::W’ may be used uninitialized [-Wmaybe-uninitialized]
  223 |       { return _M_insert(__f); }
      |                ~~~~~~~~~^~~~~
main.cpp: In function ‘int main()’:
main.cpp:195:22: note: ‘best_result.SimulationResult::W’ was declared here
  195 |     SimulationResult best_result;
      |                      ^~~~~~~~~~~
In member function ‘std::basic_ostream<_CharT, _Traits>::__ostream_type& std::basic_ostream<_CharT, _Traits>::operator<<(double) [with _CharT = char; _Traits = std::char_traits<char>]’,
    inlined from ‘int main()’ at main.cpp:232:36:
/usr/include/c++/13/ostream:223:25: warning: ‘best_result.SimulationResult::S’ may be used uninitialized [-Wmaybe-uninitialized]
  223 |       { return _M_insert(__f); }
      |                ~~~~~~~~~^~~~~
main.cpp: In function ‘int main()’:
main.cpp:195:22: note: ‘best_result.SimulationResult::S’ was declared here
  195 |     SimulationResult best_result;
      |                      ^~~~~~~~~~~
In member function ‘std::basic_ostream<_CharT, _Traits>::__ostream_type& std::basic_ostream<_CharT, _Traits>::operator<<(double) [with _CharT = char; _Traits = std::char_traits<char>]’,
    inlined from ‘int main()’ at main.cpp:233:36:
/usr/include/c++/13/ostream:223:25: warning: ‘best_result.SimulationResult::J’ may be used uninitialized [-Wmaybe-uninitialized]
  223 |       { return _M_insert(__f); }
      |                ~~~~~~~~~^~~~~
main.cpp: In function ‘int main()’:
main.cpp:195:22: note: ‘best_result.SimulationResult::J’ was declared here
  195 |     SimulationResult best_result;
      |                      ^~~~~~~~~~~
mv: cannot stat 'results.txt': No such file or directory
End run student 2025-03-21-XXX-2069217, exercise 5, test 5

Begin run  student 2025-03-21-XXX-1994583, exercise 5, test 5
g++ -Wall -std=c++11 -c main.cpp
g++ -Wall -std=c++11 -o main main.o
mv: cannot stat 'results.txt': No such file or directory
End run student 2025-03-21-XXX-1994583, exercise 5, test 5

Begin run  student 2025-03-21-XXX-2025557, exercise 5, test 5
./grade1stud1ex1test.sh: line 39: cd: /home/enrico/edata/tronci@di.uniroma1.it/enrico/teaching/EXAMS/software-engineering/cpp-grader/testdir/2025-03-21-XXX-2025557/5: Not a directory
rm: cannot remove 'main': No such file or directory
rm: cannot remove 'results.txt': No such file or directory
make: *** No targets specified and no makefile found.  Stop.
mv: cannot stat 'results.txt': No such file or directory
End run student 2025-03-21-XXX-2025557, exercise 5, test 5

Begin run  student 2025-03-21-XXX-2048130, exercise 5, test 5
rm: cannot remove 'main': No such file or directory
g++ -Wall -Wextra -O2 -std=c++11 -lm -c main.cpp
g++ -Wall -Wextra -O2 -std=c++11 -lm -o main main.o
mv: cannot stat 'results.txt': No such file or directory
End run student 2025-03-21-XXX-2048130, exercise 5, test 5

Begin run  student 2025-03-21-XXX-1987495, exercise 5, test 5
g++ -c -o ex5.o ex5.cpp -std=c++11 -I.  -lm 
g++ -o main ex5.o -std=c++11 -I.  -lm 
mv: cannot stat 'results.txt': No such file or directory
End run student 2025-03-21-XXX-1987495, exercise 5, test 5

Begin run  student 2025-03-21-XXX-2087310, exercise 5, test 5
rm: cannot remove 'main': No such file or directory
rm: cannot remove 'results.txt': No such file or directory
make: *** No targets specified and no makefile found.  Stop.
mv: cannot stat 'results.txt': No such file or directory
End run student 2025-03-21-XXX-2087310, exercise 5, test 5

Begin run  student 2025-03-21-XXX-1919026, exercise 5, test 5
rm: cannot remove 'main': No such file or directory
g++ -O3 -Wall -Wextra -pedantic -I ./include/ -std=c++17 -lm main.cpp src/Parameters.cpp src/VecUtils.cpp src/DB.cpp src/Server.cpp src/Customer.cpp src/Supplier.cpp src/Simulation.cpp -o main
End run student 2025-03-21-XXX-1919026, exercise 5, test 5

Begin run  student 2025-03-21-XXX-2086047, exercise 5, test 5
rm: cannot remove 'main': No such file or directory
g++ -std=c++17 -Wall -Wextra -O2 -c main.cpp -o main.o
g++ -std=c++17 -Wall -Wextra -O2 -o main main.o
End run student 2025-03-21-XXX-2086047, exercise 5, test 5

Begin run  student 2025-03-21-XXX-2087359, exercise 5, test 5
rm: cannot remove 'main': No such file or directory
rm: cannot remove 'results.txt': No such file or directory
make: *** No targets specified and no makefile found.  Stop.
mv: cannot stat 'results.txt': No such file or directory
End run student 2025-03-21-XXX-2087359, exercise 5, test 5

Begin run  student 2025-03-21-XXX-2068434, exercise 5, test 5
rm: cannot remove 'main': No such file or directory
g++  -c -o main.o main.cpp -std=c++11 -I. -lm
g++  -o main main.o -std=c++11 -I. -lm
mv: cannot stat 'results.txt': No such file or directory
End run student 2025-03-21-XXX-2068434, exercise 5, test 5

Begin run  student 2025-03-21-XXX-2046758, exercise 5, test 5
g++ -lm -O3  -c main.cpp -o main.o
g++ -lm -O3  main.o -o main
mv: cannot stat 'results.txt': No such file or directory
End run student 2025-03-21-XXX-2046758, exercise 5, test 5

Begin run  student 2025-03-21-XXX-1857898, exercise 5, test 5
rm: cannot remove 'results.txt': No such file or directory
g++ -c -o main.o main.cpp -std=c++11 -I.  -lm 
main.cpp: In function ‘int main()’:
main.cpp:83:18: warning: structured bindings only available with ‘-std=c++17’ or ‘-std=gnu++17’ [-Wc++17-extensions]
   83 |             auto [transaction_count, overselling_count] = simulate_performance(H, n, k, alpha, p, f);
      |                  ^
g++ -o main main.o -std=c++11 -I.  -lm 
mv: cannot stat 'results.txt': No such file or directory
End run student 2025-03-21-XXX-1857898, exercise 5, test 5

Begin run  student 2025-03-21-XXX-2051659, exercise 5, test 5
rm: cannot remove 'main': No such file or directory
rm: cannot remove 'results.txt': No such file or directory
g++ -c -o main.o main.cpp -std=c++11 -I.  -lm 
g++ -o main main.o -std=c++11 -I.  -lm 
mv: cannot stat 'results.txt': No such file or directory
End run student 2025-03-21-XXX-2051659, exercise 5, test 5

Begin run  student 2025-03-21-XXX-2014782, exercise 5, test 5
rm: cannot remove 'main': No such file or directory
rm: cannot remove 'results.txt': No such file or directory
make: *** No targets specified and no makefile found.  Stop.
mv: cannot stat 'results.txt': No such file or directory
End run student 2025-03-21-XXX-2014782, exercise 5, test 5

Begin run  student 2025-03-21-XXX-2046501, exercise 5, test 5
rm: cannot remove 'main': No such file or directory
g++  -c -o simulator.o simulator.cpp -std=c++11 -I.  -lm 
g++  -o main simulator.o -std=c++11 -I.  -lm 
End run student 2025-03-21-XXX-2046501, exercise 5, test 5

Begin run  student 2025-03-21-XXX-2083011, exercise 5, test 5
rm: cannot remove 'main': No such file or directory
g++ -c main.cpp -o main.o -std=c++11 -Wall -Wextra -O2
g++ -o main main.o -std=c++11 -Wall -Wextra -O2
mv: cannot stat 'results.txt': No such file or directory
End run student 2025-03-21-XXX-2083011, exercise 5, test 5

Begin run  student 2025-03-21-XXX-2034930, exercise 5, test 5
./grade1stud1ex1test.sh: line 39: cd: /home/enrico/edata/tronci@di.uniroma1.it/enrico/teaching/EXAMS/software-engineering/cpp-grader/testdir/2025-03-21-XXX-2034930/5: Not a directory
rm: cannot remove 'main': No such file or directory
rm: cannot remove 'results.txt': No such file or directory
make: *** No targets specified and no makefile found.  Stop.
mv: cannot stat 'results.txt': No such file or directory
End run student 2025-03-21-XXX-2034930, exercise 5, test 5

Begin run  student 2025-03-21-XXX-2021689, exercise 5, test 5
./grade1stud1ex1test.sh: line 39: cd: /home/enrico/edata/tronci@di.uniroma1.it/enrico/teaching/EXAMS/software-engineering/cpp-grader/testdir/2025-03-21-XXX-2021689/5: Not a directory
rm: cannot remove 'main': No such file or directory
rm: cannot remove 'results.txt': No such file or directory
make: *** No targets specified and no makefile found.  Stop.
mv: cannot stat 'results.txt': No such file or directory
End run student 2025-03-21-XXX-2021689, exercise 5, test 5

Begin run  student 2025-03-21-XXX-1960045, exercise 5, test 5
g++  -c -o ex5.o ex5.cpp -std=c++11 -I. -lm
g++  -o main ex5.o -std=c++11 -I. -lm
mv: cannot stat 'results.txt': No such file or directory
End run student 2025-03-21-XXX-1960045, exercise 5, test 5

Begin run  student 2025-03-21-XXX-2002583, exercise 5, test 5
rm: cannot remove 'main': No such file or directory
rm: cannot remove 'results.txt': No such file or directory
g++ -c -o time.o time.cpp -std=c++11 -I.  -lm 
In file included from time.hpp:3,
                 from time.cpp:1:
alias.hpp:20:52: warning: backslash-newline at end of file
   20 | #define STRONG_ALIAS(ALIAS, TYPE)                  \
      |                                                     
g++ -c -o math.o math.cpp -std=c++11 -I.  -lm 
g++ -c -o main.o main.cpp -std=c++11 -I.  -lm 
In file included from main.cpp:5:
parameters.hpp:3:14: error: uninitialized ‘const HORIZON’ [-fpermissive]
    3 | const size_t HORIZON;
      |              ^~~~~~~
main.cpp: In function ‘int main()’:
main.cpp:14:31: error: ‘avg’ was not declared in this scope
   14 |                 parameters >> avg;
      |                               ^~~
main.cpp:16:31: error: ‘var’ was not declared in this scope
   16 |                 parameters >> var;
      |                               ^~~
main.cpp:22:5: error: ‘Stopwatch’ was not declared in this scope
   22 |     Stopwatch stopwatch(delta);
      |     ^~~~~~~~~
main.cpp:24:12: error: ‘stopwatch’ was not declared in this scope
   24 |     while (stopwatch.elapsed() <= HORIZON)
      |            ^~~~~~~~~
make: *** [Makefile:12: main.o] Error 1
mv: cannot stat 'results.txt': No such file or directory
End run student 2025-03-21-XXX-2002583, exercise 5, test 5

Begin run  student 2025-03-21-XXX-2046790, exercise 5, test 5
rm: cannot remove 'main': No such file or directory
g++ -c main.cpp -o main.o
g++ main.o -o main
End run student 2025-03-21-XXX-2046790, exercise 5, test 5

Begin run  student 2025-03-21-XXX-1844504, exercise 5, test 5
rm: cannot remove 'main': No such file or directory
g++ -std=c++11 -Wall -O2 -o main main.cpp
mv: cannot stat 'results.txt': No such file or directory
End run student 2025-03-21-XXX-1844504, exercise 5, test 5

Begin run  student 2025-03-21-XXX-1884714, exercise 5, test 5
rm: cannot remove 'main': No such file or directory
g++ -std=c++11 -Wall -O2 -o main main.cpp
End run student 2025-03-21-XXX-1884714, exercise 5, test 5

