Log for exercise 5
Begin run  student 2025-06-12-XXX-2068261, exercise 5, test 5. Output file is: results.txt
rm: cannot remove 'main': No such file or directory
g++ -Wall -O2 main.cpp -o main
End run student 2025-06-12-XXX-2068261, exercise 5, test 5

Begin run  student 2025-06-12-XXX-2085561, exercise 5, test 5. Output file is: results.txt
rm: cannot remove 'main': No such file or directory
rm: cannot remove 'results.txt': No such file or directory
make: *** No targets specified and no makefile found.  Stop.
mv: cannot stat 'results.txt': No such file or directory
End run student 2025-06-12-XXX-2085561, exercise 5, test 5

Begin run  student 2025-06-12-XXX-2014598, exercise 5, test 5. Output file is: results.txt
rm: cannot remove 'main': No such file or directory
g++ -O2 -std=c++17 -c main.cpp -o main.o
main.cpp: In function ‘int main()’:
main.cpp:69:12: error: ‘queue’ is not a member of ‘std’
   69 |       std::queue<DispatcherMessage> dispatcher_queue;
      |            ^~~~~
main.cpp:3:1: note: ‘std::queue’ is defined in header ‘<queue>’; did you forget to ‘#include <queue>’?
    2 | #include <fstream>
  +++ |+#include <queue>
    3 | #include <random>
main.cpp:69:35: error: expected primary-expression before ‘>’ token
   69 |       std::queue<DispatcherMessage> dispatcher_queue;
      |                                   ^
main.cpp:69:37: error: ‘dispatcher_queue’ was not declared in this scope; did you mean ‘dispatcher_reqs’?
   69 |       std::queue<DispatcherMessage> dispatcher_queue;
      |                                     ^~~~~~~~~~~~~~~~
      |                                     dispatcher_reqs
main.cpp:70:24: error: ‘queue’ is not a member of ‘std’
   70 |       std::vector<std::queue<ServerMessage>> servers_queues(S);
      |                        ^~~~~
main.cpp:70:24: note: ‘std::queue’ is defined in header ‘<queue>’; did you forget to ‘#include <queue>’?
main.cpp:70:30: error: template argument 1 is invalid
   70 |       std::vector<std::queue<ServerMessage>> servers_queues(S);
      |                              ^~~~~~~~~~~~~
main.cpp:70:30: error: template argument 2 is invalid
main.cpp:70:43: error: expected unqualified-id before ‘>’ token
   70 |       std::vector<std::queue<ServerMessage>> servers_queues(S);
      |                                           ^~
main.cpp:102:13: error: ‘servers_queues’ was not declared in this scope
  102 |             servers_queues[random_server_id].push({customer_action, time + D});
      |             ^~~~~~~~~~~~~~
main.cpp:107:15: error: ‘servers_queues’ was not declared in this scope
  107 |           if (servers_queues[server_id].empty())
      |               ^~~~~~~~~~~~~~
main.cpp:110:22: error: ‘servers_queues’ was not declared in this scope
  110 |           if (time < servers_queues[server_id].front().available_at)
      |                      ^~~~~~~~~~~~~~
main.cpp:113:31: error: ‘servers_queues’ was not declared in this scope
  113 |           size_t product_id = servers_queues[server_id].front().product;
      |                               ^~~~~~~~~~~~~~
make: *** [Makefile:13: main.o] Error 1
mv: cannot stat 'results.txt': No such file or directory
End run student 2025-06-12-XXX-2014598, exercise 5, test 5

Begin run  student 2025-06-12-XXX-1810132, exercise 5, test 5. Output file is: results.txt
make: *** No targets specified and no makefile found.  Stop.
mv: cannot stat 'results.txt': No such file or directory
End run student 2025-06-12-XXX-1810132, exercise 5, test 5

Begin run  student 2025-06-12-XXX-2083321, exercise 5, test 5. Output file is: results.txt
rm: cannot remove 'main': No such file or directory
rm: cannot remove 'results.txt': No such file or directory
make: *** No targets specified and no makefile found.  Stop.
mv: cannot stat 'results.txt': No such file or directory
End run student 2025-06-12-XXX-2083321, exercise 5, test 5

Begin run  student 2025-06-12-XXX-2056284, exercise 5, test 5. Output file is: results.txt
g++ main.cpp -o main
End run student 2025-06-12-XXX-2056284, exercise 5, test 5

Begin run  student 2025-06-12-XXX-1933763, exercise 5, test 5. Output file is: results.txt
rm: cannot remove 'main': No such file or directory
g++ -std=c++11 -Wall -O2 -o main main.cpp
main.cpp: In function ‘int main()’:
main.cpp:180:10: warning: structured bindings only available with ‘-std=c++17’ or ‘-std=gnu++17’ [-Wc++17-extensions]
  180 |     auto [best_p, best_q] = optimize_p();
      |          ^
End run student 2025-06-12-XXX-1933763, exercise 5, test 5

Begin run  student 2025-06-12-XXX-2066344, exercise 5, test 5. Output file is: results.txt
g++ -std=c++11 -O2 -o main main.cpp
End run student 2025-06-12-XXX-2066344, exercise 5, test 5

Begin run  student 2025-06-12-XXX-2076586, exercise 5, test 5. Output file is: results.txt
rm: cannot remove 'main': No such file or directory
g++ -Wall -Wextra -std=c++17 -g -c main.cpp -o main.o
g++ -Wall -Wextra -std=c++17 -g -o main main.o
End run student 2025-06-12-XXX-2076586, exercise 5, test 5

Begin run  student 2025-06-12-XXX-2049029, exercise 5, test 5. Output file is: results.txt
g++  -c -o main.o main.cpp -std=c++11 -I. -lm
g++  -o main main.o -std=c++11 -I. -lm
End run student 2025-06-12-XXX-2049029, exercise 5, test 5

Begin run  student 2025-06-12-XXX-2059802, exercise 5, test 5. Output file is: results.txt
rm: cannot remove 'main': No such file or directory
rm: cannot remove 'results.txt': No such file or directory
g++ -lm -O3  -c ../mocc/stat.cpp -o ../mocc/stat.o
g++ -lm -O3  -c ../mocc/time.cpp -o ../mocc/time.o
g++ -lm -O3  ../mocc/stat.o ../mocc/time.o -o main
/usr/bin/ld: /usr/lib/gcc/x86_64-linux-gnu/13/../../../x86_64-linux-gnu/Scrt1.o: in function `_start':
(.text+0x1b): undefined reference to `main'
collect2: error: ld returned 1 exit status
make: *** [Makefile:14: main] Error 1
mv: cannot stat 'results.txt': No such file or directory
End run student 2025-06-12-XXX-2059802, exercise 5, test 5

Begin run  student 2025-06-12-XXX-2007103, exercise 5, test 5. Output file is: results.txt
rm: cannot remove 'main': No such file or directory
g++ -std=c++11 -Wall -O2 -o main main.cpp
End run student 2025-06-12-XXX-2007103, exercise 5, test 5

Begin run  student 2025-06-12-XXX-2085129, exercise 5, test 5. Output file is: results.txt
rm: cannot remove 'main': No such file or directory
g++ -c -o main.o main.cpp -std=c++11 -I.  -lm -g
g++ -o main main.o -std=c++11 -I.  -lm -g
End run student 2025-06-12-XXX-2085129, exercise 5, test 5

Begin run  student 2025-06-12-XXX-1943337, exercise 5, test 5. Output file is: results.txt
rm: cannot remove 'main': No such file or directory
g++ -std=c++11 -Wall -O2 -o main main.cpp
End run student 2025-06-12-XXX-1943337, exercise 5, test 5

Begin run  student 2025-06-12-XXX-2047402, exercise 5, test 5. Output file is: results.txt
rm: cannot remove 'main': No such file or directory
g++ -c -o main.o main.cpp -std=c++11 -I.  -lm 
g++ -o main main.o -std=c++11 -I.  -lm 
End run student 2025-06-12-XXX-2047402, exercise 5, test 5

Begin run  student 2025-06-12-XXX-1996623, exercise 5, test 5. Output file is: results.txt
rm: cannot remove 'main': No such file or directory
rm: cannot remove 'results.txt': No such file or directory
g++ -lm -O3 -std=c++11 -c ../mocc/math.cpp -o ../mocc/math.o
g++ -lm -O3 -std=c++11 -c ../mocc/time.cpp -o ../mocc/time.o
g++ -lm -O3 -std=c++11 -c main.cpp -o main.o
main.cpp: In function ‘int main()’:
main.cpp:47:9: error: no match for ‘operator>>’ (operand types are ‘std::ofstream’ {aka ‘std::basic_ofstream<char>’} and ‘const char [39]’)
   47 |     res >> "2025-06-12-XXX-1996623";
      |     ~~~ ^~ ~~~~~~~~~~~~~~~~~~~~~~~~~~~~~~~~~~~~~~~~
      |     |      |
      |     |      const char [39]
      |     std::ofstream {aka std::basic_ofstream<char>}
In file included from /usr/include/c++/13/string:55,
                 from /usr/include/c++/13/bits/locale_classes.h:40,
                 from /usr/include/c++/13/bits/ios_base.h:41,
                 from /usr/include/c++/13/ios:44,
                 from /usr/include/c++/13/ostream:40,
                 from /usr/include/c++/13/iostream:41,
                 from main.cpp:1:
/usr/include/c++/13/bits/basic_string.tcc:827:5: note: candidate: ‘template<class _CharT, class _Traits, class _Alloc> std::basic_istream<_CharT, _Traits>& std::operator>>(basic_istream<_CharT, _Traits>&, __cxx11::basic_string<_CharT, _Traits, _Alloc>&)’
  827 |     operator>>(basic_istream<_CharT, _Traits>& __in,
      |     ^~~~~~~~
/usr/include/c++/13/bits/basic_string.tcc:827:5: note:   template argument deduction/substitution failed:
main.cpp:47:12: note:   ‘std::ofstream’ {aka ‘std::basic_ofstream<char>’} is not derived from ‘std::basic_istream<_CharT, _Traits>’
   47 |     res >> "2025-06-12-XXX-1996623";
      |            ^~~~~~~~~~~~~~~~~~~~~~~~~~~~~~~~~~~~~~~~
In file included from /usr/include/c++/13/istream:1106,
                 from /usr/include/c++/13/iostream:42:
/usr/include/c++/13/bits/istream.tcc:975:5: note: candidate: ‘template<class _CharT, class _Traits> std::basic_istream<_CharT, _Traits>& std::operator>>(basic_istream<_CharT, _Traits>&, _CharT&)’
  975 |     operator>>(basic_istream<_CharT, _Traits>& __in, _CharT& __c)
      |     ^~~~~~~~
/usr/include/c++/13/bits/istream.tcc:975:5: note:   template argument deduction/substitution failed:
main.cpp:47:12: note:   ‘std::ofstream’ {aka ‘std::basic_ofstream<char>’} is not derived from ‘std::basic_istream<_CharT, _Traits>’
   47 |     res >> "2025-06-12-XXX-1996623";
      |            ^~~~~~~~~~~~~~~~~~~~~~~~~~~~~~~~~~~~~~~~
/usr/include/c++/13/istream:846:5: note: candidate: ‘template<class _Traits> std::basic_istream<char, _Traits>& std::operator>>(basic_istream<char, _Traits>&, unsigned char&)’
  846 |     operator>>(basic_istream<char, _Traits>& __in, unsigned char& __c)
      |     ^~~~~~~~
/usr/include/c++/13/istream:846:5: note:   template argument deduction/substitution failed:
main.cpp:47:12: note:   ‘std::ofstream’ {aka ‘std::basic_ofstream<char>’} is not derived from ‘std::basic_istream<char, _Traits>’
   47 |     res >> "2025-06-12-XXX-1996623";
      |            ^~~~~~~~~~~~~~~~~~~~~~~~~~~~~~~~~~~~~~~~
/usr/include/c++/13/istream:851:5: note: candidate: ‘template<class _Traits> std::basic_istream<char, _Traits>& std::operator>>(basic_istream<char, _Traits>&, signed char&)’
  851 |     operator>>(basic_istream<char, _Traits>& __in, signed char& __c)
      |     ^~~~~~~~
/usr/include/c++/13/istream:851:5: note:   template argument deduction/substitution failed:
main.cpp:47:12: note:   ‘std::ofstream’ {aka ‘std::basic_ofstream<char>’} is not derived from ‘std::basic_istream<char, _Traits>’
   47 |     res >> "2025-06-12-XXX-1996623";
      |            ^~~~~~~~~~~~~~~~~~~~~~~~~~~~~~~~~~~~~~~~
/usr/include/c++/13/istream:893:5: note: candidate: ‘template<class _CharT, class _Traits> std::basic_istream<_CharT, _Traits>& std::operator>>(basic_istream<_CharT, _Traits>&, _CharT*)’
  893 |     operator>>(basic_istream<_CharT, _Traits>& __in, _CharT* __s)
      |     ^~~~~~~~
/usr/include/c++/13/istream:893:5: note:   template argument deduction/substitution failed:
main.cpp:47:12: note:   ‘std::ofstream’ {aka ‘std::basic_ofstream<char>’} is not derived from ‘std::basic_istream<_CharT, _Traits>’
   47 |     res >> "2025-06-12-XXX-1996623";
      |            ^~~~~~~~~~~~~~~~~~~~~~~~~~~~~~~~~~~~~~~~
/usr/include/c++/13/istream:936:5: note: candidate: ‘template<class _Traits> std::basic_istream<char, _Traits>& std::operator>>(basic_istream<char, _Traits>&, unsigned char*)’
  936 |     operator>>(basic_istream<char, _Traits>& __in, unsigned char* __s)
      |     ^~~~~~~~
/usr/include/c++/13/istream:936:5: note:   template argument deduction/substitution failed:
main.cpp:47:12: note:   ‘std::ofstream’ {aka ‘std::basic_ofstream<char>’} is not derived from ‘std::basic_istream<char, _Traits>’
   47 |     res >> "2025-06-12-XXX-1996623";
      |            ^~~~~~~~~~~~~~~~~~~~~~~~~~~~~~~~~~~~~~~~
/usr/include/c++/13/istream:942:5: note: candidate: ‘template<class _Traits> std::basic_istream<char, _Traits>& std::operator>>(basic_istream<char, _Traits>&, signed char*)’
  942 |     operator>>(basic_istream<char, _Traits>& __in, signed char* __s)
      |     ^~~~~~~~
/usr/include/c++/13/istream:942:5: note:   template argument deduction/substitution failed:
main.cpp:47:12: note:   ‘std::ofstream’ {aka ‘std::basic_ofstream<char>’} is not derived from ‘std::basic_istream<char, _Traits>’
   47 |     res >> "2025-06-12-XXX-1996623";
      |            ^~~~~~~~~~~~~~~~~~~~~~~~~~~~~~~~~~~~~~~~
/usr/include/c++/13/istream:1096:5: note: candidate: ‘template<class _Istream, class _Tp> _Istream&& std::operator>>(_Istream&&, _Tp&&)’
 1096 |     operator>>(_Istream&& __is, _Tp&& __x)
      |     ^~~~~~~~
/usr/include/c++/13/istream:1096:5: note:   template argument deduction/substitution failed:
/usr/include/c++/13/istream: In substitution of ‘template<class _Istream, class _Tp> _Istream&& std::operator>>(_Istream&&, _Tp&&) [with _Istream = std::basic_ofstream<char>&; _Tp = const char (&)[39]]’:
main.cpp:47:12:   required from here
/usr/include/c++/13/istream:1096:5: error: no type named ‘type’ in ‘struct std::enable_if<false, void>’
In file included from /usr/include/c++/13/random:53,
                 from main.cpp:3:
/usr/include/c++/13/bits/random.tcc:930:5: note: candidate: ‘template<class _IntType, class _CharT, class _Traits> std::basic_istream<_CharT, _Traits>& std::operator>>(basic_istream<_CharT, _Traits>&, uniform_int_distribution<_IntType>&)’
  930 |     operator>>(std::basic_istream<_CharT, _Traits>& __is,
      |     ^~~~~~~~
/usr/include/c++/13/bits/random.tcc:930:5: note:   template argument deduction/substitution failed:
main.cpp:47:12: note:   ‘std::ofstream’ {aka ‘std::basic_ofstream<char>’} is not derived from ‘std::basic_istream<_CharT, _Traits>’
   47 |     res >> "2025-06-12-XXX-1996623";
      |            ^~~~~~~~~~~~~~~~~~~~~~~~~~~~~~~~~~~~~~~~
/usr/include/c++/13/bits/random.tcc:991:5: note: candidate: ‘template<class _RealType, class _CharT, class _Traits> std::basic_istream<_CharT, _Traits>& std::operator>>(basic_istream<_CharT, _Traits>&, uniform_real_distribution<_IntType>&)’
  991 |     operator>>(std::basic_istream<_CharT, _Traits>& __is,
      |     ^~~~~~~~
/usr/include/c++/13/bits/random.tcc:991:5: note:   template argument deduction/substitution failed:
main.cpp:47:12: note:   ‘std::ofstream’ {aka ‘std::basic_ofstream<char>’} is not derived from ‘std::basic_istream<_CharT, _Traits>’
   47 |     res >> "2025-06-12-XXX-1996623";
      |            ^~~~~~~~~~~~~~~~~~~~~~~~~~~~~~~~~~~~~~~~
/usr/include/c++/13/bits/random.tcc:2168:5: note: candidate: ‘template<class _RealType, class _CharT, class _Traits> std::basic_istream<_CharT, _Traits>& std::operator>>(basic_istream<_CharT, _Traits>&, cauchy_distribution<_RealType>&)’
 2168 |     operator>>(std::basic_istream<_CharT, _Traits>& __is,
      |     ^~~~~~~~
/usr/include/c++/13/bits/random.tcc:2168:5: note:   template argument deduction/substitution failed:
main.cpp:47:12: note:   ‘std::ofstream’ {aka ‘std::basic_ofstream<char>’} is not derived from ‘std::basic_istream<_CharT, _Traits>’
   47 |     res >> "2025-06-12-XXX-1996623";
      |            ^~~~~~~~~~~~~~~~~~~~~~~~~~~~~~~~~~~~~~~~
In file included from /usr/include/c++/13/random:51:
/usr/include/c++/13/bits/random.h:3830:5: note: candidate: ‘template<class _CharT, class _Traits> std::basic_istream<_CharT, _Traits>& std::operator>>(basic_istream<_CharT, _Traits>&, bernoulli_distribution&)’
 3830 |     operator>>(std::basic_istream<_CharT, _Traits>& __is,
      |     ^~~~~~~~
/usr/include/c++/13/bits/random.h:3830:5: note:   template argument deduction/substitution failed:
main.cpp:47:12: note:   ‘std::ofstream’ {aka ‘std::basic_ofstream<char>’} is not derived from ‘std::basic_istream<_CharT, _Traits>’
   47 |     res >> "2025-06-12-XXX-1996623";
      |            ^~~~~~~~~~~~~~~~~~~~~~~~~~~~~~~~~~~~~~~~
/usr/include/c++/13/bits/random.tcc:1133:5: note: candidate: ‘template<class _IntType, class _CharT, class _Traits> std::basic_istream<_CharT, _Traits>& std::operator>>(basic_istream<_CharT, _Traits>&, geometric_distribution<_IntType>&)’
 1133 |     operator>>(std::basic_istream<_CharT, _Traits>& __is,
      |     ^~~~~~~~
/usr/include/c++/13/bits/random.tcc:1133:5: note:   template argument deduction/substitution failed:
main.cpp:47:12: note:   ‘std::ofstream’ {aka ‘std::basic_ofstream<char>’} is not derived from ‘std::basic_istream<_CharT, _Traits>’
   47 |     res >> "2025-06-12-XXX-1996623";
      |            ^~~~~~~~~~~~~~~~~~~~~~~~~~~~~~~~~~~~~~~~
/usr/include/c++/13/bits/random.tcc:1784:5: note: candidate: ‘template<class _RealType, class _CharT, class _Traits> std::basic_istream<_CharT, _Traits>& std::operator>>(basic_istream<_CharT, _Traits>&, exponential_distribution<_RealType>&)’
 1784 |     operator>>(std::basic_istream<_CharT, _Traits>& __is,
      |     ^~~~~~~~
/usr/include/c++/13/bits/random.tcc:1784:5: note:   template argument deduction/substitution failed:
main.cpp:47:12: note:   ‘std::ofstream’ {aka ‘std::basic_ofstream<char>’} is not derived from ‘std::basic_istream<_CharT, _Traits>’
   47 |     res >> "2025-06-12-XXX-1996623";
      |            ^~~~~~~~~~~~~~~~~~~~~~~~~~~~~~~~~~~~~~~~
/usr/include/c++/13/bits/random.tcc:2562:5: note: candidate: ‘template<class _RealType, class _CharT, class _Traits> std::basic_istream<_CharT, _Traits>& std::operator>>(basic_istream<_CharT, _Traits>&, weibull_distribution<_RealType>&)’
 2562 |     operator>>(std::basic_istream<_CharT, _Traits>& __is,
      |     ^~~~~~~~
/usr/include/c++/13/bits/random.tcc:2562:5: note:   template argument deduction/substitution failed:
main.cpp:47:12: note:   ‘std::ofstream’ {aka ‘std::basic_ofstream<char>’} is not derived from ‘std::basic_istream<_CharT, _Traits>’
   47 |     res >> "2025-06-12-XXX-1996623";
      |            ^~~~~~~~~~~~~~~~~~~~~~~~~~~~~~~~~~~~~~~~
/usr/include/c++/13/bits/random.tcc:2636:5: note: candidate: ‘template<class _RealType, class _CharT, class _Traits> std::basic_istream<_CharT, _Traits>& std::operator>>(basic_istream<_CharT, _Traits>&, extreme_value_distribution<_RealType>&)’
 2636 |     operator>>(std::basic_istream<_CharT, _Traits>& __is,
      |     ^~~~~~~~
/usr/include/c++/13/bits/random.tcc:2636:5: note:   template argument deduction/substitution failed:
main.cpp:47:12: note:   ‘std::ofstream’ {aka ‘std::basic_ofstream<char>’} is not derived from ‘std::basic_istream<_CharT, _Traits>’
   47 |     res >> "2025-06-12-XXX-1996623";
      |            ^~~~~~~~~~~~~~~~~~~~~~~~~~~~~~~~~~~~~~~~
/usr/include/c++/13/bits/random.tcc:177:5: note: candidate: ‘template<class _UIntType, _UIntType __a, _UIntType __c, _UIntType __m, class _CharT, class _Traits> std::basic_istream<_CharT, _Traits>& std::operator>>(basic_istream<_CharT, _Traits>&, linear_congruential_engine<_UIntType, __a, __c, __m>&)’
  177 |     operator>>(std::basic_istream<_CharT, _Traits>& __is,
      |     ^~~~~~~~
/usr/include/c++/13/bits/random.tcc:177:5: note:   template argument deduction/substitution failed:
main.cpp:47:12: note:   ‘std::ofstream’ {aka ‘std::basic_ofstream<char>’} is not derived from ‘std::basic_istream<_CharT, _Traits>’
   47 |     res >> "2025-06-12-XXX-1996623";
      |            ^~~~~~~~~~~~~~~~~~~~~~~~~~~~~~~~~~~~~~~~
/usr/include/c++/13/bits/random.tcc:504:5: note: candidate: ‘template<class _UIntType1, long unsigned int __w1, long unsigned int __n1, long unsigned int __m1, long unsigned int __r1, _UIntType1 __a1, long unsigned int __u1, _UIntType1 __d1, long unsigned int __s1, _UIntType1 __b1, long unsigned int __t1, _UIntType1 __c1, long unsigned int __l1, _UIntType1 __f1, class _CharT, class _Traits> std::basic_istream<_CharT, _Traits>& std::operator>>(basic_istream<_CharT, _Traits>&, mersenne_twister_engine<_UIntType, __w, __n, __m, __r, __a, __u, __d, __s, __b, __t, __c, __l, __f>&)’
  504 |     operator>>(std::basic_istream<_CharT, _Traits>& __is,
      |     ^~~~~~~~
/usr/include/c++/13/bits/random.tcc:504:5: note:   template argument deduction/substitution failed:
main.cpp:47:12: note:   ‘std::ofstream’ {aka ‘std::basic_ofstream<char>’} is not derived from ‘std::basic_istream<_CharT, _Traits>’
   47 |     res >> "2025-06-12-XXX-1996623";
      |            ^~~~~~~~~~~~~~~~~~~~~~~~~~~~~~~~~~~~~~~~
/usr/include/c++/13/bits/random.tcc:659:5: note: candidate: ‘template<class _UIntType, long unsigned int __w, long unsigned int __s, long unsigned int __r, class _CharT, class _Traits> std::basic_istream<_CharT, _Traits>& std::operator>>(basic_istream<_CharT, _Traits>&, subtract_with_carry_engine<_UIntType, __w, __s, __r>&)’
  659 |     operator>>(std::basic_istream<_CharT, _Traits>& __is,
      |     ^~~~~~~~
/usr/include/c++/13/bits/random.tcc:659:5: note:   template argument deduction/substitution failed:
main.cpp:47:12: note:   ‘std::ofstream’ {aka ‘std::basic_ofstream<char>’} is not derived from ‘std::basic_istream<_CharT, _Traits>’
   47 |     res >> "2025-06-12-XXX-1996623";
      |            ^~~~~~~~~~~~~~~~~~~~~~~~~~~~~~~~~~~~~~~~
/usr/include/c++/13/bits/random.tcc:726:5: note: candidate: ‘template<class _RandomNumberEngine, long unsigned int __p, long unsigned int __r, class _CharT, class _Traits> std::basic_istream<_CharT, _Traits>& std::operator>>(basic_istream<_CharT, _Traits>&, discard_block_engine<_RandomNumberEngine, __p, __r>&)’
  726 |     operator>>(std::basic_istream<_CharT, _Traits>& __is,
      |     ^~~~~~~~
/usr/include/c++/13/bits/random.tcc:726:5: note:   template argument deduction/substitution failed:
main.cpp:47:12: note:   ‘std::ofstream’ {aka ‘std::basic_ofstream<char>’} is not derived from ‘std::basic_istream<_CharT, _Traits>’
   47 |     res >> "2025-06-12-XXX-1996623";
      |            ^~~~~~~~~~~~~~~~~~~~~~~~~~~~~~~~~~~~~~~~
/usr/include/c++/13/bits/random.tcc:890:5: note: candidate: ‘template<class _RandomNumberEngine, long unsigned int __k, class _CharT, class _Traits> std::basic_istream<_CharT, _Traits>& std::operator>>(basic_istream<_CharT, _Traits>&, shuffle_order_engine<_RandomNumberEngine, __k>&)’
  890 |     operator>>(std::basic_istream<_CharT, _Traits>& __is,
      |     ^~~~~~~~
/usr/include/c++/13/bits/random.tcc:890:5: note:   template argument deduction/substitution failed:
main.cpp:47:12: note:   ‘std::ofstream’ {aka ‘std::basic_ofstream<char>’} is not derived from ‘std::basic_istream<_CharT, _Traits>’
   47 |     res >> "2025-06-12-XXX-1996623";
      |            ^~~~~~~~~~~~~~~~~~~~~~~~~~~~~~~~~~~~~~~~
/usr/include/c++/13/bits/random.tcc:1248:5: note: candidate: ‘template<class _IntType, class _CharT, class _Traits> std::basic_istream<_CharT, _Traits>& std::operator>>(basic_istream<_CharT, _Traits>&, negative_binomial_distribution<_IntType>&)’
 1248 |     operator>>(std::basic_istream<_CharT, _Traits>& __is,
      |     ^~~~~~~~
/usr/include/c++/13/bits/random.tcc:1248:5: note:   template argument deduction/substitution failed:
main.cpp:47:12: note:   ‘std::ofstream’ {aka ‘std::basic_ofstream<char>’} is not derived from ‘std::basic_istream<_CharT, _Traits>’
   47 |     res >> "2025-06-12-XXX-1996623";
      |            ^~~~~~~~~~~~~~~~~~~~~~~~~~~~~~~~~~~~~~~~
/usr/include/c++/13/bits/random.tcc:1458:5: note: candidate: ‘template<class _IntType, class _CharT, class _Traits> std::basic_istream<_CharT, _Traits>& std::operator>>(basic_istream<_CharT, _Traits>&, poisson_distribution<_IntType>&)’
 1458 |     operator>>(std::basic_istream<_CharT, _Traits>& __is,
      |     ^~~~~~~~
/usr/include/c++/13/bits/random.tcc:1458:5: note:   template argument deduction/substitution failed:
main.cpp:47:12: note:   ‘std::ofstream’ {aka ‘std::basic_ofstream<char>’} is not derived from ‘std::basic_istream<_CharT, _Traits>’
   47 |     res >> "2025-06-12-XXX-1996623";
      |            ^~~~~~~~~~~~~~~~~~~~~~~~~~~~~~~~~~~~~~~~
/usr/include/c++/13/bits/random.tcc:1725:5: note: candidate: ‘template<class _IntType, class _CharT, class _Traits> std::basic_istream<_CharT, _Traits>& std::operator>>(basic_istream<_CharT, _Traits>&, binomial_distribution<_IntType>&)’
 1725 |     operator>>(std::basic_istream<_CharT, _Traits>& __is,
      |     ^~~~~~~~
/usr/include/c++/13/bits/random.tcc:1725:5: note:   template argument deduction/substitution failed:
main.cpp:47:12: note:   ‘std::ofstream’ {aka ‘std::basic_ofstream<char>’} is not derived from ‘std::basic_istream<_CharT, _Traits>’
   47 |     res >> "2025-06-12-XXX-1996623";
      |            ^~~~~~~~~~~~~~~~~~~~~~~~~~~~~~~~~~~~~~~~
/usr/include/c++/13/bits/random.tcc:1946:5: note: candidate: ‘template<class _RealType1, class _CharT, class _Traits> std::basic_istream<_CharT, _Traits>& std::operator>>(basic_istream<_CharT, _Traits>&, normal_distribution<_RealType>&)’
 1946 |     operator>>(std::basic_istream<_CharT, _Traits>& __is,
      |     ^~~~~~~~
/usr/include/c++/13/bits/random.tcc:1946:5: note:   template argument deduction/substitution failed:
main.cpp:47:12: note:   ‘std::ofstream’ {aka ‘std::basic_ofstream<char>’} is not derived from ‘std::basic_istream<_CharT, _Traits>’
   47 |     res >> "2025-06-12-XXX-1996623";
      |            ^~~~~~~~~~~~~~~~~~~~~~~~~~~~~~~~~~~~~~~~
/usr/include/c++/13/bits/random.tcc:2011:5: note: candidate: ‘template<class _RealType, class _CharT, class _Traits> std::basic_istream<_CharT, _Traits>& std::operator>>(basic_istream<_CharT, _Traits>&, lognormal_distribution<_RealType>&)’
 2011 |     operator>>(std::basic_istream<_CharT, _Traits>& __is,
      |     ^~~~~~~~
/usr/include/c++/13/bits/random.tcc:2011:5: note:   template argument deduction/substitution failed:
main.cpp:47:12: note:   ‘std::ofstream’ {aka ‘std::basic_ofstream<char>’} is not derived from ‘std::basic_istream<_CharT, _Traits>’
   47 |     res >> "2025-06-12-XXX-1996623";
      |            ^~~~~~~~~~~~~~~~~~~~~~~~~~~~~~~~~~~~~~~~
/usr/include/c++/13/bits/random.tcc:2082:5: note: candidate: ‘template<class _RealType, class _CharT, class _Traits> std::basic_istream<_CharT, _Traits>& std::operator>>(basic_istream<_CharT, _Traits>&, chi_squared_distribution<_RealType>&)’
 2082 |     operator>>(std::basic_istream<_CharT, _Traits>& __is,
      |     ^~~~~~~~
/usr/include/c++/13/bits/random.tcc:2082:5: note:   template argument deduction/substitution failed:
main.cpp:47:12: note:   ‘std::ofstream’ {aka ‘std::basic_ofstream<char>’} is not derived from ‘std::basic_istream<_CharT, _Traits>’
   47 |     res >> "2025-06-12-XXX-1996623";
      |            ^~~~~~~~~~~~~~~~~~~~~~~~~~~~~~~~~~~~~~~~
/usr/include/c++/13/bits/random.tcc:2244:5: note: candidate: ‘template<class _RealType, class _CharT, class _Traits> std::basic_istream<_CharT, _Traits>& std::operator>>(basic_istream<_CharT, _Traits>&, fisher_f_distribution<_RealType>&)’
 2244 |     operator>>(std::basic_istream<_CharT, _Traits>& __is,
      |     ^~~~~~~~
/usr/include/c++/13/bits/random.tcc:2244:5: note:   template argument deduction/substitution failed:
main.cpp:47:12: note:   ‘std::ofstream’ {aka ‘std::basic_ofstream<char>’} is not derived from ‘std::basic_istream<_CharT, _Traits>’
   47 |     res >> "2025-06-12-XXX-1996623";
      |            ^~~~~~~~~~~~~~~~~~~~~~~~~~~~~~~~~~~~~~~~
/usr/include/c++/13/bits/random.tcc:2317:5: note: candidate: ‘template<class _RealType, class _CharT, class _Traits> std::basic_istream<_CharT, _Traits>& std::operator>>(basic_istream<_CharT, _Traits>&, student_t_distribution<_RealType>&)’
 2317 |     operator>>(std::basic_istream<_CharT, _Traits>& __is,
      |     ^~~~~~~~
/usr/include/c++/13/bits/random.tcc:2317:5: note:   template argument deduction/substitution failed:
main.cpp:47:12: note:   ‘std::ofstream’ {aka ‘std::basic_ofstream<char>’} is not derived from ‘std::basic_istream<_CharT, _Traits>’
   47 |     res >> "2025-06-12-XXX-1996623";
      |            ^~~~~~~~~~~~~~~~~~~~~~~~~~~~~~~~~~~~~~~~
/usr/include/c++/13/bits/random.tcc:2487:5: note: candidate: ‘template<class _RealType1, class _CharT, class _Traits> std::basic_istream<_CharT, _Traits>& std::operator>>(basic_istream<_CharT, _Traits>&, gamma_distribution<_RealType>&)’
 2487 |     operator>>(std::basic_istream<_CharT, _Traits>& __is,
      |     ^~~~~~~~
/usr/include/c++/13/bits/random.tcc:2487:5: note:   template argument deduction/substitution failed:
main.cpp:47:12: note:   ‘std::ofstream’ {aka ‘std::basic_ofstream<char>’} is not derived from ‘std::basic_istream<_CharT, _Traits>’
   47 |     res >> "2025-06-12-XXX-1996623";
      |            ^~~~~~~~~~~~~~~~~~~~~~~~~~~~~~~~~~~~~~~~
/usr/include/c++/13/bits/random.tcc:2795:5: note: candidate: ‘template<class _IntType, class _CharT, class _Traits> std::basic_istream<_CharT, _Traits>& std::operator>>(basic_istream<_CharT, _Traits>&, discrete_distribution<_IntType>&)’
 2795 |     operator>>(std::basic_istream<_CharT, _Traits>& __is,
      |     ^~~~~~~~
/usr/include/c++/13/bits/random.tcc:2795:5: note:   template argument deduction/substitution failed:
main.cpp:47:12: note:   ‘std::ofstream’ {aka ‘std::basic_ofstream<char>’} is not derived from ‘std::basic_istream<_CharT, _Traits>’
   47 |     res >> "2025-06-12-XXX-1996623";
      |            ^~~~~~~~~~~~~~~~~~~~~~~~~~~~~~~~~~~~~~~~
/usr/include/c++/13/bits/random.tcc:3002:5: note: candidate: ‘template<class _RealType, class _CharT, class _Traits> std::basic_istream<_CharT, _Traits>& std::operator>>(basic_istream<_CharT, _Traits>&, piecewise_constant_distribution<_RealType>&)’
 3002 |     operator>>(std::basic_istream<_CharT, _Traits>& __is,
      |     ^~~~~~~~
/usr/include/c++/13/bits/random.tcc:3002:5: note:   template argument deduction/substitution failed:
main.cpp:47:12: note:   ‘std::ofstream’ {aka ‘std::basic_ofstream<char>’} is not derived from ‘std::basic_istream<_CharT, _Traits>’
   47 |     res >> "2025-06-12-XXX-1996623";
      |            ^~~~~~~~~~~~~~~~~~~~~~~~~~~~~~~~~~~~~~~~
/usr/include/c++/13/bits/random.tcc:3208:5: note: candidate: ‘template<class _RealType, class _CharT, class _Traits> std::basic_istream<_CharT, _Traits>& std::operator>>(basic_istream<_CharT, _Traits>&, piecewise_linear_distribution<_RealType>&)’
 3208 |     operator>>(std::basic_istream<_CharT, _Traits>& __is,
      |     ^~~~~~~~
/usr/include/c++/13/bits/random.tcc:3208:5: note:   template argument deduction/substitution failed:
main.cpp:47:12: note:   ‘std::ofstream’ {aka ‘std::basic_ofstream<char>’} is not derived from ‘std::basic_istream<_CharT, _Traits>’
   47 |     res >> "2025-06-12-XXX-1996623";
      |            ^~~~~~~~~~~~~~~~~~~~~~~~~~~~~~~~~~~~~~~~
make: *** [Makefile:20: main.o] Error 1
mv: cannot stat 'results.txt': No such file or directory
End run student 2025-06-12-XXX-1996623, exercise 5, test 5

Begin run  student 2025-06-12-XXX-1938972, exercise 5, test 5. Output file is: results.txt
rm: cannot remove 'main': No such file or directory
g++ -lm -O3 -o simulation main.cpp
mv: cannot stat 'results.txt': No such file or directory
End run student 2025-06-12-XXX-1938972, exercise 5, test 5

Begin run  student 2025-06-12-XXX-2072224, exercise 5, test 5. Output file is: results.txt
rm: cannot remove 'main': No such file or directory
rm: cannot remove 'results.txt': No such file or directory
g++ -std=c++11 -Wall -Wextra -pedantic -O3 main.cpp -o main
End run student 2025-06-12-XXX-2072224, exercise 5, test 5

Begin run  student 2025-06-12-XXX-2067545, exercise 5, test 5. Output file is: results.txt
rm: cannot remove 'main': No such file or directory
rm: cannot remove 'results.txt': No such file or directory
make: *** No targets specified and no makefile found.  Stop.
mv: cannot stat 'results.txt': No such file or directory
End run student 2025-06-12-XXX-2067545, exercise 5, test 5

Begin run  student 2025-06-12-XXX-2084918, exercise 5, test 5. Output file is: results.txt
cp: cannot stat '/home/enrico/edata/tronci@di.uniroma1.it/enrico/teaching/EXAMS/software-engineering/cpp-grader/submissions/2025-06-12-XXX-2084918': No such file or directory
cp: cannot create regular file '/home/enrico/edata/tronci@di.uniroma1.it/enrico/teaching/EXAMS/software-engineering/cpp-grader/testdir/2025-06-12-XXX-2084918/5': No such file or directory
./grade1stud1ex1test.sh: line 39: cd: /home/enrico/edata/tronci@di.uniroma1.it/enrico/teaching/EXAMS/software-engineering/cpp-grader/testdir/2025-06-12-XXX-2084918/5: No such file or directory
rm: cannot remove 'main': No such file or directory
rm: cannot remove 'results.txt': No such file or directory
make: *** No targets specified and no makefile found.  Stop.
mv: cannot stat 'results.txt': No such file or directory
End run student 2025-06-12-XXX-2084918, exercise 5, test 5

Begin run  student 2025-06-12-XXX-2086939, exercise 5, test 5. Output file is: results.txt
./grade1stud1ex1test.sh: line 39: cd: /home/enrico/edata/tronci@di.uniroma1.it/enrico/teaching/EXAMS/software-engineering/cpp-grader/testdir/2025-06-12-XXX-2086939/5: Not a directory
rm: cannot remove 'main': No such file or directory
rm: cannot remove 'results.txt': No such file or directory
make: *** No targets specified and no makefile found.  Stop.
mv: cannot stat 'results.txt': No such file or directory
End run student 2025-06-12-XXX-2086939, exercise 5, test 5

Begin run  student 2025-06-12-XXX-2053287, exercise 5, test 5. Output file is: results.txt
rm: cannot remove 'main': No such file or directory
make: *** No targets specified and no makefile found.  Stop.
mv: cannot stat 'results.txt': No such file or directory
End run student 2025-06-12-XXX-2053287, exercise 5, test 5

Begin run  student 2025-06-12-XXX-270317, exercise 5, test 5. Output file is: results.txt
./grade1stud1ex1test.sh: line 39: cd: /home/enrico/edata/tronci@di.uniroma1.it/enrico/teaching/EXAMS/software-engineering/cpp-grader/testdir/2025-06-12-XXX-270317/5: Not a directory
rm: cannot remove 'main': No such file or directory
rm: cannot remove 'results.txt': No such file or directory
make: *** No targets specified and no makefile found.  Stop.
mv: cannot stat 'results.txt': No such file or directory
End run student 2025-06-12-XXX-270317, exercise 5, test 5

Begin run  student 2025-06-12-XXX-2046738, exercise 5, test 5. Output file is: results.txt
g++  -c -o main.o main.cpp -std=c++11 -I.  -lm 
g++  -o main main.o -std=c++11 -I.  -lm 
End run student 2025-06-12-XXX-2046738, exercise 5, test 5

Begin run  student 2025-06-12-XXX-2084581, exercise 5, test 5. Output file is: results.txt
rm: cannot remove 'main': No such file or directory
g++ -c -o Client.o Client.cpp -O2 -Werror -Wextra -Wpedantic -std=c++11 -I. -I.. -lm
g++ -c -o Dispatcher.o Dispatcher.cpp -O2 -Werror -Wextra -Wpedantic -std=c++11 -I. -I.. -lm
g++ -c -o main.o main.cpp -O2 -Werror -Wextra -Wpedantic -std=c++11 -I. -I.. -lm
g++ -c -o Server.o Server.cpp -O2 -Werror -Wextra -Wpedantic -std=c++11 -I. -I.. -lm
g++ -c -o System.o System.cpp -O2 -Werror -Wextra -Wpedantic -std=c++11 -I. -I.. -lm
g++ -o main Client.o Dispatcher.o main.o Server.o System.o -O2 -Werror -Wextra -Wpedantic -std=c++11 -I. -I.. -lm
End run student 2025-06-12-XXX-2084581, exercise 5, test 5

Begin run  student 2025-06-12-XXX-2054772, exercise 5, test 5. Output file is: results.txt
rm: cannot remove 'main': No such file or directory
rm: cannot remove 'results.txt': No such file or directory
g++ -c main.cpp -o main.o
g++ main.o -o main
End run student 2025-06-12-XXX-2054772, exercise 5, test 5

Begin run  student 2025-06-12-XXX-2043415, exercise 5, test 5. Output file is: results.txt
rm: cannot remove 'main': No such file or directory
rm: cannot remove 'results.txt': No such file or directory
make: *** No targets specified and no makefile found.  Stop.
mv: cannot stat 'results.txt': No such file or directory
End run student 2025-06-12-XXX-2043415, exercise 5, test 5

Begin run  student 2025-06-12-XXX-2043364, exercise 5, test 5. Output file is: results.txt
rm: cannot remove 'main': No such file or directory
rm: cannot remove 'results.txt': No such file or directory
g++ -lm -O3  -c main.cpp -o main.o
g++ -lm -O3  -c math.cpp -o math.o
g++ -lm -O3  main.o math.o -o main
End run student 2025-06-12-XXX-2043364, exercise 5, test 5

Begin run  student 2025-06-12-XXX-1894979, exercise 5, test 5. Output file is: results.txt
rm: cannot remove 'main': No such file or directory
g++ -c -o main.o main.cpp -std=c++11 -I.  -lm 
g++ -o main main.o -std=c++11 -I.  -lm 
End run student 2025-06-12-XXX-1894979, exercise 5, test 5

Begin run  student 2025-06-12-XXX-1938314, exercise 5, test 5. Output file is: results.txt
rm: cannot remove 'main': No such file or directory
rm: cannot remove 'results.txt': No such file or directory
make: *** No targets specified and no makefile found.  Stop.
mv: cannot stat 'results.txt': No such file or directory
End run student 2025-06-12-XXX-1938314, exercise 5, test 5

Begin run  student 2025-06-12-XXX-2080998, exercise 5, test 5. Output file is: results.txt
rm: cannot remove 'main': No such file or directory
rm: cannot remove 'results.txt': No such file or directory
make: *** No targets specified and no makefile found.  Stop.
mv: cannot stat 'results.txt': No such file or directory
End run student 2025-06-12-XXX-2080998, exercise 5, test 5

Begin run  student 2025-06-12-XXX-1994583, exercise 5, test 5. Output file is: results.txt
g++ -std=c++11 -O2 -Wall -c main.cpp -o main.o
g++ -std=c++11 -O2 -Wall main.o -lm -o main
End run student 2025-06-12-XXX-1994583, exercise 5, test 5

Begin run  student 2025-06-12-XXX-2025557, exercise 5, test 5. Output file is: results.txt
rm: cannot remove 'main': No such file or directory
g++ -std=c++11 -Wall -O2 -o main main.cpp
End run student 2025-06-12-XXX-2025557, exercise 5, test 5

Begin run  student 2025-06-12-XXX-2082332, exercise 5, test 5. Output file is: results.txt
rm: cannot remove 'main': No such file or directory
g++ -c -o main.o main.cpp -std=c++11 -I.  -lm 
g++ -o main main.o -std=c++11 -I.  -lm 
End run student 2025-06-12-XXX-2082332, exercise 5, test 5

Begin run  student 2025-06-12-XXX-1987495, exercise 5, test 5. Output file is: results.txt
g++ -c -o main.o main.cpp -std=c++11 -I.  -lm 
g++ -o main main.o -std=c++11 -I.  -lm 
End run student 2025-06-12-XXX-1987495, exercise 5, test 5

Begin run  student 2025-06-12-XXX-2009650, exercise 5, test 5. Output file is: results.txt
rm: cannot remove 'main': No such file or directory
g++ -std=c++11 -Wall -O2 -o main ex5.cpp
End run student 2025-06-12-XXX-2009650, exercise 5, test 5

Begin run  student 2025-06-12-XXX-2050553, exercise 5, test 5. Output file is: results.txt
cp: cannot stat '/home/enrico/edata/tronci@di.uniroma1.it/enrico/teaching/EXAMS/software-engineering/cpp-grader/submissions/2025-06-12-XXX-2050553': No such file or directory
cp: cannot create regular file '/home/enrico/edata/tronci@di.uniroma1.it/enrico/teaching/EXAMS/software-engineering/cpp-grader/testdir/2025-06-12-XXX-2050553/5': No such file or directory
./grade1stud1ex1test.sh: line 39: cd: /home/enrico/edata/tronci@di.uniroma1.it/enrico/teaching/EXAMS/software-engineering/cpp-grader/testdir/2025-06-12-XXX-2050553/5: No such file or directory
rm: cannot remove 'main': No such file or directory
rm: cannot remove 'results.txt': No such file or directory
make: *** No targets specified and no makefile found.  Stop.
mv: cannot stat 'results.txt': No such file or directory
End run student 2025-06-12-XXX-2050553, exercise 5, test 5

Begin run  student 2025-06-12-XXX-1984794, exercise 5, test 5. Output file is: results.txt
rm: cannot remove 'main': No such file or directory
rm: cannot remove 'results.txt': No such file or directory
g++ -Wall -Wextra -std=c++17 -O2 -o ottimizzatore_p main.cpp
main.cpp: In function ‘int main()’:
main.cpp:88:23: warning: ‘W’ is used uninitialized [-Wuninitialized]
   88 |     for (int w = 0; w < W; ++w) {
      |                     ~~^~~
main.cpp:74:12: note: ‘W’ was declared here
   74 |     int M, W, N, S, K;
      |            ^
mv: cannot stat 'results.txt': No such file or directory
End run student 2025-06-12-XXX-1984794, exercise 5, test 5

Begin run  student 2025-06-12-XXX-2087359, exercise 5, test 5. Output file is: results.txt
./grade1stud1ex1test.sh: line 39: cd: /home/enrico/edata/tronci@di.uniroma1.it/enrico/teaching/EXAMS/software-engineering/cpp-grader/testdir/2025-06-12-XXX-2087359/5: Not a directory
rm: cannot remove 'main': No such file or directory
rm: cannot remove 'results.txt': No such file or directory
make: *** No targets specified and no makefile found.  Stop.
mv: cannot stat 'results.txt': No such file or directory
End run student 2025-06-12-XXX-2087359, exercise 5, test 5

Begin run  student 2025-06-12-XXX-2068434, exercise 5, test 5. Output file is: results.txt
rm: cannot remove 'main': No such file or directory
g++  -c -o main.o main.cpp -std=c++11 -I. -lm
main.cpp: In function ‘double run_simulation(double, const Params&)’:
main.cpp:84:18: warning: structured bindings only available with ‘-std=c++17’ or ‘-std=gnu++17’ [-Wc++17-extensions]
   84 |             auto [srv, prod] = dispatcher_queue.front();
      |                  ^
g++  -o main main.o -std=c++11 -I. -lm
End run student 2025-06-12-XXX-2068434, exercise 5, test 5

Begin run  student 2025-06-12-XXX-1992615, exercise 5, test 5. Output file is: results.txt
rm: cannot remove 'main': No such file or directory
g++ -c -o main.o main.cpp -std=c++11 -I.  -lm 
main.cpp: In function ‘double simulazione_ex4(int, int, int, int, double, double, double, double, double, double, double, std::mt19937&)’:
main.cpp:51:26: warning: structured bindings only available with ‘-std=c++17’ or ‘-std=gnu++17’ [-Wc++17-extensions]
   51 |                     auto [arrive_time, product] = server_queues[s].front();
      |                          ^
g++ -o main main.o -std=c++11 -I.  -lm 
End run student 2025-06-12-XXX-1992615, exercise 5, test 5

Begin run  student 2025-06-12-XXX-2054343, exercise 5, test 5. Output file is: results.txt
g++  -c -o main.o main.cpp -std=c++11 -I. -lm
g++  -o main main.o -std=c++11 -I. -lm
End run student 2025-06-12-XXX-2054343, exercise 5, test 5

Begin run  student 2025-06-12-XXX-2014782, exercise 5, test 5. Output file is: results.txt
rm: cannot remove 'main': No such file or directory
g++ -c -o main.o main.cpp -std=c++11 -I.  -lm 
g++ -o main main.o -std=c++11 -I.  -lm 
End run student 2025-06-12-XXX-2014782, exercise 5, test 5

Begin run  student 2025-06-12-XXX-2034930, exercise 5, test 5. Output file is: results.txt
rm: cannot remove 'main': No such file or directory
rm: cannot remove 'results.txt': No such file or directory
g++ -lm -O3 -std=c++11 main.cpp -o main
In file included from Dispatcher.hpp:6,
                 from main.cpp:6:
../mocc/Queue.hpp:16:5: error: ‘deque’ does not name a type
   16 |     deque<T> queue;
      |     ^~~~~
../mocc/Queue.hpp: In member function ‘void Queue<T>::enqueue(T)’:
../mocc/Queue.hpp:24:26: error: ‘queue’ was not declared in this scope
   24 |         if (limit > 0 && queue.size() > limit)
      |                          ^~~~~
../mocc/Queue.hpp:1:1: note: ‘std::queue’ is defined in header ‘<queue>’; did you forget to ‘#include <queue>’?
  +++ |+#include <queue>
    1 | #ifndef QUEUE_HPP_
../mocc/Queue.hpp:27:9: error: ‘queue’ was not declared in this scope
   27 |         queue.push_back(value);
      |         ^~~~~
../mocc/Queue.hpp:27:9: note: ‘std::queue’ is defined in header ‘<queue>’; did you forget to ‘#include <queue>’?
../mocc/Queue.hpp: In member function ‘T Queue<T>::dequeue()’:
../mocc/Queue.hpp:32:14: error: ‘queue’ was not declared in this scope
   32 |         if (!queue.empty())
      |              ^~~~~
../mocc/Queue.hpp:32:14: note: ‘std::queue’ is defined in header ‘<queue>’; did you forget to ‘#include <queue>’?
../mocc/Queue.hpp: In member function ‘T Queue<T>::getFront()’:
../mocc/Queue.hpp:45:14: error: ‘queue’ was not declared in this scope
   45 |         if (!queue.empty())
      |              ^~~~~
../mocc/Queue.hpp:45:14: note: ‘std::queue’ is defined in header ‘<queue>’; did you forget to ‘#include <queue>’?
../mocc/Queue.hpp: In member function ‘bool Queue<T>::isEmpty()’:
../mocc/Queue.hpp:53:16: error: ‘queue’ was not declared in this scope
   53 |         return queue.empty();
      |                ^~~~~
../mocc/Queue.hpp:53:16: note: ‘std::queue’ is defined in header ‘<queue>’; did you forget to ‘#include <queue>’?
../mocc/Queue.hpp: In member function ‘void Queue<T>::reset()’:
../mocc/Queue.hpp:58:9: error: ‘queue’ was not declared in this scope
   58 |         queue = deque<T>(limit);
      |         ^~~~~
../mocc/Queue.hpp:58:9: note: ‘std::queue’ is defined in header ‘<queue>’; did you forget to ‘#include <queue>’?
../mocc/Queue.hpp:58:17: error: ‘deque’ was not declared in this scope
   58 |         queue = deque<T>(limit);
      |                 ^~~~~
../mocc/Queue.hpp:1:1: note: ‘std::deque’ is defined in header ‘<deque>’; did you forget to ‘#include <deque>’?
  +++ |+#include <deque>
    1 | #ifndef QUEUE_HPP_
../mocc/Queue.hpp:58:24: error: expected primary-expression before ‘>’ token
   58 |         queue = deque<T>(limit);
      |                        ^
make: *** [Makefile:11: main] Error 1
mv: cannot stat 'results.txt': No such file or directory
End run student 2025-06-12-XXX-2034930, exercise 5, test 5

Begin run  student 2025-06-12-XXX-2021689, exercise 5, test 5. Output file is: results.txt
./grade1stud1ex1test.sh: line 39: cd: /home/enrico/edata/tronci@di.uniroma1.it/enrico/teaching/EXAMS/software-engineering/cpp-grader/testdir/2025-06-12-XXX-2021689/5: Not a directory
rm: cannot remove 'main': No such file or directory
rm: cannot remove 'results.txt': No such file or directory
make: *** No targets specified and no makefile found.  Stop.
mv: cannot stat 'results.txt': No such file or directory
End run student 2025-06-12-XXX-2021689, exercise 5, test 5

Begin run  student 2025-06-12-XXX-1960045, exercise 5, test 5. Output file is: results.txt
rm: cannot remove 'main': No such file or directory
g++  -c -o main.o main.cpp -std=c++11 -I. -lm
g++  -o main main.o -std=c++11 -I. -lm
End run student 2025-06-12-XXX-1960045, exercise 5, test 5

Begin run  student 2025-06-12-XXX-2046790, exercise 5, test 5. Output file is: results.txt
./grade1stud1ex1test.sh: line 39: cd: /home/enrico/edata/tronci@di.uniroma1.it/enrico/teaching/EXAMS/software-engineering/cpp-grader/testdir/2025-06-12-XXX-2046790/5: Not a directory
rm: cannot remove 'main': No such file or directory
rm: cannot remove 'results.txt': No such file or directory
make: *** No targets specified and no makefile found.  Stop.
mv: cannot stat 'results.txt': No such file or directory
End run student 2025-06-12-XXX-2046790, exercise 5, test 5

Begin run  student 2025-06-12-XXX-2064472, exercise 5, test 5. Output file is: results.txt
rm: cannot remove 'main': No such file or directory
g++ main.cpp -o main
End run student 2025-06-12-XXX-2064472, exercise 5, test 5

