processing student 2025-01-09-Alessandro-Maisto-2083154 ex 3 test 1
Running student 2025-01-09-Alessandro-Maisto-2083154, exercise 3, test 1
rm: cannot remove 'main': No such file or directory
g++ -lm -O3 -c utils/Timer.cpp -o utils/Timer.o
In file included from utils/Timer.cpp:1:
utils/Timer.hpp:4:10: fatal error: publisher.hpp: No such file or directory
    4 | #include "publisher.hpp"
      |          ^~~~~~~~~~~~~~~
compilation terminated.
make: *** [Makefile:20: utils/Timer.o] Error 1
mv: cannot stat 'results.txt': No such file or directory
processing student 2025-01-09-Alessandro-Pizzuco-2084379 ex 3 test 1
Running student 2025-01-09-Alessandro-Pizzuco-2084379, exercise 3, test 1
g++ -c -o monitor.o monitor.cpp -std=c++11 -g -I.  -lm 
g++ -c -o betterFiFo.o betterFiFo.cpp -std=c++11 -g -I.  -lm 
g++ -c -o mdp.o mdp.cpp -std=c++11 -g -I.  -lm 
g++ -c -o betterdtmc.o betterdtmc.cpp -std=c++11 -g -I.  -lm 
g++ -c -o randgen.o randgen.cpp -std=c++11 -g -I.  -lm 
g++ -c -o globals.o globals.cpp -std=c++11 -g -I.  -lm 
g++ -c -o main.o main.cpp -std=c++11 -g -I.  -lm 
g++ -o main monitor.o betterFiFo.o mdp.o betterdtmc.o randgen.o globals.o main.o -std=c++11 -g -I.  -lm  -g
processing student 2025-01-09-Antonio-Pio-Monaco-2050059 ex 3 test 1
Running student 2025-01-09-Antonio-Pio-Monaco-2050059, exercise 3, test 1
rm: cannot remove 'main': No such file or directory
g++ -lm -O3 -c utilityv2/simulator.cpp -o utilityv2/simulator.o
g++ -lm -O3 -c utilityv2/component.cpp -o utilityv2/component.o
g++ -lm -O3 -c utilityv2/system.cpp -o utilityv2/system.o
g++ -lm -O3 -c utilityv2/globals.cpp -o utilityv2/globals.o
g++ -lm -O3 -c EcommerceSystem.cpp -o EcommerceSystem.o
In file included from EcommerceSystem.cpp:1:
EcommerceSystem.h:5:10: fatal error: Customer.h: No such file or directory
    5 | #include "Customer.h"
      |          ^~~~~~~~~~~~
compilation terminated.
make: *** [Makefile:20: EcommerceSystem.o] Error 1
processing student 2025-01-09-daniele-verde-2066523 ex 3 test 1
Running student 2025-01-09-daniele-verde-2066523, exercise 3, test 1
g++ -c -o monitor.o monitor.cpp -std=c++11 -I.  -lm 
monitor.cpp: In member function ‘virtual void Monitor::next()’:
monitor.cpp:39:31: warning: format ‘%d’ expects argument of type ‘int’, but argument 3 has type ‘double’ [-Wformat=]
   39 |    printf("\nProva i: %f, tt %d\n", x[xmedia], x[xdev]);
      |                              ~^                ~~~~~~~
      |                               |                      |
      |                               int                    double
      |                              %f
g++ -c -o simulator.o simulator.cpp -std=c++11 -I.  -lm 
g++ -c -o dtmc.o dtmc.cpp -std=c++11 -I.  -lm 
g++ -c -o virtual-dtmc.o virtual-dtmc.cpp -std=c++11 -I.  -lm 
g++ -c -o global.o global.cpp -std=c++11 -I.  -lm 
g++ -c -o system.o system.cpp -std=c++11 -I.  -lm 
g++ -c -o customer.o customer.cpp -std=c++11 -I.  -lm 
g++ -c -o main.o main.cpp -std=c++11 -I.  -lm 
main.cpp: In function ‘int main()’:
main.cpp:34:15: error: ‘strcmp’ was not declared in this scope
   34 |           if (strcmp(str, "Avg") == 0) {
      |               ^~~~~~
main.cpp:4:1: note: ‘strcmp’ is defined in header ‘<cstring>’; did you forget to ‘#include <cstring>’?
    3 | #include "main.h"
  +++ |+#include <cstring>
    4 | 
make: *** [Makefile:12: main.o] Error 1
mv: cannot stat 'results.txt': No such file or directory
processing student 2025-01-09-Davide-Crivellini-2059337 ex 3 test 1
Running student 2025-01-09-Davide-Crivellini-2059337, exercise 3, test 1
g++ -c -o monitor.o monitor.cpp -std=c++11 -I.  -lm 
g++ -c -o customer.o customer.cpp -std=c++11 -I.  -lm 
g++ -c -o parameters.o parameters.cpp -std=c++11 -I.  -lm 
g++ -c -o main.o main.cpp -std=c++11 -I.  -lm 
g++ -o main monitor.o customer.o parameters.o main.o -std=c++11 -I.  -lm 
mv: cannot stat 'results.txt': No such file or directory
processing student 2025-01-09-Eva-Evangelisti-2066788 ex 3 test 1
Running student 2025-01-09-Eva-Evangelisti-2066788, exercise 3, test 1
g++ -I./inc -Wall -std=c++17 -c src/monitor.cpp -o obj/monitor.o
src/monitor.cpp: In member function ‘void Monitor::calculate(double&, double&)’:
src/monitor.cpp:24:20: error: ‘sqrt’ is not a member of ‘std’
   24 |     std_dev = std::sqrt(variance / request_times.size());
      |                    ^~~~
make: *** [Makefile:33: obj/monitor.o] Error 1
mv: cannot stat 'results.txt': No such file or directory
processing student 2025-01-09-Gabriele-Pelissetto-2045067 ex 3 test 1
Running student 2025-01-09-Gabriele-Pelissetto-2045067, exercise 3, test 1
 CXX    clk.cpp
clk.cpp: In function ‘void freeclk()’:
clk.cpp:11:5: warning: deleting object of polymorphic class type ‘lib::Clock’ which has non-virtual destructor might cause undefined behavior [-Wdelete-non-virtual-dtor]
   11 |     delete c;
      |     ^~~~~~~~
In file included from clk.cpp:4:
defs.hpp: At global scope:
defs.hpp:9:15: warning: ‘HORIZON’ defined but not used [-Wunused-variable]
    9 | static double HORIZON = 1e6;
      |               ^~~~~~~
 CXX    main.cpp
In file included from lib/lib.hpp:17,
                 from clk.hpp:3,
                 from glb.hpp:3,
                 from main.cpp:5:
lib/metaprogramming.hpp: In instantiation of ‘void next_call(Args&& ...) [with Args = {lib::Clock&, lib::Fifo<Messaggio>&, Customer&}]’:
system.hpp:44:26:   required from here
lib/metaprogramming.hpp:65:9: warning: unused variable ‘a’ [-Wunused-variable]
   65 |     int a[] = {(method_name##_single(std::forward<Args>(args)), 0)...};                            \
      |         ^
lib/metaprogramming.hpp:71:1: note: in expansion of macro ‘DEFINE_COLLECTIVE_CALL’
   71 | DEFINE_COLLECTIVE_CALL(next)
      | ^~~~~~~~~~~~~~~~~~~~~~
 CXX    lib/alarm.cpp
 CXX    lib/averager.cpp
 CXX    lib/clock.cpp
 CXX    lib/csv_loggable.cpp
 CXX    lib/DTMC.cpp
 CXX    lib/FIFO.cpp
 CXX    lib/global.cpp
 CXX    lib/printing.cpp
 CXX    lib/range.cpp
 CXX    lib/simulator.cpp
 CXX    lib/stopwatch.cpp
g++ -o main clk.o main.o lib/alarm.o lib/averager.o lib/clock.o lib/csv_loggable.o lib/DTMC.o lib/FIFO.o lib/global.o lib/printing.o lib/range.o lib/simulator.o lib/stopwatch.o
processing student 2025-01-09-Giulia-Pietrangeli-2057291 ex 3 test 1
Running student 2025-01-09-Giulia-Pietrangeli-2057291, exercise 3, test 1
rm: cannot remove 'main': No such file or directory
g++ -Wall -Wextra -std=c++11 -o main main.cpp  
processing student 2025-01-09-Ionut-Cicio-2048752 ex 3 test 1
Running student 2025-01-09-Ionut-Cicio-2048752, exercise 3, test 1
rm: cannot remove 'main': No such file or directory
g++ -lm -O3  -c mocc/stat.cpp -o mocc/stat.o
g++ -lm -O3  -c mocc/time.cpp -o mocc/time.o
g++ -lm -O3  -c main.cpp -o main.o
g++ -lm -O3  mocc/stat.o mocc/time.o main.o -o main
processing student 2025-01-09-Lorenzo-Musso-2049518 ex 3 test 1
Running student 2025-01-09-Lorenzo-Musso-2049518, exercise 3, test 1
rm: cannot remove 'main': No such file or directory
g++ -Wall -Wextra -std=c++11 -o main main.cpp
main.cpp:15:58: error: return type ‘class std::tuple<double, double>’ is incomplete
   15 | tuple<double, double> devStdMedia (vector<double> &vector) {
      |                                                          ^
main.cpp: In function ‘int main()’:
main.cpp:69:10: error: deduced type ‘void’ for ‘result’ is incomplete
   69 |     auto result = devStdMedia(tempi_richieste);
      |          ^~~~~~
make: *** [Makefile:14: main] Error 1
processing student 2025-01-09-Luca-Micarelli-2061752 ex 3 test 1
Running student 2025-01-09-Luca-Micarelli-2061752, exercise 3, test 1
rm -f main
g++ -std=c++11 -o main main.cpp
processing student 2025-01-09-Luca-Sforza-2050030 ex 3 test 1
Running student 2025-01-09-Luca-Sforza-2050030, exercise 3, test 1
mkdir -p build
g++ -O3 -Wall -Wextra -pedantic -I ./include/ -std=c++17 -lm main.cpp -o ./main
processing student 2025-01-09-Marco-Basanisi-1994583 ex 3 test 1
Running student 2025-01-09-Marco-Basanisi-1994583, exercise 3, test 1
rm: cannot remove 'main': No such file or directory
make: *** No targets specified and no makefile found.  Stop.
processing student 2025-01-09-Min-Sun-1884161 ex 3 test 1
Running student 2025-01-09-Min-Sun-1884161, exercise 3, test 1
rm: cannot remove 'main': No such file or directory
g++ -std=c++11 -Wall main.cpp -o main
processing student 2025-01-09-Riccardo-Paris-2046991 ex 3 test 1
Running student 2025-01-09-Riccardo-Paris-2046991, exercise 3, test 1
g++ -c -o global.o global.cpp -std=c++11 -I.  -lm 
g++ -c -o class.o class.cpp -std=c++11 -I.  -lm 
g++ -c -o main.o main.cpp -std=c++11 -I.  -lm 
g++ -o main global.o class.o main.o -std=c++11 -I.  -lm 
processing student 2025-01-09-RideewitageLachithaSangeeth-Perera-2042904 ex 3 test 1
Running student 2025-01-09-RideewitageLachithaSangeeth-Perera-2042904, exercise 3, test 1
rm: cannot remove 'main': No such file or directory
g++ -c -o monitor.o monitor.cpp -std=c++11 -I.  -lm 
g++ -c -o simulator.o simulator.cpp -std=c++11 -I.  -lm 
g++ -c -o customer.o customer.cpp -std=c++11 -I.  -lm 
customer.cpp: In member function ‘void Customer::init(FILE*)’:
customer.cpp:18:19: error: ‘strtok’ was not declared in this scope; did you mean ‘strtoq’?
   18 |     char* token = strtok(buffer, " ");
      |                   ^~~~~~
      |                   strtoq
make: *** [Makefile:11: customer.o] Error 1
processing student 2025-01-09-Rocco-Tormenta-2052530 ex 3 test 1
Running student 2025-01-09-Rocco-Tormenta-2052530, exercise 3, test 1
mkdir -p build
g++ -c -o build/monitor.o monitor.cpp -lm -g -O3 -std=c++11 -I../../
g++ -c -o build/stats.o stats.cpp -lm -g -O3 -std=c++11 -I../../
g++ -c -o build/customer.o customer.cpp -lm -g -O3 -std=c++11 -I../../
g++ -c -o build/main.o main.cpp -lm -g -O3 -std=c++11 -I../../
g++ -c -o build/selib_monitor.o selib_monitor.cpp -lm -g -O3 -std=c++11 -I../../
g++ -o main build/monitor.o build/stats.o build/customer.o build/main.o build/selib_monitor.o -lm -g -O3 -std=c++11 -I../../
processing student 2025-MATTIA-PRISCO-2046234 ex 3 test 1
Running student 2025-MATTIA-PRISCO-2046234, exercise 3, test 1
g++ -c -o monitor.o monitor.cpp -std=c++11 -I.  -lm 
g++ -c -o simulate.o simulate.cpp -std=c++11 -I.  -lm 
g++ -c -o customer.o customer.cpp -std=c++11 -I.  -lm 
g++ -o main monitor.o simulate.o customer.o -std=c++11 -I.  -lm 
mv: cannot stat 'results.txt': No such file or directory
processing student 2025-01-09-Alessandro-Maisto-2083154 ex 3 test 2
Running student 2025-01-09-Alessandro-Maisto-2083154, exercise 3, test 2
rm: cannot remove 'main': No such file or directory
g++ -lm -O3 -c utils/Timer.cpp -o utils/Timer.o
In file included from utils/Timer.cpp:1:
utils/Timer.hpp:4:10: fatal error: publisher.hpp: No such file or directory
    4 | #include "publisher.hpp"
      |          ^~~~~~~~~~~~~~~
compilation terminated.
make: *** [Makefile:20: utils/Timer.o] Error 1
mv: cannot stat 'results.txt': No such file or directory
processing student 2025-01-09-Alessandro-Pizzuco-2084379 ex 3 test 2
Running student 2025-01-09-Alessandro-Pizzuco-2084379, exercise 3, test 2
g++ -c -o monitor.o monitor.cpp -std=c++11 -g -I.  -lm 
g++ -c -o betterFiFo.o betterFiFo.cpp -std=c++11 -g -I.  -lm 
g++ -c -o mdp.o mdp.cpp -std=c++11 -g -I.  -lm 
g++ -c -o betterdtmc.o betterdtmc.cpp -std=c++11 -g -I.  -lm 
g++ -c -o randgen.o randgen.cpp -std=c++11 -g -I.  -lm 
g++ -c -o globals.o globals.cpp -std=c++11 -g -I.  -lm 
g++ -c -o main.o main.cpp -std=c++11 -g -I.  -lm 
g++ -o main monitor.o betterFiFo.o mdp.o betterdtmc.o randgen.o globals.o main.o -std=c++11 -g -I.  -lm  -g
processing student 2025-01-09-Antonio-Pio-Monaco-2050059 ex 3 test 2
Running student 2025-01-09-Antonio-Pio-Monaco-2050059, exercise 3, test 2
rm: cannot remove 'main': No such file or directory
g++ -lm -O3 -c utilityv2/simulator.cpp -o utilityv2/simulator.o
g++ -lm -O3 -c utilityv2/component.cpp -o utilityv2/component.o
g++ -lm -O3 -c utilityv2/system.cpp -o utilityv2/system.o
g++ -lm -O3 -c utilityv2/globals.cpp -o utilityv2/globals.o
g++ -lm -O3 -c EcommerceSystem.cpp -o EcommerceSystem.o
In file included from EcommerceSystem.cpp:1:
EcommerceSystem.h:5:10: fatal error: Customer.h: No such file or directory
    5 | #include "Customer.h"
      |          ^~~~~~~~~~~~
compilation terminated.
make: *** [Makefile:20: EcommerceSystem.o] Error 1
processing student 2025-01-09-daniele-verde-2066523 ex 3 test 2
Running student 2025-01-09-daniele-verde-2066523, exercise 3, test 2
g++ -c -o monitor.o monitor.cpp -std=c++11 -I.  -lm 
monitor.cpp: In member function ‘virtual void Monitor::next()’:
monitor.cpp:39:31: warning: format ‘%d’ expects argument of type ‘int’, but argument 3 has type ‘double’ [-Wformat=]
   39 |    printf("\nProva i: %f, tt %d\n", x[xmedia], x[xdev]);
      |                              ~^                ~~~~~~~
      |                               |                      |
      |                               int                    double
      |                              %f
g++ -c -o simulator.o simulator.cpp -std=c++11 -I.  -lm 
g++ -c -o dtmc.o dtmc.cpp -std=c++11 -I.  -lm 
g++ -c -o virtual-dtmc.o virtual-dtmc.cpp -std=c++11 -I.  -lm 
g++ -c -o global.o global.cpp -std=c++11 -I.  -lm 
g++ -c -o system.o system.cpp -std=c++11 -I.  -lm 
g++ -c -o customer.o customer.cpp -std=c++11 -I.  -lm 
g++ -c -o main.o main.cpp -std=c++11 -I.  -lm 
main.cpp: In function ‘int main()’:
main.cpp:34:15: error: ‘strcmp’ was not declared in this scope
   34 |           if (strcmp(str, "Avg") == 0) {
      |               ^~~~~~
main.cpp:4:1: note: ‘strcmp’ is defined in header ‘<cstring>’; did you forget to ‘#include <cstring>’?
    3 | #include "main.h"
  +++ |+#include <cstring>
    4 | 
make: *** [Makefile:12: main.o] Error 1
mv: cannot stat 'results.txt': No such file or directory
processing student 2025-01-09-Davide-Crivellini-2059337 ex 3 test 2
Running student 2025-01-09-Davide-Crivellini-2059337, exercise 3, test 2
g++ -c -o monitor.o monitor.cpp -std=c++11 -I.  -lm 
g++ -c -o customer.o customer.cpp -std=c++11 -I.  -lm 
g++ -c -o parameters.o parameters.cpp -std=c++11 -I.  -lm 
g++ -c -o main.o main.cpp -std=c++11 -I.  -lm 
g++ -o main monitor.o customer.o parameters.o main.o -std=c++11 -I.  -lm 
mv: cannot stat 'results.txt': No such file or directory
processing student 2025-01-09-Eva-Evangelisti-2066788 ex 3 test 2
Running student 2025-01-09-Eva-Evangelisti-2066788, exercise 3, test 2
g++ -I./inc -Wall -std=c++17 -c src/monitor.cpp -o obj/monitor.o
src/monitor.cpp: In member function ‘void Monitor::calculate(double&, double&)’:
src/monitor.cpp:24:20: error: ‘sqrt’ is not a member of ‘std’
   24 |     std_dev = std::sqrt(variance / request_times.size());
      |                    ^~~~
make: *** [Makefile:33: obj/monitor.o] Error 1
mv: cannot stat 'results.txt': No such file or directory
processing student 2025-01-09-Gabriele-Pelissetto-2045067 ex 3 test 2
Running student 2025-01-09-Gabriele-Pelissetto-2045067, exercise 3, test 2
 CXX    clk.cpp
clk.cpp: In function ‘void freeclk()’:
clk.cpp:11:5: warning: deleting object of polymorphic class type ‘lib::Clock’ which has non-virtual destructor might cause undefined behavior [-Wdelete-non-virtual-dtor]
   11 |     delete c;
      |     ^~~~~~~~
In file included from clk.cpp:4:
defs.hpp: At global scope:
defs.hpp:9:15: warning: ‘HORIZON’ defined but not used [-Wunused-variable]
    9 | static double HORIZON = 1e6;
      |               ^~~~~~~
 CXX    main.cpp
In file included from lib/lib.hpp:17,
                 from clk.hpp:3,
                 from glb.hpp:3,
                 from main.cpp:5:
lib/metaprogramming.hpp: In instantiation of ‘void next_call(Args&& ...) [with Args = {lib::Clock&, lib::Fifo<Messaggio>&, Customer&}]’:
system.hpp:44:26:   required from here
lib/metaprogramming.hpp:65:9: warning: unused variable ‘a’ [-Wunused-variable]
   65 |     int a[] = {(method_name##_single(std::forward<Args>(args)), 0)...};                            \
      |         ^
lib/metaprogramming.hpp:71:1: note: in expansion of macro ‘DEFINE_COLLECTIVE_CALL’
   71 | DEFINE_COLLECTIVE_CALL(next)
      | ^~~~~~~~~~~~~~~~~~~~~~
 CXX    lib/alarm.cpp
 CXX    lib/averager.cpp
 CXX    lib/clock.cpp
 CXX    lib/csv_loggable.cpp
 CXX    lib/DTMC.cpp
 CXX    lib/FIFO.cpp
 CXX    lib/global.cpp
 CXX    lib/printing.cpp
 CXX    lib/range.cpp
 CXX    lib/simulator.cpp
 CXX    lib/stopwatch.cpp
g++ -o main clk.o main.o lib/alarm.o lib/averager.o lib/clock.o lib/csv_loggable.o lib/DTMC.o lib/FIFO.o lib/global.o lib/printing.o lib/range.o lib/simulator.o lib/stopwatch.o
processing student 2025-01-09-Giulia-Pietrangeli-2057291 ex 3 test 2
Running student 2025-01-09-Giulia-Pietrangeli-2057291, exercise 3, test 2
rm: cannot remove 'main': No such file or directory
g++ -Wall -Wextra -std=c++11 -o main main.cpp  
processing student 2025-01-09-Ionut-Cicio-2048752 ex 3 test 2
Running student 2025-01-09-Ionut-Cicio-2048752, exercise 3, test 2
rm: cannot remove 'main': No such file or directory
g++ -lm -O3  -c mocc/stat.cpp -o mocc/stat.o
g++ -lm -O3  -c mocc/time.cpp -o mocc/time.o
g++ -lm -O3  -c main.cpp -o main.o
g++ -lm -O3  mocc/stat.o mocc/time.o main.o -o main
processing student 2025-01-09-Lorenzo-Musso-2049518 ex 3 test 2
Running student 2025-01-09-Lorenzo-Musso-2049518, exercise 3, test 2
rm: cannot remove 'main': No such file or directory
g++ -Wall -Wextra -std=c++11 -o main main.cpp
main.cpp:15:58: error: return type ‘class std::tuple<double, double>’ is incomplete
   15 | tuple<double, double> devStdMedia (vector<double> &vector) {
      |                                                          ^
main.cpp: In function ‘int main()’:
main.cpp:69:10: error: deduced type ‘void’ for ‘result’ is incomplete
   69 |     auto result = devStdMedia(tempi_richieste);
      |          ^~~~~~
make: *** [Makefile:14: main] Error 1
processing student 2025-01-09-Luca-Micarelli-2061752 ex 3 test 2
Running student 2025-01-09-Luca-Micarelli-2061752, exercise 3, test 2
rm -f main
g++ -std=c++11 -o main main.cpp
processing student 2025-01-09-Luca-Sforza-2050030 ex 3 test 2
Running student 2025-01-09-Luca-Sforza-2050030, exercise 3, test 2
mkdir -p build
g++ -O3 -Wall -Wextra -pedantic -I ./include/ -std=c++17 -lm main.cpp -o ./main
processing student 2025-01-09-Marco-Basanisi-1994583 ex 3 test 2
Running student 2025-01-09-Marco-Basanisi-1994583, exercise 3, test 2
rm: cannot remove 'main': No such file or directory
make: *** No targets specified and no makefile found.  Stop.
processing student 2025-01-09-Min-Sun-1884161 ex 3 test 2
Running student 2025-01-09-Min-Sun-1884161, exercise 3, test 2
rm: cannot remove 'main': No such file or directory
g++ -std=c++11 -Wall main.cpp -o main
processing student 2025-01-09-Riccardo-Paris-2046991 ex 3 test 2
Running student 2025-01-09-Riccardo-Paris-2046991, exercise 3, test 2
g++ -c -o global.o global.cpp -std=c++11 -I.  -lm 
g++ -c -o class.o class.cpp -std=c++11 -I.  -lm 
g++ -c -o main.o main.cpp -std=c++11 -I.  -lm 
g++ -o main global.o class.o main.o -std=c++11 -I.  -lm 
processing student 2025-01-09-RideewitageLachithaSangeeth-Perera-2042904 ex 3 test 2
Running student 2025-01-09-RideewitageLachithaSangeeth-Perera-2042904, exercise 3, test 2
rm: cannot remove 'main': No such file or directory
g++ -c -o monitor.o monitor.cpp -std=c++11 -I.  -lm 
g++ -c -o simulator.o simulator.cpp -std=c++11 -I.  -lm 
g++ -c -o customer.o customer.cpp -std=c++11 -I.  -lm 
customer.cpp: In member function ‘void Customer::init(FILE*)’:
customer.cpp:18:19: error: ‘strtok’ was not declared in this scope; did you mean ‘strtoq’?
   18 |     char* token = strtok(buffer, " ");
      |                   ^~~~~~
      |                   strtoq
make: *** [Makefile:11: customer.o] Error 1
processing student 2025-01-09-Rocco-Tormenta-2052530 ex 3 test 2
Running student 2025-01-09-Rocco-Tormenta-2052530, exercise 3, test 2
mkdir -p build
g++ -c -o build/monitor.o monitor.cpp -lm -g -O3 -std=c++11 -I../../
g++ -c -o build/stats.o stats.cpp -lm -g -O3 -std=c++11 -I../../
g++ -c -o build/customer.o customer.cpp -lm -g -O3 -std=c++11 -I../../
g++ -c -o build/main.o main.cpp -lm -g -O3 -std=c++11 -I../../
g++ -c -o build/selib_monitor.o selib_monitor.cpp -lm -g -O3 -std=c++11 -I../../
g++ -o main build/monitor.o build/stats.o build/customer.o build/main.o build/selib_monitor.o -lm -g -O3 -std=c++11 -I../../
processing student 2025-MATTIA-PRISCO-2046234 ex 3 test 2
Running student 2025-MATTIA-PRISCO-2046234, exercise 3, test 2
g++ -c -o monitor.o monitor.cpp -std=c++11 -I.  -lm 
g++ -c -o simulate.o simulate.cpp -std=c++11 -I.  -lm 
g++ -c -o customer.o customer.cpp -std=c++11 -I.  -lm 
g++ -o main monitor.o simulate.o customer.o -std=c++11 -I.  -lm 
mv: cannot stat 'results.txt': No such file or directory
processing student 2025-01-09-Alessandro-Maisto-2083154 ex 3 test 3
Running student 2025-01-09-Alessandro-Maisto-2083154, exercise 3, test 3
rm: cannot remove 'main': No such file or directory
g++ -lm -O3 -c utils/Timer.cpp -o utils/Timer.o
In file included from utils/Timer.cpp:1:
utils/Timer.hpp:4:10: fatal error: publisher.hpp: No such file or directory
    4 | #include "publisher.hpp"
      |          ^~~~~~~~~~~~~~~
compilation terminated.
make: *** [Makefile:20: utils/Timer.o] Error 1
mv: cannot stat 'results.txt': No such file or directory
processing student 2025-01-09-Alessandro-Pizzuco-2084379 ex 3 test 3
Running student 2025-01-09-Alessandro-Pizzuco-2084379, exercise 3, test 3
g++ -c -o monitor.o monitor.cpp -std=c++11 -g -I.  -lm 
g++ -c -o betterFiFo.o betterFiFo.cpp -std=c++11 -g -I.  -lm 
g++ -c -o mdp.o mdp.cpp -std=c++11 -g -I.  -lm 
g++ -c -o betterdtmc.o betterdtmc.cpp -std=c++11 -g -I.  -lm 
g++ -c -o randgen.o randgen.cpp -std=c++11 -g -I.  -lm 
g++ -c -o globals.o globals.cpp -std=c++11 -g -I.  -lm 
g++ -c -o main.o main.cpp -std=c++11 -g -I.  -lm 
g++ -o main monitor.o betterFiFo.o mdp.o betterdtmc.o randgen.o globals.o main.o -std=c++11 -g -I.  -lm  -g
processing student 2025-01-09-Antonio-Pio-Monaco-2050059 ex 3 test 3
Running student 2025-01-09-Antonio-Pio-Monaco-2050059, exercise 3, test 3
rm: cannot remove 'main': No such file or directory
g++ -lm -O3 -c utilityv2/simulator.cpp -o utilityv2/simulator.o
g++ -lm -O3 -c utilityv2/component.cpp -o utilityv2/component.o
g++ -lm -O3 -c utilityv2/system.cpp -o utilityv2/system.o
g++ -lm -O3 -c utilityv2/globals.cpp -o utilityv2/globals.o
g++ -lm -O3 -c EcommerceSystem.cpp -o EcommerceSystem.o
In file included from EcommerceSystem.cpp:1:
EcommerceSystem.h:5:10: fatal error: Customer.h: No such file or directory
    5 | #include "Customer.h"
      |          ^~~~~~~~~~~~
compilation terminated.
make: *** [Makefile:20: EcommerceSystem.o] Error 1
processing student 2025-01-09-daniele-verde-2066523 ex 3 test 3
Running student 2025-01-09-daniele-verde-2066523, exercise 3, test 3
g++ -c -o monitor.o monitor.cpp -std=c++11 -I.  -lm 
monitor.cpp: In member function ‘virtual void Monitor::next()’:
monitor.cpp:39:31: warning: format ‘%d’ expects argument of type ‘int’, but argument 3 has type ‘double’ [-Wformat=]
   39 |    printf("\nProva i: %f, tt %d\n", x[xmedia], x[xdev]);
      |                              ~^                ~~~~~~~
      |                               |                      |
      |                               int                    double
      |                              %f
g++ -c -o simulator.o simulator.cpp -std=c++11 -I.  -lm 
g++ -c -o dtmc.o dtmc.cpp -std=c++11 -I.  -lm 
g++ -c -o virtual-dtmc.o virtual-dtmc.cpp -std=c++11 -I.  -lm 
g++ -c -o global.o global.cpp -std=c++11 -I.  -lm 
g++ -c -o system.o system.cpp -std=c++11 -I.  -lm 
g++ -c -o customer.o customer.cpp -std=c++11 -I.  -lm 
g++ -c -o main.o main.cpp -std=c++11 -I.  -lm 
main.cpp: In function ‘int main()’:
main.cpp:34:15: error: ‘strcmp’ was not declared in this scope
   34 |           if (strcmp(str, "Avg") == 0) {
      |               ^~~~~~
main.cpp:4:1: note: ‘strcmp’ is defined in header ‘<cstring>’; did you forget to ‘#include <cstring>’?
    3 | #include "main.h"
  +++ |+#include <cstring>
    4 | 
make: *** [Makefile:12: main.o] Error 1
mv: cannot stat 'results.txt': No such file or directory
processing student 2025-01-09-Davide-Crivellini-2059337 ex 3 test 3
Running student 2025-01-09-Davide-Crivellini-2059337, exercise 3, test 3
g++ -c -o monitor.o monitor.cpp -std=c++11 -I.  -lm 
g++ -c -o customer.o customer.cpp -std=c++11 -I.  -lm 
g++ -c -o parameters.o parameters.cpp -std=c++11 -I.  -lm 
g++ -c -o main.o main.cpp -std=c++11 -I.  -lm 
g++ -o main monitor.o customer.o parameters.o main.o -std=c++11 -I.  -lm 
mv: cannot stat 'results.txt': No such file or directory
processing student 2025-01-09-Eva-Evangelisti-2066788 ex 3 test 3
Running student 2025-01-09-Eva-Evangelisti-2066788, exercise 3, test 3
g++ -I./inc -Wall -std=c++17 -c src/monitor.cpp -o obj/monitor.o
src/monitor.cpp: In member function ‘void Monitor::calculate(double&, double&)’:
src/monitor.cpp:24:20: error: ‘sqrt’ is not a member of ‘std’
   24 |     std_dev = std::sqrt(variance / request_times.size());
      |                    ^~~~
make: *** [Makefile:33: obj/monitor.o] Error 1
mv: cannot stat 'results.txt': No such file or directory
processing student 2025-01-09-Gabriele-Pelissetto-2045067 ex 3 test 3
Running student 2025-01-09-Gabriele-Pelissetto-2045067, exercise 3, test 3
 CXX    clk.cpp
clk.cpp: In function ‘void freeclk()’:
clk.cpp:11:5: warning: deleting object of polymorphic class type ‘lib::Clock’ which has non-virtual destructor might cause undefined behavior [-Wdelete-non-virtual-dtor]
   11 |     delete c;
      |     ^~~~~~~~
In file included from clk.cpp:4:
defs.hpp: At global scope:
defs.hpp:9:15: warning: ‘HORIZON’ defined but not used [-Wunused-variable]
    9 | static double HORIZON = 1e6;
      |               ^~~~~~~
 CXX    main.cpp
In file included from lib/lib.hpp:17,
                 from clk.hpp:3,
                 from glb.hpp:3,
                 from main.cpp:5:
lib/metaprogramming.hpp: In instantiation of ‘void next_call(Args&& ...) [with Args = {lib::Clock&, lib::Fifo<Messaggio>&, Customer&}]’:
system.hpp:44:26:   required from here
lib/metaprogramming.hpp:65:9: warning: unused variable ‘a’ [-Wunused-variable]
   65 |     int a[] = {(method_name##_single(std::forward<Args>(args)), 0)...};                            \
      |         ^
lib/metaprogramming.hpp:71:1: note: in expansion of macro ‘DEFINE_COLLECTIVE_CALL’
   71 | DEFINE_COLLECTIVE_CALL(next)
      | ^~~~~~~~~~~~~~~~~~~~~~
 CXX    lib/alarm.cpp
 CXX    lib/averager.cpp
 CXX    lib/clock.cpp
 CXX    lib/csv_loggable.cpp
 CXX    lib/DTMC.cpp
 CXX    lib/FIFO.cpp
 CXX    lib/global.cpp
 CXX    lib/printing.cpp
 CXX    lib/range.cpp
 CXX    lib/simulator.cpp
 CXX    lib/stopwatch.cpp
g++ -o main clk.o main.o lib/alarm.o lib/averager.o lib/clock.o lib/csv_loggable.o lib/DTMC.o lib/FIFO.o lib/global.o lib/printing.o lib/range.o lib/simulator.o lib/stopwatch.o
processing student 2025-01-09-Giulia-Pietrangeli-2057291 ex 3 test 3
Running student 2025-01-09-Giulia-Pietrangeli-2057291, exercise 3, test 3
rm: cannot remove 'main': No such file or directory
g++ -Wall -Wextra -std=c++11 -o main main.cpp  
processing student 2025-01-09-Ionut-Cicio-2048752 ex 3 test 3
Running student 2025-01-09-Ionut-Cicio-2048752, exercise 3, test 3
rm: cannot remove 'main': No such file or directory
g++ -lm -O3  -c mocc/stat.cpp -o mocc/stat.o
g++ -lm -O3  -c mocc/time.cpp -o mocc/time.o
g++ -lm -O3  -c main.cpp -o main.o
g++ -lm -O3  mocc/stat.o mocc/time.o main.o -o main
processing student 2025-01-09-Lorenzo-Musso-2049518 ex 3 test 3
Running student 2025-01-09-Lorenzo-Musso-2049518, exercise 3, test 3
rm: cannot remove 'main': No such file or directory
g++ -Wall -Wextra -std=c++11 -o main main.cpp
main.cpp:15:58: error: return type ‘class std::tuple<double, double>’ is incomplete
   15 | tuple<double, double> devStdMedia (vector<double> &vector) {
      |                                                          ^
main.cpp: In function ‘int main()’:
main.cpp:69:10: error: deduced type ‘void’ for ‘result’ is incomplete
   69 |     auto result = devStdMedia(tempi_richieste);
      |          ^~~~~~
make: *** [Makefile:14: main] Error 1
processing student 2025-01-09-Luca-Micarelli-2061752 ex 3 test 3
Running student 2025-01-09-Luca-Micarelli-2061752, exercise 3, test 3
rm -f main
g++ -std=c++11 -o main main.cpp
processing student 2025-01-09-Luca-Sforza-2050030 ex 3 test 3
Running student 2025-01-09-Luca-Sforza-2050030, exercise 3, test 3
mkdir -p build
g++ -O3 -Wall -Wextra -pedantic -I ./include/ -std=c++17 -lm main.cpp -o ./main
processing student 2025-01-09-Marco-Basanisi-1994583 ex 3 test 3
Running student 2025-01-09-Marco-Basanisi-1994583, exercise 3, test 3
rm: cannot remove 'main': No such file or directory
make: *** No targets specified and no makefile found.  Stop.
processing student 2025-01-09-Min-Sun-1884161 ex 3 test 3
Running student 2025-01-09-Min-Sun-1884161, exercise 3, test 3
rm: cannot remove 'main': No such file or directory
g++ -std=c++11 -Wall main.cpp -o main
processing student 2025-01-09-Riccardo-Paris-2046991 ex 3 test 3
Running student 2025-01-09-Riccardo-Paris-2046991, exercise 3, test 3
g++ -c -o global.o global.cpp -std=c++11 -I.  -lm 
g++ -c -o class.o class.cpp -std=c++11 -I.  -lm 
g++ -c -o main.o main.cpp -std=c++11 -I.  -lm 
g++ -o main global.o class.o main.o -std=c++11 -I.  -lm 
processing student 2025-01-09-RideewitageLachithaSangeeth-Perera-2042904 ex 3 test 3
Running student 2025-01-09-RideewitageLachithaSangeeth-Perera-2042904, exercise 3, test 3
rm: cannot remove 'main': No such file or directory
g++ -c -o monitor.o monitor.cpp -std=c++11 -I.  -lm 
g++ -c -o simulator.o simulator.cpp -std=c++11 -I.  -lm 
g++ -c -o customer.o customer.cpp -std=c++11 -I.  -lm 
customer.cpp: In member function ‘void Customer::init(FILE*)’:
customer.cpp:18:19: error: ‘strtok’ was not declared in this scope; did you mean ‘strtoq’?
   18 |     char* token = strtok(buffer, " ");
      |                   ^~~~~~
      |                   strtoq
make: *** [Makefile:11: customer.o] Error 1
processing student 2025-01-09-Rocco-Tormenta-2052530 ex 3 test 3
Running student 2025-01-09-Rocco-Tormenta-2052530, exercise 3, test 3
mkdir -p build
g++ -c -o build/monitor.o monitor.cpp -lm -g -O3 -std=c++11 -I../../
g++ -c -o build/stats.o stats.cpp -lm -g -O3 -std=c++11 -I../../
g++ -c -o build/customer.o customer.cpp -lm -g -O3 -std=c++11 -I../../
g++ -c -o build/main.o main.cpp -lm -g -O3 -std=c++11 -I../../
g++ -c -o build/selib_monitor.o selib_monitor.cpp -lm -g -O3 -std=c++11 -I../../
g++ -o main build/monitor.o build/stats.o build/customer.o build/main.o build/selib_monitor.o -lm -g -O3 -std=c++11 -I../../
processing student 2025-MATTIA-PRISCO-2046234 ex 3 test 3
Running student 2025-MATTIA-PRISCO-2046234, exercise 3, test 3
g++ -c -o monitor.o monitor.cpp -std=c++11 -I.  -lm 
g++ -c -o simulate.o simulate.cpp -std=c++11 -I.  -lm 
g++ -c -o customer.o customer.cpp -std=c++11 -I.  -lm 
g++ -o main monitor.o simulate.o customer.o -std=c++11 -I.  -lm 
mv: cannot stat 'results.txt': No such file or directory
processing student 2025-01-09-Alessandro-Maisto-2083154 ex 3 test 4
Running student 2025-01-09-Alessandro-Maisto-2083154, exercise 3, test 4
rm: cannot remove 'main': No such file or directory
g++ -lm -O3 -c utils/Timer.cpp -o utils/Timer.o
In file included from utils/Timer.cpp:1:
utils/Timer.hpp:4:10: fatal error: publisher.hpp: No such file or directory
    4 | #include "publisher.hpp"
      |          ^~~~~~~~~~~~~~~
compilation terminated.
make: *** [Makefile:20: utils/Timer.o] Error 1
mv: cannot stat 'results.txt': No such file or directory
processing student 2025-01-09-Alessandro-Pizzuco-2084379 ex 3 test 4
Running student 2025-01-09-Alessandro-Pizzuco-2084379, exercise 3, test 4
g++ -c -o monitor.o monitor.cpp -std=c++11 -g -I.  -lm 
g++ -c -o betterFiFo.o betterFiFo.cpp -std=c++11 -g -I.  -lm 
g++ -c -o mdp.o mdp.cpp -std=c++11 -g -I.  -lm 
g++ -c -o betterdtmc.o betterdtmc.cpp -std=c++11 -g -I.  -lm 
g++ -c -o randgen.o randgen.cpp -std=c++11 -g -I.  -lm 
g++ -c -o globals.o globals.cpp -std=c++11 -g -I.  -lm 
g++ -c -o main.o main.cpp -std=c++11 -g -I.  -lm 
g++ -o main monitor.o betterFiFo.o mdp.o betterdtmc.o randgen.o globals.o main.o -std=c++11 -g -I.  -lm  -g
processing student 2025-01-09-Antonio-Pio-Monaco-2050059 ex 3 test 4
Running student 2025-01-09-Antonio-Pio-Monaco-2050059, exercise 3, test 4
rm: cannot remove 'main': No such file or directory
g++ -lm -O3 -c utilityv2/simulator.cpp -o utilityv2/simulator.o
g++ -lm -O3 -c utilityv2/component.cpp -o utilityv2/component.o
g++ -lm -O3 -c utilityv2/system.cpp -o utilityv2/system.o
g++ -lm -O3 -c utilityv2/globals.cpp -o utilityv2/globals.o
g++ -lm -O3 -c EcommerceSystem.cpp -o EcommerceSystem.o
In file included from EcommerceSystem.cpp:1:
EcommerceSystem.h:5:10: fatal error: Customer.h: No such file or directory
    5 | #include "Customer.h"
      |          ^~~~~~~~~~~~
compilation terminated.
make: *** [Makefile:20: EcommerceSystem.o] Error 1
processing student 2025-01-09-daniele-verde-2066523 ex 3 test 4
Running student 2025-01-09-daniele-verde-2066523, exercise 3, test 4
g++ -c -o monitor.o monitor.cpp -std=c++11 -I.  -lm 
monitor.cpp: In member function ‘virtual void Monitor::next()’:
monitor.cpp:39:31: warning: format ‘%d’ expects argument of type ‘int’, but argument 3 has type ‘double’ [-Wformat=]
   39 |    printf("\nProva i: %f, tt %d\n", x[xmedia], x[xdev]);
      |                              ~^                ~~~~~~~
      |                               |                      |
      |                               int                    double
      |                              %f
g++ -c -o simulator.o simulator.cpp -std=c++11 -I.  -lm 
g++ -c -o dtmc.o dtmc.cpp -std=c++11 -I.  -lm 
g++ -c -o virtual-dtmc.o virtual-dtmc.cpp -std=c++11 -I.  -lm 
g++ -c -o global.o global.cpp -std=c++11 -I.  -lm 
g++ -c -o system.o system.cpp -std=c++11 -I.  -lm 
g++ -c -o customer.o customer.cpp -std=c++11 -I.  -lm 
g++ -c -o main.o main.cpp -std=c++11 -I.  -lm 
main.cpp: In function ‘int main()’:
main.cpp:34:15: error: ‘strcmp’ was not declared in this scope
   34 |           if (strcmp(str, "Avg") == 0) {
      |               ^~~~~~
main.cpp:4:1: note: ‘strcmp’ is defined in header ‘<cstring>’; did you forget to ‘#include <cstring>’?
    3 | #include "main.h"
  +++ |+#include <cstring>
    4 | 
make: *** [Makefile:12: main.o] Error 1
mv: cannot stat 'results.txt': No such file or directory
processing student 2025-01-09-Davide-Crivellini-2059337 ex 3 test 4
Running student 2025-01-09-Davide-Crivellini-2059337, exercise 3, test 4
g++ -c -o monitor.o monitor.cpp -std=c++11 -I.  -lm 
g++ -c -o customer.o customer.cpp -std=c++11 -I.  -lm 
g++ -c -o parameters.o parameters.cpp -std=c++11 -I.  -lm 
g++ -c -o main.o main.cpp -std=c++11 -I.  -lm 
g++ -o main monitor.o customer.o parameters.o main.o -std=c++11 -I.  -lm 
mv: cannot stat 'results.txt': No such file or directory
processing student 2025-01-09-Eva-Evangelisti-2066788 ex 3 test 4
Running student 2025-01-09-Eva-Evangelisti-2066788, exercise 3, test 4
g++ -I./inc -Wall -std=c++17 -c src/monitor.cpp -o obj/monitor.o
src/monitor.cpp: In member function ‘void Monitor::calculate(double&, double&)’:
src/monitor.cpp:24:20: error: ‘sqrt’ is not a member of ‘std’
   24 |     std_dev = std::sqrt(variance / request_times.size());
      |                    ^~~~
make: *** [Makefile:33: obj/monitor.o] Error 1
mv: cannot stat 'results.txt': No such file or directory
processing student 2025-01-09-Gabriele-Pelissetto-2045067 ex 3 test 4
Running student 2025-01-09-Gabriele-Pelissetto-2045067, exercise 3, test 4
 CXX    clk.cpp
clk.cpp: In function ‘void freeclk()’:
clk.cpp:11:5: warning: deleting object of polymorphic class type ‘lib::Clock’ which has non-virtual destructor might cause undefined behavior [-Wdelete-non-virtual-dtor]
   11 |     delete c;
      |     ^~~~~~~~
In file included from clk.cpp:4:
defs.hpp: At global scope:
defs.hpp:9:15: warning: ‘HORIZON’ defined but not used [-Wunused-variable]
    9 | static double HORIZON = 1e6;
      |               ^~~~~~~
 CXX    main.cpp
In file included from lib/lib.hpp:17,
                 from clk.hpp:3,
                 from glb.hpp:3,
                 from main.cpp:5:
lib/metaprogramming.hpp: In instantiation of ‘void next_call(Args&& ...) [with Args = {lib::Clock&, lib::Fifo<Messaggio>&, Customer&}]’:
system.hpp:44:26:   required from here
lib/metaprogramming.hpp:65:9: warning: unused variable ‘a’ [-Wunused-variable]
   65 |     int a[] = {(method_name##_single(std::forward<Args>(args)), 0)...};                            \
      |         ^
lib/metaprogramming.hpp:71:1: note: in expansion of macro ‘DEFINE_COLLECTIVE_CALL’
   71 | DEFINE_COLLECTIVE_CALL(next)
      | ^~~~~~~~~~~~~~~~~~~~~~
 CXX    lib/alarm.cpp
 CXX    lib/averager.cpp
 CXX    lib/clock.cpp
 CXX    lib/csv_loggable.cpp
 CXX    lib/DTMC.cpp
 CXX    lib/FIFO.cpp
 CXX    lib/global.cpp
 CXX    lib/printing.cpp
 CXX    lib/range.cpp
 CXX    lib/simulator.cpp
 CXX    lib/stopwatch.cpp
g++ -o main clk.o main.o lib/alarm.o lib/averager.o lib/clock.o lib/csv_loggable.o lib/DTMC.o lib/FIFO.o lib/global.o lib/printing.o lib/range.o lib/simulator.o lib/stopwatch.o
processing student 2025-01-09-Giulia-Pietrangeli-2057291 ex 3 test 4
Running student 2025-01-09-Giulia-Pietrangeli-2057291, exercise 3, test 4
rm: cannot remove 'main': No such file or directory
g++ -Wall -Wextra -std=c++11 -o main main.cpp  
processing student 2025-01-09-Ionut-Cicio-2048752 ex 3 test 4
Running student 2025-01-09-Ionut-Cicio-2048752, exercise 3, test 4
rm: cannot remove 'main': No such file or directory
g++ -lm -O3  -c mocc/stat.cpp -o mocc/stat.o
g++ -lm -O3  -c mocc/time.cpp -o mocc/time.o
g++ -lm -O3  -c main.cpp -o main.o
g++ -lm -O3  mocc/stat.o mocc/time.o main.o -o main
processing student 2025-01-09-Lorenzo-Musso-2049518 ex 3 test 4
Running student 2025-01-09-Lorenzo-Musso-2049518, exercise 3, test 4
rm: cannot remove 'main': No such file or directory
g++ -Wall -Wextra -std=c++11 -o main main.cpp
main.cpp:15:58: error: return type ‘class std::tuple<double, double>’ is incomplete
   15 | tuple<double, double> devStdMedia (vector<double> &vector) {
      |                                                          ^
main.cpp: In function ‘int main()’:
main.cpp:69:10: error: deduced type ‘void’ for ‘result’ is incomplete
   69 |     auto result = devStdMedia(tempi_richieste);
      |          ^~~~~~
make: *** [Makefile:14: main] Error 1
processing student 2025-01-09-Luca-Micarelli-2061752 ex 3 test 4
Running student 2025-01-09-Luca-Micarelli-2061752, exercise 3, test 4
rm -f main
g++ -std=c++11 -o main main.cpp
processing student 2025-01-09-Luca-Sforza-2050030 ex 3 test 4
Running student 2025-01-09-Luca-Sforza-2050030, exercise 3, test 4
mkdir -p build
g++ -O3 -Wall -Wextra -pedantic -I ./include/ -std=c++17 -lm main.cpp -o ./main
processing student 2025-01-09-Marco-Basanisi-1994583 ex 3 test 4
Running student 2025-01-09-Marco-Basanisi-1994583, exercise 3, test 4
rm: cannot remove 'main': No such file or directory
make: *** No targets specified and no makefile found.  Stop.
processing student 2025-01-09-Min-Sun-1884161 ex 3 test 4
Running student 2025-01-09-Min-Sun-1884161, exercise 3, test 4
rm: cannot remove 'main': No such file or directory
g++ -std=c++11 -Wall main.cpp -o main
processing student 2025-01-09-Riccardo-Paris-2046991 ex 3 test 4
Running student 2025-01-09-Riccardo-Paris-2046991, exercise 3, test 4
g++ -c -o global.o global.cpp -std=c++11 -I.  -lm 
g++ -c -o class.o class.cpp -std=c++11 -I.  -lm 
g++ -c -o main.o main.cpp -std=c++11 -I.  -lm 
g++ -o main global.o class.o main.o -std=c++11 -I.  -lm 
processing student 2025-01-09-RideewitageLachithaSangeeth-Perera-2042904 ex 3 test 4
Running student 2025-01-09-RideewitageLachithaSangeeth-Perera-2042904, exercise 3, test 4
rm: cannot remove 'main': No such file or directory
g++ -c -o monitor.o monitor.cpp -std=c++11 -I.  -lm 
g++ -c -o simulator.o simulator.cpp -std=c++11 -I.  -lm 
g++ -c -o customer.o customer.cpp -std=c++11 -I.  -lm 
customer.cpp: In member function ‘void Customer::init(FILE*)’:
customer.cpp:18:19: error: ‘strtok’ was not declared in this scope; did you mean ‘strtoq’?
   18 |     char* token = strtok(buffer, " ");
      |                   ^~~~~~
      |                   strtoq
make: *** [Makefile:11: customer.o] Error 1
processing student 2025-01-09-Rocco-Tormenta-2052530 ex 3 test 4
Running student 2025-01-09-Rocco-Tormenta-2052530, exercise 3, test 4
mkdir -p build
g++ -c -o build/monitor.o monitor.cpp -lm -g -O3 -std=c++11 -I../../
g++ -c -o build/stats.o stats.cpp -lm -g -O3 -std=c++11 -I../../
g++ -c -o build/customer.o customer.cpp -lm -g -O3 -std=c++11 -I../../
g++ -c -o build/main.o main.cpp -lm -g -O3 -std=c++11 -I../../
g++ -c -o build/selib_monitor.o selib_monitor.cpp -lm -g -O3 -std=c++11 -I../../
g++ -o main build/monitor.o build/stats.o build/customer.o build/main.o build/selib_monitor.o -lm -g -O3 -std=c++11 -I../../
processing student 2025-MATTIA-PRISCO-2046234 ex 3 test 4
Running student 2025-MATTIA-PRISCO-2046234, exercise 3, test 4
g++ -c -o monitor.o monitor.cpp -std=c++11 -I.  -lm 
g++ -c -o simulate.o simulate.cpp -std=c++11 -I.  -lm 
g++ -c -o customer.o customer.cpp -std=c++11 -I.  -lm 
g++ -o main monitor.o simulate.o customer.o -std=c++11 -I.  -lm 
mv: cannot stat 'results.txt': No such file or directory
processing student 2025-01-09-Alessandro-Maisto-2083154 ex 3 test 5
Running student 2025-01-09-Alessandro-Maisto-2083154, exercise 3, test 5
rm: cannot remove 'main': No such file or directory
g++ -lm -O3 -c utils/Timer.cpp -o utils/Timer.o
In file included from utils/Timer.cpp:1:
utils/Timer.hpp:4:10: fatal error: publisher.hpp: No such file or directory
    4 | #include "publisher.hpp"
      |          ^~~~~~~~~~~~~~~
compilation terminated.
make: *** [Makefile:20: utils/Timer.o] Error 1
mv: cannot stat 'results.txt': No such file or directory
processing student 2025-01-09-Alessandro-Pizzuco-2084379 ex 3 test 5
Running student 2025-01-09-Alessandro-Pizzuco-2084379, exercise 3, test 5
g++ -c -o monitor.o monitor.cpp -std=c++11 -g -I.  -lm 
g++ -c -o betterFiFo.o betterFiFo.cpp -std=c++11 -g -I.  -lm 
g++ -c -o mdp.o mdp.cpp -std=c++11 -g -I.  -lm 
g++ -c -o betterdtmc.o betterdtmc.cpp -std=c++11 -g -I.  -lm 
g++ -c -o randgen.o randgen.cpp -std=c++11 -g -I.  -lm 
g++ -c -o globals.o globals.cpp -std=c++11 -g -I.  -lm 
g++ -c -o main.o main.cpp -std=c++11 -g -I.  -lm 
g++ -o main monitor.o betterFiFo.o mdp.o betterdtmc.o randgen.o globals.o main.o -std=c++11 -g -I.  -lm  -g
processing student 2025-01-09-Antonio-Pio-Monaco-2050059 ex 3 test 5
Running student 2025-01-09-Antonio-Pio-Monaco-2050059, exercise 3, test 5
rm: cannot remove 'main': No such file or directory
g++ -lm -O3 -c utilityv2/simulator.cpp -o utilityv2/simulator.o
g++ -lm -O3 -c utilityv2/component.cpp -o utilityv2/component.o
g++ -lm -O3 -c utilityv2/system.cpp -o utilityv2/system.o
g++ -lm -O3 -c utilityv2/globals.cpp -o utilityv2/globals.o
g++ -lm -O3 -c EcommerceSystem.cpp -o EcommerceSystem.o
In file included from EcommerceSystem.cpp:1:
EcommerceSystem.h:5:10: fatal error: Customer.h: No such file or directory
    5 | #include "Customer.h"
      |          ^~~~~~~~~~~~
compilation terminated.
make: *** [Makefile:20: EcommerceSystem.o] Error 1
processing student 2025-01-09-daniele-verde-2066523 ex 3 test 5
Running student 2025-01-09-daniele-verde-2066523, exercise 3, test 5
g++ -c -o monitor.o monitor.cpp -std=c++11 -I.  -lm 
monitor.cpp: In member function ‘virtual void Monitor::next()’:
monitor.cpp:39:31: warning: format ‘%d’ expects argument of type ‘int’, but argument 3 has type ‘double’ [-Wformat=]
   39 |    printf("\nProva i: %f, tt %d\n", x[xmedia], x[xdev]);
      |                              ~^                ~~~~~~~
      |                               |                      |
      |                               int                    double
      |                              %f
g++ -c -o simulator.o simulator.cpp -std=c++11 -I.  -lm 
g++ -c -o dtmc.o dtmc.cpp -std=c++11 -I.  -lm 
g++ -c -o virtual-dtmc.o virtual-dtmc.cpp -std=c++11 -I.  -lm 
g++ -c -o global.o global.cpp -std=c++11 -I.  -lm 
g++ -c -o system.o system.cpp -std=c++11 -I.  -lm 
g++ -c -o customer.o customer.cpp -std=c++11 -I.  -lm 
g++ -c -o main.o main.cpp -std=c++11 -I.  -lm 
main.cpp: In function ‘int main()’:
main.cpp:34:15: error: ‘strcmp’ was not declared in this scope
   34 |           if (strcmp(str, "Avg") == 0) {
      |               ^~~~~~
main.cpp:4:1: note: ‘strcmp’ is defined in header ‘<cstring>’; did you forget to ‘#include <cstring>’?
    3 | #include "main.h"
  +++ |+#include <cstring>
    4 | 
make: *** [Makefile:12: main.o] Error 1
mv: cannot stat 'results.txt': No such file or directory
processing student 2025-01-09-Davide-Crivellini-2059337 ex 3 test 5
Running student 2025-01-09-Davide-Crivellini-2059337, exercise 3, test 5
g++ -c -o monitor.o monitor.cpp -std=c++11 -I.  -lm 
g++ -c -o customer.o customer.cpp -std=c++11 -I.  -lm 
g++ -c -o parameters.o parameters.cpp -std=c++11 -I.  -lm 
g++ -c -o main.o main.cpp -std=c++11 -I.  -lm 
g++ -o main monitor.o customer.o parameters.o main.o -std=c++11 -I.  -lm 
mv: cannot stat 'results.txt': No such file or directory
processing student 2025-01-09-Eva-Evangelisti-2066788 ex 3 test 5
Running student 2025-01-09-Eva-Evangelisti-2066788, exercise 3, test 5
g++ -I./inc -Wall -std=c++17 -c src/monitor.cpp -o obj/monitor.o
src/monitor.cpp: In member function ‘void Monitor::calculate(double&, double&)’:
src/monitor.cpp:24:20: error: ‘sqrt’ is not a member of ‘std’
   24 |     std_dev = std::sqrt(variance / request_times.size());
      |                    ^~~~
make: *** [Makefile:33: obj/monitor.o] Error 1
mv: cannot stat 'results.txt': No such file or directory
processing student 2025-01-09-Gabriele-Pelissetto-2045067 ex 3 test 5
Running student 2025-01-09-Gabriele-Pelissetto-2045067, exercise 3, test 5
 CXX    clk.cpp
clk.cpp: In function ‘void freeclk()’:
clk.cpp:11:5: warning: deleting object of polymorphic class type ‘lib::Clock’ which has non-virtual destructor might cause undefined behavior [-Wdelete-non-virtual-dtor]
   11 |     delete c;
      |     ^~~~~~~~
In file included from clk.cpp:4:
defs.hpp: At global scope:
defs.hpp:9:15: warning: ‘HORIZON’ defined but not used [-Wunused-variable]
    9 | static double HORIZON = 1e6;
      |               ^~~~~~~
 CXX    main.cpp
In file included from lib/lib.hpp:17,
                 from clk.hpp:3,
                 from glb.hpp:3,
                 from main.cpp:5:
lib/metaprogramming.hpp: In instantiation of ‘void next_call(Args&& ...) [with Args = {lib::Clock&, lib::Fifo<Messaggio>&, Customer&}]’:
system.hpp:44:26:   required from here
lib/metaprogramming.hpp:65:9: warning: unused variable ‘a’ [-Wunused-variable]
   65 |     int a[] = {(method_name##_single(std::forward<Args>(args)), 0)...};                            \
      |         ^
lib/metaprogramming.hpp:71:1: note: in expansion of macro ‘DEFINE_COLLECTIVE_CALL’
   71 | DEFINE_COLLECTIVE_CALL(next)
      | ^~~~~~~~~~~~~~~~~~~~~~
 CXX    lib/alarm.cpp
 CXX    lib/averager.cpp
 CXX    lib/clock.cpp
 CXX    lib/csv_loggable.cpp
 CXX    lib/DTMC.cpp
 CXX    lib/FIFO.cpp
 CXX    lib/global.cpp
 CXX    lib/printing.cpp
 CXX    lib/range.cpp
 CXX    lib/simulator.cpp
 CXX    lib/stopwatch.cpp
g++ -o main clk.o main.o lib/alarm.o lib/averager.o lib/clock.o lib/csv_loggable.o lib/DTMC.o lib/FIFO.o lib/global.o lib/printing.o lib/range.o lib/simulator.o lib/stopwatch.o
processing student 2025-01-09-Giulia-Pietrangeli-2057291 ex 3 test 5
Running student 2025-01-09-Giulia-Pietrangeli-2057291, exercise 3, test 5
rm: cannot remove 'main': No such file or directory
g++ -Wall -Wextra -std=c++11 -o main main.cpp  
processing student 2025-01-09-Ionut-Cicio-2048752 ex 3 test 5
Running student 2025-01-09-Ionut-Cicio-2048752, exercise 3, test 5
rm: cannot remove 'main': No such file or directory
g++ -lm -O3  -c mocc/stat.cpp -o mocc/stat.o
g++ -lm -O3  -c mocc/time.cpp -o mocc/time.o
g++ -lm -O3  -c main.cpp -o main.o
g++ -lm -O3  mocc/stat.o mocc/time.o main.o -o main
processing student 2025-01-09-Lorenzo-Musso-2049518 ex 3 test 5
Running student 2025-01-09-Lorenzo-Musso-2049518, exercise 3, test 5
rm: cannot remove 'main': No such file or directory
g++ -Wall -Wextra -std=c++11 -o main main.cpp
main.cpp:15:58: error: return type ‘class std::tuple<double, double>’ is incomplete
   15 | tuple<double, double> devStdMedia (vector<double> &vector) {
      |                                                          ^
main.cpp: In function ‘int main()’:
main.cpp:69:10: error: deduced type ‘void’ for ‘result’ is incomplete
   69 |     auto result = devStdMedia(tempi_richieste);
      |          ^~~~~~
make: *** [Makefile:14: main] Error 1
processing student 2025-01-09-Luca-Micarelli-2061752 ex 3 test 5
Running student 2025-01-09-Luca-Micarelli-2061752, exercise 3, test 5
rm -f main
g++ -std=c++11 -o main main.cpp
processing student 2025-01-09-Luca-Sforza-2050030 ex 3 test 5
Running student 2025-01-09-Luca-Sforza-2050030, exercise 3, test 5
mkdir -p build
g++ -O3 -Wall -Wextra -pedantic -I ./include/ -std=c++17 -lm main.cpp -o ./main
processing student 2025-01-09-Marco-Basanisi-1994583 ex 3 test 5
Running student 2025-01-09-Marco-Basanisi-1994583, exercise 3, test 5
rm: cannot remove 'main': No such file or directory
make: *** No targets specified and no makefile found.  Stop.
processing student 2025-01-09-Min-Sun-1884161 ex 3 test 5
Running student 2025-01-09-Min-Sun-1884161, exercise 3, test 5
rm: cannot remove 'main': No such file or directory
g++ -std=c++11 -Wall main.cpp -o main
processing student 2025-01-09-Riccardo-Paris-2046991 ex 3 test 5
Running student 2025-01-09-Riccardo-Paris-2046991, exercise 3, test 5
g++ -c -o global.o global.cpp -std=c++11 -I.  -lm 
g++ -c -o class.o class.cpp -std=c++11 -I.  -lm 
g++ -c -o main.o main.cpp -std=c++11 -I.  -lm 
g++ -o main global.o class.o main.o -std=c++11 -I.  -lm 
processing student 2025-01-09-RideewitageLachithaSangeeth-Perera-2042904 ex 3 test 5
Running student 2025-01-09-RideewitageLachithaSangeeth-Perera-2042904, exercise 3, test 5
rm: cannot remove 'main': No such file or directory
g++ -c -o monitor.o monitor.cpp -std=c++11 -I.  -lm 
g++ -c -o simulator.o simulator.cpp -std=c++11 -I.  -lm 
g++ -c -o customer.o customer.cpp -std=c++11 -I.  -lm 
customer.cpp: In member function ‘void Customer::init(FILE*)’:
customer.cpp:18:19: error: ‘strtok’ was not declared in this scope; did you mean ‘strtoq’?
   18 |     char* token = strtok(buffer, " ");
      |                   ^~~~~~
      |                   strtoq
make: *** [Makefile:11: customer.o] Error 1
processing student 2025-01-09-Rocco-Tormenta-2052530 ex 3 test 5
Running student 2025-01-09-Rocco-Tormenta-2052530, exercise 3, test 5
mkdir -p build
g++ -c -o build/monitor.o monitor.cpp -lm -g -O3 -std=c++11 -I../../
g++ -c -o build/stats.o stats.cpp -lm -g -O3 -std=c++11 -I../../
g++ -c -o build/customer.o customer.cpp -lm -g -O3 -std=c++11 -I../../
g++ -c -o build/main.o main.cpp -lm -g -O3 -std=c++11 -I../../
g++ -c -o build/selib_monitor.o selib_monitor.cpp -lm -g -O3 -std=c++11 -I../../
g++ -o main build/monitor.o build/stats.o build/customer.o build/main.o build/selib_monitor.o -lm -g -O3 -std=c++11 -I../../
processing student 2025-MATTIA-PRISCO-2046234 ex 3 test 5
Running student 2025-MATTIA-PRISCO-2046234, exercise 3, test 5
g++ -c -o monitor.o monitor.cpp -std=c++11 -I.  -lm 
g++ -c -o simulate.o simulate.cpp -std=c++11 -I.  -lm 
g++ -c -o customer.o customer.cpp -std=c++11 -I.  -lm 
g++ -o main monitor.o simulate.o customer.o -std=c++11 -I.  -lm 
mv: cannot stat 'results.txt': No such file or directory
**** GRADING COMPLETED ****
