Log for exercise 1
Begin run  student 2025-07-08-XXX-2085561, exercise 1, test 1. Output file is: results.txt
rm: cannot remove 'main': No such file or directory
rm: cannot remove 'results.txt': No such file or directory
g++ -c -o main.o main.cpp -std=c++11 -I.  -lm 
g++ -c -o math.o math.cpp -std=c++11 -I.  -lm 
g++ -c -o utility.o utility.cpp -std=c++11 -I.  -lm 
g++ -o main main.o math.o utility.o -std=c++11 -I.  -lm 
End run student 2025-07-08-XXX-2085561, exercise 1, test 1

Begin run  student 2025-07-08-XXX-1992383, exercise 1, test 1. Output file is: results.txt
rm: cannot remove 'main': No such file or directory
rm: cannot remove 'results.txt': No such file or directory
g++ ex1.cpp -o ex1 -Wall -g -std=c++11 -O2 -lm
mv: cannot stat 'results.txt': No such file or directory
End run student 2025-07-08-XXX-1992383, exercise 1, test 1

Begin run  student 2025-07-08-XXX-2014598, exercise 1, test 1. Output file is: results.txt
rm: cannot remove 'main': No such file or directory
rm: cannot remove 'results.txt': No such file or directory
g++ -O2 -Wall -std=c++17 -c main.cpp -o main.o
g++ -O2 -Wall -std=c++17 -c library.cpp -o library.o
g++ -O2 -Wall -std=c++17 main.o library.o -o main
End run student 2025-07-08-XXX-2014598, exercise 1, test 1

Begin run  student 2025-07-08-XXX-1810132, exercise 1, test 1. Output file is: results.txt
make: /snap/cmake/1468/bin/cmake: No such file or directory
make: *** [Makefile:179: cmake_check_build_system] Error 127
mv: cannot stat 'results.txt': No such file or directory
End run student 2025-07-08-XXX-1810132, exercise 1, test 1

Begin run  student 2025-07-08-XXX-2083321, exercise 1, test 1. Output file is: results.txt
g++ main.cpp -o main
End run student 2025-07-08-XXX-2083321, exercise 1, test 1

Begin run  student 2025-07-08-XXX-2043199, exercise 1, test 1. Output file is: results.txt
rm: cannot remove 'main': No such file or directory
rm: cannot remove 'results.txt': No such file or directory
rm -f *.exe
mv: cannot stat 'results.txt': No such file or directory
End run student 2025-07-08-XXX-2043199, exercise 1, test 1

Begin run  student 2025-07-08-XXX-2046502, exercise 1, test 1. Output file is: results.txt
g++ -std=c++17 -O2 -Wall main.cpp helper.cpp -o main
helper.cpp: In function ‘double compute_Fi(const std::vector<Vehicle>&, int, double)’:
helper.cpp:14:23: warning: comparison of integer expressions of different signedness: ‘int’ and ‘std::vector<Vehicle>::size_type’ {aka ‘long unsigned int’} [-Wsign-compare]
   14 |     for (int j = 0; j < vehicles.size(); ++j) {
      |                     ~~^~~~~~~~~~~~~~~~~
End run student 2025-07-08-XXX-2046502, exercise 1, test 1

Begin run  student 2025-07-08-XXX-2046840, exercise 1, test 1. Output file is: results.txt
g++ -std=c++11 -Wall -O2 -c main.cpp -o main.o
main.cpp: In function ‘double functionOfI(const std::vector<std::vector<double> >&, const std::vector<double>&, const std::vector<double>&, double, int)’:
main.cpp:40:15: warning: comparison of integer expressions of different signedness: ‘size_t’ {aka ‘long unsigned int’} and ‘int’ [-Wsign-compare]
   40 |         if (j != idx)
      |             ~~^~~~~~
g++ -std=c++11 -Wall -O2 -o main main.o
End run student 2025-07-08-XXX-2046840, exercise 1, test 1

Begin run  student 2025-07-08-XXX-2061703, exercise 1, test 1. Output file is: results.txt
rm: cannot remove 'main': No such file or directory
rm: cannot remove 'results.txt': No such file or directory
make: *** No targets specified and no makefile found.  Stop.
mv: cannot stat 'results.txt': No such file or directory
End run student 2025-07-08-XXX-2061703, exercise 1, test 1

Begin run  student 2025-07-08-XXX-2084249, exercise 1, test 1. Output file is: results.txt
rm: cannot remove 'main': No such file or directory
g++ -std=c++17 -Wall -Wextra -g -I. -I../mocc main.cpp helper.cpp ../mocc/time.cpp ../mocc/math.cpp -o main
In file included from ../mocc/time.cpp:1:
../mocc/time.hpp: In constructor ‘Timer::Timer(real_t, TimerMode, real_t)’:
../mocc/time.hpp:30:15: warning: ‘Timer::mode’ will be initialized after [-Wreorder]
   30 |     TimerMode mode;
      |               ^~~~
../mocc/time.hpp:29:18: warning:   ‘const real_t Timer::delta’ [-Wreorder]
   29 |     const real_t delta;
      |                  ^~~~~
../mocc/time.cpp:12:1: warning:   when initialized here [-Wreorder]
   12 | Timer::Timer(real_t duration, TimerMode mode, real_t delta)
      | ^~~~~
End run student 2025-07-08-XXX-2084249, exercise 1, test 1

Begin run  student 2025-07-08-XXX-2076586, exercise 1, test 1. Output file is: results.txt
rm: cannot remove 'main': No such file or directory
g++ -Wall -Wextra -std=c++17 -g -c main.cpp -o main.o
g++ -Wall -Wextra -std=c++17 -g -o main main.o
End run student 2025-07-08-XXX-2076586, exercise 1, test 1

Begin run  student 2025-07-08-XXX-2086686, exercise 1, test 1. Output file is: results.txt
rm: cannot remove 'main': No such file or directory
g++ -c -o main.o main.cpp -std=c++11 -I.  -lm -g
g++ -o main main.o -std=c++11 -I.  -lm -g
End run student 2025-07-08-XXX-2086686, exercise 1, test 1

Begin run  student 2025-07-08-XXX-2063098, exercise 1, test 1. Output file is: results.txt
rm: cannot remove 'main': No such file or directory
rm: cannot remove 'results.txt': No such file or directory
g++ -lm -O3  -c main.cpp -o main.o
g++ -lm -O3  main.o -o main
End run student 2025-07-08-XXX-2063098, exercise 1, test 1

Begin run  student 2025-07-08-XXX-1933070, exercise 1, test 1. Output file is: results.txt
rm: cannot remove 'main': No such file or directory
g++ -std=c++17 -Wall -O3 -c main.cpp
main.cpp: In function ‘double calculate_fi(const std::vector<vehicle>&, int, double)’:
main.cpp:32:15: warning: comparison of integer expressions of different signedness: ‘size_t’ {aka ‘long unsigned int’} and ‘int’ [-Wsign-compare]
   32 |         if (j != i) {
      |             ~~^~~~
g++ -std=c++17 -Wall -O3 -o main main.o
End run student 2025-07-08-XXX-1933070, exercise 1, test 1

Begin run  student 2025-07-08-XXX-1938972, exercise 1, test 1. Output file is: results.txt
rm: cannot remove 'main': No such file or directory
g++ -lm -O3 main.cpp -o main
End run student 2025-07-08-XXX-1938972, exercise 1, test 1

Begin run  student 2025-07-08-XXX-2006100, exercise 1, test 1. Output file is: results.txt
rm: cannot remove 'main': No such file or directory
rm: cannot remove 'results.txt': No such file or directory
make: *** No targets specified and no makefile found.  Stop.
mv: cannot stat 'results.txt': No such file or directory
End run student 2025-07-08-XXX-2006100, exercise 1, test 1

Begin run  student 2025-07-08-XXX-2056804, exercise 1, test 1. Output file is: results.txt
cp: cannot stat '/home/enrico/edata/tronci@di.uniroma1.it/enrico/teaching/EXAMS/software-engineering/cpp-grader/submissions/2025-07-08-XXX-2056804': No such file or directory
cp: cannot create regular file '/home/enrico/edata/tronci@di.uniroma1.it/enrico/teaching/EXAMS/software-engineering/cpp-grader/testdir/2025-07-08-XXX-2056804/1': No such file or directory
./grade1stud1ex1test.sh: line 39: cd: /home/enrico/edata/tronci@di.uniroma1.it/enrico/teaching/EXAMS/software-engineering/cpp-grader/testdir/2025-07-08-XXX-2056804/1: No such file or directory
rm: cannot remove 'main': No such file or directory
rm: cannot remove 'results.txt': No such file or directory
make: *** No targets specified and no makefile found.  Stop.
mv: cannot stat 'results.txt': No such file or directory
End run student 2025-07-08-XXX-2056804, exercise 1, test 1

Begin run  student 2025-07-08-XXX-1911644, exercise 1, test 1. Output file is: results.txt
g++ -std=c++17 -O2 -Wall -o main main.cpp
End run student 2025-07-08-XXX-1911644, exercise 1, test 1

Begin run  student 2025-07-08-XXX-1911623, exercise 1, test 1. Output file is: results.txt
rm: cannot remove 'results.txt': No such file or directory
g++ -std=c++11 -Wall -Wextra -Wpedantic -lm -O3 -c main.cpp -o main.o
main.cpp: In function ‘int main()’:
main.cpp:113:14: warning: unused variable ‘res’ [-Wunused-variable]
  113 |       double res = 1000;
      |              ^~~
main.cpp:114:14: warning: unused variable ‘f’ [-Wunused-variable]
  114 |       double f = F(A, N, i, drones);
      |              ^
main.cpp:116:14: warning: unused variable ‘a’ [-Wunused-variable]
  116 |       double a = 0;
      |              ^
g++ -std=c++11 -Wall -Wextra -Wpedantic -lm -O3 main.o -o main
mv: cannot stat 'results.txt': No such file or directory
End run student 2025-07-08-XXX-1911623, exercise 1, test 1

Begin run  student 2025-07-08-XXX-1965156, exercise 1, test 1. Output file is: results.txt
rm: cannot remove 'main': No such file or directory
rm: cannot remove 'results.txt': No such file or directory
g++ -std=c++17 -O2 -Wall -o main main.cpp
End run student 2025-07-08-XXX-1965156, exercise 1, test 1

Begin run  student 2025-07-08-XXX-2067545, exercise 1, test 1. Output file is: results.txt
rm: cannot remove 'main': No such file or directory
g++ -c -o main.o main.cpp -std=c++11 -I.  -lm -g
g++ -o main main.o -std=c++11 -I.  -lm -g
End run student 2025-07-08-XXX-2067545, exercise 1, test 1

Begin run  student 2025-07-08-XXX-2070317, exercise 1, test 1. Output file is: results.txt
rm: cannot remove 'main': No such file or directory
g++ -Wall -Wextra -std=c++17 -g -c main.cpp -o main.o
main.cpp: In function ‘double computeFi(int, const std::vector<veicolo>&, double)’:
main.cpp:66:23: warning: comparison of integer expressions of different signedness: ‘int’ and ‘std::vector<veicolo>::size_type’ {aka ‘long unsigned int’} [-Wsign-compare]
   66 |     for (int j = 0; j < veicoli.size(); ++j) {
      |                     ~~^~~~~~~~~~~~~~~~
g++ -Wall -Wextra -std=c++17 -g -o main main.o
End run student 2025-07-08-XXX-2070317, exercise 1, test 1

Begin run  student 2025-07-08-XXX-2043415, exercise 1, test 1. Output file is: results.txt
rm: cannot remove 'main': No such file or directory
g++ -c -o main.o main.cpp -std=c++11 -I.  -lm -static
g++ -c -o randgen.o randgen.cpp -std=c++11 -I.  -lm -static
g++ -c -o vehicle.o vehicle.cpp -std=c++11 -I.  -lm -static
g++ -o main main.o randgen.o vehicle.o -std=c++11 -I.  -lm -static; rm *.o;
./grade1stud1ex1test.sh: line 45: 230998 Floating point exceptionnice -20 timeout -k 180 180s ./main >&$1.$2.$3.log
mv: cannot stat 'results.txt': No such file or directory
End run student 2025-07-08-XXX-2043415, exercise 1, test 1

Begin run  student 2025-07-08-XXX-2043364, exercise 1, test 1. Output file is: results.txt
rm: cannot remove 'main': No such file or directory
rm: cannot remove 'results.txt': No such file or directory
g++ -lm -O3  -c main.cpp -o main.o
g++ -lm -O3  main.o -o main
End run student 2025-07-08-XXX-2043364, exercise 1, test 1

Begin run  student 2025-07-08-XXX-2053090, exercise 1, test 1. Output file is: results.txt
g++ main.cpp -o main
./grade1stud1ex1test.sh: line 45: 231046 Floating point exceptionnice -20 timeout -k 180 180s ./main >&$1.$2.$3.log
mv: cannot stat 'results.txt': No such file or directory
End run student 2025-07-08-XXX-2053090, exercise 1, test 1

Begin run  student 2025-07-08-XXX-2046124, exercise 1, test 1. Output file is: results.txt
rm: cannot remove 'main': No such file or directory
g++ -c -o main.o main.cpp -std=c++11 -I.  -lm 
g++ -o main main.o -std=c++11 -I.  -lm 
End run student 2025-07-08-XXX-2046124, exercise 1, test 1

Begin run  student 2025-07-08-XXX-1996206, exercise 1, test 1. Output file is: results.txt
rm: cannot remove 'main': No such file or directory
g++ -std=c++11 -o main main.cpp
mv: cannot stat 'results.txt': No such file or directory
End run student 2025-07-08-XXX-1996206, exercise 1, test 1

Begin run  student 2025-07-08-XXX-2080998, exercise 1, test 1. Output file is: results.txt
g++ -c -o global.o global.cpp -std=c++11 -I. -lm -g -Wall
g++ -c -o main.o main.cpp -std=c++11 -I. -lm -g -Wall
g++ -c -o simulator.o simulator.cpp -std=c++11 -I. -lm -g -Wall
g++ -c -o veicolo.o veicolo.cpp -std=c++11 -I. -lm -g -Wall
g++ -o main global.o main.o simulator.o veicolo.o -std=c++11 -I. -lm -g -Wall
./grade1stud1ex1test.sh: line 45: 231127 Floating point exceptionnice -20 timeout -k 180 180s ./main >&$1.$2.$3.log
End run student 2025-07-08-XXX-2080998, exercise 1, test 1

Begin run  student 2025-07-08-XXX-2054535, exercise 1, test 1. Output file is: results.txt
rm: cannot remove 'main': No such file or directory
rm: cannot remove 'results.txt': No such file or directory
make: *** No targets.  Stop.
mv: cannot stat 'results.txt': No such file or directory
End run student 2025-07-08-XXX-2054535, exercise 1, test 1

Begin run  student 2025-07-08-XXX-2026514, exercise 1, test 1. Output file is: results.txt
g++ -lm -O3  -c main.cpp -o main.o
g++ -lm -O3  main.o -o main
End run student 2025-07-08-XXX-2026514, exercise 1, test 1

Begin run  student 2025-07-08-XXX-2087310, exercise 1, test 1. Output file is: results.txt
rm: cannot remove 'main': No such file or directory
g++ -std=c++11 main.cpp -o main
End run student 2025-07-08-XXX-2087310, exercise 1, test 1

Begin run  student 2025-07-08-XXX-2050553, exercise 1, test 1. Output file is: results.txt
g++ -lm -O3 main.cpp -o main
End run student 2025-07-08-XXX-2050553, exercise 1, test 1

Begin run  student 2025-07-08-XXX-2087354, exercise 1, test 1. Output file is: results.txt
rm: cannot remove 'main': No such file or directory
g++ -std=c++17 -Wall -Wextra -g -I. -I../mocc main.cpp bro.cpp ../mocc/time.cpp ../mocc/sasholo.cpp ../mocc/math.cpp -o main
In file included from ../mocc/time.cpp:1:
../mocc/time.hpp: In constructor ‘Timer::Timer(real_t, TimerMode, real_t)’:
../mocc/time.hpp:30:15: warning: ‘Timer::mode’ will be initialized after [-Wreorder]
   30 |     TimerMode mode;
      |               ^~~~
../mocc/time.hpp:29:18: warning:   ‘const real_t Timer::delta’ [-Wreorder]
   29 |     const real_t delta;
      |                  ^~~~~
../mocc/time.cpp:12:1: warning:   when initialized here [-Wreorder]
   12 | Timer::Timer(real_t duration, TimerMode mode, real_t delta)
      | ^~~~~
End run student 2025-07-08-XXX-2087354, exercise 1, test 1

Begin run  student 2025-07-08-XXX-2087359, exercise 1, test 1. Output file is: results.txt
g++ -lm -O3 main.cpp Veicolo.hpp -o main
main.cpp: In function ‘int main()’:
main.cpp:37:32: error: ‘A’ was not declared in this scope
   37 |             Veicolo v(i, V, Q, A, N);
      |                                ^
make: *** [Makefile:5: main] Error 1
mv: cannot stat 'results.txt': No such file or directory
End run student 2025-07-08-XXX-2087359, exercise 1, test 1

Begin run  student 2025-07-08-XXX-2034930, exercise 1, test 1. Output file is: results.txt
g++ -lm -O3 -std=c++11 main.cpp -o main
./grade1stud1ex1test.sh: line 45: 231310 Floating point exceptionnice -20 timeout -k 180 180s ./main >&$1.$2.$3.log
mv: cannot stat 'results.txt': No such file or directory
End run student 2025-07-08-XXX-2034930, exercise 1, test 1

Begin run  student 2025-07-08-XXX-2068178, exercise 1, test 1. Output file is: results.txt
rm: cannot remove 'main': No such file or directory
g++ -lm -O3 -std=c++11 -c main.cpp -o main.o
g++ -lm -O3 -std=c++11 -c simulation.cpp -o simulation.o
In file included from simulation.cpp:1:
simulation.h:10:26: error: ‘std::ifstream’ has not been declared
   10 |     void initialize(std::ifstream& paramFile);
      |                          ^~~~~~~~
simulation.h:13:35: error: ‘string’ in namespace ‘std’ does not name a type
   13 |     void outputResults(const std::string& filename);
      |                                   ^~~~~~
simulation.h:6:1: note: ‘std::string’ is defined in header ‘<string>’; did you forget to ‘#include <string>’?
    5 | #include "vehicle.h"
  +++ |+#include <string>
    6 | 
simulation.cpp:10:6: error: no declaration matches ‘void Simulation::initialize(std::ifstream&)’
   10 | void Simulation::initialize(std::ifstream& paramFile) {
      |      ^~~~~~~~~~
simulation.h:10:10: note: candidate is: ‘void Simulation::initialize(int&)’
   10 |     void initialize(std::ifstream& paramFile);
      |          ^~~~~~~~~~
simulation.h:7:7: note: ‘class Simulation’ defined here
    7 | class Simulation {
      |       ^~~~~~~~~~
simulation.cpp:63:6: error: no declaration matches ‘void Simulation::outputResults(const std::string&)’
   63 | void Simulation::outputResults(const std::string& filename) {
      |      ^~~~~~~~~~
simulation.h:13:10: note: candidate is: ‘void Simulation::outputResults(const int&)’
   13 |     void outputResults(const std::string& filename);
      |          ^~~~~~~~~~~~~
simulation.h:7:7: note: ‘class Simulation’ defined here
    7 | class Simulation {
      |       ^~~~~~~~~~
make: *** [Makefile:20: simulation.o] Error 1
mv: cannot stat 'results.txt': No such file or directory
End run student 2025-07-08-XXX-2068178, exercise 1, test 1

Begin run  student 2025-07-08-XXX-2060062, exercise 1, test 1. Output file is: results.txt
rm: cannot remove 'main': No such file or directory
rm: cannot remove 'results.txt': No such file or directory
g++ -lm -std=c++17  -o main main.cpp
./grade1stud1ex1test.sh: line 45: 231370 Floating point exceptionnice -20 timeout -k 180 180s ./main >&$1.$2.$3.log
mv: cannot stat 'results.txt': No such file or directory
End run student 2025-07-08-XXX-2060062, exercise 1, test 1

Begin run  student 2025-07-08-XXX-2085561, exercise 1, test 2. Output file is: results.txt
rm: cannot remove 'main': No such file or directory
rm: cannot remove 'results.txt': No such file or directory
g++ -c -o main.o main.cpp -std=c++11 -I.  -lm 
g++ -c -o math.o math.cpp -std=c++11 -I.  -lm 
g++ -c -o utility.o utility.cpp -std=c++11 -I.  -lm 
g++ -o main main.o math.o utility.o -std=c++11 -I.  -lm 
End run student 2025-07-08-XXX-2085561, exercise 1, test 2

Begin run  student 2025-07-08-XXX-1992383, exercise 1, test 2. Output file is: results.txt
rm: cannot remove 'main': No such file or directory
rm: cannot remove 'results.txt': No such file or directory
g++ ex1.cpp -o ex1 -Wall -g -std=c++11 -O2 -lm
mv: cannot stat 'results.txt': No such file or directory
End run student 2025-07-08-XXX-1992383, exercise 1, test 2

Begin run  student 2025-07-08-XXX-2014598, exercise 1, test 2. Output file is: results.txt
rm: cannot remove 'main': No such file or directory
rm: cannot remove 'results.txt': No such file or directory
g++ -O2 -Wall -std=c++17 -c main.cpp -o main.o
g++ -O2 -Wall -std=c++17 -c library.cpp -o library.o
g++ -O2 -Wall -std=c++17 main.o library.o -o main
End run student 2025-07-08-XXX-2014598, exercise 1, test 2

Begin run  student 2025-07-08-XXX-1810132, exercise 1, test 2. Output file is: results.txt
make: /snap/cmake/1468/bin/cmake: No such file or directory
make: *** [Makefile:179: cmake_check_build_system] Error 127
mv: cannot stat 'results.txt': No such file or directory
End run student 2025-07-08-XXX-1810132, exercise 1, test 2

Begin run  student 2025-07-08-XXX-2083321, exercise 1, test 2. Output file is: results.txt
g++ main.cpp -o main
End run student 2025-07-08-XXX-2083321, exercise 1, test 2

Begin run  student 2025-07-08-XXX-2043199, exercise 1, test 2. Output file is: results.txt
rm: cannot remove 'main': No such file or directory
rm: cannot remove 'results.txt': No such file or directory
rm -f *.exe
mv: cannot stat 'results.txt': No such file or directory
End run student 2025-07-08-XXX-2043199, exercise 1, test 2

Begin run  student 2025-07-08-XXX-2046502, exercise 1, test 2. Output file is: results.txt
g++ -std=c++17 -O2 -Wall main.cpp helper.cpp -o main
helper.cpp: In function ‘double compute_Fi(const std::vector<Vehicle>&, int, double)’:
helper.cpp:14:23: warning: comparison of integer expressions of different signedness: ‘int’ and ‘std::vector<Vehicle>::size_type’ {aka ‘long unsigned int’} [-Wsign-compare]
   14 |     for (int j = 0; j < vehicles.size(); ++j) {
      |                     ~~^~~~~~~~~~~~~~~~~
End run student 2025-07-08-XXX-2046502, exercise 1, test 2

Begin run  student 2025-07-08-XXX-2046840, exercise 1, test 2. Output file is: results.txt
g++ -std=c++11 -Wall -O2 -c main.cpp -o main.o
main.cpp: In function ‘double functionOfI(const std::vector<std::vector<double> >&, const std::vector<double>&, const std::vector<double>&, double, int)’:
main.cpp:40:15: warning: comparison of integer expressions of different signedness: ‘size_t’ {aka ‘long unsigned int’} and ‘int’ [-Wsign-compare]
   40 |         if (j != idx)
      |             ~~^~~~~~
g++ -std=c++11 -Wall -O2 -o main main.o
End run student 2025-07-08-XXX-2046840, exercise 1, test 2

Begin run  student 2025-07-08-XXX-2061703, exercise 1, test 2. Output file is: results.txt
rm: cannot remove 'main': No such file or directory
rm: cannot remove 'results.txt': No such file or directory
make: *** No targets specified and no makefile found.  Stop.
mv: cannot stat 'results.txt': No such file or directory
End run student 2025-07-08-XXX-2061703, exercise 1, test 2

Begin run  student 2025-07-08-XXX-2084249, exercise 1, test 2. Output file is: results.txt
rm: cannot remove 'main': No such file or directory
g++ -std=c++17 -Wall -Wextra -g -I. -I../mocc main.cpp helper.cpp ../mocc/time.cpp ../mocc/math.cpp -o main
In file included from ../mocc/time.cpp:1:
../mocc/time.hpp: In constructor ‘Timer::Timer(real_t, TimerMode, real_t)’:
../mocc/time.hpp:30:15: warning: ‘Timer::mode’ will be initialized after [-Wreorder]
   30 |     TimerMode mode;
      |               ^~~~
../mocc/time.hpp:29:18: warning:   ‘const real_t Timer::delta’ [-Wreorder]
   29 |     const real_t delta;
      |                  ^~~~~
../mocc/time.cpp:12:1: warning:   when initialized here [-Wreorder]
   12 | Timer::Timer(real_t duration, TimerMode mode, real_t delta)
      | ^~~~~
End run student 2025-07-08-XXX-2084249, exercise 1, test 2

Begin run  student 2025-07-08-XXX-2076586, exercise 1, test 2. Output file is: results.txt
rm: cannot remove 'main': No such file or directory
g++ -Wall -Wextra -std=c++17 -g -c main.cpp -o main.o
g++ -Wall -Wextra -std=c++17 -g -o main main.o
End run student 2025-07-08-XXX-2076586, exercise 1, test 2

Begin run  student 2025-07-08-XXX-2086686, exercise 1, test 2. Output file is: results.txt
rm: cannot remove 'main': No such file or directory
g++ -c -o main.o main.cpp -std=c++11 -I.  -lm -g
g++ -o main main.o -std=c++11 -I.  -lm -g
End run student 2025-07-08-XXX-2086686, exercise 1, test 2

Begin run  student 2025-07-08-XXX-2063098, exercise 1, test 2. Output file is: results.txt
rm: cannot remove 'main': No such file or directory
rm: cannot remove 'results.txt': No such file or directory
g++ -lm -O3  -c main.cpp -o main.o
g++ -lm -O3  main.o -o main
End run student 2025-07-08-XXX-2063098, exercise 1, test 2

Begin run  student 2025-07-08-XXX-1933070, exercise 1, test 2. Output file is: results.txt
rm: cannot remove 'main': No such file or directory
g++ -std=c++17 -Wall -O3 -c main.cpp
main.cpp: In function ‘double calculate_fi(const std::vector<vehicle>&, int, double)’:
main.cpp:32:15: warning: comparison of integer expressions of different signedness: ‘size_t’ {aka ‘long unsigned int’} and ‘int’ [-Wsign-compare]
   32 |         if (j != i) {
      |             ~~^~~~
g++ -std=c++17 -Wall -O3 -o main main.o
End run student 2025-07-08-XXX-1933070, exercise 1, test 2

Begin run  student 2025-07-08-XXX-1938972, exercise 1, test 2. Output file is: results.txt
rm: cannot remove 'main': No such file or directory
g++ -lm -O3 main.cpp -o main
End run student 2025-07-08-XXX-1938972, exercise 1, test 2

Begin run  student 2025-07-08-XXX-2006100, exercise 1, test 2. Output file is: results.txt
rm: cannot remove 'main': No such file or directory
rm: cannot remove 'results.txt': No such file or directory
make: *** No targets specified and no makefile found.  Stop.
mv: cannot stat 'results.txt': No such file or directory
End run student 2025-07-08-XXX-2006100, exercise 1, test 2

Begin run  student 2025-07-08-XXX-2056804, exercise 1, test 2. Output file is: results.txt
cp: cannot stat '/home/enrico/edata/tronci@di.uniroma1.it/enrico/teaching/EXAMS/software-engineering/cpp-grader/submissions/2025-07-08-XXX-2056804': No such file or directory
cp: cannot create regular file '/home/enrico/edata/tronci@di.uniroma1.it/enrico/teaching/EXAMS/software-engineering/cpp-grader/testdir/2025-07-08-XXX-2056804/1': No such file or directory
./grade1stud1ex1test.sh: line 39: cd: /home/enrico/edata/tronci@di.uniroma1.it/enrico/teaching/EXAMS/software-engineering/cpp-grader/testdir/2025-07-08-XXX-2056804/1: No such file or directory
rm: cannot remove 'main': No such file or directory
rm: cannot remove 'results.txt': No such file or directory
make: *** No targets specified and no makefile found.  Stop.
mv: cannot stat 'results.txt': No such file or directory
End run student 2025-07-08-XXX-2056804, exercise 1, test 2

Begin run  student 2025-07-08-XXX-1911644, exercise 1, test 2. Output file is: results.txt
g++ -std=c++17 -O2 -Wall -o main main.cpp
End run student 2025-07-08-XXX-1911644, exercise 1, test 2

Begin run  student 2025-07-08-XXX-1911623, exercise 1, test 2. Output file is: results.txt
rm: cannot remove 'results.txt': No such file or directory
g++ -std=c++11 -Wall -Wextra -Wpedantic -lm -O3 -c main.cpp -o main.o
main.cpp: In function ‘int main()’:
main.cpp:113:14: warning: unused variable ‘res’ [-Wunused-variable]
  113 |       double res = 1000;
      |              ^~~
main.cpp:114:14: warning: unused variable ‘f’ [-Wunused-variable]
  114 |       double f = F(A, N, i, drones);
      |              ^
main.cpp:116:14: warning: unused variable ‘a’ [-Wunused-variable]
  116 |       double a = 0;
      |              ^
g++ -std=c++11 -Wall -Wextra -Wpedantic -lm -O3 main.o -o main
mv: cannot stat 'results.txt': No such file or directory
End run student 2025-07-08-XXX-1911623, exercise 1, test 2

Begin run  student 2025-07-08-XXX-1965156, exercise 1, test 2. Output file is: results.txt
rm: cannot remove 'main': No such file or directory
rm: cannot remove 'results.txt': No such file or directory
g++ -std=c++17 -O2 -Wall -o main main.cpp
End run student 2025-07-08-XXX-1965156, exercise 1, test 2

Begin run  student 2025-07-08-XXX-2067545, exercise 1, test 2. Output file is: results.txt
rm: cannot remove 'main': No such file or directory
g++ -c -o main.o main.cpp -std=c++11 -I.  -lm -g
g++ -o main main.o -std=c++11 -I.  -lm -g
End run student 2025-07-08-XXX-2067545, exercise 1, test 2

Begin run  student 2025-07-08-XXX-2070317, exercise 1, test 2. Output file is: results.txt
rm: cannot remove 'main': No such file or directory
g++ -Wall -Wextra -std=c++17 -g -c main.cpp -o main.o
main.cpp: In function ‘double computeFi(int, const std::vector<veicolo>&, double)’:
main.cpp:66:23: warning: comparison of integer expressions of different signedness: ‘int’ and ‘std::vector<veicolo>::size_type’ {aka ‘long unsigned int’} [-Wsign-compare]
   66 |     for (int j = 0; j < veicoli.size(); ++j) {
      |                     ~~^~~~~~~~~~~~~~~~
g++ -Wall -Wextra -std=c++17 -g -o main main.o
End run student 2025-07-08-XXX-2070317, exercise 1, test 2

Begin run  student 2025-07-08-XXX-2043415, exercise 1, test 2. Output file is: results.txt
rm: cannot remove 'main': No such file or directory
g++ -c -o main.o main.cpp -std=c++11 -I.  -lm -static
g++ -c -o randgen.o randgen.cpp -std=c++11 -I.  -lm -static
g++ -c -o vehicle.o vehicle.cpp -std=c++11 -I.  -lm -static
g++ -o main main.o randgen.o vehicle.o -std=c++11 -I.  -lm -static; rm *.o;
./grade1stud1ex1test.sh: line 45: 232022 Floating point exceptionnice -20 timeout -k 180 180s ./main >&$1.$2.$3.log
mv: cannot stat 'results.txt': No such file or directory
End run student 2025-07-08-XXX-2043415, exercise 1, test 2

Begin run  student 2025-07-08-XXX-2043364, exercise 1, test 2. Output file is: results.txt
rm: cannot remove 'main': No such file or directory
rm: cannot remove 'results.txt': No such file or directory
g++ -lm -O3  -c main.cpp -o main.o
g++ -lm -O3  main.o -o main
End run student 2025-07-08-XXX-2043364, exercise 1, test 2

Begin run  student 2025-07-08-XXX-2053090, exercise 1, test 2. Output file is: results.txt
g++ main.cpp -o main
./grade1stud1ex1test.sh: line 45: 232070 Floating point exceptionnice -20 timeout -k 180 180s ./main >&$1.$2.$3.log
mv: cannot stat 'results.txt': No such file or directory
End run student 2025-07-08-XXX-2053090, exercise 1, test 2

Begin run  student 2025-07-08-XXX-2046124, exercise 1, test 2. Output file is: results.txt
rm: cannot remove 'main': No such file or directory
g++ -c -o main.o main.cpp -std=c++11 -I.  -lm 
g++ -o main main.o -std=c++11 -I.  -lm 
End run student 2025-07-08-XXX-2046124, exercise 1, test 2

Begin run  student 2025-07-08-XXX-1996206, exercise 1, test 2. Output file is: results.txt
rm: cannot remove 'main': No such file or directory
g++ -std=c++11 -o main main.cpp
mv: cannot stat 'results.txt': No such file or directory
End run student 2025-07-08-XXX-1996206, exercise 1, test 2

Begin run  student 2025-07-08-XXX-2080998, exercise 1, test 2. Output file is: results.txt
g++ -c -o global.o global.cpp -std=c++11 -I. -lm -g -Wall
g++ -c -o main.o main.cpp -std=c++11 -I. -lm -g -Wall
g++ -c -o simulator.o simulator.cpp -std=c++11 -I. -lm -g -Wall
g++ -c -o veicolo.o veicolo.cpp -std=c++11 -I. -lm -g -Wall
g++ -o main global.o main.o simulator.o veicolo.o -std=c++11 -I. -lm -g -Wall
./grade1stud1ex1test.sh: line 45: 232151 Floating point exceptionnice -20 timeout -k 180 180s ./main >&$1.$2.$3.log
End run student 2025-07-08-XXX-2080998, exercise 1, test 2

Begin run  student 2025-07-08-XXX-2054535, exercise 1, test 2. Output file is: results.txt
rm: cannot remove 'main': No such file or directory
rm: cannot remove 'results.txt': No such file or directory
make: *** No targets.  Stop.
mv: cannot stat 'results.txt': No such file or directory
End run student 2025-07-08-XXX-2054535, exercise 1, test 2

Begin run  student 2025-07-08-XXX-2026514, exercise 1, test 2. Output file is: results.txt
g++ -lm -O3  -c main.cpp -o main.o
g++ -lm -O3  main.o -o main
End run student 2025-07-08-XXX-2026514, exercise 1, test 2

Begin run  student 2025-07-08-XXX-2087310, exercise 1, test 2. Output file is: results.txt
rm: cannot remove 'main': No such file or directory
g++ -std=c++11 main.cpp -o main
End run student 2025-07-08-XXX-2087310, exercise 1, test 2

Begin run  student 2025-07-08-XXX-2050553, exercise 1, test 2. Output file is: results.txt
g++ -lm -O3 main.cpp -o main
End run student 2025-07-08-XXX-2050553, exercise 1, test 2

Begin run  student 2025-07-08-XXX-2087354, exercise 1, test 2. Output file is: results.txt
rm: cannot remove 'main': No such file or directory
g++ -std=c++17 -Wall -Wextra -g -I. -I../mocc main.cpp bro.cpp ../mocc/time.cpp ../mocc/sasholo.cpp ../mocc/math.cpp -o main
In file included from ../mocc/time.cpp:1:
../mocc/time.hpp: In constructor ‘Timer::Timer(real_t, TimerMode, real_t)’:
../mocc/time.hpp:30:15: warning: ‘Timer::mode’ will be initialized after [-Wreorder]
   30 |     TimerMode mode;
      |               ^~~~
../mocc/time.hpp:29:18: warning:   ‘const real_t Timer::delta’ [-Wreorder]
   29 |     const real_t delta;
      |                  ^~~~~
../mocc/time.cpp:12:1: warning:   when initialized here [-Wreorder]
   12 | Timer::Timer(real_t duration, TimerMode mode, real_t delta)
      | ^~~~~
End run student 2025-07-08-XXX-2087354, exercise 1, test 2

Begin run  student 2025-07-08-XXX-2087359, exercise 1, test 2. Output file is: results.txt
g++ -lm -O3 main.cpp Veicolo.hpp -o main
main.cpp: In function ‘int main()’:
main.cpp:37:32: error: ‘A’ was not declared in this scope
   37 |             Veicolo v(i, V, Q, A, N);
      |                                ^
make: *** [Makefile:5: main] Error 1
mv: cannot stat 'results.txt': No such file or directory
End run student 2025-07-08-XXX-2087359, exercise 1, test 2

Begin run  student 2025-07-08-XXX-2034930, exercise 1, test 2. Output file is: results.txt
g++ -lm -O3 -std=c++11 main.cpp -o main
./grade1stud1ex1test.sh: line 45: 232398 Floating point exceptionnice -20 timeout -k 180 180s ./main >&$1.$2.$3.log
mv: cannot stat 'results.txt': No such file or directory
End run student 2025-07-08-XXX-2034930, exercise 1, test 2

Begin run  student 2025-07-08-XXX-2068178, exercise 1, test 2. Output file is: results.txt
rm: cannot remove 'main': No such file or directory
g++ -lm -O3 -std=c++11 -c main.cpp -o main.o
g++ -lm -O3 -std=c++11 -c simulation.cpp -o simulation.o
In file included from simulation.cpp:1:
simulation.h:10:26: error: ‘std::ifstream’ has not been declared
   10 |     void initialize(std::ifstream& paramFile);
      |                          ^~~~~~~~
simulation.h:13:35: error: ‘string’ in namespace ‘std’ does not name a type
   13 |     void outputResults(const std::string& filename);
      |                                   ^~~~~~
simulation.h:6:1: note: ‘std::string’ is defined in header ‘<string>’; did you forget to ‘#include <string>’?
    5 | #include "vehicle.h"
  +++ |+#include <string>
    6 | 
simulation.cpp:10:6: error: no declaration matches ‘void Simulation::initialize(std::ifstream&)’
   10 | void Simulation::initialize(std::ifstream& paramFile) {
      |      ^~~~~~~~~~
simulation.h:10:10: note: candidate is: ‘void Simulation::initialize(int&)’
   10 |     void initialize(std::ifstream& paramFile);
      |          ^~~~~~~~~~
simulation.h:7:7: note: ‘class Simulation’ defined here
    7 | class Simulation {
      |       ^~~~~~~~~~
simulation.cpp:63:6: error: no declaration matches ‘void Simulation::outputResults(const std::string&)’
   63 | void Simulation::outputResults(const std::string& filename) {
      |      ^~~~~~~~~~
simulation.h:13:10: note: candidate is: ‘void Simulation::outputResults(const int&)’
   13 |     void outputResults(const std::string& filename);
      |          ^~~~~~~~~~~~~
simulation.h:7:7: note: ‘class Simulation’ defined here
    7 | class Simulation {
      |       ^~~~~~~~~~
make: *** [Makefile:20: simulation.o] Error 1
mv: cannot stat 'results.txt': No such file or directory
End run student 2025-07-08-XXX-2068178, exercise 1, test 2

Begin run  student 2025-07-08-XXX-2060062, exercise 1, test 2. Output file is: results.txt
rm: cannot remove 'main': No such file or directory
rm: cannot remove 'results.txt': No such file or directory
g++ -lm -std=c++17  -o main main.cpp
./grade1stud1ex1test.sh: line 45: 232445 Floating point exceptionnice -20 timeout -k 180 180s ./main >&$1.$2.$3.log
mv: cannot stat 'results.txt': No such file or directory
End run student 2025-07-08-XXX-2060062, exercise 1, test 2

Begin run  student 2025-07-08-XXX-2085561, exercise 1, test 3. Output file is: results.txt
rm: cannot remove 'main': No such file or directory
rm: cannot remove 'results.txt': No such file or directory
g++ -c -o main.o main.cpp -std=c++11 -I.  -lm 
g++ -c -o math.o math.cpp -std=c++11 -I.  -lm 
g++ -c -o utility.o utility.cpp -std=c++11 -I.  -lm 
g++ -o main main.o math.o utility.o -std=c++11 -I.  -lm 
End run student 2025-07-08-XXX-2085561, exercise 1, test 3

Begin run  student 2025-07-08-XXX-1992383, exercise 1, test 3. Output file is: results.txt
rm: cannot remove 'main': No such file or directory
rm: cannot remove 'results.txt': No such file or directory
g++ ex1.cpp -o ex1 -Wall -g -std=c++11 -O2 -lm
mv: cannot stat 'results.txt': No such file or directory
End run student 2025-07-08-XXX-1992383, exercise 1, test 3

Begin run  student 2025-07-08-XXX-2014598, exercise 1, test 3. Output file is: results.txt
rm: cannot remove 'main': No such file or directory
rm: cannot remove 'results.txt': No such file or directory
g++ -O2 -Wall -std=c++17 -c main.cpp -o main.o
g++ -O2 -Wall -std=c++17 -c library.cpp -o library.o
g++ -O2 -Wall -std=c++17 main.o library.o -o main
End run student 2025-07-08-XXX-2014598, exercise 1, test 3

Begin run  student 2025-07-08-XXX-1810132, exercise 1, test 3. Output file is: results.txt
make: /snap/cmake/1468/bin/cmake: No such file or directory
make: *** [Makefile:179: cmake_check_build_system] Error 127
mv: cannot stat 'results.txt': No such file or directory
End run student 2025-07-08-XXX-1810132, exercise 1, test 3

Begin run  student 2025-07-08-XXX-2083321, exercise 1, test 3. Output file is: results.txt
g++ main.cpp -o main
End run student 2025-07-08-XXX-2083321, exercise 1, test 3

Begin run  student 2025-07-08-XXX-2043199, exercise 1, test 3. Output file is: results.txt
rm: cannot remove 'main': No such file or directory
rm: cannot remove 'results.txt': No such file or directory
rm -f *.exe
mv: cannot stat 'results.txt': No such file or directory
End run student 2025-07-08-XXX-2043199, exercise 1, test 3

Begin run  student 2025-07-08-XXX-2046502, exercise 1, test 3. Output file is: results.txt
g++ -std=c++17 -O2 -Wall main.cpp helper.cpp -o main
helper.cpp: In function ‘double compute_Fi(const std::vector<Vehicle>&, int, double)’:
helper.cpp:14:23: warning: comparison of integer expressions of different signedness: ‘int’ and ‘std::vector<Vehicle>::size_type’ {aka ‘long unsigned int’} [-Wsign-compare]
   14 |     for (int j = 0; j < vehicles.size(); ++j) {
      |                     ~~^~~~~~~~~~~~~~~~~
End run student 2025-07-08-XXX-2046502, exercise 1, test 3

Begin run  student 2025-07-08-XXX-2046840, exercise 1, test 3. Output file is: results.txt
g++ -std=c++11 -Wall -O2 -c main.cpp -o main.o
main.cpp: In function ‘double functionOfI(const std::vector<std::vector<double> >&, const std::vector<double>&, const std::vector<double>&, double, int)’:
main.cpp:40:15: warning: comparison of integer expressions of different signedness: ‘size_t’ {aka ‘long unsigned int’} and ‘int’ [-Wsign-compare]
   40 |         if (j != idx)
      |             ~~^~~~~~
g++ -std=c++11 -Wall -O2 -o main main.o
End run student 2025-07-08-XXX-2046840, exercise 1, test 3

Begin run  student 2025-07-08-XXX-2061703, exercise 1, test 3. Output file is: results.txt
rm: cannot remove 'main': No such file or directory
rm: cannot remove 'results.txt': No such file or directory
make: *** No targets specified and no makefile found.  Stop.
mv: cannot stat 'results.txt': No such file or directory
End run student 2025-07-08-XXX-2061703, exercise 1, test 3

Begin run  student 2025-07-08-XXX-2084249, exercise 1, test 3. Output file is: results.txt
rm: cannot remove 'main': No such file or directory
g++ -std=c++17 -Wall -Wextra -g -I. -I../mocc main.cpp helper.cpp ../mocc/time.cpp ../mocc/math.cpp -o main
In file included from ../mocc/time.cpp:1:
../mocc/time.hpp: In constructor ‘Timer::Timer(real_t, TimerMode, real_t)’:
../mocc/time.hpp:30:15: warning: ‘Timer::mode’ will be initialized after [-Wreorder]
   30 |     TimerMode mode;
      |               ^~~~
../mocc/time.hpp:29:18: warning:   ‘const real_t Timer::delta’ [-Wreorder]
   29 |     const real_t delta;
      |                  ^~~~~
../mocc/time.cpp:12:1: warning:   when initialized here [-Wreorder]
   12 | Timer::Timer(real_t duration, TimerMode mode, real_t delta)
      | ^~~~~
End run student 2025-07-08-XXX-2084249, exercise 1, test 3

Begin run  student 2025-07-08-XXX-2076586, exercise 1, test 3. Output file is: results.txt
rm: cannot remove 'main': No such file or directory
g++ -Wall -Wextra -std=c++17 -g -c main.cpp -o main.o
g++ -Wall -Wextra -std=c++17 -g -o main main.o
End run student 2025-07-08-XXX-2076586, exercise 1, test 3

Begin run  student 2025-07-08-XXX-2086686, exercise 1, test 3. Output file is: results.txt
rm: cannot remove 'main': No such file or directory
g++ -c -o main.o main.cpp -std=c++11 -I.  -lm -g
g++ -o main main.o -std=c++11 -I.  -lm -g
End run student 2025-07-08-XXX-2086686, exercise 1, test 3

Begin run  student 2025-07-08-XXX-2063098, exercise 1, test 3. Output file is: results.txt
rm: cannot remove 'main': No such file or directory
rm: cannot remove 'results.txt': No such file or directory
g++ -lm -O3  -c main.cpp -o main.o
g++ -lm -O3  main.o -o main
End run student 2025-07-08-XXX-2063098, exercise 1, test 3

Begin run  student 2025-07-08-XXX-1933070, exercise 1, test 3. Output file is: results.txt
rm: cannot remove 'main': No such file or directory
g++ -std=c++17 -Wall -O3 -c main.cpp
main.cpp: In function ‘double calculate_fi(const std::vector<vehicle>&, int, double)’:
main.cpp:32:15: warning: comparison of integer expressions of different signedness: ‘size_t’ {aka ‘long unsigned int’} and ‘int’ [-Wsign-compare]
   32 |         if (j != i) {
      |             ~~^~~~
g++ -std=c++17 -Wall -O3 -o main main.o
End run student 2025-07-08-XXX-1933070, exercise 1, test 3

Begin run  student 2025-07-08-XXX-1938972, exercise 1, test 3. Output file is: results.txt
rm: cannot remove 'main': No such file or directory
g++ -lm -O3 main.cpp -o main
End run student 2025-07-08-XXX-1938972, exercise 1, test 3

Begin run  student 2025-07-08-XXX-2006100, exercise 1, test 3. Output file is: results.txt
rm: cannot remove 'main': No such file or directory
rm: cannot remove 'results.txt': No such file or directory
make: *** No targets specified and no makefile found.  Stop.
mv: cannot stat 'results.txt': No such file or directory
End run student 2025-07-08-XXX-2006100, exercise 1, test 3

Begin run  student 2025-07-08-XXX-2056804, exercise 1, test 3. Output file is: results.txt
cp: cannot stat '/home/enrico/edata/tronci@di.uniroma1.it/enrico/teaching/EXAMS/software-engineering/cpp-grader/submissions/2025-07-08-XXX-2056804': No such file or directory
cp: cannot create regular file '/home/enrico/edata/tronci@di.uniroma1.it/enrico/teaching/EXAMS/software-engineering/cpp-grader/testdir/2025-07-08-XXX-2056804/1': No such file or directory
./grade1stud1ex1test.sh: line 39: cd: /home/enrico/edata/tronci@di.uniroma1.it/enrico/teaching/EXAMS/software-engineering/cpp-grader/testdir/2025-07-08-XXX-2056804/1: No such file or directory
rm: cannot remove 'main': No such file or directory
rm: cannot remove 'results.txt': No such file or directory
make: *** No targets specified and no makefile found.  Stop.
mv: cannot stat 'results.txt': No such file or directory
End run student 2025-07-08-XXX-2056804, exercise 1, test 3

Begin run  student 2025-07-08-XXX-1911644, exercise 1, test 3. Output file is: results.txt
g++ -std=c++17 -O2 -Wall -o main main.cpp
End run student 2025-07-08-XXX-1911644, exercise 1, test 3

Begin run  student 2025-07-08-XXX-1911623, exercise 1, test 3. Output file is: results.txt
rm: cannot remove 'results.txt': No such file or directory
g++ -std=c++11 -Wall -Wextra -Wpedantic -lm -O3 -c main.cpp -o main.o
main.cpp: In function ‘int main()’:
main.cpp:113:14: warning: unused variable ‘res’ [-Wunused-variable]
  113 |       double res = 1000;
      |              ^~~
main.cpp:114:14: warning: unused variable ‘f’ [-Wunused-variable]
  114 |       double f = F(A, N, i, drones);
      |              ^
main.cpp:116:14: warning: unused variable ‘a’ [-Wunused-variable]
  116 |       double a = 0;
      |              ^
g++ -std=c++11 -Wall -Wextra -Wpedantic -lm -O3 main.o -o main
mv: cannot stat 'results.txt': No such file or directory
End run student 2025-07-08-XXX-1911623, exercise 1, test 3

Begin run  student 2025-07-08-XXX-1965156, exercise 1, test 3. Output file is: results.txt
rm: cannot remove 'main': No such file or directory
rm: cannot remove 'results.txt': No such file or directory
g++ -std=c++17 -O2 -Wall -o main main.cpp
End run student 2025-07-08-XXX-1965156, exercise 1, test 3

Begin run  student 2025-07-08-XXX-2067545, exercise 1, test 3. Output file is: results.txt
rm: cannot remove 'main': No such file or directory
g++ -c -o main.o main.cpp -std=c++11 -I.  -lm -g
g++ -o main main.o -std=c++11 -I.  -lm -g
End run student 2025-07-08-XXX-2067545, exercise 1, test 3

Begin run  student 2025-07-08-XXX-2070317, exercise 1, test 3. Output file is: results.txt
rm: cannot remove 'main': No such file or directory
g++ -Wall -Wextra -std=c++17 -g -c main.cpp -o main.o
main.cpp: In function ‘double computeFi(int, const std::vector<veicolo>&, double)’:
main.cpp:66:23: warning: comparison of integer expressions of different signedness: ‘int’ and ‘std::vector<veicolo>::size_type’ {aka ‘long unsigned int’} [-Wsign-compare]
   66 |     for (int j = 0; j < veicoli.size(); ++j) {
      |                     ~~^~~~~~~~~~~~~~~~
g++ -Wall -Wextra -std=c++17 -g -o main main.o
End run student 2025-07-08-XXX-2070317, exercise 1, test 3

Begin run  student 2025-07-08-XXX-2043415, exercise 1, test 3. Output file is: results.txt
rm: cannot remove 'main': No such file or directory
g++ -c -o main.o main.cpp -std=c++11 -I.  -lm -static
g++ -c -o randgen.o randgen.cpp -std=c++11 -I.  -lm -static
g++ -c -o vehicle.o vehicle.cpp -std=c++11 -I.  -lm -static
g++ -o main main.o randgen.o vehicle.o -std=c++11 -I.  -lm -static; rm *.o;
mv: cannot stat 'results.txt': No such file or directory
End run student 2025-07-08-XXX-2043415, exercise 1, test 3

Begin run  student 2025-07-08-XXX-2043364, exercise 1, test 3. Output file is: results.txt
rm: cannot remove 'main': No such file or directory
rm: cannot remove 'results.txt': No such file or directory
g++ -lm -O3  -c main.cpp -o main.o
g++ -lm -O3  main.o -o main
End run student 2025-07-08-XXX-2043364, exercise 1, test 3

Begin run  student 2025-07-08-XXX-2053090, exercise 1, test 3. Output file is: results.txt
g++ main.cpp -o main
End run student 2025-07-08-XXX-2053090, exercise 1, test 3

Begin run  student 2025-07-08-XXX-2046124, exercise 1, test 3. Output file is: results.txt
rm: cannot remove 'main': No such file or directory
g++ -c -o main.o main.cpp -std=c++11 -I.  -lm 
g++ -o main main.o -std=c++11 -I.  -lm 
End run student 2025-07-08-XXX-2046124, exercise 1, test 3

Begin run  student 2025-07-08-XXX-1996206, exercise 1, test 3. Output file is: results.txt
rm: cannot remove 'main': No such file or directory
g++ -std=c++11 -o main main.cpp
End run student 2025-07-08-XXX-1996206, exercise 1, test 3

Begin run  student 2025-07-08-XXX-2080998, exercise 1, test 3. Output file is: results.txt
g++ -c -o global.o global.cpp -std=c++11 -I. -lm -g -Wall
g++ -c -o main.o main.cpp -std=c++11 -I. -lm -g -Wall
g++ -c -o simulator.o simulator.cpp -std=c++11 -I. -lm -g -Wall
g++ -c -o veicolo.o veicolo.cpp -std=c++11 -I. -lm -g -Wall
g++ -o main global.o main.o simulator.o veicolo.o -std=c++11 -I. -lm -g -Wall
End run student 2025-07-08-XXX-2080998, exercise 1, test 3

Begin run  student 2025-07-08-XXX-2054535, exercise 1, test 3. Output file is: results.txt
rm: cannot remove 'main': No such file or directory
rm: cannot remove 'results.txt': No such file or directory
make: *** No targets.  Stop.
mv: cannot stat 'results.txt': No such file or directory
End run student 2025-07-08-XXX-2054535, exercise 1, test 3

Begin run  student 2025-07-08-XXX-2026514, exercise 1, test 3. Output file is: results.txt
g++ -lm -O3  -c main.cpp -o main.o
g++ -lm -O3  main.o -o main
End run student 2025-07-08-XXX-2026514, exercise 1, test 3

Begin run  student 2025-07-08-XXX-2087310, exercise 1, test 3. Output file is: results.txt
rm: cannot remove 'main': No such file or directory
g++ -std=c++11 main.cpp -o main
mv: cannot stat 'results.txt': No such file or directory
End run student 2025-07-08-XXX-2087310, exercise 1, test 3

Begin run  student 2025-07-08-XXX-2050553, exercise 1, test 3. Output file is: results.txt
g++ -lm -O3 main.cpp -o main
End run student 2025-07-08-XXX-2050553, exercise 1, test 3

Begin run  student 2025-07-08-XXX-2087354, exercise 1, test 3. Output file is: results.txt
rm: cannot remove 'main': No such file or directory
g++ -std=c++17 -Wall -Wextra -g -I. -I../mocc main.cpp bro.cpp ../mocc/time.cpp ../mocc/sasholo.cpp ../mocc/math.cpp -o main
In file included from ../mocc/time.cpp:1:
../mocc/time.hpp: In constructor ‘Timer::Timer(real_t, TimerMode, real_t)’:
../mocc/time.hpp:30:15: warning: ‘Timer::mode’ will be initialized after [-Wreorder]
   30 |     TimerMode mode;
      |               ^~~~
../mocc/time.hpp:29:18: warning:   ‘const real_t Timer::delta’ [-Wreorder]
   29 |     const real_t delta;
      |                  ^~~~~
../mocc/time.cpp:12:1: warning:   when initialized here [-Wreorder]
   12 | Timer::Timer(real_t duration, TimerMode mode, real_t delta)
      | ^~~~~
End run student 2025-07-08-XXX-2087354, exercise 1, test 3

Begin run  student 2025-07-08-XXX-2087359, exercise 1, test 3. Output file is: results.txt
g++ -lm -O3 main.cpp Veicolo.hpp -o main
main.cpp: In function ‘int main()’:
main.cpp:37:32: error: ‘A’ was not declared in this scope
   37 |             Veicolo v(i, V, Q, A, N);
      |                                ^
make: *** [Makefile:5: main] Error 1
mv: cannot stat 'results.txt': No such file or directory
End run student 2025-07-08-XXX-2087359, exercise 1, test 3

Begin run  student 2025-07-08-XXX-2034930, exercise 1, test 3. Output file is: results.txt
g++ -lm -O3 -std=c++11 main.cpp -o main
End run student 2025-07-08-XXX-2034930, exercise 1, test 3

Begin run  student 2025-07-08-XXX-2068178, exercise 1, test 3. Output file is: results.txt
rm: cannot remove 'main': No such file or directory
g++ -lm -O3 -std=c++11 -c main.cpp -o main.o
g++ -lm -O3 -std=c++11 -c simulation.cpp -o simulation.o
In file included from simulation.cpp:1:
simulation.h:10:26: error: ‘std::ifstream’ has not been declared
   10 |     void initialize(std::ifstream& paramFile);
      |                          ^~~~~~~~
simulation.h:13:35: error: ‘string’ in namespace ‘std’ does not name a type
   13 |     void outputResults(const std::string& filename);
      |                                   ^~~~~~
simulation.h:6:1: note: ‘std::string’ is defined in header ‘<string>’; did you forget to ‘#include <string>’?
    5 | #include "vehicle.h"
  +++ |+#include <string>
    6 | 
simulation.cpp:10:6: error: no declaration matches ‘void Simulation::initialize(std::ifstream&)’
   10 | void Simulation::initialize(std::ifstream& paramFile) {
      |      ^~~~~~~~~~
simulation.h:10:10: note: candidate is: ‘void Simulation::initialize(int&)’
   10 |     void initialize(std::ifstream& paramFile);
      |          ^~~~~~~~~~
simulation.h:7:7: note: ‘class Simulation’ defined here
    7 | class Simulation {
      |       ^~~~~~~~~~
simulation.cpp:63:6: error: no declaration matches ‘void Simulation::outputResults(const std::string&)’
   63 | void Simulation::outputResults(const std::string& filename) {
      |      ^~~~~~~~~~
simulation.h:13:10: note: candidate is: ‘void Simulation::outputResults(const int&)’
   13 |     void outputResults(const std::string& filename);
      |          ^~~~~~~~~~~~~
simulation.h:7:7: note: ‘class Simulation’ defined here
    7 | class Simulation {
      |       ^~~~~~~~~~
make: *** [Makefile:20: simulation.o] Error 1
mv: cannot stat 'results.txt': No such file or directory
End run student 2025-07-08-XXX-2068178, exercise 1, test 3

Begin run  student 2025-07-08-XXX-2060062, exercise 1, test 3. Output file is: results.txt
rm: cannot remove 'main': No such file or directory
rm: cannot remove 'results.txt': No such file or directory
g++ -lm -std=c++17  -o main main.cpp
End run student 2025-07-08-XXX-2060062, exercise 1, test 3

Begin run  student 2025-07-08-XXX-2085561, exercise 1, test 4. Output file is: results.txt
rm: cannot remove 'main': No such file or directory
rm: cannot remove 'results.txt': No such file or directory
g++ -c -o main.o main.cpp -std=c++11 -I.  -lm 
g++ -c -o math.o math.cpp -std=c++11 -I.  -lm 
g++ -c -o utility.o utility.cpp -std=c++11 -I.  -lm 
g++ -o main main.o math.o utility.o -std=c++11 -I.  -lm 
End run student 2025-07-08-XXX-2085561, exercise 1, test 4

Begin run  student 2025-07-08-XXX-1992383, exercise 1, test 4. Output file is: results.txt
rm: cannot remove 'main': No such file or directory
rm: cannot remove 'results.txt': No such file or directory
g++ ex1.cpp -o ex1 -Wall -g -std=c++11 -O2 -lm
mv: cannot stat 'results.txt': No such file or directory
End run student 2025-07-08-XXX-1992383, exercise 1, test 4

Begin run  student 2025-07-08-XXX-2014598, exercise 1, test 4. Output file is: results.txt
rm: cannot remove 'main': No such file or directory
rm: cannot remove 'results.txt': No such file or directory
g++ -O2 -Wall -std=c++17 -c main.cpp -o main.o
g++ -O2 -Wall -std=c++17 -c library.cpp -o library.o
g++ -O2 -Wall -std=c++17 main.o library.o -o main
End run student 2025-07-08-XXX-2014598, exercise 1, test 4

Begin run  student 2025-07-08-XXX-1810132, exercise 1, test 4. Output file is: results.txt
make: /snap/cmake/1468/bin/cmake: No such file or directory
make: *** [Makefile:179: cmake_check_build_system] Error 127
mv: cannot stat 'results.txt': No such file or directory
End run student 2025-07-08-XXX-1810132, exercise 1, test 4

Begin run  student 2025-07-08-XXX-2083321, exercise 1, test 4. Output file is: results.txt
g++ main.cpp -o main
End run student 2025-07-08-XXX-2083321, exercise 1, test 4

Begin run  student 2025-07-08-XXX-2043199, exercise 1, test 4. Output file is: results.txt
rm: cannot remove 'main': No such file or directory
rm: cannot remove 'results.txt': No such file or directory
rm -f *.exe
mv: cannot stat 'results.txt': No such file or directory
End run student 2025-07-08-XXX-2043199, exercise 1, test 4

Begin run  student 2025-07-08-XXX-2046502, exercise 1, test 4. Output file is: results.txt
g++ -std=c++17 -O2 -Wall main.cpp helper.cpp -o main
helper.cpp: In function ‘double compute_Fi(const std::vector<Vehicle>&, int, double)’:
helper.cpp:14:23: warning: comparison of integer expressions of different signedness: ‘int’ and ‘std::vector<Vehicle>::size_type’ {aka ‘long unsigned int’} [-Wsign-compare]
   14 |     for (int j = 0; j < vehicles.size(); ++j) {
      |                     ~~^~~~~~~~~~~~~~~~~
End run student 2025-07-08-XXX-2046502, exercise 1, test 4

Begin run  student 2025-07-08-XXX-2046840, exercise 1, test 4. Output file is: results.txt
g++ -std=c++11 -Wall -O2 -c main.cpp -o main.o
main.cpp: In function ‘double functionOfI(const std::vector<std::vector<double> >&, const std::vector<double>&, const std::vector<double>&, double, int)’:
main.cpp:40:15: warning: comparison of integer expressions of different signedness: ‘size_t’ {aka ‘long unsigned int’} and ‘int’ [-Wsign-compare]
   40 |         if (j != idx)
      |             ~~^~~~~~
g++ -std=c++11 -Wall -O2 -o main main.o
End run student 2025-07-08-XXX-2046840, exercise 1, test 4

Begin run  student 2025-07-08-XXX-2061703, exercise 1, test 4. Output file is: results.txt
rm: cannot remove 'main': No such file or directory
rm: cannot remove 'results.txt': No such file or directory
make: *** No targets specified and no makefile found.  Stop.
mv: cannot stat 'results.txt': No such file or directory
End run student 2025-07-08-XXX-2061703, exercise 1, test 4

Begin run  student 2025-07-08-XXX-2084249, exercise 1, test 4. Output file is: results.txt
rm: cannot remove 'main': No such file or directory
g++ -std=c++17 -Wall -Wextra -g -I. -I../mocc main.cpp helper.cpp ../mocc/time.cpp ../mocc/math.cpp -o main
In file included from ../mocc/time.cpp:1:
../mocc/time.hpp: In constructor ‘Timer::Timer(real_t, TimerMode, real_t)’:
../mocc/time.hpp:30:15: warning: ‘Timer::mode’ will be initialized after [-Wreorder]
   30 |     TimerMode mode;
      |               ^~~~
../mocc/time.hpp:29:18: warning:   ‘const real_t Timer::delta’ [-Wreorder]
   29 |     const real_t delta;
      |                  ^~~~~
../mocc/time.cpp:12:1: warning:   when initialized here [-Wreorder]
   12 | Timer::Timer(real_t duration, TimerMode mode, real_t delta)
      | ^~~~~
End run student 2025-07-08-XXX-2084249, exercise 1, test 4

Begin run  student 2025-07-08-XXX-2076586, exercise 1, test 4. Output file is: results.txt
rm: cannot remove 'main': No such file or directory
g++ -Wall -Wextra -std=c++17 -g -c main.cpp -o main.o
g++ -Wall -Wextra -std=c++17 -g -o main main.o
End run student 2025-07-08-XXX-2076586, exercise 1, test 4

Begin run  student 2025-07-08-XXX-2086686, exercise 1, test 4. Output file is: results.txt
rm: cannot remove 'main': No such file or directory
g++ -c -o main.o main.cpp -std=c++11 -I.  -lm -g
g++ -o main main.o -std=c++11 -I.  -lm -g
End run student 2025-07-08-XXX-2086686, exercise 1, test 4

Begin run  student 2025-07-08-XXX-2063098, exercise 1, test 4. Output file is: results.txt
rm: cannot remove 'main': No such file or directory
rm: cannot remove 'results.txt': No such file or directory
g++ -lm -O3  -c main.cpp -o main.o
g++ -lm -O3  main.o -o main
End run student 2025-07-08-XXX-2063098, exercise 1, test 4

Begin run  student 2025-07-08-XXX-1933070, exercise 1, test 4. Output file is: results.txt
rm: cannot remove 'main': No such file or directory
g++ -std=c++17 -Wall -O3 -c main.cpp
main.cpp: In function ‘double calculate_fi(const std::vector<vehicle>&, int, double)’:
main.cpp:32:15: warning: comparison of integer expressions of different signedness: ‘size_t’ {aka ‘long unsigned int’} and ‘int’ [-Wsign-compare]
   32 |         if (j != i) {
      |             ~~^~~~
g++ -std=c++17 -Wall -O3 -o main main.o
End run student 2025-07-08-XXX-1933070, exercise 1, test 4

Begin run  student 2025-07-08-XXX-1938972, exercise 1, test 4. Output file is: results.txt
rm: cannot remove 'main': No such file or directory
g++ -lm -O3 main.cpp -o main
End run student 2025-07-08-XXX-1938972, exercise 1, test 4

Begin run  student 2025-07-08-XXX-2006100, exercise 1, test 4. Output file is: results.txt
rm: cannot remove 'main': No such file or directory
rm: cannot remove 'results.txt': No such file or directory
make: *** No targets specified and no makefile found.  Stop.
mv: cannot stat 'results.txt': No such file or directory
End run student 2025-07-08-XXX-2006100, exercise 1, test 4

Begin run  student 2025-07-08-XXX-2056804, exercise 1, test 4. Output file is: results.txt
cp: cannot stat '/home/enrico/edata/tronci@di.uniroma1.it/enrico/teaching/EXAMS/software-engineering/cpp-grader/submissions/2025-07-08-XXX-2056804': No such file or directory
cp: cannot create regular file '/home/enrico/edata/tronci@di.uniroma1.it/enrico/teaching/EXAMS/software-engineering/cpp-grader/testdir/2025-07-08-XXX-2056804/1': No such file or directory
./grade1stud1ex1test.sh: line 39: cd: /home/enrico/edata/tronci@di.uniroma1.it/enrico/teaching/EXAMS/software-engineering/cpp-grader/testdir/2025-07-08-XXX-2056804/1: No such file or directory
rm: cannot remove 'main': No such file or directory
rm: cannot remove 'results.txt': No such file or directory
make: *** No targets specified and no makefile found.  Stop.
mv: cannot stat 'results.txt': No such file or directory
End run student 2025-07-08-XXX-2056804, exercise 1, test 4

Begin run  student 2025-07-08-XXX-1911644, exercise 1, test 4. Output file is: results.txt
g++ -std=c++17 -O2 -Wall -o main main.cpp
End run student 2025-07-08-XXX-1911644, exercise 1, test 4

Begin run  student 2025-07-08-XXX-1911623, exercise 1, test 4. Output file is: results.txt
rm: cannot remove 'results.txt': No such file or directory
g++ -std=c++11 -Wall -Wextra -Wpedantic -lm -O3 -c main.cpp -o main.o
main.cpp: In function ‘int main()’:
main.cpp:113:14: warning: unused variable ‘res’ [-Wunused-variable]
  113 |       double res = 1000;
      |              ^~~
main.cpp:114:14: warning: unused variable ‘f’ [-Wunused-variable]
  114 |       double f = F(A, N, i, drones);
      |              ^
main.cpp:116:14: warning: unused variable ‘a’ [-Wunused-variable]
  116 |       double a = 0;
      |              ^
g++ -std=c++11 -Wall -Wextra -Wpedantic -lm -O3 main.o -o main
mv: cannot stat 'results.txt': No such file or directory
End run student 2025-07-08-XXX-1911623, exercise 1, test 4

Begin run  student 2025-07-08-XXX-1965156, exercise 1, test 4. Output file is: results.txt
rm: cannot remove 'main': No such file or directory
rm: cannot remove 'results.txt': No such file or directory
g++ -std=c++17 -O2 -Wall -o main main.cpp
End run student 2025-07-08-XXX-1965156, exercise 1, test 4

Begin run  student 2025-07-08-XXX-2067545, exercise 1, test 4. Output file is: results.txt
rm: cannot remove 'main': No such file or directory
g++ -c -o main.o main.cpp -std=c++11 -I.  -lm -g
g++ -o main main.o -std=c++11 -I.  -lm -g
End run student 2025-07-08-XXX-2067545, exercise 1, test 4

Begin run  student 2025-07-08-XXX-2070317, exercise 1, test 4. Output file is: results.txt
rm: cannot remove 'main': No such file or directory
g++ -Wall -Wextra -std=c++17 -g -c main.cpp -o main.o
main.cpp: In function ‘double computeFi(int, const std::vector<veicolo>&, double)’:
main.cpp:66:23: warning: comparison of integer expressions of different signedness: ‘int’ and ‘std::vector<veicolo>::size_type’ {aka ‘long unsigned int’} [-Wsign-compare]
   66 |     for (int j = 0; j < veicoli.size(); ++j) {
      |                     ~~^~~~~~~~~~~~~~~~
g++ -Wall -Wextra -std=c++17 -g -o main main.o
End run student 2025-07-08-XXX-2070317, exercise 1, test 4

Begin run  student 2025-07-08-XXX-2043415, exercise 1, test 4. Output file is: results.txt
rm: cannot remove 'main': No such file or directory
g++ -c -o main.o main.cpp -std=c++11 -I.  -lm -static
g++ -c -o randgen.o randgen.cpp -std=c++11 -I.  -lm -static
g++ -c -o vehicle.o vehicle.cpp -std=c++11 -I.  -lm -static
g++ -o main main.o randgen.o vehicle.o -std=c++11 -I.  -lm -static; rm *.o;
mv: cannot stat 'results.txt': No such file or directory
End run student 2025-07-08-XXX-2043415, exercise 1, test 4

Begin run  student 2025-07-08-XXX-2043364, exercise 1, test 4. Output file is: results.txt
rm: cannot remove 'main': No such file or directory
rm: cannot remove 'results.txt': No such file or directory
g++ -lm -O3  -c main.cpp -o main.o
g++ -lm -O3  main.o -o main
End run student 2025-07-08-XXX-2043364, exercise 1, test 4

Begin run  student 2025-07-08-XXX-2053090, exercise 1, test 4. Output file is: results.txt
g++ main.cpp -o main
mv: cannot stat 'results.txt': No such file or directory
End run student 2025-07-08-XXX-2053090, exercise 1, test 4

Begin run  student 2025-07-08-XXX-2046124, exercise 1, test 4. Output file is: results.txt
rm: cannot remove 'main': No such file or directory
g++ -c -o main.o main.cpp -std=c++11 -I.  -lm 
g++ -o main main.o -std=c++11 -I.  -lm 
mv: cannot stat 'results.txt': No such file or directory
End run student 2025-07-08-XXX-2046124, exercise 1, test 4

Begin run  student 2025-07-08-XXX-1996206, exercise 1, test 4. Output file is: results.txt
rm: cannot remove 'main': No such file or directory
g++ -std=c++11 -o main main.cpp
End run student 2025-07-08-XXX-1996206, exercise 1, test 4

Begin run  student 2025-07-08-XXX-2080998, exercise 1, test 4. Output file is: results.txt
g++ -c -o global.o global.cpp -std=c++11 -I. -lm -g -Wall
g++ -c -o main.o main.cpp -std=c++11 -I. -lm -g -Wall
g++ -c -o simulator.o simulator.cpp -std=c++11 -I. -lm -g -Wall
g++ -c -o veicolo.o veicolo.cpp -std=c++11 -I. -lm -g -Wall
g++ -o main global.o main.o simulator.o veicolo.o -std=c++11 -I. -lm -g -Wall
End run student 2025-07-08-XXX-2080998, exercise 1, test 4

Begin run  student 2025-07-08-XXX-2054535, exercise 1, test 4. Output file is: results.txt
rm: cannot remove 'main': No such file or directory
rm: cannot remove 'results.txt': No such file or directory
make: *** No targets.  Stop.
mv: cannot stat 'results.txt': No such file or directory
End run student 2025-07-08-XXX-2054535, exercise 1, test 4

Begin run  student 2025-07-08-XXX-2026514, exercise 1, test 4. Output file is: results.txt
g++ -lm -O3  -c main.cpp -o main.o
g++ -lm -O3  main.o -o main
End run student 2025-07-08-XXX-2026514, exercise 1, test 4

Begin run  student 2025-07-08-XXX-2087310, exercise 1, test 4. Output file is: results.txt
rm: cannot remove 'main': No such file or directory
g++ -std=c++11 main.cpp -o main
mv: cannot stat 'results.txt': No such file or directory
End run student 2025-07-08-XXX-2087310, exercise 1, test 4

Begin run  student 2025-07-08-XXX-2050553, exercise 1, test 4. Output file is: results.txt
g++ -lm -O3 main.cpp -o main
End run student 2025-07-08-XXX-2050553, exercise 1, test 4

Begin run  student 2025-07-08-XXX-2087354, exercise 1, test 4. Output file is: results.txt
rm: cannot remove 'main': No such file or directory
g++ -std=c++17 -Wall -Wextra -g -I. -I../mocc main.cpp bro.cpp ../mocc/time.cpp ../mocc/sasholo.cpp ../mocc/math.cpp -o main
In file included from ../mocc/time.cpp:1:
../mocc/time.hpp: In constructor ‘Timer::Timer(real_t, TimerMode, real_t)’:
../mocc/time.hpp:30:15: warning: ‘Timer::mode’ will be initialized after [-Wreorder]
   30 |     TimerMode mode;
      |               ^~~~
../mocc/time.hpp:29:18: warning:   ‘const real_t Timer::delta’ [-Wreorder]
   29 |     const real_t delta;
      |                  ^~~~~
../mocc/time.cpp:12:1: warning:   when initialized here [-Wreorder]
   12 | Timer::Timer(real_t duration, TimerMode mode, real_t delta)
      | ^~~~~
mv: cannot stat 'results.txt': No such file or directory
End run student 2025-07-08-XXX-2087354, exercise 1, test 4

Begin run  student 2025-07-08-XXX-2087359, exercise 1, test 4. Output file is: results.txt
g++ -lm -O3 main.cpp Veicolo.hpp -o main
main.cpp: In function ‘int main()’:
main.cpp:37:32: error: ‘A’ was not declared in this scope
   37 |             Veicolo v(i, V, Q, A, N);
      |                                ^
make: *** [Makefile:5: main] Error 1
mv: cannot stat 'results.txt': No such file or directory
End run student 2025-07-08-XXX-2087359, exercise 1, test 4

Begin run  student 2025-07-08-XXX-2034930, exercise 1, test 4. Output file is: results.txt
g++ -lm -O3 -std=c++11 main.cpp -o main
End run student 2025-07-08-XXX-2034930, exercise 1, test 4

Begin run  student 2025-07-08-XXX-2068178, exercise 1, test 4. Output file is: results.txt
rm: cannot remove 'main': No such file or directory
g++ -lm -O3 -std=c++11 -c main.cpp -o main.o
g++ -lm -O3 -std=c++11 -c simulation.cpp -o simulation.o
In file included from simulation.cpp:1:
simulation.h:10:26: error: ‘std::ifstream’ has not been declared
   10 |     void initialize(std::ifstream& paramFile);
      |                          ^~~~~~~~
simulation.h:13:35: error: ‘string’ in namespace ‘std’ does not name a type
   13 |     void outputResults(const std::string& filename);
      |                                   ^~~~~~
simulation.h:6:1: note: ‘std::string’ is defined in header ‘<string>’; did you forget to ‘#include <string>’?
    5 | #include "vehicle.h"
  +++ |+#include <string>
    6 | 
simulation.cpp:10:6: error: no declaration matches ‘void Simulation::initialize(std::ifstream&)’
   10 | void Simulation::initialize(std::ifstream& paramFile) {
      |      ^~~~~~~~~~
simulation.h:10:10: note: candidate is: ‘void Simulation::initialize(int&)’
   10 |     void initialize(std::ifstream& paramFile);
      |          ^~~~~~~~~~
simulation.h:7:7: note: ‘class Simulation’ defined here
    7 | class Simulation {
      |       ^~~~~~~~~~
simulation.cpp:63:6: error: no declaration matches ‘void Simulation::outputResults(const std::string&)’
   63 | void Simulation::outputResults(const std::string& filename) {
      |      ^~~~~~~~~~
simulation.h:13:10: note: candidate is: ‘void Simulation::outputResults(const int&)’
   13 |     void outputResults(const std::string& filename);
      |          ^~~~~~~~~~~~~
simulation.h:7:7: note: ‘class Simulation’ defined here
    7 | class Simulation {
      |       ^~~~~~~~~~
make: *** [Makefile:20: simulation.o] Error 1
mv: cannot stat 'results.txt': No such file or directory
End run student 2025-07-08-XXX-2068178, exercise 1, test 4

Begin run  student 2025-07-08-XXX-2060062, exercise 1, test 4. Output file is: results.txt
rm: cannot remove 'main': No such file or directory
rm: cannot remove 'results.txt': No such file or directory
g++ -lm -std=c++17  -o main main.cpp
End run student 2025-07-08-XXX-2060062, exercise 1, test 4

Begin run  student 2025-07-08-XXX-2085561, exercise 1, test 5. Output file is: results.txt
rm: cannot remove 'main': No such file or directory
rm: cannot remove 'results.txt': No such file or directory
g++ -c -o main.o main.cpp -std=c++11 -I.  -lm 
g++ -c -o math.o math.cpp -std=c++11 -I.  -lm 
g++ -c -o utility.o utility.cpp -std=c++11 -I.  -lm 
g++ -o main main.o math.o utility.o -std=c++11 -I.  -lm 
End run student 2025-07-08-XXX-2085561, exercise 1, test 5

Begin run  student 2025-07-08-XXX-1992383, exercise 1, test 5. Output file is: results.txt
rm: cannot remove 'main': No such file or directory
rm: cannot remove 'results.txt': No such file or directory
g++ ex1.cpp -o ex1 -Wall -g -std=c++11 -O2 -lm
mv: cannot stat 'results.txt': No such file or directory
End run student 2025-07-08-XXX-1992383, exercise 1, test 5

Begin run  student 2025-07-08-XXX-2014598, exercise 1, test 5. Output file is: results.txt
rm: cannot remove 'main': No such file or directory
rm: cannot remove 'results.txt': No such file or directory
g++ -O2 -Wall -std=c++17 -c main.cpp -o main.o
g++ -O2 -Wall -std=c++17 -c library.cpp -o library.o
g++ -O2 -Wall -std=c++17 main.o library.o -o main
End run student 2025-07-08-XXX-2014598, exercise 1, test 5

Begin run  student 2025-07-08-XXX-1810132, exercise 1, test 5. Output file is: results.txt
make: /snap/cmake/1468/bin/cmake: No such file or directory
make: *** [Makefile:179: cmake_check_build_system] Error 127
mv: cannot stat 'results.txt': No such file or directory
End run student 2025-07-08-XXX-1810132, exercise 1, test 5

Begin run  student 2025-07-08-XXX-2083321, exercise 1, test 5. Output file is: results.txt
g++ main.cpp -o main
End run student 2025-07-08-XXX-2083321, exercise 1, test 5

Begin run  student 2025-07-08-XXX-2043199, exercise 1, test 5. Output file is: results.txt
rm: cannot remove 'main': No such file or directory
rm: cannot remove 'results.txt': No such file or directory
rm -f *.exe
mv: cannot stat 'results.txt': No such file or directory
End run student 2025-07-08-XXX-2043199, exercise 1, test 5

Begin run  student 2025-07-08-XXX-2046502, exercise 1, test 5. Output file is: results.txt
g++ -std=c++17 -O2 -Wall main.cpp helper.cpp -o main
helper.cpp: In function ‘double compute_Fi(const std::vector<Vehicle>&, int, double)’:
helper.cpp:14:23: warning: comparison of integer expressions of different signedness: ‘int’ and ‘std::vector<Vehicle>::size_type’ {aka ‘long unsigned int’} [-Wsign-compare]
   14 |     for (int j = 0; j < vehicles.size(); ++j) {
      |                     ~~^~~~~~~~~~~~~~~~~
End run student 2025-07-08-XXX-2046502, exercise 1, test 5

Begin run  student 2025-07-08-XXX-2046840, exercise 1, test 5. Output file is: results.txt
g++ -std=c++11 -Wall -O2 -c main.cpp -o main.o
main.cpp: In function ‘double functionOfI(const std::vector<std::vector<double> >&, const std::vector<double>&, const std::vector<double>&, double, int)’:
main.cpp:40:15: warning: comparison of integer expressions of different signedness: ‘size_t’ {aka ‘long unsigned int’} and ‘int’ [-Wsign-compare]
   40 |         if (j != idx)
      |             ~~^~~~~~
g++ -std=c++11 -Wall -O2 -o main main.o
End run student 2025-07-08-XXX-2046840, exercise 1, test 5

Begin run  student 2025-07-08-XXX-2061703, exercise 1, test 5. Output file is: results.txt
rm: cannot remove 'main': No such file or directory
rm: cannot remove 'results.txt': No such file or directory
make: *** No targets specified and no makefile found.  Stop.
mv: cannot stat 'results.txt': No such file or directory
End run student 2025-07-08-XXX-2061703, exercise 1, test 5

Begin run  student 2025-07-08-XXX-2084249, exercise 1, test 5. Output file is: results.txt
rm: cannot remove 'main': No such file or directory
g++ -std=c++17 -Wall -Wextra -g -I. -I../mocc main.cpp helper.cpp ../mocc/time.cpp ../mocc/math.cpp -o main
In file included from ../mocc/time.cpp:1:
../mocc/time.hpp: In constructor ‘Timer::Timer(real_t, TimerMode, real_t)’:
../mocc/time.hpp:30:15: warning: ‘Timer::mode’ will be initialized after [-Wreorder]
   30 |     TimerMode mode;
      |               ^~~~
../mocc/time.hpp:29:18: warning:   ‘const real_t Timer::delta’ [-Wreorder]
   29 |     const real_t delta;
      |                  ^~~~~
../mocc/time.cpp:12:1: warning:   when initialized here [-Wreorder]
   12 | Timer::Timer(real_t duration, TimerMode mode, real_t delta)
      | ^~~~~
End run student 2025-07-08-XXX-2084249, exercise 1, test 5

Begin run  student 2025-07-08-XXX-2076586, exercise 1, test 5. Output file is: results.txt
rm: cannot remove 'main': No such file or directory
g++ -Wall -Wextra -std=c++17 -g -c main.cpp -o main.o
g++ -Wall -Wextra -std=c++17 -g -o main main.o
mv: cannot stat 'results.txt': No such file or directory
End run student 2025-07-08-XXX-2076586, exercise 1, test 5

Begin run  student 2025-07-08-XXX-2086686, exercise 1, test 5. Output file is: results.txt
rm: cannot remove 'main': No such file or directory
g++ -c -o main.o main.cpp -std=c++11 -I.  -lm -g
g++ -o main main.o -std=c++11 -I.  -lm -g
End run student 2025-07-08-XXX-2086686, exercise 1, test 5

Begin run  student 2025-07-08-XXX-2063098, exercise 1, test 5. Output file is: results.txt
rm: cannot remove 'main': No such file or directory
rm: cannot remove 'results.txt': No such file or directory
g++ -lm -O3  -c main.cpp -o main.o
g++ -lm -O3  main.o -o main
End run student 2025-07-08-XXX-2063098, exercise 1, test 5

Begin run  student 2025-07-08-XXX-1933070, exercise 1, test 5. Output file is: results.txt
rm: cannot remove 'main': No such file or directory
g++ -std=c++17 -Wall -O3 -c main.cpp
main.cpp: In function ‘double calculate_fi(const std::vector<vehicle>&, int, double)’:
main.cpp:32:15: warning: comparison of integer expressions of different signedness: ‘size_t’ {aka ‘long unsigned int’} and ‘int’ [-Wsign-compare]
   32 |         if (j != i) {
      |             ~~^~~~
g++ -std=c++17 -Wall -O3 -o main main.o
End run student 2025-07-08-XXX-1933070, exercise 1, test 5

Begin run  student 2025-07-08-XXX-1938972, exercise 1, test 5. Output file is: results.txt
rm: cannot remove 'main': No such file or directory
g++ -lm -O3 main.cpp -o main
End run student 2025-07-08-XXX-1938972, exercise 1, test 5

Begin run  student 2025-07-08-XXX-2006100, exercise 1, test 5. Output file is: results.txt
rm: cannot remove 'main': No such file or directory
rm: cannot remove 'results.txt': No such file or directory
make: *** No targets specified and no makefile found.  Stop.
mv: cannot stat 'results.txt': No such file or directory
End run student 2025-07-08-XXX-2006100, exercise 1, test 5

Begin run  student 2025-07-08-XXX-2056804, exercise 1, test 5. Output file is: results.txt
cp: cannot stat '/home/enrico/edata/tronci@di.uniroma1.it/enrico/teaching/EXAMS/software-engineering/cpp-grader/submissions/2025-07-08-XXX-2056804': No such file or directory
cp: cannot create regular file '/home/enrico/edata/tronci@di.uniroma1.it/enrico/teaching/EXAMS/software-engineering/cpp-grader/testdir/2025-07-08-XXX-2056804/1': No such file or directory
./grade1stud1ex1test.sh: line 39: cd: /home/enrico/edata/tronci@di.uniroma1.it/enrico/teaching/EXAMS/software-engineering/cpp-grader/testdir/2025-07-08-XXX-2056804/1: No such file or directory
rm: cannot remove 'main': No such file or directory
rm: cannot remove 'results.txt': No such file or directory
make: *** No targets specified and no makefile found.  Stop.
mv: cannot stat 'results.txt': No such file or directory
End run student 2025-07-08-XXX-2056804, exercise 1, test 5

Begin run  student 2025-07-08-XXX-1911644, exercise 1, test 5. Output file is: results.txt
g++ -std=c++17 -O2 -Wall -o main main.cpp
End run student 2025-07-08-XXX-1911644, exercise 1, test 5

Begin run  student 2025-07-08-XXX-1911623, exercise 1, test 5. Output file is: results.txt
rm: cannot remove 'results.txt': No such file or directory
g++ -std=c++11 -Wall -Wextra -Wpedantic -lm -O3 -c main.cpp -o main.o
main.cpp: In function ‘int main()’:
main.cpp:113:14: warning: unused variable ‘res’ [-Wunused-variable]
  113 |       double res = 1000;
      |              ^~~
main.cpp:114:14: warning: unused variable ‘f’ [-Wunused-variable]
  114 |       double f = F(A, N, i, drones);
      |              ^
main.cpp:116:14: warning: unused variable ‘a’ [-Wunused-variable]
  116 |       double a = 0;
      |              ^
g++ -std=c++11 -Wall -Wextra -Wpedantic -lm -O3 main.o -o main
mv: cannot stat 'results.txt': No such file or directory
End run student 2025-07-08-XXX-1911623, exercise 1, test 5

Begin run  student 2025-07-08-XXX-1965156, exercise 1, test 5. Output file is: results.txt
rm: cannot remove 'main': No such file or directory
rm: cannot remove 'results.txt': No such file or directory
g++ -std=c++17 -O2 -Wall -o main main.cpp
End run student 2025-07-08-XXX-1965156, exercise 1, test 5

Begin run  student 2025-07-08-XXX-2067545, exercise 1, test 5. Output file is: results.txt
rm: cannot remove 'main': No such file or directory
g++ -c -o main.o main.cpp -std=c++11 -I.  -lm -g
g++ -o main main.o -std=c++11 -I.  -lm -g
End run student 2025-07-08-XXX-2067545, exercise 1, test 5

Begin run  student 2025-07-08-XXX-2070317, exercise 1, test 5. Output file is: results.txt
rm: cannot remove 'main': No such file or directory
g++ -Wall -Wextra -std=c++17 -g -c main.cpp -o main.o
main.cpp: In function ‘double computeFi(int, const std::vector<veicolo>&, double)’:
main.cpp:66:23: warning: comparison of integer expressions of different signedness: ‘int’ and ‘std::vector<veicolo>::size_type’ {aka ‘long unsigned int’} [-Wsign-compare]
   66 |     for (int j = 0; j < veicoli.size(); ++j) {
      |                     ~~^~~~~~~~~~~~~~~~
g++ -Wall -Wextra -std=c++17 -g -o main main.o
End run student 2025-07-08-XXX-2070317, exercise 1, test 5

Begin run  student 2025-07-08-XXX-2043415, exercise 1, test 5. Output file is: results.txt
rm: cannot remove 'main': No such file or directory
g++ -c -o main.o main.cpp -std=c++11 -I.  -lm -static
g++ -c -o randgen.o randgen.cpp -std=c++11 -I.  -lm -static
g++ -c -o vehicle.o vehicle.cpp -std=c++11 -I.  -lm -static
g++ -o main main.o randgen.o vehicle.o -std=c++11 -I.  -lm -static; rm *.o;
mv: cannot stat 'results.txt': No such file or directory
End run student 2025-07-08-XXX-2043415, exercise 1, test 5

Begin run  student 2025-07-08-XXX-2043364, exercise 1, test 5. Output file is: results.txt
rm: cannot remove 'main': No such file or directory
rm: cannot remove 'results.txt': No such file or directory
g++ -lm -O3  -c main.cpp -o main.o
g++ -lm -O3  main.o -o main
End run student 2025-07-08-XXX-2043364, exercise 1, test 5

Begin run  student 2025-07-08-XXX-2053090, exercise 1, test 5. Output file is: results.txt
g++ main.cpp -o main
mv: cannot stat 'results.txt': No such file or directory
End run student 2025-07-08-XXX-2053090, exercise 1, test 5

Begin run  student 2025-07-08-XXX-2046124, exercise 1, test 5. Output file is: results.txt
rm: cannot remove 'main': No such file or directory
g++ -c -o main.o main.cpp -std=c++11 -I.  -lm 
g++ -o main main.o -std=c++11 -I.  -lm 
mv: cannot stat 'results.txt': No such file or directory
End run student 2025-07-08-XXX-2046124, exercise 1, test 5

Begin run  student 2025-07-08-XXX-1996206, exercise 1, test 5. Output file is: results.txt
rm: cannot remove 'main': No such file or directory
g++ -std=c++11 -o main main.cpp
End run student 2025-07-08-XXX-1996206, exercise 1, test 5

Begin run  student 2025-07-08-XXX-2080998, exercise 1, test 5. Output file is: results.txt
g++ -c -o global.o global.cpp -std=c++11 -I. -lm -g -Wall
g++ -c -o main.o main.cpp -std=c++11 -I. -lm -g -Wall
g++ -c -o simulator.o simulator.cpp -std=c++11 -I. -lm -g -Wall
g++ -c -o veicolo.o veicolo.cpp -std=c++11 -I. -lm -g -Wall
g++ -o main global.o main.o simulator.o veicolo.o -std=c++11 -I. -lm -g -Wall
End run student 2025-07-08-XXX-2080998, exercise 1, test 5

Begin run  student 2025-07-08-XXX-2054535, exercise 1, test 5. Output file is: results.txt
rm: cannot remove 'main': No such file or directory
rm: cannot remove 'results.txt': No such file or directory
make: *** No targets.  Stop.
mv: cannot stat 'results.txt': No such file or directory
End run student 2025-07-08-XXX-2054535, exercise 1, test 5

Begin run  student 2025-07-08-XXX-2026514, exercise 1, test 5. Output file is: results.txt
g++ -lm -O3  -c main.cpp -o main.o
g++ -lm -O3  main.o -o main
End run student 2025-07-08-XXX-2026514, exercise 1, test 5

Begin run  student 2025-07-08-XXX-2087310, exercise 1, test 5. Output file is: results.txt
rm: cannot remove 'main': No such file or directory
g++ -std=c++11 main.cpp -o main
mv: cannot stat 'results.txt': No such file or directory
End run student 2025-07-08-XXX-2087310, exercise 1, test 5

Begin run  student 2025-07-08-XXX-2050553, exercise 1, test 5. Output file is: results.txt
g++ -lm -O3 main.cpp -o main
End run student 2025-07-08-XXX-2050553, exercise 1, test 5

Begin run  student 2025-07-08-XXX-2087354, exercise 1, test 5. Output file is: results.txt
rm: cannot remove 'main': No such file or directory
g++ -std=c++17 -Wall -Wextra -g -I. -I../mocc main.cpp bro.cpp ../mocc/time.cpp ../mocc/sasholo.cpp ../mocc/math.cpp -o main
In file included from ../mocc/time.cpp:1:
../mocc/time.hpp: In constructor ‘Timer::Timer(real_t, TimerMode, real_t)’:
../mocc/time.hpp:30:15: warning: ‘Timer::mode’ will be initialized after [-Wreorder]
   30 |     TimerMode mode;
      |               ^~~~
../mocc/time.hpp:29:18: warning:   ‘const real_t Timer::delta’ [-Wreorder]
   29 |     const real_t delta;
      |                  ^~~~~
../mocc/time.cpp:12:1: warning:   when initialized here [-Wreorder]
   12 | Timer::Timer(real_t duration, TimerMode mode, real_t delta)
      | ^~~~~
mv: cannot stat 'results.txt': No such file or directory
End run student 2025-07-08-XXX-2087354, exercise 1, test 5

Begin run  student 2025-07-08-XXX-2087359, exercise 1, test 5. Output file is: results.txt
g++ -lm -O3 main.cpp Veicolo.hpp -o main
main.cpp: In function ‘int main()’:
main.cpp:37:32: error: ‘A’ was not declared in this scope
   37 |             Veicolo v(i, V, Q, A, N);
      |                                ^
make: *** [Makefile:5: main] Error 1
mv: cannot stat 'results.txt': No such file or directory
End run student 2025-07-08-XXX-2087359, exercise 1, test 5

Begin run  student 2025-07-08-XXX-2034930, exercise 1, test 5. Output file is: results.txt
g++ -lm -O3 -std=c++11 main.cpp -o main
End run student 2025-07-08-XXX-2034930, exercise 1, test 5

Begin run  student 2025-07-08-XXX-2068178, exercise 1, test 5. Output file is: results.txt
rm: cannot remove 'main': No such file or directory
g++ -lm -O3 -std=c++11 -c main.cpp -o main.o
g++ -lm -O3 -std=c++11 -c simulation.cpp -o simulation.o
In file included from simulation.cpp:1:
simulation.h:10:26: error: ‘std::ifstream’ has not been declared
   10 |     void initialize(std::ifstream& paramFile);
      |                          ^~~~~~~~
simulation.h:13:35: error: ‘string’ in namespace ‘std’ does not name a type
   13 |     void outputResults(const std::string& filename);
      |                                   ^~~~~~
simulation.h:6:1: note: ‘std::string’ is defined in header ‘<string>’; did you forget to ‘#include <string>’?
    5 | #include "vehicle.h"
  +++ |+#include <string>
    6 | 
simulation.cpp:10:6: error: no declaration matches ‘void Simulation::initialize(std::ifstream&)’
   10 | void Simulation::initialize(std::ifstream& paramFile) {
      |      ^~~~~~~~~~
simulation.h:10:10: note: candidate is: ‘void Simulation::initialize(int&)’
   10 |     void initialize(std::ifstream& paramFile);
      |          ^~~~~~~~~~
simulation.h:7:7: note: ‘class Simulation’ defined here
    7 | class Simulation {
      |       ^~~~~~~~~~
simulation.cpp:63:6: error: no declaration matches ‘void Simulation::outputResults(const std::string&)’
   63 | void Simulation::outputResults(const std::string& filename) {
      |      ^~~~~~~~~~
simulation.h:13:10: note: candidate is: ‘void Simulation::outputResults(const int&)’
   13 |     void outputResults(const std::string& filename);
      |          ^~~~~~~~~~~~~
simulation.h:7:7: note: ‘class Simulation’ defined here
    7 | class Simulation {
      |       ^~~~~~~~~~
make: *** [Makefile:20: simulation.o] Error 1
mv: cannot stat 'results.txt': No such file or directory
End run student 2025-07-08-XXX-2068178, exercise 1, test 5

Begin run  student 2025-07-08-XXX-2060062, exercise 1, test 5. Output file is: results.txt
rm: cannot remove 'main': No such file or directory
rm: cannot remove 'results.txt': No such file or directory
g++ -lm -std=c++17  -o main main.cpp
End run student 2025-07-08-XXX-2060062, exercise 1, test 5

