Log for exercise 2
Begin run  student 2025-07-08-XXX-2085561, exercise 2, test 1. Output file is: results.txt
rm: cannot remove 'main': No such file or directory
rm: cannot remove 'results.txt': No such file or directory
make: *** No targets specified and no makefile found.  Stop.
mv: cannot stat 'results.txt': No such file or directory
End run student 2025-07-08-XXX-2085561, exercise 2, test 1

Begin run  student 2025-07-08-XXX-1992383, exercise 2, test 1. Output file is: results.txt
rm: cannot remove 'main': No such file or directory
rm: cannot remove 'results.txt': No such file or directory
g++ ex2.cpp -o ex2 -Wall -g -std=c++11 -O2 -lm
mv: cannot stat 'results.txt': No such file or directory
End run student 2025-07-08-XXX-1992383, exercise 2, test 1

Begin run  student 2025-07-08-XXX-2014598, exercise 2, test 1. Output file is: results.txt
rm: cannot remove 'main': No such file or directory
rm: cannot remove 'results.txt': No such file or directory
g++ -O2 -Wall -std=c++17 -c main.cpp -o main.o
g++ -O2 -Wall -std=c++17 -c library.cpp -o library.o
g++ -O2 -Wall -std=c++17 main.o library.o -o main
End run student 2025-07-08-XXX-2014598, exercise 2, test 1

Begin run  student 2025-07-08-XXX-1810132, exercise 2, test 1. Output file is: results.txt
make: /snap/cmake/1468/bin/cmake: No such file or directory
make: *** [Makefile:179: cmake_check_build_system] Error 127
mv: cannot stat 'results.txt': No such file or directory
End run student 2025-07-08-XXX-1810132, exercise 2, test 1

Begin run  student 2025-07-08-XXX-2083321, exercise 2, test 1. Output file is: results.txt
g++ main.cpp -o main
End run student 2025-07-08-XXX-2083321, exercise 2, test 1

Begin run  student 2025-07-08-XXX-2043199, exercise 2, test 1. Output file is: results.txt
rm: cannot remove 'main': No such file or directory
rm: cannot remove 'results.txt': No such file or directory
rm -f *.exe
mv: cannot stat 'results.txt': No such file or directory
End run student 2025-07-08-XXX-2043199, exercise 2, test 1

Begin run  student 2025-07-08-XXX-2046502, exercise 2, test 1. Output file is: results.txt
g++ -std=c++17 -O2 -Wall main.cpp helper.cpp -o main
helper.cpp: In function ‘double compute_Fi(const std::vector<Vehicle>&, int, double)’:
helper.cpp:14:23: warning: comparison of integer expressions of different signedness: ‘int’ and ‘std::vector<Vehicle>::size_type’ {aka ‘long unsigned int’} [-Wsign-compare]
   14 |     for (int j = 0; j < vehicles.size(); ++j) {
      |                     ~~^~~~~~~~~~~~~~~~~
End run student 2025-07-08-XXX-2046502, exercise 2, test 1

Begin run  student 2025-07-08-XXX-2046840, exercise 2, test 1. Output file is: results.txt
g++ -std=c++11 -Wall -O2 -c main.cpp -o main.o
main.cpp: In function ‘double functionOfI(const std::vector<std::vector<double> >&, const std::vector<double>&, const std::vector<double>&, double, int)’:
main.cpp:40:15: warning: comparison of integer expressions of different signedness: ‘size_t’ {aka ‘long unsigned int’} and ‘int’ [-Wsign-compare]
   40 |         if (j != idx)
      |             ~~^~~~~~
g++ -std=c++11 -Wall -O2 -o main main.o
End run student 2025-07-08-XXX-2046840, exercise 2, test 1

Begin run  student 2025-07-08-XXX-2061703, exercise 2, test 1. Output file is: results.txt
rm: cannot remove 'main': No such file or directory
rm: cannot remove 'results.txt': No such file or directory
make: *** No targets specified and no makefile found.  Stop.
mv: cannot stat 'results.txt': No such file or directory
End run student 2025-07-08-XXX-2061703, exercise 2, test 1

Begin run  student 2025-07-08-XXX-2084249, exercise 2, test 1. Output file is: results.txt
rm: cannot remove 'main': No such file or directory
g++ -std=c++17 -Wall -Wextra -g -I. -I../mocc main.cpp helper.cpp ../mocc/time.cpp ../mocc/math.cpp -o main
In file included from ../mocc/time.cpp:1:
../mocc/time.hpp: In constructor ‘Timer::Timer(real_t, TimerMode, real_t)’:
../mocc/time.hpp:30:15: warning: ‘Timer::mode’ will be initialized after [-Wreorder]
   30 |     TimerMode mode;
      |               ^~~~
../mocc/time.hpp:29:18: warning:   ‘const real_t Timer::delta’ [-Wreorder]
   29 |     const real_t delta;
      |                  ^~~~~
../mocc/time.cpp:12:1: warning:   when initialized here [-Wreorder]
   12 | Timer::Timer(real_t duration, TimerMode mode, real_t delta)
      | ^~~~~
End run student 2025-07-08-XXX-2084249, exercise 2, test 1

Begin run  student 2025-07-08-XXX-2076586, exercise 2, test 1. Output file is: results.txt
rm: cannot remove 'main': No such file or directory
g++ -Wall -Wextra -std=c++17 -g -c main.cpp -o main.o
g++ -Wall -Wextra -std=c++17 -g -o main main.o
End run student 2025-07-08-XXX-2076586, exercise 2, test 1

Begin run  student 2025-07-08-XXX-2086686, exercise 2, test 1. Output file is: results.txt
rm: cannot remove 'main': No such file or directory
g++ -c -o main.o main.cpp -std=c++11 -I.  -lm -g
g++ -o main main.o -std=c++11 -I.  -lm -g
End run student 2025-07-08-XXX-2086686, exercise 2, test 1

Begin run  student 2025-07-08-XXX-2063098, exercise 2, test 1. Output file is: results.txt
rm: cannot remove 'main': No such file or directory
rm: cannot remove 'results.txt': No such file or directory
g++ -lm -O3  -c main.cpp -o main.o
g++ -lm -O3  main.o -o main
End run student 2025-07-08-XXX-2063098, exercise 2, test 1

Begin run  student 2025-07-08-XXX-1933070, exercise 2, test 1. Output file is: results.txt
rm: cannot remove 'main': No such file or directory
g++ -std=c++17 -Wall -O3 -c main.cpp
g++ -std=c++17 -Wall -O3 -o main main.o
End run student 2025-07-08-XXX-1933070, exercise 2, test 1

Begin run  student 2025-07-08-XXX-1938972, exercise 2, test 1. Output file is: results.txt
rm: cannot remove 'main': No such file or directory
g++ -lm -O3 main.cpp -o main
End run student 2025-07-08-XXX-1938972, exercise 2, test 1

Begin run  student 2025-07-08-XXX-2006100, exercise 2, test 1. Output file is: results.txt
rm: cannot remove 'main': No such file or directory
rm: cannot remove 'results.txt': No such file or directory
make: *** No targets specified and no makefile found.  Stop.
mv: cannot stat 'results.txt': No such file or directory
End run student 2025-07-08-XXX-2006100, exercise 2, test 1

Begin run  student 2025-07-08-XXX-2056804, exercise 2, test 1. Output file is: results.txt
cp: cannot stat '/home/enrico/edata/tronci@di.uniroma1.it/enrico/teaching/EXAMS/software-engineering/cpp-grader/submissions/2025-07-08-XXX-2056804': No such file or directory
cp: cannot create regular file '/home/enrico/edata/tronci@di.uniroma1.it/enrico/teaching/EXAMS/software-engineering/cpp-grader/testdir/2025-07-08-XXX-2056804/2': No such file or directory
./grade1stud1ex1test.sh: line 39: cd: /home/enrico/edata/tronci@di.uniroma1.it/enrico/teaching/EXAMS/software-engineering/cpp-grader/testdir/2025-07-08-XXX-2056804/2: No such file or directory
rm: cannot remove 'main': No such file or directory
rm: cannot remove 'results.txt': No such file or directory
make: *** No targets specified and no makefile found.  Stop.
mv: cannot stat 'results.txt': No such file or directory
End run student 2025-07-08-XXX-2056804, exercise 2, test 1

Begin run  student 2025-07-08-XXX-1911644, exercise 2, test 1. Output file is: results.txt
g++ -std=c++17 -O2 -Wall -o main main.cpp
End run student 2025-07-08-XXX-1911644, exercise 2, test 1

Begin run  student 2025-07-08-XXX-1911623, exercise 2, test 1. Output file is: results.txt
rm: cannot remove 'main': No such file or directory
rm: cannot remove 'results.txt': No such file or directory
g++ -std=c++11 -Wall -Wextra -Wpedantic -lm -O3  -o main
/usr/bin/ld: /usr/lib/gcc/x86_64-linux-gnu/13/../../../x86_64-linux-gnu/Scrt1.o: in function `_start':
(.text+0x1b): undefined reference to `main'
collect2: error: ld returned 1 exit status
make: *** [makefile:11: main] Error 1
mv: cannot stat 'results.txt': No such file or directory
End run student 2025-07-08-XXX-1911623, exercise 2, test 1

Begin run  student 2025-07-08-XXX-1965156, exercise 2, test 1. Output file is: results.txt
rm: cannot remove 'main': No such file or directory
rm: cannot remove 'results.txt': No such file or directory
g++ -std=c++17 -O2 -Wall -o main main.cpp
End run student 2025-07-08-XXX-1965156, exercise 2, test 1

Begin run  student 2025-07-08-XXX-2067545, exercise 2, test 1. Output file is: results.txt
rm: cannot remove 'main': No such file or directory
g++ -c -o main.o main.cpp -std=c++11 -I.  -lm -g
g++ -o main main.o -std=c++11 -I.  -lm -g
End run student 2025-07-08-XXX-2067545, exercise 2, test 1

Begin run  student 2025-07-08-XXX-2070317, exercise 2, test 1. Output file is: results.txt
./grade1stud1ex1test.sh: line 39: cd: /home/enrico/edata/tronci@di.uniroma1.it/enrico/teaching/EXAMS/software-engineering/cpp-grader/testdir/2025-07-08-XXX-2070317/2: Not a directory
rm: cannot remove 'main': No such file or directory
rm: cannot remove 'results.txt': No such file or directory
make: *** No targets specified and no makefile found.  Stop.
mv: cannot stat 'results.txt': No such file or directory
End run student 2025-07-08-XXX-2070317, exercise 2, test 1

Begin run  student 2025-07-08-XXX-2043415, exercise 2, test 1. Output file is: results.txt
g++ -c -o main.o main.cpp -std=c++11 -I.  -lm -static
g++ -c -o randgen.o randgen.cpp -std=c++11 -I.  -lm -static
g++ -c -o vehicle.o vehicle.cpp -std=c++11 -I.  -lm -static
g++ -o main main.o randgen.o vehicle.o -std=c++11 -I.  -lm -static; rm *.o;
./grade1stud1ex1test.sh: line 45: 243175 Floating point exceptionnice -20 timeout -k 180 180s ./main >&$1.$2.$3.log
mv: cannot stat 'results.txt': No such file or directory
End run student 2025-07-08-XXX-2043415, exercise 2, test 1

Begin run  student 2025-07-08-XXX-2043364, exercise 2, test 1. Output file is: results.txt
rm: cannot remove 'main': No such file or directory
g++ -lm -O3  -c main.cpp -o main.o
g++ -lm -O3  main.o -o main
End run student 2025-07-08-XXX-2043364, exercise 2, test 1

Begin run  student 2025-07-08-XXX-2053090, exercise 2, test 1. Output file is: results.txt
g++ main.cpp -o main
./grade1stud1ex1test.sh: line 45: 243223 Floating point exceptionnice -20 timeout -k 180 180s ./main >&$1.$2.$3.log
mv: cannot stat 'results.txt': No such file or directory
End run student 2025-07-08-XXX-2053090, exercise 2, test 1

Begin run  student 2025-07-08-XXX-2046124, exercise 2, test 1. Output file is: results.txt
rm: cannot remove 'main': No such file or directory
g++ -c -o main.o main.cpp -std=c++11 -I.  -lm 
g++ -o main main.o -std=c++11 -I.  -lm 
End run student 2025-07-08-XXX-2046124, exercise 2, test 1

Begin run  student 2025-07-08-XXX-1996206, exercise 2, test 1. Output file is: results.txt
rm: cannot remove 'main': No such file or directory
g++ -std=c++11 -o main main.cpp
mv: cannot stat 'results.txt': No such file or directory
End run student 2025-07-08-XXX-1996206, exercise 2, test 1

Begin run  student 2025-07-08-XXX-2080998, exercise 2, test 1. Output file is: results.txt
g++ -c -o global.o global.cpp -std=c++11 -I. -lm -g -Wall
g++ -c -o main.o main.cpp -std=c++11 -I. -lm -g -Wall
g++ -c -o simulator.o simulator.cpp -std=c++11 -I. -lm -g -Wall
g++ -c -o veicolo.o veicolo.cpp -std=c++11 -I. -lm -g -Wall
g++ -o main global.o main.o simulator.o veicolo.o -std=c++11 -I. -lm -g -Wall
./grade1stud1ex1test.sh: line 45: 243304 Floating point exceptionnice -20 timeout -k 180 180s ./main >&$1.$2.$3.log
End run student 2025-07-08-XXX-2080998, exercise 2, test 1

Begin run  student 2025-07-08-XXX-2054535, exercise 2, test 1. Output file is: results.txt
rm: cannot remove 'main': No such file or directory
rm: cannot remove 'results.txt': No such file or directory
make: *** No targets.  Stop.
mv: cannot stat 'results.txt': No such file or directory
End run student 2025-07-08-XXX-2054535, exercise 2, test 1

Begin run  student 2025-07-08-XXX-2026514, exercise 2, test 1. Output file is: results.txt
g++ -lm -O3  -c main.cpp -o main.o
g++ -lm -O3  main.o -o main
End run student 2025-07-08-XXX-2026514, exercise 2, test 1

Begin run  student 2025-07-08-XXX-2087310, exercise 2, test 1. Output file is: results.txt
rm: cannot remove 'main': No such file or directory
g++ -std=c++11 main.cpp -o main
End run student 2025-07-08-XXX-2087310, exercise 2, test 1

Begin run  student 2025-07-08-XXX-2050553, exercise 2, test 1. Output file is: results.txt
g++ -lm -O3 main.cpp -o main
End run student 2025-07-08-XXX-2050553, exercise 2, test 1

Begin run  student 2025-07-08-XXX-2087354, exercise 2, test 1. Output file is: results.txt
rm: cannot remove 'main': No such file or directory
g++ -std=c++17 -Wall -Wextra -g -I. -I../mocc main.cpp bro.cpp ../mocc/time.cpp ../mocc/sasholo.cpp ../mocc/math.cpp -o main
In file included from ../mocc/time.cpp:1:
../mocc/time.hpp: In constructor ‘Timer::Timer(real_t, TimerMode, real_t)’:
../mocc/time.hpp:30:15: warning: ‘Timer::mode’ will be initialized after [-Wreorder]
   30 |     TimerMode mode;
      |               ^~~~
../mocc/time.hpp:29:18: warning:   ‘const real_t Timer::delta’ [-Wreorder]
   29 |     const real_t delta;
      |                  ^~~~~
../mocc/time.cpp:12:1: warning:   when initialized here [-Wreorder]
   12 | Timer::Timer(real_t duration, TimerMode mode, real_t delta)
      | ^~~~~
End run student 2025-07-08-XXX-2087354, exercise 2, test 1

Begin run  student 2025-07-08-XXX-2087359, exercise 2, test 1. Output file is: results.txt
g++ -lm -O3 main.cpp Veicolo.hpp -o main
./grade1stud1ex1test.sh: line 45: 243453 Floating point exceptionnice -20 timeout -k 180 180s ./main >&$1.$2.$3.log
mv: cannot stat 'results.txt': No such file or directory
End run student 2025-07-08-XXX-2087359, exercise 2, test 1

Begin run  student 2025-07-08-XXX-2034930, exercise 2, test 1. Output file is: results.txt
g++ -lm -O3 -std=c++11 main.cpp -o main
./grade1stud1ex1test.sh: line 45: 243477 Floating point exceptionnice -20 timeout -k 180 180s ./main >&$1.$2.$3.log
mv: cannot stat 'results.txt': No such file or directory
End run student 2025-07-08-XXX-2034930, exercise 2, test 1

Begin run  student 2025-07-08-XXX-2068178, exercise 2, test 1. Output file is: results.txt
rm: cannot remove 'main': No such file or directory
g++ -lm -O3 -std=c++11 -c main.cpp -o main.o
g++ -lm -O3 -std=c++11 main.o -o main
End run student 2025-07-08-XXX-2068178, exercise 2, test 1

Begin run  student 2025-07-08-XXX-2060062, exercise 2, test 1. Output file is: results.txt
rm: cannot remove 'main': No such file or directory
rm: cannot remove 'results.txt': No such file or directory
g++ -lm -std=c++17  -o main main.cpp
./grade1stud1ex1test.sh: line 45: 243525 Floating point exceptionnice -20 timeout -k 180 180s ./main >&$1.$2.$3.log
mv: cannot stat 'results.txt': No such file or directory
End run student 2025-07-08-XXX-2060062, exercise 2, test 1

Begin run  student 2025-07-08-XXX-2085561, exercise 2, test 2. Output file is: results.txt
rm: cannot remove 'main': No such file or directory
rm: cannot remove 'results.txt': No such file or directory
make: *** No targets specified and no makefile found.  Stop.
mv: cannot stat 'results.txt': No such file or directory
End run student 2025-07-08-XXX-2085561, exercise 2, test 2

Begin run  student 2025-07-08-XXX-1992383, exercise 2, test 2. Output file is: results.txt
rm: cannot remove 'main': No such file or directory
rm: cannot remove 'results.txt': No such file or directory
g++ ex2.cpp -o ex2 -Wall -g -std=c++11 -O2 -lm
mv: cannot stat 'results.txt': No such file or directory
End run student 2025-07-08-XXX-1992383, exercise 2, test 2

Begin run  student 2025-07-08-XXX-2014598, exercise 2, test 2. Output file is: results.txt
rm: cannot remove 'main': No such file or directory
rm: cannot remove 'results.txt': No such file or directory
g++ -O2 -Wall -std=c++17 -c main.cpp -o main.o
g++ -O2 -Wall -std=c++17 -c library.cpp -o library.o
g++ -O2 -Wall -std=c++17 main.o library.o -o main
End run student 2025-07-08-XXX-2014598, exercise 2, test 2

Begin run  student 2025-07-08-XXX-1810132, exercise 2, test 2. Output file is: results.txt
make: /snap/cmake/1468/bin/cmake: No such file or directory
make: *** [Makefile:179: cmake_check_build_system] Error 127
mv: cannot stat 'results.txt': No such file or directory
End run student 2025-07-08-XXX-1810132, exercise 2, test 2

Begin run  student 2025-07-08-XXX-2083321, exercise 2, test 2. Output file is: results.txt
g++ main.cpp -o main
End run student 2025-07-08-XXX-2083321, exercise 2, test 2

Begin run  student 2025-07-08-XXX-2043199, exercise 2, test 2. Output file is: results.txt
rm: cannot remove 'main': No such file or directory
rm: cannot remove 'results.txt': No such file or directory
rm -f *.exe
mv: cannot stat 'results.txt': No such file or directory
End run student 2025-07-08-XXX-2043199, exercise 2, test 2

Begin run  student 2025-07-08-XXX-2046502, exercise 2, test 2. Output file is: results.txt
g++ -std=c++17 -O2 -Wall main.cpp helper.cpp -o main
helper.cpp: In function ‘double compute_Fi(const std::vector<Vehicle>&, int, double)’:
helper.cpp:14:23: warning: comparison of integer expressions of different signedness: ‘int’ and ‘std::vector<Vehicle>::size_type’ {aka ‘long unsigned int’} [-Wsign-compare]
   14 |     for (int j = 0; j < vehicles.size(); ++j) {
      |                     ~~^~~~~~~~~~~~~~~~~
End run student 2025-07-08-XXX-2046502, exercise 2, test 2

Begin run  student 2025-07-08-XXX-2046840, exercise 2, test 2. Output file is: results.txt
g++ -std=c++11 -Wall -O2 -c main.cpp -o main.o
main.cpp: In function ‘double functionOfI(const std::vector<std::vector<double> >&, const std::vector<double>&, const std::vector<double>&, double, int)’:
main.cpp:40:15: warning: comparison of integer expressions of different signedness: ‘size_t’ {aka ‘long unsigned int’} and ‘int’ [-Wsign-compare]
   40 |         if (j != idx)
      |             ~~^~~~~~
g++ -std=c++11 -Wall -O2 -o main main.o
End run student 2025-07-08-XXX-2046840, exercise 2, test 2

Begin run  student 2025-07-08-XXX-2061703, exercise 2, test 2. Output file is: results.txt
rm: cannot remove 'main': No such file or directory
rm: cannot remove 'results.txt': No such file or directory
make: *** No targets specified and no makefile found.  Stop.
mv: cannot stat 'results.txt': No such file or directory
End run student 2025-07-08-XXX-2061703, exercise 2, test 2

Begin run  student 2025-07-08-XXX-2084249, exercise 2, test 2. Output file is: results.txt
rm: cannot remove 'main': No such file or directory
g++ -std=c++17 -Wall -Wextra -g -I. -I../mocc main.cpp helper.cpp ../mocc/time.cpp ../mocc/math.cpp -o main
In file included from ../mocc/time.cpp:1:
../mocc/time.hpp: In constructor ‘Timer::Timer(real_t, TimerMode, real_t)’:
../mocc/time.hpp:30:15: warning: ‘Timer::mode’ will be initialized after [-Wreorder]
   30 |     TimerMode mode;
      |               ^~~~
../mocc/time.hpp:29:18: warning:   ‘const real_t Timer::delta’ [-Wreorder]
   29 |     const real_t delta;
      |                  ^~~~~
../mocc/time.cpp:12:1: warning:   when initialized here [-Wreorder]
   12 | Timer::Timer(real_t duration, TimerMode mode, real_t delta)
      | ^~~~~
End run student 2025-07-08-XXX-2084249, exercise 2, test 2

Begin run  student 2025-07-08-XXX-2076586, exercise 2, test 2. Output file is: results.txt
rm: cannot remove 'main': No such file or directory
g++ -Wall -Wextra -std=c++17 -g -c main.cpp -o main.o
g++ -Wall -Wextra -std=c++17 -g -o main main.o
End run student 2025-07-08-XXX-2076586, exercise 2, test 2

Begin run  student 2025-07-08-XXX-2086686, exercise 2, test 2. Output file is: results.txt
rm: cannot remove 'main': No such file or directory
g++ -c -o main.o main.cpp -std=c++11 -I.  -lm -g
g++ -o main main.o -std=c++11 -I.  -lm -g
End run student 2025-07-08-XXX-2086686, exercise 2, test 2

Begin run  student 2025-07-08-XXX-2063098, exercise 2, test 2. Output file is: results.txt
rm: cannot remove 'main': No such file or directory
rm: cannot remove 'results.txt': No such file or directory
g++ -lm -O3  -c main.cpp -o main.o
g++ -lm -O3  main.o -o main
End run student 2025-07-08-XXX-2063098, exercise 2, test 2

Begin run  student 2025-07-08-XXX-1933070, exercise 2, test 2. Output file is: results.txt
rm: cannot remove 'main': No such file or directory
g++ -std=c++17 -Wall -O3 -c main.cpp
g++ -std=c++17 -Wall -O3 -o main main.o
End run student 2025-07-08-XXX-1933070, exercise 2, test 2

Begin run  student 2025-07-08-XXX-1938972, exercise 2, test 2. Output file is: results.txt
rm: cannot remove 'main': No such file or directory
g++ -lm -O3 main.cpp -o main
End run student 2025-07-08-XXX-1938972, exercise 2, test 2

Begin run  student 2025-07-08-XXX-2006100, exercise 2, test 2. Output file is: results.txt
rm: cannot remove 'main': No such file or directory
rm: cannot remove 'results.txt': No such file or directory
make: *** No targets specified and no makefile found.  Stop.
mv: cannot stat 'results.txt': No such file or directory
End run student 2025-07-08-XXX-2006100, exercise 2, test 2

Begin run  student 2025-07-08-XXX-2056804, exercise 2, test 2. Output file is: results.txt
cp: cannot stat '/home/enrico/edata/tronci@di.uniroma1.it/enrico/teaching/EXAMS/software-engineering/cpp-grader/submissions/2025-07-08-XXX-2056804': No such file or directory
cp: cannot create regular file '/home/enrico/edata/tronci@di.uniroma1.it/enrico/teaching/EXAMS/software-engineering/cpp-grader/testdir/2025-07-08-XXX-2056804/2': No such file or directory
./grade1stud1ex1test.sh: line 39: cd: /home/enrico/edata/tronci@di.uniroma1.it/enrico/teaching/EXAMS/software-engineering/cpp-grader/testdir/2025-07-08-XXX-2056804/2: No such file or directory
rm: cannot remove 'main': No such file or directory
rm: cannot remove 'results.txt': No such file or directory
make: *** No targets specified and no makefile found.  Stop.
mv: cannot stat 'results.txt': No such file or directory
End run student 2025-07-08-XXX-2056804, exercise 2, test 2

Begin run  student 2025-07-08-XXX-1911644, exercise 2, test 2. Output file is: results.txt
g++ -std=c++17 -O2 -Wall -o main main.cpp
End run student 2025-07-08-XXX-1911644, exercise 2, test 2

Begin run  student 2025-07-08-XXX-1911623, exercise 2, test 2. Output file is: results.txt
rm: cannot remove 'main': No such file or directory
rm: cannot remove 'results.txt': No such file or directory
g++ -std=c++11 -Wall -Wextra -Wpedantic -lm -O3  -o main
/usr/bin/ld: /usr/lib/gcc/x86_64-linux-gnu/13/../../../x86_64-linux-gnu/Scrt1.o: in function `_start':
(.text+0x1b): undefined reference to `main'
collect2: error: ld returned 1 exit status
make: *** [makefile:11: main] Error 1
mv: cannot stat 'results.txt': No such file or directory
End run student 2025-07-08-XXX-1911623, exercise 2, test 2

Begin run  student 2025-07-08-XXX-1965156, exercise 2, test 2. Output file is: results.txt
rm: cannot remove 'main': No such file or directory
rm: cannot remove 'results.txt': No such file or directory
g++ -std=c++17 -O2 -Wall -o main main.cpp
End run student 2025-07-08-XXX-1965156, exercise 2, test 2

Begin run  student 2025-07-08-XXX-2067545, exercise 2, test 2. Output file is: results.txt
rm: cannot remove 'main': No such file or directory
g++ -c -o main.o main.cpp -std=c++11 -I.  -lm -g
g++ -o main main.o -std=c++11 -I.  -lm -g
End run student 2025-07-08-XXX-2067545, exercise 2, test 2

Begin run  student 2025-07-08-XXX-2070317, exercise 2, test 2. Output file is: results.txt
./grade1stud1ex1test.sh: line 39: cd: /home/enrico/edata/tronci@di.uniroma1.it/enrico/teaching/EXAMS/software-engineering/cpp-grader/testdir/2025-07-08-XXX-2070317/2: Not a directory
rm: cannot remove 'main': No such file or directory
rm: cannot remove 'results.txt': No such file or directory
make: *** No targets specified and no makefile found.  Stop.
mv: cannot stat 'results.txt': No such file or directory
End run student 2025-07-08-XXX-2070317, exercise 2, test 2

Begin run  student 2025-07-08-XXX-2043415, exercise 2, test 2. Output file is: results.txt
g++ -c -o main.o main.cpp -std=c++11 -I.  -lm -static
g++ -c -o randgen.o randgen.cpp -std=c++11 -I.  -lm -static
g++ -c -o vehicle.o vehicle.cpp -std=c++11 -I.  -lm -static
g++ -o main main.o randgen.o vehicle.o -std=c++11 -I.  -lm -static; rm *.o;
./grade1stud1ex1test.sh: line 45: 244060 Floating point exceptionnice -20 timeout -k 180 180s ./main >&$1.$2.$3.log
mv: cannot stat 'results.txt': No such file or directory
End run student 2025-07-08-XXX-2043415, exercise 2, test 2

Begin run  student 2025-07-08-XXX-2043364, exercise 2, test 2. Output file is: results.txt
rm: cannot remove 'main': No such file or directory
g++ -lm -O3  -c main.cpp -o main.o
g++ -lm -O3  main.o -o main
End run student 2025-07-08-XXX-2043364, exercise 2, test 2

Begin run  student 2025-07-08-XXX-2053090, exercise 2, test 2. Output file is: results.txt
g++ main.cpp -o main
./grade1stud1ex1test.sh: line 45: 244109 Floating point exceptionnice -20 timeout -k 180 180s ./main >&$1.$2.$3.log
mv: cannot stat 'results.txt': No such file or directory
End run student 2025-07-08-XXX-2053090, exercise 2, test 2

Begin run  student 2025-07-08-XXX-2046124, exercise 2, test 2. Output file is: results.txt
rm: cannot remove 'main': No such file or directory
g++ -c -o main.o main.cpp -std=c++11 -I.  -lm 
g++ -o main main.o -std=c++11 -I.  -lm 
End run student 2025-07-08-XXX-2046124, exercise 2, test 2

Begin run  student 2025-07-08-XXX-1996206, exercise 2, test 2. Output file is: results.txt
rm: cannot remove 'main': No such file or directory
g++ -std=c++11 -o main main.cpp
mv: cannot stat 'results.txt': No such file or directory
End run student 2025-07-08-XXX-1996206, exercise 2, test 2

Begin run  student 2025-07-08-XXX-2080998, exercise 2, test 2. Output file is: results.txt
g++ -c -o global.o global.cpp -std=c++11 -I. -lm -g -Wall
g++ -c -o main.o main.cpp -std=c++11 -I. -lm -g -Wall
g++ -c -o simulator.o simulator.cpp -std=c++11 -I. -lm -g -Wall
g++ -c -o veicolo.o veicolo.cpp -std=c++11 -I. -lm -g -Wall
g++ -o main global.o main.o simulator.o veicolo.o -std=c++11 -I. -lm -g -Wall
./grade1stud1ex1test.sh: line 45: 244190 Floating point exceptionnice -20 timeout -k 180 180s ./main >&$1.$2.$3.log
End run student 2025-07-08-XXX-2080998, exercise 2, test 2

Begin run  student 2025-07-08-XXX-2054535, exercise 2, test 2. Output file is: results.txt
rm: cannot remove 'main': No such file or directory
rm: cannot remove 'results.txt': No such file or directory
make: *** No targets.  Stop.
mv: cannot stat 'results.txt': No such file or directory
End run student 2025-07-08-XXX-2054535, exercise 2, test 2

Begin run  student 2025-07-08-XXX-2026514, exercise 2, test 2. Output file is: results.txt
g++ -lm -O3  -c main.cpp -o main.o
g++ -lm -O3  main.o -o main
End run student 2025-07-08-XXX-2026514, exercise 2, test 2

Begin run  student 2025-07-08-XXX-2087310, exercise 2, test 2. Output file is: results.txt
rm: cannot remove 'main': No such file or directory
g++ -std=c++11 main.cpp -o main
End run student 2025-07-08-XXX-2087310, exercise 2, test 2

Begin run  student 2025-07-08-XXX-2050553, exercise 2, test 2. Output file is: results.txt
g++ -lm -O3 main.cpp -o main
End run student 2025-07-08-XXX-2050553, exercise 2, test 2

Begin run  student 2025-07-08-XXX-2087354, exercise 2, test 2. Output file is: results.txt
rm: cannot remove 'main': No such file or directory
g++ -std=c++17 -Wall -Wextra -g -I. -I../mocc main.cpp bro.cpp ../mocc/time.cpp ../mocc/sasholo.cpp ../mocc/math.cpp -o main
In file included from ../mocc/time.cpp:1:
../mocc/time.hpp: In constructor ‘Timer::Timer(real_t, TimerMode, real_t)’:
../mocc/time.hpp:30:15: warning: ‘Timer::mode’ will be initialized after [-Wreorder]
   30 |     TimerMode mode;
      |               ^~~~
../mocc/time.hpp:29:18: warning:   ‘const real_t Timer::delta’ [-Wreorder]
   29 |     const real_t delta;
      |                  ^~~~~
../mocc/time.cpp:12:1: warning:   when initialized here [-Wreorder]
   12 | Timer::Timer(real_t duration, TimerMode mode, real_t delta)
      | ^~~~~
End run student 2025-07-08-XXX-2087354, exercise 2, test 2

Begin run  student 2025-07-08-XXX-2087359, exercise 2, test 2. Output file is: results.txt
g++ -lm -O3 main.cpp Veicolo.hpp -o main
./grade1stud1ex1test.sh: line 45: 244334 Floating point exceptionnice -20 timeout -k 180 180s ./main >&$1.$2.$3.log
mv: cannot stat 'results.txt': No such file or directory
End run student 2025-07-08-XXX-2087359, exercise 2, test 2

Begin run  student 2025-07-08-XXX-2034930, exercise 2, test 2. Output file is: results.txt
g++ -lm -O3 -std=c++11 main.cpp -o main
./grade1stud1ex1test.sh: line 45: 244360 Floating point exceptionnice -20 timeout -k 180 180s ./main >&$1.$2.$3.log
mv: cannot stat 'results.txt': No such file or directory
End run student 2025-07-08-XXX-2034930, exercise 2, test 2

Begin run  student 2025-07-08-XXX-2068178, exercise 2, test 2. Output file is: results.txt
rm: cannot remove 'main': No such file or directory
g++ -lm -O3 -std=c++11 -c main.cpp -o main.o
g++ -lm -O3 -std=c++11 main.o -o main
End run student 2025-07-08-XXX-2068178, exercise 2, test 2

Begin run  student 2025-07-08-XXX-2060062, exercise 2, test 2. Output file is: results.txt
rm: cannot remove 'main': No such file or directory
rm: cannot remove 'results.txt': No such file or directory
g++ -lm -std=c++17  -o main main.cpp
./grade1stud1ex1test.sh: line 45: 244408 Floating point exceptionnice -20 timeout -k 180 180s ./main >&$1.$2.$3.log
mv: cannot stat 'results.txt': No such file or directory
End run student 2025-07-08-XXX-2060062, exercise 2, test 2

Begin run  student 2025-07-08-XXX-2085561, exercise 2, test 3. Output file is: results.txt
rm: cannot remove 'main': No such file or directory
rm: cannot remove 'results.txt': No such file or directory
make: *** No targets specified and no makefile found.  Stop.
mv: cannot stat 'results.txt': No such file or directory
End run student 2025-07-08-XXX-2085561, exercise 2, test 3

Begin run  student 2025-07-08-XXX-1992383, exercise 2, test 3. Output file is: results.txt
rm: cannot remove 'main': No such file or directory
rm: cannot remove 'results.txt': No such file or directory
g++ ex2.cpp -o ex2 -Wall -g -std=c++11 -O2 -lm
mv: cannot stat 'results.txt': No such file or directory
End run student 2025-07-08-XXX-1992383, exercise 2, test 3

Begin run  student 2025-07-08-XXX-2014598, exercise 2, test 3. Output file is: results.txt
rm: cannot remove 'main': No such file or directory
rm: cannot remove 'results.txt': No such file or directory
g++ -O2 -Wall -std=c++17 -c main.cpp -o main.o
g++ -O2 -Wall -std=c++17 -c library.cpp -o library.o
g++ -O2 -Wall -std=c++17 main.o library.o -o main
End run student 2025-07-08-XXX-2014598, exercise 2, test 3

Begin run  student 2025-07-08-XXX-1810132, exercise 2, test 3. Output file is: results.txt
make: /snap/cmake/1468/bin/cmake: No such file or directory
make: *** [Makefile:179: cmake_check_build_system] Error 127
mv: cannot stat 'results.txt': No such file or directory
End run student 2025-07-08-XXX-1810132, exercise 2, test 3

Begin run  student 2025-07-08-XXX-2083321, exercise 2, test 3. Output file is: results.txt
g++ main.cpp -o main
End run student 2025-07-08-XXX-2083321, exercise 2, test 3

Begin run  student 2025-07-08-XXX-2043199, exercise 2, test 3. Output file is: results.txt
rm: cannot remove 'main': No such file or directory
rm: cannot remove 'results.txt': No such file or directory
rm -f *.exe
mv: cannot stat 'results.txt': No such file or directory
End run student 2025-07-08-XXX-2043199, exercise 2, test 3

Begin run  student 2025-07-08-XXX-2046502, exercise 2, test 3. Output file is: results.txt
g++ -std=c++17 -O2 -Wall main.cpp helper.cpp -o main
helper.cpp: In function ‘double compute_Fi(const std::vector<Vehicle>&, int, double)’:
helper.cpp:14:23: warning: comparison of integer expressions of different signedness: ‘int’ and ‘std::vector<Vehicle>::size_type’ {aka ‘long unsigned int’} [-Wsign-compare]
   14 |     for (int j = 0; j < vehicles.size(); ++j) {
      |                     ~~^~~~~~~~~~~~~~~~~
End run student 2025-07-08-XXX-2046502, exercise 2, test 3

Begin run  student 2025-07-08-XXX-2046840, exercise 2, test 3. Output file is: results.txt
g++ -std=c++11 -Wall -O2 -c main.cpp -o main.o
main.cpp: In function ‘double functionOfI(const std::vector<std::vector<double> >&, const std::vector<double>&, const std::vector<double>&, double, int)’:
main.cpp:40:15: warning: comparison of integer expressions of different signedness: ‘size_t’ {aka ‘long unsigned int’} and ‘int’ [-Wsign-compare]
   40 |         if (j != idx)
      |             ~~^~~~~~
g++ -std=c++11 -Wall -O2 -o main main.o
End run student 2025-07-08-XXX-2046840, exercise 2, test 3

Begin run  student 2025-07-08-XXX-2061703, exercise 2, test 3. Output file is: results.txt
rm: cannot remove 'main': No such file or directory
rm: cannot remove 'results.txt': No such file or directory
make: *** No targets specified and no makefile found.  Stop.
mv: cannot stat 'results.txt': No such file or directory
End run student 2025-07-08-XXX-2061703, exercise 2, test 3

Begin run  student 2025-07-08-XXX-2084249, exercise 2, test 3. Output file is: results.txt
rm: cannot remove 'main': No such file or directory
g++ -std=c++17 -Wall -Wextra -g -I. -I../mocc main.cpp helper.cpp ../mocc/time.cpp ../mocc/math.cpp -o main
In file included from ../mocc/time.cpp:1:
../mocc/time.hpp: In constructor ‘Timer::Timer(real_t, TimerMode, real_t)’:
../mocc/time.hpp:30:15: warning: ‘Timer::mode’ will be initialized after [-Wreorder]
   30 |     TimerMode mode;
      |               ^~~~
../mocc/time.hpp:29:18: warning:   ‘const real_t Timer::delta’ [-Wreorder]
   29 |     const real_t delta;
      |                  ^~~~~
../mocc/time.cpp:12:1: warning:   when initialized here [-Wreorder]
   12 | Timer::Timer(real_t duration, TimerMode mode, real_t delta)
      | ^~~~~
mv: cannot stat 'results.txt': No such file or directory
End run student 2025-07-08-XXX-2084249, exercise 2, test 3

Begin run  student 2025-07-08-XXX-2076586, exercise 2, test 3. Output file is: results.txt
rm: cannot remove 'main': No such file or directory
g++ -Wall -Wextra -std=c++17 -g -c main.cpp -o main.o
g++ -Wall -Wextra -std=c++17 -g -o main main.o
End run student 2025-07-08-XXX-2076586, exercise 2, test 3

Begin run  student 2025-07-08-XXX-2086686, exercise 2, test 3. Output file is: results.txt
rm: cannot remove 'main': No such file or directory
g++ -c -o main.o main.cpp -std=c++11 -I.  -lm -g
g++ -o main main.o -std=c++11 -I.  -lm -g
End run student 2025-07-08-XXX-2086686, exercise 2, test 3

Begin run  student 2025-07-08-XXX-2063098, exercise 2, test 3. Output file is: results.txt
rm: cannot remove 'main': No such file or directory
rm: cannot remove 'results.txt': No such file or directory
g++ -lm -O3  -c main.cpp -o main.o
g++ -lm -O3  main.o -o main
End run student 2025-07-08-XXX-2063098, exercise 2, test 3

Begin run  student 2025-07-08-XXX-1933070, exercise 2, test 3. Output file is: results.txt
rm: cannot remove 'main': No such file or directory
g++ -std=c++17 -Wall -O3 -c main.cpp
g++ -std=c++17 -Wall -O3 -o main main.o
End run student 2025-07-08-XXX-1933070, exercise 2, test 3

Begin run  student 2025-07-08-XXX-1938972, exercise 2, test 3. Output file is: results.txt
rm: cannot remove 'main': No such file or directory
g++ -lm -O3 main.cpp -o main
End run student 2025-07-08-XXX-1938972, exercise 2, test 3

Begin run  student 2025-07-08-XXX-2006100, exercise 2, test 3. Output file is: results.txt
rm: cannot remove 'main': No such file or directory
rm: cannot remove 'results.txt': No such file or directory
make: *** No targets specified and no makefile found.  Stop.
mv: cannot stat 'results.txt': No such file or directory
End run student 2025-07-08-XXX-2006100, exercise 2, test 3

Begin run  student 2025-07-08-XXX-2056804, exercise 2, test 3. Output file is: results.txt
cp: cannot stat '/home/enrico/edata/tronci@di.uniroma1.it/enrico/teaching/EXAMS/software-engineering/cpp-grader/submissions/2025-07-08-XXX-2056804': No such file or directory
cp: cannot create regular file '/home/enrico/edata/tronci@di.uniroma1.it/enrico/teaching/EXAMS/software-engineering/cpp-grader/testdir/2025-07-08-XXX-2056804/2': No such file or directory
./grade1stud1ex1test.sh: line 39: cd: /home/enrico/edata/tronci@di.uniroma1.it/enrico/teaching/EXAMS/software-engineering/cpp-grader/testdir/2025-07-08-XXX-2056804/2: No such file or directory
rm: cannot remove 'main': No such file or directory
rm: cannot remove 'results.txt': No such file or directory
make: *** No targets specified and no makefile found.  Stop.
mv: cannot stat 'results.txt': No such file or directory
End run student 2025-07-08-XXX-2056804, exercise 2, test 3

Begin run  student 2025-07-08-XXX-1911644, exercise 2, test 3. Output file is: results.txt
g++ -std=c++17 -O2 -Wall -o main main.cpp
End run student 2025-07-08-XXX-1911644, exercise 2, test 3

Begin run  student 2025-07-08-XXX-1911623, exercise 2, test 3. Output file is: results.txt
rm: cannot remove 'main': No such file or directory
rm: cannot remove 'results.txt': No such file or directory
g++ -std=c++11 -Wall -Wextra -Wpedantic -lm -O3  -o main
/usr/bin/ld: /usr/lib/gcc/x86_64-linux-gnu/13/../../../x86_64-linux-gnu/Scrt1.o: in function `_start':
(.text+0x1b): undefined reference to `main'
collect2: error: ld returned 1 exit status
make: *** [makefile:11: main] Error 1
mv: cannot stat 'results.txt': No such file or directory
End run student 2025-07-08-XXX-1911623, exercise 2, test 3

Begin run  student 2025-07-08-XXX-1965156, exercise 2, test 3. Output file is: results.txt
rm: cannot remove 'main': No such file or directory
rm: cannot remove 'results.txt': No such file or directory
g++ -std=c++17 -O2 -Wall -o main main.cpp
End run student 2025-07-08-XXX-1965156, exercise 2, test 3

Begin run  student 2025-07-08-XXX-2067545, exercise 2, test 3. Output file is: results.txt
rm: cannot remove 'main': No such file or directory
g++ -c -o main.o main.cpp -std=c++11 -I.  -lm -g
g++ -o main main.o -std=c++11 -I.  -lm -g
mv: cannot stat 'results.txt': No such file or directory
End run student 2025-07-08-XXX-2067545, exercise 2, test 3

Begin run  student 2025-07-08-XXX-2070317, exercise 2, test 3. Output file is: results.txt
./grade1stud1ex1test.sh: line 39: cd: /home/enrico/edata/tronci@di.uniroma1.it/enrico/teaching/EXAMS/software-engineering/cpp-grader/testdir/2025-07-08-XXX-2070317/2: Not a directory
rm: cannot remove 'main': No such file or directory
rm: cannot remove 'results.txt': No such file or directory
make: *** No targets specified and no makefile found.  Stop.
mv: cannot stat 'results.txt': No such file or directory
End run student 2025-07-08-XXX-2070317, exercise 2, test 3

Begin run  student 2025-07-08-XXX-2043415, exercise 2, test 3. Output file is: results.txt
g++ -c -o main.o main.cpp -std=c++11 -I.  -lm -static
g++ -c -o randgen.o randgen.cpp -std=c++11 -I.  -lm -static
g++ -c -o vehicle.o vehicle.cpp -std=c++11 -I.  -lm -static
g++ -o main main.o randgen.o vehicle.o -std=c++11 -I.  -lm -static; rm *.o;
mv: cannot stat 'results.txt': No such file or directory
End run student 2025-07-08-XXX-2043415, exercise 2, test 3

Begin run  student 2025-07-08-XXX-2043364, exercise 2, test 3. Output file is: results.txt
rm: cannot remove 'main': No such file or directory
g++ -lm -O3  -c main.cpp -o main.o
g++ -lm -O3  main.o -o main
End run student 2025-07-08-XXX-2043364, exercise 2, test 3

Begin run  student 2025-07-08-XXX-2053090, exercise 2, test 3. Output file is: results.txt
g++ main.cpp -o main
mv: cannot stat 'results.txt': No such file or directory
End run student 2025-07-08-XXX-2053090, exercise 2, test 3

Begin run  student 2025-07-08-XXX-2046124, exercise 2, test 3. Output file is: results.txt
rm: cannot remove 'main': No such file or directory
g++ -c -o main.o main.cpp -std=c++11 -I.  -lm 
g++ -o main main.o -std=c++11 -I.  -lm 
mv: cannot stat 'results.txt': No such file or directory
End run student 2025-07-08-XXX-2046124, exercise 2, test 3

Begin run  student 2025-07-08-XXX-1996206, exercise 2, test 3. Output file is: results.txt
rm: cannot remove 'main': No such file or directory
g++ -std=c++11 -o main main.cpp
End run student 2025-07-08-XXX-1996206, exercise 2, test 3

Begin run  student 2025-07-08-XXX-2080998, exercise 2, test 3. Output file is: results.txt
g++ -c -o global.o global.cpp -std=c++11 -I. -lm -g -Wall
g++ -c -o main.o main.cpp -std=c++11 -I. -lm -g -Wall
g++ -c -o simulator.o simulator.cpp -std=c++11 -I. -lm -g -Wall
g++ -c -o veicolo.o veicolo.cpp -std=c++11 -I. -lm -g -Wall
g++ -o main global.o main.o simulator.o veicolo.o -std=c++11 -I. -lm -g -Wall
End run student 2025-07-08-XXX-2080998, exercise 2, test 3

Begin run  student 2025-07-08-XXX-2054535, exercise 2, test 3. Output file is: results.txt
rm: cannot remove 'main': No such file or directory
rm: cannot remove 'results.txt': No such file or directory
make: *** No targets.  Stop.
mv: cannot stat 'results.txt': No such file or directory
End run student 2025-07-08-XXX-2054535, exercise 2, test 3

Begin run  student 2025-07-08-XXX-2026514, exercise 2, test 3. Output file is: results.txt
g++ -lm -O3  -c main.cpp -o main.o
g++ -lm -O3  main.o -o main
End run student 2025-07-08-XXX-2026514, exercise 2, test 3

Begin run  student 2025-07-08-XXX-2087310, exercise 2, test 3. Output file is: results.txt
rm: cannot remove 'main': No such file or directory
g++ -std=c++11 main.cpp -o main
mv: cannot stat 'results.txt': No such file or directory
End run student 2025-07-08-XXX-2087310, exercise 2, test 3

Begin run  student 2025-07-08-XXX-2050553, exercise 2, test 3. Output file is: results.txt
g++ -lm -O3 main.cpp -o main
End run student 2025-07-08-XXX-2050553, exercise 2, test 3

Begin run  student 2025-07-08-XXX-2087354, exercise 2, test 3. Output file is: results.txt
rm: cannot remove 'main': No such file or directory
g++ -std=c++17 -Wall -Wextra -g -I. -I../mocc main.cpp bro.cpp ../mocc/time.cpp ../mocc/sasholo.cpp ../mocc/math.cpp -o main
In file included from ../mocc/time.cpp:1:
../mocc/time.hpp: In constructor ‘Timer::Timer(real_t, TimerMode, real_t)’:
../mocc/time.hpp:30:15: warning: ‘Timer::mode’ will be initialized after [-Wreorder]
   30 |     TimerMode mode;
      |               ^~~~
../mocc/time.hpp:29:18: warning:   ‘const real_t Timer::delta’ [-Wreorder]
   29 |     const real_t delta;
      |                  ^~~~~
../mocc/time.cpp:12:1: warning:   when initialized here [-Wreorder]
   12 | Timer::Timer(real_t duration, TimerMode mode, real_t delta)
      | ^~~~~
End run student 2025-07-08-XXX-2087354, exercise 2, test 3

Begin run  student 2025-07-08-XXX-2087359, exercise 2, test 3. Output file is: results.txt
g++ -lm -O3 main.cpp Veicolo.hpp -o main
End run student 2025-07-08-XXX-2087359, exercise 2, test 3

Begin run  student 2025-07-08-XXX-2034930, exercise 2, test 3. Output file is: results.txt
g++ -lm -O3 -std=c++11 main.cpp -o main
End run student 2025-07-08-XXX-2034930, exercise 2, test 3

Begin run  student 2025-07-08-XXX-2068178, exercise 2, test 3. Output file is: results.txt
rm: cannot remove 'main': No such file or directory
g++ -lm -O3 -std=c++11 -c main.cpp -o main.o
g++ -lm -O3 -std=c++11 main.o -o main
End run student 2025-07-08-XXX-2068178, exercise 2, test 3

Begin run  student 2025-07-08-XXX-2060062, exercise 2, test 3. Output file is: results.txt
rm: cannot remove 'main': No such file or directory
rm: cannot remove 'results.txt': No such file or directory
g++ -lm -std=c++17  -o main main.cpp
End run student 2025-07-08-XXX-2060062, exercise 2, test 3

Begin run  student 2025-07-08-XXX-2085561, exercise 2, test 4. Output file is: results.txt
rm: cannot remove 'main': No such file or directory
rm: cannot remove 'results.txt': No such file or directory
make: *** No targets specified and no makefile found.  Stop.
mv: cannot stat 'results.txt': No such file or directory
End run student 2025-07-08-XXX-2085561, exercise 2, test 4

Begin run  student 2025-07-08-XXX-1992383, exercise 2, test 4. Output file is: results.txt
rm: cannot remove 'main': No such file or directory
rm: cannot remove 'results.txt': No such file or directory
g++ ex2.cpp -o ex2 -Wall -g -std=c++11 -O2 -lm
mv: cannot stat 'results.txt': No such file or directory
End run student 2025-07-08-XXX-1992383, exercise 2, test 4

Begin run  student 2025-07-08-XXX-2014598, exercise 2, test 4. Output file is: results.txt
rm: cannot remove 'main': No such file or directory
rm: cannot remove 'results.txt': No such file or directory
g++ -O2 -Wall -std=c++17 -c main.cpp -o main.o
g++ -O2 -Wall -std=c++17 -c library.cpp -o library.o
g++ -O2 -Wall -std=c++17 main.o library.o -o main
End run student 2025-07-08-XXX-2014598, exercise 2, test 4

Begin run  student 2025-07-08-XXX-1810132, exercise 2, test 4. Output file is: results.txt
make: /snap/cmake/1468/bin/cmake: No such file or directory
make: *** [Makefile:179: cmake_check_build_system] Error 127
mv: cannot stat 'results.txt': No such file or directory
End run student 2025-07-08-XXX-1810132, exercise 2, test 4

Begin run  student 2025-07-08-XXX-2083321, exercise 2, test 4. Output file is: results.txt
g++ main.cpp -o main
End run student 2025-07-08-XXX-2083321, exercise 2, test 4

Begin run  student 2025-07-08-XXX-2043199, exercise 2, test 4. Output file is: results.txt
rm: cannot remove 'main': No such file or directory
rm: cannot remove 'results.txt': No such file or directory
rm -f *.exe
mv: cannot stat 'results.txt': No such file or directory
End run student 2025-07-08-XXX-2043199, exercise 2, test 4

Begin run  student 2025-07-08-XXX-2046502, exercise 2, test 4. Output file is: results.txt
g++ -std=c++17 -O2 -Wall main.cpp helper.cpp -o main
helper.cpp: In function ‘double compute_Fi(const std::vector<Vehicle>&, int, double)’:
helper.cpp:14:23: warning: comparison of integer expressions of different signedness: ‘int’ and ‘std::vector<Vehicle>::size_type’ {aka ‘long unsigned int’} [-Wsign-compare]
   14 |     for (int j = 0; j < vehicles.size(); ++j) {
      |                     ~~^~~~~~~~~~~~~~~~~
End run student 2025-07-08-XXX-2046502, exercise 2, test 4

Begin run  student 2025-07-08-XXX-2046840, exercise 2, test 4. Output file is: results.txt
g++ -std=c++11 -Wall -O2 -c main.cpp -o main.o
main.cpp: In function ‘double functionOfI(const std::vector<std::vector<double> >&, const std::vector<double>&, const std::vector<double>&, double, int)’:
main.cpp:40:15: warning: comparison of integer expressions of different signedness: ‘size_t’ {aka ‘long unsigned int’} and ‘int’ [-Wsign-compare]
   40 |         if (j != idx)
      |             ~~^~~~~~
g++ -std=c++11 -Wall -O2 -o main main.o
End run student 2025-07-08-XXX-2046840, exercise 2, test 4

Begin run  student 2025-07-08-XXX-2061703, exercise 2, test 4. Output file is: results.txt
rm: cannot remove 'main': No such file or directory
rm: cannot remove 'results.txt': No such file or directory
make: *** No targets specified and no makefile found.  Stop.
mv: cannot stat 'results.txt': No such file or directory
End run student 2025-07-08-XXX-2061703, exercise 2, test 4

Begin run  student 2025-07-08-XXX-2084249, exercise 2, test 4. Output file is: results.txt
rm: cannot remove 'main': No such file or directory
g++ -std=c++17 -Wall -Wextra -g -I. -I../mocc main.cpp helper.cpp ../mocc/time.cpp ../mocc/math.cpp -o main
In file included from ../mocc/time.cpp:1:
../mocc/time.hpp: In constructor ‘Timer::Timer(real_t, TimerMode, real_t)’:
../mocc/time.hpp:30:15: warning: ‘Timer::mode’ will be initialized after [-Wreorder]
   30 |     TimerMode mode;
      |               ^~~~
../mocc/time.hpp:29:18: warning:   ‘const real_t Timer::delta’ [-Wreorder]
   29 |     const real_t delta;
      |                  ^~~~~
../mocc/time.cpp:12:1: warning:   when initialized here [-Wreorder]
   12 | Timer::Timer(real_t duration, TimerMode mode, real_t delta)
      | ^~~~~
End run student 2025-07-08-XXX-2084249, exercise 2, test 4

Begin run  student 2025-07-08-XXX-2076586, exercise 2, test 4. Output file is: results.txt
rm: cannot remove 'main': No such file or directory
g++ -Wall -Wextra -std=c++17 -g -c main.cpp -o main.o
g++ -Wall -Wextra -std=c++17 -g -o main main.o
mv: cannot stat 'results.txt': No such file or directory
End run student 2025-07-08-XXX-2076586, exercise 2, test 4

Begin run  student 2025-07-08-XXX-2086686, exercise 2, test 4. Output file is: results.txt
rm: cannot remove 'main': No such file or directory
g++ -c -o main.o main.cpp -std=c++11 -I.  -lm -g
g++ -o main main.o -std=c++11 -I.  -lm -g
End run student 2025-07-08-XXX-2086686, exercise 2, test 4

Begin run  student 2025-07-08-XXX-2063098, exercise 2, test 4. Output file is: results.txt
rm: cannot remove 'main': No such file or directory
rm: cannot remove 'results.txt': No such file or directory
g++ -lm -O3  -c main.cpp -o main.o
g++ -lm -O3  main.o -o main
End run student 2025-07-08-XXX-2063098, exercise 2, test 4

Begin run  student 2025-07-08-XXX-1933070, exercise 2, test 4. Output file is: results.txt
rm: cannot remove 'main': No such file or directory
g++ -std=c++17 -Wall -O3 -c main.cpp
g++ -std=c++17 -Wall -O3 -o main main.o
End run student 2025-07-08-XXX-1933070, exercise 2, test 4

Begin run  student 2025-07-08-XXX-1938972, exercise 2, test 4. Output file is: results.txt
rm: cannot remove 'main': No such file or directory
g++ -lm -O3 main.cpp -o main
End run student 2025-07-08-XXX-1938972, exercise 2, test 4

Begin run  student 2025-07-08-XXX-2006100, exercise 2, test 4. Output file is: results.txt
rm: cannot remove 'main': No such file or directory
rm: cannot remove 'results.txt': No such file or directory
make: *** No targets specified and no makefile found.  Stop.
mv: cannot stat 'results.txt': No such file or directory
End run student 2025-07-08-XXX-2006100, exercise 2, test 4

Begin run  student 2025-07-08-XXX-2056804, exercise 2, test 4. Output file is: results.txt
cp: cannot stat '/home/enrico/edata/tronci@di.uniroma1.it/enrico/teaching/EXAMS/software-engineering/cpp-grader/submissions/2025-07-08-XXX-2056804': No such file or directory
cp: cannot create regular file '/home/enrico/edata/tronci@di.uniroma1.it/enrico/teaching/EXAMS/software-engineering/cpp-grader/testdir/2025-07-08-XXX-2056804/2': No such file or directory
./grade1stud1ex1test.sh: line 39: cd: /home/enrico/edata/tronci@di.uniroma1.it/enrico/teaching/EXAMS/software-engineering/cpp-grader/testdir/2025-07-08-XXX-2056804/2: No such file or directory
rm: cannot remove 'main': No such file or directory
rm: cannot remove 'results.txt': No such file or directory
make: *** No targets specified and no makefile found.  Stop.
mv: cannot stat 'results.txt': No such file or directory
End run student 2025-07-08-XXX-2056804, exercise 2, test 4

Begin run  student 2025-07-08-XXX-1911644, exercise 2, test 4. Output file is: results.txt
g++ -std=c++17 -O2 -Wall -o main main.cpp
End run student 2025-07-08-XXX-1911644, exercise 2, test 4

Begin run  student 2025-07-08-XXX-1911623, exercise 2, test 4. Output file is: results.txt
rm: cannot remove 'main': No such file or directory
rm: cannot remove 'results.txt': No such file or directory
g++ -std=c++11 -Wall -Wextra -Wpedantic -lm -O3  -o main
/usr/bin/ld: /usr/lib/gcc/x86_64-linux-gnu/13/../../../x86_64-linux-gnu/Scrt1.o: in function `_start':
(.text+0x1b): undefined reference to `main'
collect2: error: ld returned 1 exit status
make: *** [makefile:11: main] Error 1
mv: cannot stat 'results.txt': No such file or directory
End run student 2025-07-08-XXX-1911623, exercise 2, test 4

Begin run  student 2025-07-08-XXX-1965156, exercise 2, test 4. Output file is: results.txt
rm: cannot remove 'main': No such file or directory
rm: cannot remove 'results.txt': No such file or directory
g++ -std=c++17 -O2 -Wall -o main main.cpp
End run student 2025-07-08-XXX-1965156, exercise 2, test 4

Begin run  student 2025-07-08-XXX-2067545, exercise 2, test 4. Output file is: results.txt
rm: cannot remove 'main': No such file or directory
g++ -c -o main.o main.cpp -std=c++11 -I.  -lm -g
g++ -o main main.o -std=c++11 -I.  -lm -g
End run student 2025-07-08-XXX-2067545, exercise 2, test 4

Begin run  student 2025-07-08-XXX-2070317, exercise 2, test 4. Output file is: results.txt
./grade1stud1ex1test.sh: line 39: cd: /home/enrico/edata/tronci@di.uniroma1.it/enrico/teaching/EXAMS/software-engineering/cpp-grader/testdir/2025-07-08-XXX-2070317/2: Not a directory
rm: cannot remove 'main': No such file or directory
rm: cannot remove 'results.txt': No such file or directory
make: *** No targets specified and no makefile found.  Stop.
mv: cannot stat 'results.txt': No such file or directory
End run student 2025-07-08-XXX-2070317, exercise 2, test 4

Begin run  student 2025-07-08-XXX-2043415, exercise 2, test 4. Output file is: results.txt
g++ -c -o main.o main.cpp -std=c++11 -I.  -lm -static
g++ -c -o randgen.o randgen.cpp -std=c++11 -I.  -lm -static
g++ -c -o vehicle.o vehicle.cpp -std=c++11 -I.  -lm -static
g++ -o main main.o randgen.o vehicle.o -std=c++11 -I.  -lm -static; rm *.o;
mv: cannot stat 'results.txt': No such file or directory
End run student 2025-07-08-XXX-2043415, exercise 2, test 4

Begin run  student 2025-07-08-XXX-2043364, exercise 2, test 4. Output file is: results.txt
rm: cannot remove 'main': No such file or directory
g++ -lm -O3  -c main.cpp -o main.o
g++ -lm -O3  main.o -o main
End run student 2025-07-08-XXX-2043364, exercise 2, test 4

Begin run  student 2025-07-08-XXX-2053090, exercise 2, test 4. Output file is: results.txt
g++ main.cpp -o main
mv: cannot stat 'results.txt': No such file or directory
End run student 2025-07-08-XXX-2053090, exercise 2, test 4

Begin run  student 2025-07-08-XXX-2046124, exercise 2, test 4. Output file is: results.txt
rm: cannot remove 'main': No such file or directory
g++ -c -o main.o main.cpp -std=c++11 -I.  -lm 
g++ -o main main.o -std=c++11 -I.  -lm 
mv: cannot stat 'results.txt': No such file or directory
End run student 2025-07-08-XXX-2046124, exercise 2, test 4

Begin run  student 2025-07-08-XXX-1996206, exercise 2, test 4. Output file is: results.txt
rm: cannot remove 'main': No such file or directory
g++ -std=c++11 -o main main.cpp
End run student 2025-07-08-XXX-1996206, exercise 2, test 4

Begin run  student 2025-07-08-XXX-2080998, exercise 2, test 4. Output file is: results.txt
g++ -c -o global.o global.cpp -std=c++11 -I. -lm -g -Wall
g++ -c -o main.o main.cpp -std=c++11 -I. -lm -g -Wall
g++ -c -o simulator.o simulator.cpp -std=c++11 -I. -lm -g -Wall
g++ -c -o veicolo.o veicolo.cpp -std=c++11 -I. -lm -g -Wall
g++ -o main global.o main.o simulator.o veicolo.o -std=c++11 -I. -lm -g -Wall
End run student 2025-07-08-XXX-2080998, exercise 2, test 4

Begin run  student 2025-07-08-XXX-2054535, exercise 2, test 4. Output file is: results.txt
rm: cannot remove 'main': No such file or directory
rm: cannot remove 'results.txt': No such file or directory
make: *** No targets.  Stop.
mv: cannot stat 'results.txt': No such file or directory
End run student 2025-07-08-XXX-2054535, exercise 2, test 4

Begin run  student 2025-07-08-XXX-2026514, exercise 2, test 4. Output file is: results.txt
g++ -lm -O3  -c main.cpp -o main.o
g++ -lm -O3  main.o -o main
End run student 2025-07-08-XXX-2026514, exercise 2, test 4

Begin run  student 2025-07-08-XXX-2087310, exercise 2, test 4. Output file is: results.txt
rm: cannot remove 'main': No such file or directory
g++ -std=c++11 main.cpp -o main
mv: cannot stat 'results.txt': No such file or directory
End run student 2025-07-08-XXX-2087310, exercise 2, test 4

Begin run  student 2025-07-08-XXX-2050553, exercise 2, test 4. Output file is: results.txt
g++ -lm -O3 main.cpp -o main
End run student 2025-07-08-XXX-2050553, exercise 2, test 4

Begin run  student 2025-07-08-XXX-2087354, exercise 2, test 4. Output file is: results.txt
rm: cannot remove 'main': No such file or directory
g++ -std=c++17 -Wall -Wextra -g -I. -I../mocc main.cpp bro.cpp ../mocc/time.cpp ../mocc/sasholo.cpp ../mocc/math.cpp -o main
In file included from ../mocc/time.cpp:1:
../mocc/time.hpp: In constructor ‘Timer::Timer(real_t, TimerMode, real_t)’:
../mocc/time.hpp:30:15: warning: ‘Timer::mode’ will be initialized after [-Wreorder]
   30 |     TimerMode mode;
      |               ^~~~
../mocc/time.hpp:29:18: warning:   ‘const real_t Timer::delta’ [-Wreorder]
   29 |     const real_t delta;
      |                  ^~~~~
../mocc/time.cpp:12:1: warning:   when initialized here [-Wreorder]
   12 | Timer::Timer(real_t duration, TimerMode mode, real_t delta)
      | ^~~~~
mv: cannot stat 'results.txt': No such file or directory
End run student 2025-07-08-XXX-2087354, exercise 2, test 4

Begin run  student 2025-07-08-XXX-2087359, exercise 2, test 4. Output file is: results.txt
g++ -lm -O3 main.cpp Veicolo.hpp -o main
End run student 2025-07-08-XXX-2087359, exercise 2, test 4

Begin run  student 2025-07-08-XXX-2034930, exercise 2, test 4. Output file is: results.txt
g++ -lm -O3 -std=c++11 main.cpp -o main
End run student 2025-07-08-XXX-2034930, exercise 2, test 4

Begin run  student 2025-07-08-XXX-2068178, exercise 2, test 4. Output file is: results.txt
rm: cannot remove 'main': No such file or directory
g++ -lm -O3 -std=c++11 -c main.cpp -o main.o
g++ -lm -O3 -std=c++11 main.o -o main
End run student 2025-07-08-XXX-2068178, exercise 2, test 4

Begin run  student 2025-07-08-XXX-2060062, exercise 2, test 4. Output file is: results.txt
rm: cannot remove 'main': No such file or directory
rm: cannot remove 'results.txt': No such file or directory
g++ -lm -std=c++17  -o main main.cpp
End run student 2025-07-08-XXX-2060062, exercise 2, test 4

Begin run  student 2025-07-08-XXX-2085561, exercise 2, test 5. Output file is: results.txt
rm: cannot remove 'main': No such file or directory
rm: cannot remove 'results.txt': No such file or directory
make: *** No targets specified and no makefile found.  Stop.
mv: cannot stat 'results.txt': No such file or directory
End run student 2025-07-08-XXX-2085561, exercise 2, test 5

Begin run  student 2025-07-08-XXX-1992383, exercise 2, test 5. Output file is: results.txt
rm: cannot remove 'main': No such file or directory
rm: cannot remove 'results.txt': No such file or directory
g++ ex2.cpp -o ex2 -Wall -g -std=c++11 -O2 -lm
mv: cannot stat 'results.txt': No such file or directory
End run student 2025-07-08-XXX-1992383, exercise 2, test 5

Begin run  student 2025-07-08-XXX-2014598, exercise 2, test 5. Output file is: results.txt
rm: cannot remove 'main': No such file or directory
rm: cannot remove 'results.txt': No such file or directory
g++ -O2 -Wall -std=c++17 -c main.cpp -o main.o
g++ -O2 -Wall -std=c++17 -c library.cpp -o library.o
g++ -O2 -Wall -std=c++17 main.o library.o -o main
End run student 2025-07-08-XXX-2014598, exercise 2, test 5

Begin run  student 2025-07-08-XXX-1810132, exercise 2, test 5. Output file is: results.txt
make: /snap/cmake/1468/bin/cmake: No such file or directory
make: *** [Makefile:179: cmake_check_build_system] Error 127
mv: cannot stat 'results.txt': No such file or directory
End run student 2025-07-08-XXX-1810132, exercise 2, test 5

Begin run  student 2025-07-08-XXX-2083321, exercise 2, test 5. Output file is: results.txt
g++ main.cpp -o main
End run student 2025-07-08-XXX-2083321, exercise 2, test 5

Begin run  student 2025-07-08-XXX-2043199, exercise 2, test 5. Output file is: results.txt
rm: cannot remove 'main': No such file or directory
rm: cannot remove 'results.txt': No such file or directory
rm -f *.exe
mv: cannot stat 'results.txt': No such file or directory
End run student 2025-07-08-XXX-2043199, exercise 2, test 5

Begin run  student 2025-07-08-XXX-2046502, exercise 2, test 5. Output file is: results.txt
g++ -std=c++17 -O2 -Wall main.cpp helper.cpp -o main
helper.cpp: In function ‘double compute_Fi(const std::vector<Vehicle>&, int, double)’:
helper.cpp:14:23: warning: comparison of integer expressions of different signedness: ‘int’ and ‘std::vector<Vehicle>::size_type’ {aka ‘long unsigned int’} [-Wsign-compare]
   14 |     for (int j = 0; j < vehicles.size(); ++j) {
      |                     ~~^~~~~~~~~~~~~~~~~
End run student 2025-07-08-XXX-2046502, exercise 2, test 5

Begin run  student 2025-07-08-XXX-2046840, exercise 2, test 5. Output file is: results.txt
g++ -std=c++11 -Wall -O2 -c main.cpp -o main.o
main.cpp: In function ‘double functionOfI(const std::vector<std::vector<double> >&, const std::vector<double>&, const std::vector<double>&, double, int)’:
main.cpp:40:15: warning: comparison of integer expressions of different signedness: ‘size_t’ {aka ‘long unsigned int’} and ‘int’ [-Wsign-compare]
   40 |         if (j != idx)
      |             ~~^~~~~~
g++ -std=c++11 -Wall -O2 -o main main.o
End run student 2025-07-08-XXX-2046840, exercise 2, test 5

Begin run  student 2025-07-08-XXX-2061703, exercise 2, test 5. Output file is: results.txt
rm: cannot remove 'main': No such file or directory
rm: cannot remove 'results.txt': No such file or directory
make: *** No targets specified and no makefile found.  Stop.
mv: cannot stat 'results.txt': No such file or directory
End run student 2025-07-08-XXX-2061703, exercise 2, test 5

Begin run  student 2025-07-08-XXX-2084249, exercise 2, test 5. Output file is: results.txt
rm: cannot remove 'main': No such file or directory
g++ -std=c++17 -Wall -Wextra -g -I. -I../mocc main.cpp helper.cpp ../mocc/time.cpp ../mocc/math.cpp -o main
In file included from ../mocc/time.cpp:1:
../mocc/time.hpp: In constructor ‘Timer::Timer(real_t, TimerMode, real_t)’:
../mocc/time.hpp:30:15: warning: ‘Timer::mode’ will be initialized after [-Wreorder]
   30 |     TimerMode mode;
      |               ^~~~
../mocc/time.hpp:29:18: warning:   ‘const real_t Timer::delta’ [-Wreorder]
   29 |     const real_t delta;
      |                  ^~~~~
../mocc/time.cpp:12:1: warning:   when initialized here [-Wreorder]
   12 | Timer::Timer(real_t duration, TimerMode mode, real_t delta)
      | ^~~~~
End run student 2025-07-08-XXX-2084249, exercise 2, test 5

Begin run  student 2025-07-08-XXX-2076586, exercise 2, test 5. Output file is: results.txt
rm: cannot remove 'main': No such file or directory
g++ -Wall -Wextra -std=c++17 -g -c main.cpp -o main.o
g++ -Wall -Wextra -std=c++17 -g -o main main.o
mv: cannot stat 'results.txt': No such file or directory
End run student 2025-07-08-XXX-2076586, exercise 2, test 5

Begin run  student 2025-07-08-XXX-2086686, exercise 2, test 5. Output file is: results.txt
rm: cannot remove 'main': No such file or directory
g++ -c -o main.o main.cpp -std=c++11 -I.  -lm -g
g++ -o main main.o -std=c++11 -I.  -lm -g
End run student 2025-07-08-XXX-2086686, exercise 2, test 5

Begin run  student 2025-07-08-XXX-2063098, exercise 2, test 5. Output file is: results.txt
rm: cannot remove 'main': No such file or directory
rm: cannot remove 'results.txt': No such file or directory
g++ -lm -O3  -c main.cpp -o main.o
g++ -lm -O3  main.o -o main
End run student 2025-07-08-XXX-2063098, exercise 2, test 5

Begin run  student 2025-07-08-XXX-1933070, exercise 2, test 5. Output file is: results.txt
rm: cannot remove 'main': No such file or directory
g++ -std=c++17 -Wall -O3 -c main.cpp
g++ -std=c++17 -Wall -O3 -o main main.o
End run student 2025-07-08-XXX-1933070, exercise 2, test 5

Begin run  student 2025-07-08-XXX-1938972, exercise 2, test 5. Output file is: results.txt
rm: cannot remove 'main': No such file or directory
g++ -lm -O3 main.cpp -o main
End run student 2025-07-08-XXX-1938972, exercise 2, test 5

Begin run  student 2025-07-08-XXX-2006100, exercise 2, test 5. Output file is: results.txt
rm: cannot remove 'main': No such file or directory
rm: cannot remove 'results.txt': No such file or directory
make: *** No targets specified and no makefile found.  Stop.
mv: cannot stat 'results.txt': No such file or directory
End run student 2025-07-08-XXX-2006100, exercise 2, test 5

Begin run  student 2025-07-08-XXX-2056804, exercise 2, test 5. Output file is: results.txt
cp: cannot stat '/home/enrico/edata/tronci@di.uniroma1.it/enrico/teaching/EXAMS/software-engineering/cpp-grader/submissions/2025-07-08-XXX-2056804': No such file or directory
cp: cannot create regular file '/home/enrico/edata/tronci@di.uniroma1.it/enrico/teaching/EXAMS/software-engineering/cpp-grader/testdir/2025-07-08-XXX-2056804/2': No such file or directory
./grade1stud1ex1test.sh: line 39: cd: /home/enrico/edata/tronci@di.uniroma1.it/enrico/teaching/EXAMS/software-engineering/cpp-grader/testdir/2025-07-08-XXX-2056804/2: No such file or directory
rm: cannot remove 'main': No such file or directory
rm: cannot remove 'results.txt': No such file or directory
make: *** No targets specified and no makefile found.  Stop.
mv: cannot stat 'results.txt': No such file or directory
End run student 2025-07-08-XXX-2056804, exercise 2, test 5

Begin run  student 2025-07-08-XXX-1911644, exercise 2, test 5. Output file is: results.txt
g++ -std=c++17 -O2 -Wall -o main main.cpp
End run student 2025-07-08-XXX-1911644, exercise 2, test 5

Begin run  student 2025-07-08-XXX-1911623, exercise 2, test 5. Output file is: results.txt
rm: cannot remove 'main': No such file or directory
rm: cannot remove 'results.txt': No such file or directory
g++ -std=c++11 -Wall -Wextra -Wpedantic -lm -O3  -o main
/usr/bin/ld: /usr/lib/gcc/x86_64-linux-gnu/13/../../../x86_64-linux-gnu/Scrt1.o: in function `_start':
(.text+0x1b): undefined reference to `main'
collect2: error: ld returned 1 exit status
make: *** [makefile:11: main] Error 1
mv: cannot stat 'results.txt': No such file or directory
End run student 2025-07-08-XXX-1911623, exercise 2, test 5

Begin run  student 2025-07-08-XXX-1965156, exercise 2, test 5. Output file is: results.txt
rm: cannot remove 'main': No such file or directory
rm: cannot remove 'results.txt': No such file or directory
g++ -std=c++17 -O2 -Wall -o main main.cpp
End run student 2025-07-08-XXX-1965156, exercise 2, test 5

Begin run  student 2025-07-08-XXX-2067545, exercise 2, test 5. Output file is: results.txt
rm: cannot remove 'main': No such file or directory
g++ -c -o main.o main.cpp -std=c++11 -I.  -lm -g
g++ -o main main.o -std=c++11 -I.  -lm -g
End run student 2025-07-08-XXX-2067545, exercise 2, test 5

Begin run  student 2025-07-08-XXX-2070317, exercise 2, test 5. Output file is: results.txt
./grade1stud1ex1test.sh: line 39: cd: /home/enrico/edata/tronci@di.uniroma1.it/enrico/teaching/EXAMS/software-engineering/cpp-grader/testdir/2025-07-08-XXX-2070317/2: Not a directory
rm: cannot remove 'main': No such file or directory
rm: cannot remove 'results.txt': No such file or directory
make: *** No targets specified and no makefile found.  Stop.
mv: cannot stat 'results.txt': No such file or directory
End run student 2025-07-08-XXX-2070317, exercise 2, test 5

Begin run  student 2025-07-08-XXX-2043415, exercise 2, test 5. Output file is: results.txt
g++ -c -o main.o main.cpp -std=c++11 -I.  -lm -static
g++ -c -o randgen.o randgen.cpp -std=c++11 -I.  -lm -static
g++ -c -o vehicle.o vehicle.cpp -std=c++11 -I.  -lm -static
g++ -o main main.o randgen.o vehicle.o -std=c++11 -I.  -lm -static; rm *.o;
mv: cannot stat 'results.txt': No such file or directory
End run student 2025-07-08-XXX-2043415, exercise 2, test 5

Begin run  student 2025-07-08-XXX-2043364, exercise 2, test 5. Output file is: results.txt
rm: cannot remove 'main': No such file or directory
g++ -lm -O3  -c main.cpp -o main.o
g++ -lm -O3  main.o -o main
End run student 2025-07-08-XXX-2043364, exercise 2, test 5

Begin run  student 2025-07-08-XXX-2053090, exercise 2, test 5. Output file is: results.txt
g++ main.cpp -o main
mv: cannot stat 'results.txt': No such file or directory
End run student 2025-07-08-XXX-2053090, exercise 2, test 5

Begin run  student 2025-07-08-XXX-2046124, exercise 2, test 5. Output file is: results.txt
rm: cannot remove 'main': No such file or directory
g++ -c -o main.o main.cpp -std=c++11 -I.  -lm 
g++ -o main main.o -std=c++11 -I.  -lm 
mv: cannot stat 'results.txt': No such file or directory
End run student 2025-07-08-XXX-2046124, exercise 2, test 5

Begin run  student 2025-07-08-XXX-1996206, exercise 2, test 5. Output file is: results.txt
rm: cannot remove 'main': No such file or directory
g++ -std=c++11 -o main main.cpp
End run student 2025-07-08-XXX-1996206, exercise 2, test 5

Begin run  student 2025-07-08-XXX-2080998, exercise 2, test 5. Output file is: results.txt
g++ -c -o global.o global.cpp -std=c++11 -I. -lm -g -Wall
g++ -c -o main.o main.cpp -std=c++11 -I. -lm -g -Wall
g++ -c -o simulator.o simulator.cpp -std=c++11 -I. -lm -g -Wall
g++ -c -o veicolo.o veicolo.cpp -std=c++11 -I. -lm -g -Wall
g++ -o main global.o main.o simulator.o veicolo.o -std=c++11 -I. -lm -g -Wall
End run student 2025-07-08-XXX-2080998, exercise 2, test 5

Begin run  student 2025-07-08-XXX-2054535, exercise 2, test 5. Output file is: results.txt
rm: cannot remove 'main': No such file or directory
rm: cannot remove 'results.txt': No such file or directory
make: *** No targets.  Stop.
mv: cannot stat 'results.txt': No such file or directory
End run student 2025-07-08-XXX-2054535, exercise 2, test 5

Begin run  student 2025-07-08-XXX-2026514, exercise 2, test 5. Output file is: results.txt
g++ -lm -O3  -c main.cpp -o main.o
g++ -lm -O3  main.o -o main
End run student 2025-07-08-XXX-2026514, exercise 2, test 5

Begin run  student 2025-07-08-XXX-2087310, exercise 2, test 5. Output file is: results.txt
rm: cannot remove 'main': No such file or directory
g++ -std=c++11 main.cpp -o main
mv: cannot stat 'results.txt': No such file or directory
End run student 2025-07-08-XXX-2087310, exercise 2, test 5

Begin run  student 2025-07-08-XXX-2050553, exercise 2, test 5. Output file is: results.txt
g++ -lm -O3 main.cpp -o main
End run student 2025-07-08-XXX-2050553, exercise 2, test 5

Begin run  student 2025-07-08-XXX-2087354, exercise 2, test 5. Output file is: results.txt
rm: cannot remove 'main': No such file or directory
g++ -std=c++17 -Wall -Wextra -g -I. -I../mocc main.cpp bro.cpp ../mocc/time.cpp ../mocc/sasholo.cpp ../mocc/math.cpp -o main
In file included from ../mocc/time.cpp:1:
../mocc/time.hpp: In constructor ‘Timer::Timer(real_t, TimerMode, real_t)’:
../mocc/time.hpp:30:15: warning: ‘Timer::mode’ will be initialized after [-Wreorder]
   30 |     TimerMode mode;
      |               ^~~~
../mocc/time.hpp:29:18: warning:   ‘const real_t Timer::delta’ [-Wreorder]
   29 |     const real_t delta;
      |                  ^~~~~
../mocc/time.cpp:12:1: warning:   when initialized here [-Wreorder]
   12 | Timer::Timer(real_t duration, TimerMode mode, real_t delta)
      | ^~~~~
mv: cannot stat 'results.txt': No such file or directory
End run student 2025-07-08-XXX-2087354, exercise 2, test 5

Begin run  student 2025-07-08-XXX-2087359, exercise 2, test 5. Output file is: results.txt
g++ -lm -O3 main.cpp Veicolo.hpp -o main
End run student 2025-07-08-XXX-2087359, exercise 2, test 5

Begin run  student 2025-07-08-XXX-2034930, exercise 2, test 5. Output file is: results.txt
g++ -lm -O3 -std=c++11 main.cpp -o main
End run student 2025-07-08-XXX-2034930, exercise 2, test 5

Begin run  student 2025-07-08-XXX-2068178, exercise 2, test 5. Output file is: results.txt
rm: cannot remove 'main': No such file or directory
g++ -lm -O3 -std=c++11 -c main.cpp -o main.o
g++ -lm -O3 -std=c++11 main.o -o main
End run student 2025-07-08-XXX-2068178, exercise 2, test 5

Begin run  student 2025-07-08-XXX-2060062, exercise 2, test 5. Output file is: results.txt
rm: cannot remove 'main': No such file or directory
rm: cannot remove 'results.txt': No such file or directory
g++ -lm -std=c++17  -o main main.cpp
End run student 2025-07-08-XXX-2060062, exercise 2, test 5

