processing student 2025-01-09-Alessandro-Maisto-2083154 ex 2 test 1
Running student 2025-01-09-Alessandro-Maisto-2083154, exercise 2, test 1
g++ -lm -O3 -c dtmc.cpp -o dtmc.o
g++ -lm -O3 -c main.cpp -o main.o
g++ -lm -O3 dtmc.o main.o -o main
processing student 2025-01-09-Alessandro-Pizzuco-2084379 ex 2 test 1
Running student 2025-01-09-Alessandro-Pizzuco-2084379, exercise 2, test 1
g++ -c -o betterFiFo.o betterFiFo.cpp -std=c++11 -g -I.  -lm 
g++ -c -o mdp.o mdp.cpp -std=c++11 -g -I.  -lm 
g++ -c -o betterdtmc.o betterdtmc.cpp -std=c++11 -g -I.  -lm 
g++ -c -o randgen.o randgen.cpp -std=c++11 -g -I.  -lm 
g++ -c -o globals.o globals.cpp -std=c++11 -g -I.  -lm 
g++ -c -o main.o main.cpp -std=c++11 -g -I.  -lm 
g++ -o main betterFiFo.o mdp.o betterdtmc.o randgen.o globals.o main.o -std=c++11 -g -I.  -lm  -g
processing student 2025-01-09-Antonio-Pio-Monaco-2050059 ex 2 test 1
Running student 2025-01-09-Antonio-Pio-Monaco-2050059, exercise 2, test 1
rm: cannot remove 'main': No such file or directory
g++ -lm -O3 -c utilityv2/simulator.cpp -o utilityv2/simulator.o
g++ -lm -O3 -c utilityv2/component.cpp -o utilityv2/component.o
g++ -lm -O3 -c utilityv2/system.cpp -o utilityv2/system.o
g++ -lm -O3 -c utilityv2/globals.cpp -o utilityv2/globals.o
g++ -lm -O3 -c team.cpp -o team.o
g++ -lm -O3 -c SoftwareDevelopmentSystem.cpp -o SoftwareDevelopmentSystem.o
g++ -lm -O3 -c main.cpp -o main.o
g++ -lm -O3 utilityv2/simulator.o utilityv2/component.o utilityv2/system.o utilityv2/globals.o team.o SoftwareDevelopmentSystem.o main.o -o main
processing student 2025-01-09-daniele-verde-2066523 ex 2 test 1
Running student 2025-01-09-daniele-verde-2066523, exercise 2, test 1
rm: cannot remove 'main': No such file or directory
g++ -c -o simulator.o simulator.cpp -std=c++11 -I.  -lm 
g++ -c -o dtmc.o dtmc.cpp -std=c++11 -I.  -lm 
g++ -c -o global.o global.cpp -std=c++11 -I.  -lm 
g++ -c -o main.o main.cpp -std=c++11 -I.  -lm 
g++ -o main simulator.o dtmc.o global.o main.o -std=c++11 -I.  -lm 
processing student 2025-01-09-Davide-Crivellini-2059337 ex 2 test 1
Running student 2025-01-09-Davide-Crivellini-2059337, exercise 2, test 1
g++ -c -o mdp.o mdp.cpp -std=c++11 -I.  -lm 
g++ -c -o mdp2.o mdp2.cpp -std=c++11 -I.  -lm 
g++ -c -o main.o main.cpp -std=c++11 -I.  -lm 
g++ -o main mdp.o mdp2.o main.o -std=c++11 -I.  -lm 
./grade1stud1ex1test.sh: line 39: 48211 Segmentation fault      timeout -k 30 20s ./main 1>&$1.$2.$3.log
mv: cannot stat 'results.txt': No such file or directory
processing student 2025-01-09-Eva-Evangelisti-2066788 ex 2 test 1
Running student 2025-01-09-Eva-Evangelisti-2066788, exercise 2, test 1
./grade1stud1ex1test.sh: line 35: cd: testdir/2025-01-09-Eva-Evangelisti-2066788/2: Not a directory
rm: cannot remove 'main': No such file or directory
make: *** No targets specified and no makefile found.  Stop.
mv: cannot stat 'results.txt': No such file or directory
processing student 2025-01-09-Gabriele-Pelissetto-2045067 ex 2 test 1
Running student 2025-01-09-Gabriele-Pelissetto-2045067, exercise 2, test 1
 CXX    clk.cpp
clk.cpp: In function ‘void freeclk()’:
clk.cpp:11:5: warning: deleting object of polymorphic class type ‘lib::Clock’ which has non-virtual destructor might cause undefined behavior [-Wdelete-non-virtual-dtor]
   11 |     delete c;
      |     ^~~~~~~~
In file included from clk.cpp:4:
defs.hpp: At global scope:
defs.hpp:7:15: warning: ‘HORIZON’ defined but not used [-Wunused-variable]
    7 | static double HORIZON = 1000;
      |               ^~~~~~~
 CXX    main.cpp
 CXX    lib/alarm.cpp
 CXX    lib/averager.cpp
 CXX    lib/clock.cpp
 CXX    lib/csv_loggable.cpp
 CXX    lib/DTMC.cpp
 CXX    lib/FIFO.cpp
 CXX    lib/global.cpp
 CXX    lib/printing.cpp
 CXX    lib/range.cpp
 CXX    lib/simulator.cpp
 CXX    lib/stopwatch.cpp
g++ -o main clk.o main.o lib/alarm.o lib/averager.o lib/clock.o lib/csv_loggable.o lib/DTMC.o lib/FIFO.o lib/global.o lib/printing.o lib/range.o lib/simulator.o lib/stopwatch.o
processing student 2025-01-09-Giulia-Pietrangeli-2057291 ex 2 test 1
Running student 2025-01-09-Giulia-Pietrangeli-2057291, exercise 2, test 1
g++ -Wall -Wextra -std=c++11 -o main main.cpp  
processing student 2025-01-09-Ionut-Cicio-2048752 ex 2 test 1
Running student 2025-01-09-Ionut-Cicio-2048752, exercise 2, test 1
g++ -lm -O3  -c mocc/stat.cpp -o mocc/stat.o
g++ -lm -O3  -c mocc/time.cpp -o mocc/time.o
g++ -lm -O3  -c main.cpp -o main.o
g++ -lm -O3  mocc/stat.o mocc/time.o main.o -o main
processing student 2025-01-09-Lorenzo-Musso-2049518 ex 2 test 1
Running student 2025-01-09-Lorenzo-Musso-2049518, exercise 2, test 1
g++ -Wall -Wextra -std=c++11 -o main main.cpp
processing student 2025-01-09-Luca-Micarelli-2061752 ex 2 test 1
Running student 2025-01-09-Luca-Micarelli-2061752, exercise 2, test 1
rm -f main
g++ -std=c++11 -o main main.cpp
processing student 2025-01-09-Luca-Sforza-2050030 ex 2 test 1
Running student 2025-01-09-Luca-Sforza-2050030, exercise 2, test 1
mkdir -p build
g++ -O3 -Wall -Wextra -pedantic -I ./include/ -std=c++17 -lm main.cpp -o ./main
processing student 2025-01-09-Marco-Basanisi-1994583 ex 2 test 1
Running student 2025-01-09-Marco-Basanisi-1994583, exercise 2, test 1
rm: cannot remove 'main': No such file or directory
make: *** No targets specified and no makefile found.  Stop.
processing student 2025-01-09-Min-Sun-1884161 ex 2 test 1
Running student 2025-01-09-Min-Sun-1884161, exercise 2, test 1
g++ -std=c++11 -Wall main.cpp -o main
processing student 2025-01-09-Riccardo-Paris-2046991 ex 2 test 1
Running student 2025-01-09-Riccardo-Paris-2046991, exercise 2, test 1
g++ -c -o global.o global.cpp -std=c++11 -I.  -lm 
g++ -c -o class.o class.cpp -std=c++11 -I.  -lm 
g++ -c -o main.o main.cpp -std=c++11 -I.  -lm 
g++ -o main global.o class.o main.o -std=c++11 -I.  -lm 
processing student 2025-01-09-RideewitageLachithaSangeeth-Perera-2042904 ex 2 test 1
Running student 2025-01-09-RideewitageLachithaSangeeth-Perera-2042904, exercise 2, test 1
rm: cannot remove 'main': No such file or directory
g++ -c -o dtmc.o dtmc.cpp -std=c++11 -I.  -lm 
dtmc.cpp: In member function ‘void DTMC::init(std::string)’:
dtmc.cpp:43:23: error: ‘strtok’ was not declared in this scope; did you mean ‘strtoq’?
   43 |         char* token = strtok(buffer, " ");
      |                       ^~~~~~
      |                       strtoq
make: *** [Makefile:11: dtmc.o] Error 1
processing student 2025-01-09-Rocco-Tormenta-2052530 ex 2 test 1
Running student 2025-01-09-Rocco-Tormenta-2052530, exercise 2, test 1
mkdir -p build
g++ -c -o build/stats.o stats.cpp -lm -g -O3 -std=c++11 -I../../
g++ -c -o build/dtmc.o dtmc.cpp -lm -g -O3 -std=c++11 -I../../
g++ -c -o build/main.o main.cpp -lm -g -O3 -std=c++11 -I../../
g++ -o main build/stats.o build/dtmc.o build/main.o -lm -g -O3 -std=c++11 -I../../
processing student 2025-MATTIA-PRISCO-2046234 ex 2 test 1
Running student 2025-MATTIA-PRISCO-2046234, exercise 2, test 1
rm: cannot remove 'main': No such file or directory
make: *** No targets specified and no makefile found.  Stop.
mv: cannot stat 'results.txt': No such file or directory
processing student 2025-01-09-Alessandro-Maisto-2083154 ex 2 test 2
Running student 2025-01-09-Alessandro-Maisto-2083154, exercise 2, test 2
g++ -lm -O3 -c dtmc.cpp -o dtmc.o
g++ -lm -O3 -c main.cpp -o main.o
g++ -lm -O3 dtmc.o main.o -o main
processing student 2025-01-09-Alessandro-Pizzuco-2084379 ex 2 test 2
Running student 2025-01-09-Alessandro-Pizzuco-2084379, exercise 2, test 2
g++ -c -o betterFiFo.o betterFiFo.cpp -std=c++11 -g -I.  -lm 
g++ -c -o mdp.o mdp.cpp -std=c++11 -g -I.  -lm 
g++ -c -o betterdtmc.o betterdtmc.cpp -std=c++11 -g -I.  -lm 
g++ -c -o randgen.o randgen.cpp -std=c++11 -g -I.  -lm 
g++ -c -o globals.o globals.cpp -std=c++11 -g -I.  -lm 
g++ -c -o main.o main.cpp -std=c++11 -g -I.  -lm 
g++ -o main betterFiFo.o mdp.o betterdtmc.o randgen.o globals.o main.o -std=c++11 -g -I.  -lm  -g
processing student 2025-01-09-Antonio-Pio-Monaco-2050059 ex 2 test 2
Running student 2025-01-09-Antonio-Pio-Monaco-2050059, exercise 2, test 2
rm: cannot remove 'main': No such file or directory
g++ -lm -O3 -c utilityv2/simulator.cpp -o utilityv2/simulator.o
g++ -lm -O3 -c utilityv2/component.cpp -o utilityv2/component.o
g++ -lm -O3 -c utilityv2/system.cpp -o utilityv2/system.o
g++ -lm -O3 -c utilityv2/globals.cpp -o utilityv2/globals.o
g++ -lm -O3 -c team.cpp -o team.o
g++ -lm -O3 -c SoftwareDevelopmentSystem.cpp -o SoftwareDevelopmentSystem.o
g++ -lm -O3 -c main.cpp -o main.o
g++ -lm -O3 utilityv2/simulator.o utilityv2/component.o utilityv2/system.o utilityv2/globals.o team.o SoftwareDevelopmentSystem.o main.o -o main
processing student 2025-01-09-daniele-verde-2066523 ex 2 test 2
Running student 2025-01-09-daniele-verde-2066523, exercise 2, test 2
rm: cannot remove 'main': No such file or directory
g++ -c -o simulator.o simulator.cpp -std=c++11 -I.  -lm 
g++ -c -o dtmc.o dtmc.cpp -std=c++11 -I.  -lm 
g++ -c -o global.o global.cpp -std=c++11 -I.  -lm 
g++ -c -o main.o main.cpp -std=c++11 -I.  -lm 
g++ -o main simulator.o dtmc.o global.o main.o -std=c++11 -I.  -lm 
processing student 2025-01-09-Davide-Crivellini-2059337 ex 2 test 2
Running student 2025-01-09-Davide-Crivellini-2059337, exercise 2, test 2
g++ -c -o mdp.o mdp.cpp -std=c++11 -I.  -lm 
g++ -c -o mdp2.o mdp2.cpp -std=c++11 -I.  -lm 
g++ -c -o main.o main.cpp -std=c++11 -I.  -lm 
g++ -o main mdp.o mdp2.o main.o -std=c++11 -I.  -lm 
./grade1stud1ex1test.sh: line 39: 48711 Segmentation fault      timeout -k 30 20s ./main 1>&$1.$2.$3.log
mv: cannot stat 'results.txt': No such file or directory
processing student 2025-01-09-Eva-Evangelisti-2066788 ex 2 test 2
Running student 2025-01-09-Eva-Evangelisti-2066788, exercise 2, test 2
./grade1stud1ex1test.sh: line 35: cd: testdir/2025-01-09-Eva-Evangelisti-2066788/2: Not a directory
rm: cannot remove 'main': No such file or directory
make: *** No targets specified and no makefile found.  Stop.
mv: cannot stat 'results.txt': No such file or directory
processing student 2025-01-09-Gabriele-Pelissetto-2045067 ex 2 test 2
Running student 2025-01-09-Gabriele-Pelissetto-2045067, exercise 2, test 2
 CXX    clk.cpp
clk.cpp: In function ‘void freeclk()’:
clk.cpp:11:5: warning: deleting object of polymorphic class type ‘lib::Clock’ which has non-virtual destructor might cause undefined behavior [-Wdelete-non-virtual-dtor]
   11 |     delete c;
      |     ^~~~~~~~
In file included from clk.cpp:4:
defs.hpp: At global scope:
defs.hpp:7:15: warning: ‘HORIZON’ defined but not used [-Wunused-variable]
    7 | static double HORIZON = 1000;
      |               ^~~~~~~
 CXX    main.cpp
 CXX    lib/alarm.cpp
 CXX    lib/averager.cpp
 CXX    lib/clock.cpp
 CXX    lib/csv_loggable.cpp
 CXX    lib/DTMC.cpp
 CXX    lib/FIFO.cpp
 CXX    lib/global.cpp
 CXX    lib/printing.cpp
 CXX    lib/range.cpp
 CXX    lib/simulator.cpp
 CXX    lib/stopwatch.cpp
g++ -o main clk.o main.o lib/alarm.o lib/averager.o lib/clock.o lib/csv_loggable.o lib/DTMC.o lib/FIFO.o lib/global.o lib/printing.o lib/range.o lib/simulator.o lib/stopwatch.o
processing student 2025-01-09-Giulia-Pietrangeli-2057291 ex 2 test 2
Running student 2025-01-09-Giulia-Pietrangeli-2057291, exercise 2, test 2
g++ -Wall -Wextra -std=c++11 -o main main.cpp  
processing student 2025-01-09-Ionut-Cicio-2048752 ex 2 test 2
Running student 2025-01-09-Ionut-Cicio-2048752, exercise 2, test 2
g++ -lm -O3  -c mocc/stat.cpp -o mocc/stat.o
g++ -lm -O3  -c mocc/time.cpp -o mocc/time.o
g++ -lm -O3  -c main.cpp -o main.o
g++ -lm -O3  mocc/stat.o mocc/time.o main.o -o main
processing student 2025-01-09-Lorenzo-Musso-2049518 ex 2 test 2
Running student 2025-01-09-Lorenzo-Musso-2049518, exercise 2, test 2
g++ -Wall -Wextra -std=c++11 -o main main.cpp
processing student 2025-01-09-Luca-Micarelli-2061752 ex 2 test 2
Running student 2025-01-09-Luca-Micarelli-2061752, exercise 2, test 2
rm -f main
g++ -std=c++11 -o main main.cpp
processing student 2025-01-09-Luca-Sforza-2050030 ex 2 test 2
Running student 2025-01-09-Luca-Sforza-2050030, exercise 2, test 2
mkdir -p build
g++ -O3 -Wall -Wextra -pedantic -I ./include/ -std=c++17 -lm main.cpp -o ./main
processing student 2025-01-09-Marco-Basanisi-1994583 ex 2 test 2
Running student 2025-01-09-Marco-Basanisi-1994583, exercise 2, test 2
rm: cannot remove 'main': No such file or directory
make: *** No targets specified and no makefile found.  Stop.
processing student 2025-01-09-Min-Sun-1884161 ex 2 test 2
Running student 2025-01-09-Min-Sun-1884161, exercise 2, test 2
g++ -std=c++11 -Wall main.cpp -o main
processing student 2025-01-09-Riccardo-Paris-2046991 ex 2 test 2
Running student 2025-01-09-Riccardo-Paris-2046991, exercise 2, test 2
g++ -c -o global.o global.cpp -std=c++11 -I.  -lm 
g++ -c -o class.o class.cpp -std=c++11 -I.  -lm 
g++ -c -o main.o main.cpp -std=c++11 -I.  -lm 
g++ -o main global.o class.o main.o -std=c++11 -I.  -lm 
processing student 2025-01-09-RideewitageLachithaSangeeth-Perera-2042904 ex 2 test 2
Running student 2025-01-09-RideewitageLachithaSangeeth-Perera-2042904, exercise 2, test 2
rm: cannot remove 'main': No such file or directory
g++ -c -o dtmc.o dtmc.cpp -std=c++11 -I.  -lm 
dtmc.cpp: In member function ‘void DTMC::init(std::string)’:
dtmc.cpp:43:23: error: ‘strtok’ was not declared in this scope; did you mean ‘strtoq’?
   43 |         char* token = strtok(buffer, " ");
      |                       ^~~~~~
      |                       strtoq
make: *** [Makefile:11: dtmc.o] Error 1
processing student 2025-01-09-Rocco-Tormenta-2052530 ex 2 test 2
Running student 2025-01-09-Rocco-Tormenta-2052530, exercise 2, test 2
mkdir -p build
g++ -c -o build/stats.o stats.cpp -lm -g -O3 -std=c++11 -I../../
g++ -c -o build/dtmc.o dtmc.cpp -lm -g -O3 -std=c++11 -I../../
g++ -c -o build/main.o main.cpp -lm -g -O3 -std=c++11 -I../../
g++ -o main build/stats.o build/dtmc.o build/main.o -lm -g -O3 -std=c++11 -I../../
processing student 2025-MATTIA-PRISCO-2046234 ex 2 test 2
Running student 2025-MATTIA-PRISCO-2046234, exercise 2, test 2
rm: cannot remove 'main': No such file or directory
make: *** No targets specified and no makefile found.  Stop.
mv: cannot stat 'results.txt': No such file or directory
processing student 2025-01-09-Alessandro-Maisto-2083154 ex 2 test 3
Running student 2025-01-09-Alessandro-Maisto-2083154, exercise 2, test 3
g++ -lm -O3 -c dtmc.cpp -o dtmc.o
g++ -lm -O3 -c main.cpp -o main.o
g++ -lm -O3 dtmc.o main.o -o main
processing student 2025-01-09-Alessandro-Pizzuco-2084379 ex 2 test 3
Running student 2025-01-09-Alessandro-Pizzuco-2084379, exercise 2, test 3
g++ -c -o betterFiFo.o betterFiFo.cpp -std=c++11 -g -I.  -lm 
g++ -c -o mdp.o mdp.cpp -std=c++11 -g -I.  -lm 
g++ -c -o betterdtmc.o betterdtmc.cpp -std=c++11 -g -I.  -lm 
g++ -c -o randgen.o randgen.cpp -std=c++11 -g -I.  -lm 
g++ -c -o globals.o globals.cpp -std=c++11 -g -I.  -lm 
g++ -c -o main.o main.cpp -std=c++11 -g -I.  -lm 
g++ -o main betterFiFo.o mdp.o betterdtmc.o randgen.o globals.o main.o -std=c++11 -g -I.  -lm  -g
processing student 2025-01-09-Antonio-Pio-Monaco-2050059 ex 2 test 3
Running student 2025-01-09-Antonio-Pio-Monaco-2050059, exercise 2, test 3
rm: cannot remove 'main': No such file or directory
g++ -lm -O3 -c utilityv2/simulator.cpp -o utilityv2/simulator.o
g++ -lm -O3 -c utilityv2/component.cpp -o utilityv2/component.o
g++ -lm -O3 -c utilityv2/system.cpp -o utilityv2/system.o
g++ -lm -O3 -c utilityv2/globals.cpp -o utilityv2/globals.o
g++ -lm -O3 -c team.cpp -o team.o
g++ -lm -O3 -c SoftwareDevelopmentSystem.cpp -o SoftwareDevelopmentSystem.o
g++ -lm -O3 -c main.cpp -o main.o
g++ -lm -O3 utilityv2/simulator.o utilityv2/component.o utilityv2/system.o utilityv2/globals.o team.o SoftwareDevelopmentSystem.o main.o -o main
processing student 2025-01-09-daniele-verde-2066523 ex 2 test 3
Running student 2025-01-09-daniele-verde-2066523, exercise 2, test 3
rm: cannot remove 'main': No such file or directory
g++ -c -o simulator.o simulator.cpp -std=c++11 -I.  -lm 
g++ -c -o dtmc.o dtmc.cpp -std=c++11 -I.  -lm 
g++ -c -o global.o global.cpp -std=c++11 -I.  -lm 
g++ -c -o main.o main.cpp -std=c++11 -I.  -lm 
g++ -o main simulator.o dtmc.o global.o main.o -std=c++11 -I.  -lm 
processing student 2025-01-09-Davide-Crivellini-2059337 ex 2 test 3
Running student 2025-01-09-Davide-Crivellini-2059337, exercise 2, test 3
g++ -c -o mdp.o mdp.cpp -std=c++11 -I.  -lm 
g++ -c -o mdp2.o mdp2.cpp -std=c++11 -I.  -lm 
g++ -c -o main.o main.cpp -std=c++11 -I.  -lm 
g++ -o main mdp.o mdp2.o main.o -std=c++11 -I.  -lm 
./grade1stud1ex1test.sh: line 39: 49223 Segmentation fault      timeout -k 30 20s ./main 1>&$1.$2.$3.log
mv: cannot stat 'results.txt': No such file or directory
processing student 2025-01-09-Eva-Evangelisti-2066788 ex 2 test 3
Running student 2025-01-09-Eva-Evangelisti-2066788, exercise 2, test 3
./grade1stud1ex1test.sh: line 35: cd: testdir/2025-01-09-Eva-Evangelisti-2066788/2: Not a directory
rm: cannot remove 'main': No such file or directory
make: *** No targets specified and no makefile found.  Stop.
mv: cannot stat 'results.txt': No such file or directory
processing student 2025-01-09-Gabriele-Pelissetto-2045067 ex 2 test 3
Running student 2025-01-09-Gabriele-Pelissetto-2045067, exercise 2, test 3
 CXX    clk.cpp
clk.cpp: In function ‘void freeclk()’:
clk.cpp:11:5: warning: deleting object of polymorphic class type ‘lib::Clock’ which has non-virtual destructor might cause undefined behavior [-Wdelete-non-virtual-dtor]
   11 |     delete c;
      |     ^~~~~~~~
In file included from clk.cpp:4:
defs.hpp: At global scope:
defs.hpp:7:15: warning: ‘HORIZON’ defined but not used [-Wunused-variable]
    7 | static double HORIZON = 1000;
      |               ^~~~~~~
 CXX    main.cpp
 CXX    lib/alarm.cpp
 CXX    lib/averager.cpp
 CXX    lib/clock.cpp
 CXX    lib/csv_loggable.cpp
 CXX    lib/DTMC.cpp
 CXX    lib/FIFO.cpp
 CXX    lib/global.cpp
 CXX    lib/printing.cpp
 CXX    lib/range.cpp
 CXX    lib/simulator.cpp
 CXX    lib/stopwatch.cpp
g++ -o main clk.o main.o lib/alarm.o lib/averager.o lib/clock.o lib/csv_loggable.o lib/DTMC.o lib/FIFO.o lib/global.o lib/printing.o lib/range.o lib/simulator.o lib/stopwatch.o
processing student 2025-01-09-Giulia-Pietrangeli-2057291 ex 2 test 3
Running student 2025-01-09-Giulia-Pietrangeli-2057291, exercise 2, test 3
g++ -Wall -Wextra -std=c++11 -o main main.cpp  
processing student 2025-01-09-Ionut-Cicio-2048752 ex 2 test 3
Running student 2025-01-09-Ionut-Cicio-2048752, exercise 2, test 3
g++ -lm -O3  -c mocc/stat.cpp -o mocc/stat.o
g++ -lm -O3  -c mocc/time.cpp -o mocc/time.o
g++ -lm -O3  -c main.cpp -o main.o
g++ -lm -O3  mocc/stat.o mocc/time.o main.o -o main
processing student 2025-01-09-Lorenzo-Musso-2049518 ex 2 test 3
Running student 2025-01-09-Lorenzo-Musso-2049518, exercise 2, test 3
g++ -Wall -Wextra -std=c++11 -o main main.cpp
processing student 2025-01-09-Luca-Micarelli-2061752 ex 2 test 3
Running student 2025-01-09-Luca-Micarelli-2061752, exercise 2, test 3
rm -f main
g++ -std=c++11 -o main main.cpp
processing student 2025-01-09-Luca-Sforza-2050030 ex 2 test 3
Running student 2025-01-09-Luca-Sforza-2050030, exercise 2, test 3
mkdir -p build
g++ -O3 -Wall -Wextra -pedantic -I ./include/ -std=c++17 -lm main.cpp -o ./main
processing student 2025-01-09-Marco-Basanisi-1994583 ex 2 test 3
Running student 2025-01-09-Marco-Basanisi-1994583, exercise 2, test 3
rm: cannot remove 'main': No such file or directory
make: *** No targets specified and no makefile found.  Stop.
processing student 2025-01-09-Min-Sun-1884161 ex 2 test 3
Running student 2025-01-09-Min-Sun-1884161, exercise 2, test 3
g++ -std=c++11 -Wall main.cpp -o main
processing student 2025-01-09-Riccardo-Paris-2046991 ex 2 test 3
Running student 2025-01-09-Riccardo-Paris-2046991, exercise 2, test 3
g++ -c -o global.o global.cpp -std=c++11 -I.  -lm 
g++ -c -o class.o class.cpp -std=c++11 -I.  -lm 
g++ -c -o main.o main.cpp -std=c++11 -I.  -lm 
g++ -o main global.o class.o main.o -std=c++11 -I.  -lm 
processing student 2025-01-09-RideewitageLachithaSangeeth-Perera-2042904 ex 2 test 3
Running student 2025-01-09-RideewitageLachithaSangeeth-Perera-2042904, exercise 2, test 3
rm: cannot remove 'main': No such file or directory
g++ -c -o dtmc.o dtmc.cpp -std=c++11 -I.  -lm 
dtmc.cpp: In member function ‘void DTMC::init(std::string)’:
dtmc.cpp:43:23: error: ‘strtok’ was not declared in this scope; did you mean ‘strtoq’?
   43 |         char* token = strtok(buffer, " ");
      |                       ^~~~~~
      |                       strtoq
make: *** [Makefile:11: dtmc.o] Error 1
processing student 2025-01-09-Rocco-Tormenta-2052530 ex 2 test 3
Running student 2025-01-09-Rocco-Tormenta-2052530, exercise 2, test 3
mkdir -p build
g++ -c -o build/stats.o stats.cpp -lm -g -O3 -std=c++11 -I../../
g++ -c -o build/dtmc.o dtmc.cpp -lm -g -O3 -std=c++11 -I../../
g++ -c -o build/main.o main.cpp -lm -g -O3 -std=c++11 -I../../
g++ -o main build/stats.o build/dtmc.o build/main.o -lm -g -O3 -std=c++11 -I../../
processing student 2025-MATTIA-PRISCO-2046234 ex 2 test 3
Running student 2025-MATTIA-PRISCO-2046234, exercise 2, test 3
rm: cannot remove 'main': No such file or directory
make: *** No targets specified and no makefile found.  Stop.
mv: cannot stat 'results.txt': No such file or directory
processing student 2025-01-09-Alessandro-Maisto-2083154 ex 2 test 4
Running student 2025-01-09-Alessandro-Maisto-2083154, exercise 2, test 4
g++ -lm -O3 -c dtmc.cpp -o dtmc.o
g++ -lm -O3 -c main.cpp -o main.o
g++ -lm -O3 dtmc.o main.o -o main
processing student 2025-01-09-Alessandro-Pizzuco-2084379 ex 2 test 4
Running student 2025-01-09-Alessandro-Pizzuco-2084379, exercise 2, test 4
g++ -c -o betterFiFo.o betterFiFo.cpp -std=c++11 -g -I.  -lm 
g++ -c -o mdp.o mdp.cpp -std=c++11 -g -I.  -lm 
g++ -c -o betterdtmc.o betterdtmc.cpp -std=c++11 -g -I.  -lm 
g++ -c -o randgen.o randgen.cpp -std=c++11 -g -I.  -lm 
g++ -c -o globals.o globals.cpp -std=c++11 -g -I.  -lm 
g++ -c -o main.o main.cpp -std=c++11 -g -I.  -lm 
g++ -o main betterFiFo.o mdp.o betterdtmc.o randgen.o globals.o main.o -std=c++11 -g -I.  -lm  -g
processing student 2025-01-09-Antonio-Pio-Monaco-2050059 ex 2 test 4
Running student 2025-01-09-Antonio-Pio-Monaco-2050059, exercise 2, test 4
rm: cannot remove 'main': No such file or directory
g++ -lm -O3 -c utilityv2/simulator.cpp -o utilityv2/simulator.o
g++ -lm -O3 -c utilityv2/component.cpp -o utilityv2/component.o
g++ -lm -O3 -c utilityv2/system.cpp -o utilityv2/system.o
g++ -lm -O3 -c utilityv2/globals.cpp -o utilityv2/globals.o
g++ -lm -O3 -c team.cpp -o team.o
g++ -lm -O3 -c SoftwareDevelopmentSystem.cpp -o SoftwareDevelopmentSystem.o
g++ -lm -O3 -c main.cpp -o main.o
g++ -lm -O3 utilityv2/simulator.o utilityv2/component.o utilityv2/system.o utilityv2/globals.o team.o SoftwareDevelopmentSystem.o main.o -o main
processing student 2025-01-09-daniele-verde-2066523 ex 2 test 4
Running student 2025-01-09-daniele-verde-2066523, exercise 2, test 4
rm: cannot remove 'main': No such file or directory
g++ -c -o simulator.o simulator.cpp -std=c++11 -I.  -lm 
g++ -c -o dtmc.o dtmc.cpp -std=c++11 -I.  -lm 
g++ -c -o global.o global.cpp -std=c++11 -I.  -lm 
g++ -c -o main.o main.cpp -std=c++11 -I.  -lm 
g++ -o main simulator.o dtmc.o global.o main.o -std=c++11 -I.  -lm 
processing student 2025-01-09-Davide-Crivellini-2059337 ex 2 test 4
Running student 2025-01-09-Davide-Crivellini-2059337, exercise 2, test 4
g++ -c -o mdp.o mdp.cpp -std=c++11 -I.  -lm 
g++ -c -o mdp2.o mdp2.cpp -std=c++11 -I.  -lm 
g++ -c -o main.o main.cpp -std=c++11 -I.  -lm 
g++ -o main mdp.o mdp2.o main.o -std=c++11 -I.  -lm 
./grade1stud1ex1test.sh: line 39: 50003 Segmentation fault      timeout -k 30 20s ./main 1>&$1.$2.$3.log
mv: cannot stat 'results.txt': No such file or directory
processing student 2025-01-09-Eva-Evangelisti-2066788 ex 2 test 4
Running student 2025-01-09-Eva-Evangelisti-2066788, exercise 2, test 4
./grade1stud1ex1test.sh: line 35: cd: testdir/2025-01-09-Eva-Evangelisti-2066788/2: Not a directory
rm: cannot remove 'main': No such file or directory
make: *** No targets specified and no makefile found.  Stop.
mv: cannot stat 'results.txt': No such file or directory
processing student 2025-01-09-Gabriele-Pelissetto-2045067 ex 2 test 4
Running student 2025-01-09-Gabriele-Pelissetto-2045067, exercise 2, test 4
 CXX    clk.cpp
clk.cpp: In function ‘void freeclk()’:
clk.cpp:11:5: warning: deleting object of polymorphic class type ‘lib::Clock’ which has non-virtual destructor might cause undefined behavior [-Wdelete-non-virtual-dtor]
   11 |     delete c;
      |     ^~~~~~~~
In file included from clk.cpp:4:
defs.hpp: At global scope:
defs.hpp:7:15: warning: ‘HORIZON’ defined but not used [-Wunused-variable]
    7 | static double HORIZON = 1000;
      |               ^~~~~~~
 CXX    main.cpp
 CXX    lib/alarm.cpp
 CXX    lib/averager.cpp
 CXX    lib/clock.cpp
 CXX    lib/csv_loggable.cpp
 CXX    lib/DTMC.cpp
 CXX    lib/FIFO.cpp
 CXX    lib/global.cpp
 CXX    lib/printing.cpp
 CXX    lib/range.cpp
 CXX    lib/simulator.cpp
 CXX    lib/stopwatch.cpp
g++ -o main clk.o main.o lib/alarm.o lib/averager.o lib/clock.o lib/csv_loggable.o lib/DTMC.o lib/FIFO.o lib/global.o lib/printing.o lib/range.o lib/simulator.o lib/stopwatch.o
processing student 2025-01-09-Giulia-Pietrangeli-2057291 ex 2 test 4
Running student 2025-01-09-Giulia-Pietrangeli-2057291, exercise 2, test 4
g++ -Wall -Wextra -std=c++11 -o main main.cpp  
processing student 2025-01-09-Ionut-Cicio-2048752 ex 2 test 4
Running student 2025-01-09-Ionut-Cicio-2048752, exercise 2, test 4
g++ -lm -O3  -c mocc/stat.cpp -o mocc/stat.o
g++ -lm -O3  -c mocc/time.cpp -o mocc/time.o
g++ -lm -O3  -c main.cpp -o main.o
g++ -lm -O3  mocc/stat.o mocc/time.o main.o -o main
processing student 2025-01-09-Lorenzo-Musso-2049518 ex 2 test 4
Running student 2025-01-09-Lorenzo-Musso-2049518, exercise 2, test 4
g++ -Wall -Wextra -std=c++11 -o main main.cpp
processing student 2025-01-09-Luca-Micarelli-2061752 ex 2 test 4
Running student 2025-01-09-Luca-Micarelli-2061752, exercise 2, test 4
rm -f main
g++ -std=c++11 -o main main.cpp
processing student 2025-01-09-Luca-Sforza-2050030 ex 2 test 4
Running student 2025-01-09-Luca-Sforza-2050030, exercise 2, test 4
mkdir -p build
g++ -O3 -Wall -Wextra -pedantic -I ./include/ -std=c++17 -lm main.cpp -o ./main
processing student 2025-01-09-Marco-Basanisi-1994583 ex 2 test 4
Running student 2025-01-09-Marco-Basanisi-1994583, exercise 2, test 4
rm: cannot remove 'main': No such file or directory
make: *** No targets specified and no makefile found.  Stop.
processing student 2025-01-09-Min-Sun-1884161 ex 2 test 4
Running student 2025-01-09-Min-Sun-1884161, exercise 2, test 4
g++ -std=c++11 -Wall main.cpp -o main
processing student 2025-01-09-Riccardo-Paris-2046991 ex 2 test 4
Running student 2025-01-09-Riccardo-Paris-2046991, exercise 2, test 4
g++ -c -o global.o global.cpp -std=c++11 -I.  -lm 
g++ -c -o class.o class.cpp -std=c++11 -I.  -lm 
g++ -c -o main.o main.cpp -std=c++11 -I.  -lm 
g++ -o main global.o class.o main.o -std=c++11 -I.  -lm 
processing student 2025-01-09-RideewitageLachithaSangeeth-Perera-2042904 ex 2 test 4
Running student 2025-01-09-RideewitageLachithaSangeeth-Perera-2042904, exercise 2, test 4
rm: cannot remove 'main': No such file or directory
g++ -c -o dtmc.o dtmc.cpp -std=c++11 -I.  -lm 
dtmc.cpp: In member function ‘void DTMC::init(std::string)’:
dtmc.cpp:43:23: error: ‘strtok’ was not declared in this scope; did you mean ‘strtoq’?
   43 |         char* token = strtok(buffer, " ");
      |                       ^~~~~~
      |                       strtoq
make: *** [Makefile:11: dtmc.o] Error 1
processing student 2025-01-09-Rocco-Tormenta-2052530 ex 2 test 4
Running student 2025-01-09-Rocco-Tormenta-2052530, exercise 2, test 4
mkdir -p build
g++ -c -o build/stats.o stats.cpp -lm -g -O3 -std=c++11 -I../../
g++ -c -o build/dtmc.o dtmc.cpp -lm -g -O3 -std=c++11 -I../../
g++ -c -o build/main.o main.cpp -lm -g -O3 -std=c++11 -I../../
g++ -o main build/stats.o build/dtmc.o build/main.o -lm -g -O3 -std=c++11 -I../../
processing student 2025-MATTIA-PRISCO-2046234 ex 2 test 4
Running student 2025-MATTIA-PRISCO-2046234, exercise 2, test 4
rm: cannot remove 'main': No such file or directory
make: *** No targets specified and no makefile found.  Stop.
mv: cannot stat 'results.txt': No such file or directory
processing student 2025-01-09-Alessandro-Maisto-2083154 ex 2 test 5
Running student 2025-01-09-Alessandro-Maisto-2083154, exercise 2, test 5
g++ -lm -O3 -c dtmc.cpp -o dtmc.o
g++ -lm -O3 -c main.cpp -o main.o
g++ -lm -O3 dtmc.o main.o -o main
processing student 2025-01-09-Alessandro-Pizzuco-2084379 ex 2 test 5
Running student 2025-01-09-Alessandro-Pizzuco-2084379, exercise 2, test 5
g++ -c -o betterFiFo.o betterFiFo.cpp -std=c++11 -g -I.  -lm 
g++ -c -o mdp.o mdp.cpp -std=c++11 -g -I.  -lm 
g++ -c -o betterdtmc.o betterdtmc.cpp -std=c++11 -g -I.  -lm 
g++ -c -o randgen.o randgen.cpp -std=c++11 -g -I.  -lm 
g++ -c -o globals.o globals.cpp -std=c++11 -g -I.  -lm 
g++ -c -o main.o main.cpp -std=c++11 -g -I.  -lm 
g++ -o main betterFiFo.o mdp.o betterdtmc.o randgen.o globals.o main.o -std=c++11 -g -I.  -lm  -g
processing student 2025-01-09-Antonio-Pio-Monaco-2050059 ex 2 test 5
Running student 2025-01-09-Antonio-Pio-Monaco-2050059, exercise 2, test 5
rm: cannot remove 'main': No such file or directory
g++ -lm -O3 -c utilityv2/simulator.cpp -o utilityv2/simulator.o
g++ -lm -O3 -c utilityv2/component.cpp -o utilityv2/component.o
g++ -lm -O3 -c utilityv2/system.cpp -o utilityv2/system.o
g++ -lm -O3 -c utilityv2/globals.cpp -o utilityv2/globals.o
g++ -lm -O3 -c team.cpp -o team.o
g++ -lm -O3 -c SoftwareDevelopmentSystem.cpp -o SoftwareDevelopmentSystem.o
g++ -lm -O3 -c main.cpp -o main.o
g++ -lm -O3 utilityv2/simulator.o utilityv2/component.o utilityv2/system.o utilityv2/globals.o team.o SoftwareDevelopmentSystem.o main.o -o main
processing student 2025-01-09-daniele-verde-2066523 ex 2 test 5
Running student 2025-01-09-daniele-verde-2066523, exercise 2, test 5
rm: cannot remove 'main': No such file or directory
g++ -c -o simulator.o simulator.cpp -std=c++11 -I.  -lm 
g++ -c -o dtmc.o dtmc.cpp -std=c++11 -I.  -lm 
g++ -c -o global.o global.cpp -std=c++11 -I.  -lm 
g++ -c -o main.o main.cpp -std=c++11 -I.  -lm 
g++ -o main simulator.o dtmc.o global.o main.o -std=c++11 -I.  -lm 
processing student 2025-01-09-Davide-Crivellini-2059337 ex 2 test 5
Running student 2025-01-09-Davide-Crivellini-2059337, exercise 2, test 5
g++ -c -o mdp.o mdp.cpp -std=c++11 -I.  -lm 
g++ -c -o mdp2.o mdp2.cpp -std=c++11 -I.  -lm 
g++ -c -o main.o main.cpp -std=c++11 -I.  -lm 
g++ -o main mdp.o mdp2.o main.o -std=c++11 -I.  -lm 
./grade1stud1ex1test.sh: line 39: 50491 Segmentation fault      timeout -k 30 20s ./main 1>&$1.$2.$3.log
mv: cannot stat 'results.txt': No such file or directory
processing student 2025-01-09-Eva-Evangelisti-2066788 ex 2 test 5
Running student 2025-01-09-Eva-Evangelisti-2066788, exercise 2, test 5
./grade1stud1ex1test.sh: line 35: cd: testdir/2025-01-09-Eva-Evangelisti-2066788/2: Not a directory
rm: cannot remove 'main': No such file or directory
make: *** No targets specified and no makefile found.  Stop.
mv: cannot stat 'results.txt': No such file or directory
processing student 2025-01-09-Gabriele-Pelissetto-2045067 ex 2 test 5
Running student 2025-01-09-Gabriele-Pelissetto-2045067, exercise 2, test 5
 CXX    clk.cpp
clk.cpp: In function ‘void freeclk()’:
clk.cpp:11:5: warning: deleting object of polymorphic class type ‘lib::Clock’ which has non-virtual destructor might cause undefined behavior [-Wdelete-non-virtual-dtor]
   11 |     delete c;
      |     ^~~~~~~~
In file included from clk.cpp:4:
defs.hpp: At global scope:
defs.hpp:7:15: warning: ‘HORIZON’ defined but not used [-Wunused-variable]
    7 | static double HORIZON = 1000;
      |               ^~~~~~~
 CXX    main.cpp
 CXX    lib/alarm.cpp
 CXX    lib/averager.cpp
 CXX    lib/clock.cpp
 CXX    lib/csv_loggable.cpp
 CXX    lib/DTMC.cpp
 CXX    lib/FIFO.cpp
 CXX    lib/global.cpp
 CXX    lib/printing.cpp
 CXX    lib/range.cpp
 CXX    lib/simulator.cpp
 CXX    lib/stopwatch.cpp
g++ -o main clk.o main.o lib/alarm.o lib/averager.o lib/clock.o lib/csv_loggable.o lib/DTMC.o lib/FIFO.o lib/global.o lib/printing.o lib/range.o lib/simulator.o lib/stopwatch.o
processing student 2025-01-09-Giulia-Pietrangeli-2057291 ex 2 test 5
Running student 2025-01-09-Giulia-Pietrangeli-2057291, exercise 2, test 5
g++ -Wall -Wextra -std=c++11 -o main main.cpp  
processing student 2025-01-09-Ionut-Cicio-2048752 ex 2 test 5
Running student 2025-01-09-Ionut-Cicio-2048752, exercise 2, test 5
g++ -lm -O3  -c mocc/stat.cpp -o mocc/stat.o
g++ -lm -O3  -c mocc/time.cpp -o mocc/time.o
g++ -lm -O3  -c main.cpp -o main.o
g++ -lm -O3  mocc/stat.o mocc/time.o main.o -o main
processing student 2025-01-09-Lorenzo-Musso-2049518 ex 2 test 5
Running student 2025-01-09-Lorenzo-Musso-2049518, exercise 2, test 5
g++ -Wall -Wextra -std=c++11 -o main main.cpp
processing student 2025-01-09-Luca-Micarelli-2061752 ex 2 test 5
Running student 2025-01-09-Luca-Micarelli-2061752, exercise 2, test 5
rm -f main
g++ -std=c++11 -o main main.cpp
processing student 2025-01-09-Luca-Sforza-2050030 ex 2 test 5
Running student 2025-01-09-Luca-Sforza-2050030, exercise 2, test 5
mkdir -p build
g++ -O3 -Wall -Wextra -pedantic -I ./include/ -std=c++17 -lm main.cpp -o ./main
processing student 2025-01-09-Marco-Basanisi-1994583 ex 2 test 5
Running student 2025-01-09-Marco-Basanisi-1994583, exercise 2, test 5
rm: cannot remove 'main': No such file or directory
make: *** No targets specified and no makefile found.  Stop.
processing student 2025-01-09-Min-Sun-1884161 ex 2 test 5
Running student 2025-01-09-Min-Sun-1884161, exercise 2, test 5
g++ -std=c++11 -Wall main.cpp -o main
processing student 2025-01-09-Riccardo-Paris-2046991 ex 2 test 5
Running student 2025-01-09-Riccardo-Paris-2046991, exercise 2, test 5
g++ -c -o global.o global.cpp -std=c++11 -I.  -lm 
g++ -c -o class.o class.cpp -std=c++11 -I.  -lm 
g++ -c -o main.o main.cpp -std=c++11 -I.  -lm 
g++ -o main global.o class.o main.o -std=c++11 -I.  -lm 
processing student 2025-01-09-RideewitageLachithaSangeeth-Perera-2042904 ex 2 test 5
Running student 2025-01-09-RideewitageLachithaSangeeth-Perera-2042904, exercise 2, test 5
rm: cannot remove 'main': No such file or directory
g++ -c -o dtmc.o dtmc.cpp -std=c++11 -I.  -lm 
dtmc.cpp: In member function ‘void DTMC::init(std::string)’:
dtmc.cpp:43:23: error: ‘strtok’ was not declared in this scope; did you mean ‘strtoq’?
   43 |         char* token = strtok(buffer, " ");
      |                       ^~~~~~
      |                       strtoq
make: *** [Makefile:11: dtmc.o] Error 1
processing student 2025-01-09-Rocco-Tormenta-2052530 ex 2 test 5
Running student 2025-01-09-Rocco-Tormenta-2052530, exercise 2, test 5
mkdir -p build
g++ -c -o build/stats.o stats.cpp -lm -g -O3 -std=c++11 -I../../
g++ -c -o build/dtmc.o dtmc.cpp -lm -g -O3 -std=c++11 -I../../
g++ -c -o build/main.o main.cpp -lm -g -O3 -std=c++11 -I../../
g++ -o main build/stats.o build/dtmc.o build/main.o -lm -g -O3 -std=c++11 -I../../
processing student 2025-MATTIA-PRISCO-2046234 ex 2 test 5
Running student 2025-MATTIA-PRISCO-2046234, exercise 2, test 5
rm: cannot remove 'main': No such file or directory
make: *** No targets specified and no makefile found.  Stop.
mv: cannot stat 'results.txt': No such file or directory
**** GRADING COMPLETED ****
