Log for exercise 3
Running student 2025-02-05-XXX-2046542, exercise 3, test 1
g++ -O2 -std=c++17 -o main main.cpp
main.cpp: In function ‘int simulateCustomer(const Parameters&, std::mt19937&)’:
main.cpp:40:10: error: ‘queue’ is not a member of ‘std’
   40 |     std::queue<int> queue; // Coda delle richieste in attesa
      |          ^~~~~
main.cpp:6:1: note: ‘std::queue’ is defined in header ‘<queue>’; did you forget to ‘#include <queue>’?
    5 | #include <ctime>
  +++ |+#include <queue>
    6 | 
main.cpp:40:16: error: expected primary-expression before ‘int’
   40 |     std::queue<int> queue; // Coda delle richieste in attesa
      |                ^~~
main.cpp:60:13: error: ‘queue’ was not declared in this scope
   60 |             queue.push(state);
      |             ^~~~~
main.cpp:64:14: error: ‘queue’ was not declared in this scope
   64 |         if (!queue.empty() && t >= server_busy_until) {
      |              ^~~~~
make: *** [Makefile:9: main] Error 1
mv: cannot stat 'results.txt': No such file or directory
Running student 2025-02-05-XXX-2041850, exercise 3, test 1
rm: cannot remove 'main': No such file or directory
g++ -lm -O3 -std=c++11 -c ../mocc/stat.cpp -o ../mocc/stat.o
g++ -lm -O3 -std=c++11 -c ../mocc/time.cpp -o ../mocc/time.o
g++ -lm -O3 -std=c++11 -c main.cpp -o main.o
g++ -lm -O3 -std=c++11 ../mocc/stat.o ../mocc/time.o main.o -o main
Running student 2025-02-05-XXX-2083154, exercise 3, test 1
rm: cannot remove 'main': No such file or directory
g++ -lm -O3 -c server.cpp -o server.o
g++ -lm -O3 -c simulation.cpp -o simulation.o
g++ -lm -O3 -c customer.cpp -o customer.o
g++ -lm -O3 -c main.cpp -o main.o
g++ -lm -O3 server.o simulation.o customer.o main.o -o main
Running student 2025-02-05-XXX-1760206, exercise 3, test 1
g++ -Wall -Wextra -std=c++11 -c main.cpp
main.cpp: In function ‘double monteCarloSimulation(const Parameters&, int, int)’:
main.cpp:65:59: warning: unused parameter ‘H’ [-Wunused-parameter]
   65 | double monteCarloSimulation(const Parameters& params, int H, int simulations) {
      |                                                       ~~~~^
g++ -Wall -Wextra -std=c++11 -o main main.o
Running student 2025-02-05-XXX-2047604, exercise 3, test 1
rm: cannot remove 'main': No such file or directory
g++ -std=c++11 -Wall -O2 -c main.cpp -o main.o
main.cpp: In function ‘double simulateCustomerCycle(const MarkovChain&, std::mt19937&)’:
main.cpp:21:10: warning: variable ‘cycleStarted’ set but not used [-Wunused-but-set-variable]
   21 |     bool cycleStarted = false;
      |          ^~~~~~~~~~~~
g++ -std=c++11 -Wall -O2 -o main main.o
Running student 2025-02-05-XXX-2045899, exercise 3, test 1
rm: cannot remove 'main': No such file or directory
make: *** No targets specified and no makefile found.  Stop.
mv: cannot stat 'results.txt': No such file or directory
Running student 2025-02-05-XXX-1810132, exercise 3, test 1
./grade1stud1ex1test.sh: line 39: cd: /home/enrico/edata/tronci@di.uniroma1.it/enrico/teaching/EXAMS/software-engineering/cpp-grader/testdir/2025-02-05-XXX-1810132/3: Not a directory
rm: cannot remove 'main': No such file or directory
make: *** No targets specified and no makefile found.  Stop.
mv: cannot stat 'results.txt': No such file or directory
Running student 2025-02-05-XXX-2047145, exercise 3, test 1
g++ -lm -O3  -c ../mocc/time.cpp -o ../mocc/time.o
g++ -lm -O3  -c ../mocc/math.cpp -o ../mocc/math.o
g++ -lm -O3  -c main.cpp -o main.o
g++ -lm -O3  ../mocc/time.o ../mocc/math.o main.o -o main
Running student 2025-02-05-XXX-2015518, exercise 3, test 1
rm: cannot remove 'main': No such file or directory
g++ -c -o simulation.o simulation.cpp -std=c++11 -I.  -lm 
g++ -o main simulation.o -std=c++11 -I.  -lm 
Running student 2025-02-05-XXX-2050059, exercise 3, test 1
rm: cannot remove 'main': No such file or directory
g++ -lm -O3 -c main.cpp -o main.o
g++ -lm -O3 main.o -o main
Running student 2025-02-05-Antonio-Rosati-2066344, exercise 3, test 1
./grade1stud1ex1test.sh: line 39: cd: /home/enrico/edata/tronci@di.uniroma1.it/enrico/teaching/EXAMS/software-engineering/cpp-grader/testdir/2025-02-05-Antonio-Rosati-2066344/3: Not a directory
rm: cannot remove 'main': No such file or directory
make: *** No targets specified and no makefile found.  Stop.
mv: cannot stat 'results.txt': No such file or directory
Running student 2025-02-05-XXX-1888625, exercise 3, test 1
g++ -std=c++11 -Wall -Wextra -c main.cpp -o main.o
g++ main.o -o main
Running student 2025-02-05-XXX-1771849, exercise 3, test 1
rm: cannot remove 'main': No such file or directory
g++ -lm -O3 -c main.cpp -o main.o
g++ -lm -O3 main.o -o main
Running student 2025-02-05-XXX-2058986, exercise 3, test 1
rm: cannot remove 'main': No such file or directory
g++ -lm -O3 -std=c++11 -c ../mocc/stat.cpp -o ../mocc/stat.o
g++ -lm -O3 -std=c++11 -c ../mocc/time.cpp -o ../mocc/time.o
g++ -lm -O3 -std=c++11 -c main.cpp -o main.o
In file included from main.cpp:2:
customer.hpp:9:10: fatal error: xlocale/_stdio.h: No such file or directory
    9 | #include <xlocale/_stdio.h>
      |          ^~~~~~~~~~~~~~~~~~
compilation terminated.
make: *** [Makefile:15: main.o] Error 1
Running student 2025-02-05-XXX-2059802, exercise 3, test 1
rm: cannot remove 'main': No such file or directory
g++ -lm -O3  -c customer.cpp -o customer.o
g++ -lm -O3  -c main.cpp -o main.o
g++ -lm -O3  customer.o main.o -o main
/usr/bin/ld: customer.o: in function `Customer::update(Time)':
customer.cpp:(.text+0x1df): undefined reference to `Stat::save(double)'
/usr/bin/ld: customer.cpp:(.text+0x263): undefined reference to `Stat::save(double)'
/usr/bin/ld: main.o: in function `main':
main.cpp:(.text.startup+0xfe): undefined reference to `Stopwatch::Stopwatch(double)'
/usr/bin/ld: main.cpp:(.text.startup+0x35c): undefined reference to `Stopwatch::tick()'
/usr/bin/ld: main.cpp:(.text.startup+0x364): undefined reference to `Stopwatch::elapsed()'
/usr/bin/ld: main.cpp:(.text.startup+0x3a4): undefined reference to `Stat::save(double)'
/usr/bin/ld: main.cpp:(.text.startup+0x421): undefined reference to `Stat::mean() const'
collect2: error: ld returned 1 exit status
make: *** [Makefile:14: main] Error 1
Running student 2025-02-05-XXX-2062810, exercise 3, test 1
g++ -c -o simulator.o simulator.cpp -std=c++11 -I.  -lm 
g++ -c -o customer.o customer.cpp -std=c++11 -I.  -lm 
g++ -c -o main.o main.cpp -std=c++11 -I.  -lm 
g++ -o main simulator.o customer.o main.o -std=c++11 -I.  -lm 
Running student 2025-02-05-XXX-2045928, exercise 3, test 1
g++                        -std=c++17 -Wall -Wextra -O2   -c main.cpp -o main.o
g++                        -std=c++17 -Wall -Wextra -O2   -o main main.o
Running student 2025-02-05-XXX-2066523, exercise 3, test 1
rm: cannot remove 'main': No such file or directory
g++ -c -o monitor.o monitor.cpp -std=c++11 -I.  -lm -g
g++ -c -o server.o server.cpp -std=c++11 -I.  -lm -g
g++ -c -o simulator.o simulator.cpp -std=c++11 -I.  -lm -g
g++ -c -o fifo.o fifo.cpp -std=c++11 -I.  -lm -g
g++ -c -o monitor1.o monitor1.cpp -std=c++11 -I.  -lm -g
g++ -c -o virtual-dtmc.o virtual-dtmc.cpp -std=c++11 -I.  -lm -g
g++ -c -o monitor2.o monitor2.cpp -std=c++11 -I.  -lm -g
g++ -c -o global.o global.cpp -std=c++11 -I.  -lm -g
g++ -c -o system.o system.cpp -std=c++11 -I.  -lm -g
g++ -c -o modello.o modello.cpp -std=c++11 -I.  -lm -g
g++ -c -o customer.o customer.cpp -std=c++11 -I.  -lm -g
g++ -c -o dispatcher.o dispatcher.cpp -std=c++11 -I.  -lm -g
g++ -c -o main.o main.cpp -std=c++11 -I.  -lm -g
g++ -o main monitor.o server.o simulator.o fifo.o monitor1.o virtual-dtmc.o monitor2.o global.o system.o modello.o customer.o dispatcher.o main.o -std=c++11 -I.  -lm -g
./grade1stud1ex1test.sh: line 44: 19436 Segmentation fault      nice -20 timeout -k 180 180s ./main 1>&$1.$2.$3.log
Running student 2025-02-05-XXX-2063098, exercise 3, test 1
rm: cannot remove 'main': No such file or directory
g++ -lm -O3  -c main.cpp -o main.o
main.cpp: In function ‘MDP read_parameters(const std::string&, double&, double&)’:
main.cpp:32:12: error: declaration of ‘double T1’ shadows a parameter
   32 |     double T1, T2;
      |            ^~
main.cpp:25:58: note: ‘double& T1’ previously declared here
   25 | MDP read_parameters(const std::string& filename, double& T1, double& T2) {
      |                                                  ~~~~~~~~^~
main.cpp:32:16: error: declaration of ‘double T2’ shadows a parameter
   32 |     double T1, T2;
      |                ^~
main.cpp:25:70: note: ‘double& T2’ previously declared here
   25 | MDP read_parameters(const std::string& filename, double& T1, double& T2) {
      |                                                              ~~~~~~~~^~
make: *** [Makefile:20: main.o] Error 1
mv: cannot stat 'results.txt': No such file or directory
Running student 2025-02-05-XXX-2060085, exercise 3, test 1
g++ -c -o server.o server.cpp -std=c++11 -I.  -lm 
g++ -c -o customer.o customer.cpp -std=c++11 -I.  -lm 
g++ -c -o main.o main.cpp -std=c++11 -I.  -lm 
g++ -o main server.o customer.o main.o -std=c++11 -I.  -lm 
Running student 2025-02-05-XXX-2046475, exercise 3, test 1
g++ -Wall -Wextra -O3 -std=c++11 -c main.cpp -o main.o
g++ -Wall -Wextra -O3 -std=c++11 -o main main.o
Running student 2025-02-05-XXX-1986385, exercise 3, test 1
rm: cannot remove 'main': No such file or directory
g++ -c main.cpp -o main.o -std=c++11 -Wall -Wextra -O2
g++ -o main main.o -std=c++11 -Wall -Wextra -O2
Running student 2025-02-05-XXX-2046000, exercise 3, test 1
g++ -c -o server.o server.cpp -std=c++11 -I.  -lm 
g++ -c -o stat.o stat.cpp -std=c++11 -I.  -lm 
g++ -c -o customer.o customer.cpp -std=c++11 -I.  -lm 
g++ -c -o parameters.o parameters.cpp -std=c++11 -I.  -lm 
g++ -c -o main.o main.cpp -std=c++11 -I.  -lm 
g++ -o main server.o stat.o customer.o parameters.o main.o -std=c++11 -I.  -lm 
Running student 2025-02-05-XXX-2060573, exercise 3, test 1
g++ -c -o dtmc.o dtmc.cpp -std=c++11 -I.  -lm 
g++ -c -o customer.o customer.cpp -std=c++11 -I.  -lm 
g++ -c -o main.o main.cpp -std=c++11 -I.  -lm 
g++ -o main dtmc.o customer.o main.o -std=c++11 -I.  -lm 
Running student 2025-02-05-XXX-204432, exercise 3, test 1
rm: cannot remove 'main': No such file or directory
g++ -Wall -std=c++11 es3.cpp -o main
mv: cannot stat 'results.txt': No such file or directory
Running student 2025-02-05-XXX-2045982, exercise 3, test 1
rm: cannot remove 'main': No such file or directory
g++ -lm -O3  -c stat.cpp -o stat.o
g++ -lm -O3  -c time.cpp -o time.o
g++ -lm -O3  -c main.cpp -o main.o
g++ -lm -O3  stat.o time.o main.o -o main
Running student 2025-02-05-XXX-1994583, exercise 3, test 1
rm: cannot remove 'main': No such file or directory
make: *** No targets specified and no makefile found.  Stop.
Running student 2025-02-05-XXX-2046212, exercise 3, test 1
g++ main.cpp -o main
Running student 2025-02-05-XXX-2182157, exercise 3, test 1
rm: cannot remove 'main': No such file or directory
g++ -O3 -std=c++17 -Wall -Wextra -pedantic -c main.cpp -o main.o
g++ -O3 -std=c++17 -Wall -Wextra -pedantic -c customer_model.cpp -o customer_model.o
g++ -O3 -std=c++17 -Wall -Wextra -pedantic -c server.cpp -o server.o
g++ -O3 -std=c++17 -Wall -Wextra -pedantic main.o customer_model.o server.o -o main
Running student 2025-02-05-XXX-2009650, exercise 3, test 1
rm: cannot remove 'main': No such file or directory
g++ -c -o simulator.o simulator.cpp -std=c++11 -I.  -lm 
g++ -o main simulator.o -std=c++11 -I.  -lm 
Running student 2025-02-05-XXX-2046234, exercise 3, test 1
g++ -c -o simulator.o simulator.cpp -std=c++11 -I.  -lm 
g++ -c -o database.o database.cpp -std=c++11 -I.  -lm 
g++ -c -o customer.o customer.cpp -std=c++11 -I.  -lm 
g++ -o main simulator.o database.o customer.o -std=c++11 -I.  -lm 
Running student 2025-02-05-XXX-2086047, exercise 3, test 1
rm: cannot remove 'main': No such file or directory
g++ -std=c++17 -Wall -Wextra -O2 -c main.cpp -o main.o
g++ -std=c++17 -Wall -Wextra -O2 -o main main.o
Running student 2025-02-05-XXX-2043878, exercise 3, test 1
g++ -Wall -std=c++11 ex3.cpp -o main
Running student 2025-02-05-XXX-2025352, exercise 3, test 1
rm: cannot remove 'main': No such file or directory
g++ -std=c++11 -Wall -static-libgcc -static-libstdc++ -c main.cpp
g++ -std=c++11 -Wall -static-libgcc -static-libstdc++ -o main main.o
Running student 2025-02-05-XXX-1895077, exercise 3, test 1
g++ -std=c++17 -Wall -I../ex3 -c main.cpp -o main.o
g++ -std=c++17 -Wall -I../ex3 -c ../ex3/simulator.cpp -o ../ex3/simulator.o
g++ -std=c++17 -Wall -I../ex3 -o main main.o ../ex3/simulator.o
Running student 2025-02-05-XXX-2042904, exercise 3, test 1
rm: cannot remove 'main': No such file or directory
g++ -c -o simulator.o simulator.cpp -std=c++11 -I.  -lm 
g++ -c -o customer.o customer.cpp -std=c++11 -I.  -lm 
g++ -o main simulator.o customer.o -std=c++11 -I.  -lm 
Running student 2025-02-05-XXX-2046501, exercise 3, test 1
rm: cannot remove 'main': No such file or directory
g++-14  -c -o simulator.o simulator.cpp -std=c++11 -I. 
make: g++-14: Command not found
make: *** [Makefile:12: simulator.o] Error 127
Running student 2025-02-05-XXX-2083011, exercise 3, test 1
rm: cannot remove 'main': No such file or directory
c++ -Wall -Wextra -std=c++17 -O2 -c main.cpp -o main.o
c++ -Wall -Wextra -std=c++17 -O2 -o main.exe main.o
Running student 2025-02-05-XXX-2034930, exercise 3, test 1
./grade1stud1ex1test.sh: line 39: cd: /home/enrico/edata/tronci@di.uniroma1.it/enrico/teaching/EXAMS/software-engineering/cpp-grader/testdir/2025-02-05-XXX-2034930/3: Not a directory
rm: cannot remove 'main': No such file or directory
make: *** No targets specified and no makefile found.  Stop.
mv: cannot stat 'results.txt': No such file or directory
Running student 2025-02-05-XXX-2061343, exercise 3, test 1
g++ -lm -O3 main.cpp -o main
Running student 2025-02-05-XXX-2052800, exercise 3, test 1
rm: cannot remove 'main': No such file or directory
g++ -Wall -Wextra -std=c++11 -o main main.cpp  
Running student 2025-02-05-XXX-1884714, exercise 3, test 1
rm: cannot remove 'main': No such file or directory
make: *** No targets specified and no makefile found.  Stop.
Running student 2025-02-05-XXX-1884742, exercise 3, test 1
rm: cannot remove 'main': No such file or directory
g++ -std=c++11 -Wall -O2 -o main main.cpp
Running student 2025-02-05-XXX-2046542, exercise 3, test 2
g++ -O2 -std=c++17 -o main main.cpp
main.cpp: In function ‘int simulateCustomer(const Parameters&, std::mt19937&)’:
main.cpp:40:10: error: ‘queue’ is not a member of ‘std’
   40 |     std::queue<int> queue; // Coda delle richieste in attesa
      |          ^~~~~
main.cpp:6:1: note: ‘std::queue’ is defined in header ‘<queue>’; did you forget to ‘#include <queue>’?
    5 | #include <ctime>
  +++ |+#include <queue>
    6 | 
main.cpp:40:16: error: expected primary-expression before ‘int’
   40 |     std::queue<int> queue; // Coda delle richieste in attesa
      |                ^~~
main.cpp:60:13: error: ‘queue’ was not declared in this scope
   60 |             queue.push(state);
      |             ^~~~~
main.cpp:64:14: error: ‘queue’ was not declared in this scope
   64 |         if (!queue.empty() && t >= server_busy_until) {
      |              ^~~~~
make: *** [Makefile:9: main] Error 1
mv: cannot stat 'results.txt': No such file or directory
Running student 2025-02-05-XXX-2041850, exercise 3, test 2
rm: cannot remove 'main': No such file or directory
g++ -lm -O3 -std=c++11 -c ../mocc/stat.cpp -o ../mocc/stat.o
g++ -lm -O3 -std=c++11 -c ../mocc/time.cpp -o ../mocc/time.o
g++ -lm -O3 -std=c++11 -c main.cpp -o main.o
g++ -lm -O3 -std=c++11 ../mocc/stat.o ../mocc/time.o main.o -o main
Running student 2025-02-05-XXX-2083154, exercise 3, test 2
rm: cannot remove 'main': No such file or directory
g++ -lm -O3 -c server.cpp -o server.o
g++ -lm -O3 -c simulation.cpp -o simulation.o
g++ -lm -O3 -c customer.cpp -o customer.o
g++ -lm -O3 -c main.cpp -o main.o
g++ -lm -O3 server.o simulation.o customer.o main.o -o main
Running student 2025-02-05-XXX-1760206, exercise 3, test 2
g++ -Wall -Wextra -std=c++11 -c main.cpp
main.cpp: In function ‘double monteCarloSimulation(const Parameters&, int, int)’:
main.cpp:65:59: warning: unused parameter ‘H’ [-Wunused-parameter]
   65 | double monteCarloSimulation(const Parameters& params, int H, int simulations) {
      |                                                       ~~~~^
g++ -Wall -Wextra -std=c++11 -o main main.o
Running student 2025-02-05-XXX-2047604, exercise 3, test 2
rm: cannot remove 'main': No such file or directory
g++ -std=c++11 -Wall -O2 -c main.cpp -o main.o
main.cpp: In function ‘double simulateCustomerCycle(const MarkovChain&, std::mt19937&)’:
main.cpp:21:10: warning: variable ‘cycleStarted’ set but not used [-Wunused-but-set-variable]
   21 |     bool cycleStarted = false;
      |          ^~~~~~~~~~~~
g++ -std=c++11 -Wall -O2 -o main main.o
Running student 2025-02-05-XXX-2045899, exercise 3, test 2
rm: cannot remove 'main': No such file or directory
make: *** No targets specified and no makefile found.  Stop.
mv: cannot stat 'results.txt': No such file or directory
Running student 2025-02-05-XXX-1810132, exercise 3, test 2
./grade1stud1ex1test.sh: line 39: cd: /home/enrico/edata/tronci@di.uniroma1.it/enrico/teaching/EXAMS/software-engineering/cpp-grader/testdir/2025-02-05-XXX-1810132/3: Not a directory
rm: cannot remove 'main': No such file or directory
make: *** No targets specified and no makefile found.  Stop.
mv: cannot stat 'results.txt': No such file or directory
Running student 2025-02-05-XXX-2047145, exercise 3, test 2
g++ -lm -O3  -c ../mocc/time.cpp -o ../mocc/time.o
g++ -lm -O3  -c ../mocc/math.cpp -o ../mocc/math.o
g++ -lm -O3  -c main.cpp -o main.o
g++ -lm -O3  ../mocc/time.o ../mocc/math.o main.o -o main
./grade1stud1ex1test.sh: line 44: 20316 Segmentation fault      nice -20 timeout -k 180 180s ./main 1>&$1.$2.$3.log
Running student 2025-02-05-XXX-2015518, exercise 3, test 2
rm: cannot remove 'main': No such file or directory
g++ -c -o simulation.o simulation.cpp -std=c++11 -I.  -lm 
g++ -o main simulation.o -std=c++11 -I.  -lm 
Running student 2025-02-05-XXX-2050059, exercise 3, test 2
rm: cannot remove 'main': No such file or directory
g++ -lm -O3 -c main.cpp -o main.o
g++ -lm -O3 main.o -o main
Running student 2025-02-05-Antonio-Rosati-2066344, exercise 3, test 2
./grade1stud1ex1test.sh: line 39: cd: /home/enrico/edata/tronci@di.uniroma1.it/enrico/teaching/EXAMS/software-engineering/cpp-grader/testdir/2025-02-05-Antonio-Rosati-2066344/3: Not a directory
rm: cannot remove 'main': No such file or directory
make: *** No targets specified and no makefile found.  Stop.
mv: cannot stat 'results.txt': No such file or directory
Running student 2025-02-05-XXX-1888625, exercise 3, test 2
g++ -std=c++11 -Wall -Wextra -c main.cpp -o main.o
g++ main.o -o main
Running student 2025-02-05-XXX-1771849, exercise 3, test 2
rm: cannot remove 'main': No such file or directory
g++ -lm -O3 -c main.cpp -o main.o
g++ -lm -O3 main.o -o main
Running student 2025-02-05-XXX-2058986, exercise 3, test 2
rm: cannot remove 'main': No such file or directory
g++ -lm -O3 -std=c++11 -c ../mocc/stat.cpp -o ../mocc/stat.o
g++ -lm -O3 -std=c++11 -c ../mocc/time.cpp -o ../mocc/time.o
g++ -lm -O3 -std=c++11 -c main.cpp -o main.o
In file included from main.cpp:2:
customer.hpp:9:10: fatal error: xlocale/_stdio.h: No such file or directory
    9 | #include <xlocale/_stdio.h>
      |          ^~~~~~~~~~~~~~~~~~
compilation terminated.
make: *** [Makefile:15: main.o] Error 1
Running student 2025-02-05-XXX-2059802, exercise 3, test 2
rm: cannot remove 'main': No such file or directory
g++ -lm -O3  -c customer.cpp -o customer.o
g++ -lm -O3  -c main.cpp -o main.o
g++ -lm -O3  customer.o main.o -o main
/usr/bin/ld: customer.o: in function `Customer::update(Time)':
customer.cpp:(.text+0x1df): undefined reference to `Stat::save(double)'
/usr/bin/ld: customer.cpp:(.text+0x263): undefined reference to `Stat::save(double)'
/usr/bin/ld: main.o: in function `main':
main.cpp:(.text.startup+0xfe): undefined reference to `Stopwatch::Stopwatch(double)'
/usr/bin/ld: main.cpp:(.text.startup+0x35c): undefined reference to `Stopwatch::tick()'
/usr/bin/ld: main.cpp:(.text.startup+0x364): undefined reference to `Stopwatch::elapsed()'
/usr/bin/ld: main.cpp:(.text.startup+0x3a4): undefined reference to `Stat::save(double)'
/usr/bin/ld: main.cpp:(.text.startup+0x421): undefined reference to `Stat::mean() const'
collect2: error: ld returned 1 exit status
make: *** [Makefile:14: main] Error 1
Running student 2025-02-05-XXX-2062810, exercise 3, test 2
g++ -c -o simulator.o simulator.cpp -std=c++11 -I.  -lm 
g++ -c -o customer.o customer.cpp -std=c++11 -I.  -lm 
g++ -c -o main.o main.cpp -std=c++11 -I.  -lm 
g++ -o main simulator.o customer.o main.o -std=c++11 -I.  -lm 
Running student 2025-02-05-XXX-2045928, exercise 3, test 2
g++                        -std=c++17 -Wall -Wextra -O2   -c main.cpp -o main.o
g++                        -std=c++17 -Wall -Wextra -O2   -o main main.o
Running student 2025-02-05-XXX-2066523, exercise 3, test 2
rm: cannot remove 'main': No such file or directory
g++ -c -o monitor.o monitor.cpp -std=c++11 -I.  -lm -g
g++ -c -o server.o server.cpp -std=c++11 -I.  -lm -g
g++ -c -o simulator.o simulator.cpp -std=c++11 -I.  -lm -g
g++ -c -o fifo.o fifo.cpp -std=c++11 -I.  -lm -g
g++ -c -o monitor1.o monitor1.cpp -std=c++11 -I.  -lm -g
g++ -c -o virtual-dtmc.o virtual-dtmc.cpp -std=c++11 -I.  -lm -g
g++ -c -o monitor2.o monitor2.cpp -std=c++11 -I.  -lm -g
g++ -c -o global.o global.cpp -std=c++11 -I.  -lm -g
g++ -c -o system.o system.cpp -std=c++11 -I.  -lm -g
g++ -c -o modello.o modello.cpp -std=c++11 -I.  -lm -g
g++ -c -o customer.o customer.cpp -std=c++11 -I.  -lm -g
g++ -c -o dispatcher.o dispatcher.cpp -std=c++11 -I.  -lm -g
g++ -c -o main.o main.cpp -std=c++11 -I.  -lm -g
g++ -o main monitor.o server.o simulator.o fifo.o monitor1.o virtual-dtmc.o monitor2.o global.o system.o modello.o customer.o dispatcher.o main.o -std=c++11 -I.  -lm -g
./grade1stud1ex1test.sh: line 44: 20570 Segmentation fault      nice -20 timeout -k 180 180s ./main 1>&$1.$2.$3.log
Running student 2025-02-05-XXX-2063098, exercise 3, test 2
rm: cannot remove 'main': No such file or directory
g++ -lm -O3  -c main.cpp -o main.o
main.cpp: In function ‘MDP read_parameters(const std::string&, double&, double&)’:
main.cpp:32:12: error: declaration of ‘double T1’ shadows a parameter
   32 |     double T1, T2;
      |            ^~
main.cpp:25:58: note: ‘double& T1’ previously declared here
   25 | MDP read_parameters(const std::string& filename, double& T1, double& T2) {
      |                                                  ~~~~~~~~^~
main.cpp:32:16: error: declaration of ‘double T2’ shadows a parameter
   32 |     double T1, T2;
      |                ^~
main.cpp:25:70: note: ‘double& T2’ previously declared here
   25 | MDP read_parameters(const std::string& filename, double& T1, double& T2) {
      |                                                              ~~~~~~~~^~
make: *** [Makefile:20: main.o] Error 1
mv: cannot stat 'results.txt': No such file or directory
Running student 2025-02-05-XXX-2060085, exercise 3, test 2
g++ -c -o server.o server.cpp -std=c++11 -I.  -lm 
g++ -c -o customer.o customer.cpp -std=c++11 -I.  -lm 
g++ -c -o main.o main.cpp -std=c++11 -I.  -lm 
g++ -o main server.o customer.o main.o -std=c++11 -I.  -lm 
Running student 2025-02-05-XXX-2046475, exercise 3, test 2
g++ -Wall -Wextra -O3 -std=c++11 -c main.cpp -o main.o
g++ -Wall -Wextra -O3 -std=c++11 -o main main.o
Running student 2025-02-05-XXX-1986385, exercise 3, test 2
rm: cannot remove 'main': No such file or directory
g++ -c main.cpp -o main.o -std=c++11 -Wall -Wextra -O2
g++ -o main main.o -std=c++11 -Wall -Wextra -O2
Running student 2025-02-05-XXX-2046000, exercise 3, test 2
g++ -c -o server.o server.cpp -std=c++11 -I.  -lm 
g++ -c -o stat.o stat.cpp -std=c++11 -I.  -lm 
g++ -c -o customer.o customer.cpp -std=c++11 -I.  -lm 
g++ -c -o parameters.o parameters.cpp -std=c++11 -I.  -lm 
g++ -c -o main.o main.cpp -std=c++11 -I.  -lm 
g++ -o main server.o stat.o customer.o parameters.o main.o -std=c++11 -I.  -lm 
Running student 2025-02-05-XXX-2060573, exercise 3, test 2
g++ -c -o dtmc.o dtmc.cpp -std=c++11 -I.  -lm 
g++ -c -o customer.o customer.cpp -std=c++11 -I.  -lm 
g++ -c -o main.o main.cpp -std=c++11 -I.  -lm 
g++ -o main dtmc.o customer.o main.o -std=c++11 -I.  -lm 
Running student 2025-02-05-XXX-204432, exercise 3, test 2
rm: cannot remove 'main': No such file or directory
g++ -Wall -std=c++11 es3.cpp -o main
mv: cannot stat 'results.txt': No such file or directory
Running student 2025-02-05-XXX-2045982, exercise 3, test 2
rm: cannot remove 'main': No such file or directory
g++ -lm -O3  -c stat.cpp -o stat.o
g++ -lm -O3  -c time.cpp -o time.o
g++ -lm -O3  -c main.cpp -o main.o
g++ -lm -O3  stat.o time.o main.o -o main
Running student 2025-02-05-XXX-1994583, exercise 3, test 2
rm: cannot remove 'main': No such file or directory
make: *** No targets specified and no makefile found.  Stop.
Running student 2025-02-05-XXX-2046212, exercise 3, test 2
g++ main.cpp -o main
Running student 2025-02-05-XXX-2182157, exercise 3, test 2
rm: cannot remove 'main': No such file or directory
g++ -O3 -std=c++17 -Wall -Wextra -pedantic -c main.cpp -o main.o
g++ -O3 -std=c++17 -Wall -Wextra -pedantic -c customer_model.cpp -o customer_model.o
g++ -O3 -std=c++17 -Wall -Wextra -pedantic -c server.cpp -o server.o
g++ -O3 -std=c++17 -Wall -Wextra -pedantic main.o customer_model.o server.o -o main
Running student 2025-02-05-XXX-2009650, exercise 3, test 2
rm: cannot remove 'main': No such file or directory
g++ -c -o simulator.o simulator.cpp -std=c++11 -I.  -lm 
g++ -o main simulator.o -std=c++11 -I.  -lm 
Running student 2025-02-05-XXX-2046234, exercise 3, test 2
g++ -c -o simulator.o simulator.cpp -std=c++11 -I.  -lm 
g++ -c -o database.o database.cpp -std=c++11 -I.  -lm 
g++ -c -o customer.o customer.cpp -std=c++11 -I.  -lm 
g++ -o main simulator.o database.o customer.o -std=c++11 -I.  -lm 
Running student 2025-02-05-XXX-2086047, exercise 3, test 2
rm: cannot remove 'main': No such file or directory
g++ -std=c++17 -Wall -Wextra -O2 -c main.cpp -o main.o
g++ -std=c++17 -Wall -Wextra -O2 -o main main.o
Running student 2025-02-05-XXX-2043878, exercise 3, test 2
g++ -Wall -std=c++11 ex3.cpp -o main
Running student 2025-02-05-XXX-2025352, exercise 3, test 2
rm: cannot remove 'main': No such file or directory
g++ -std=c++11 -Wall -static-libgcc -static-libstdc++ -c main.cpp
g++ -std=c++11 -Wall -static-libgcc -static-libstdc++ -o main main.o
Running student 2025-02-05-XXX-1895077, exercise 3, test 2
g++ -std=c++17 -Wall -I../ex3 -c main.cpp -o main.o
g++ -std=c++17 -Wall -I../ex3 -c ../ex3/simulator.cpp -o ../ex3/simulator.o
g++ -std=c++17 -Wall -I../ex3 -o main main.o ../ex3/simulator.o
Running student 2025-02-05-XXX-2042904, exercise 3, test 2
rm: cannot remove 'main': No such file or directory
g++ -c -o simulator.o simulator.cpp -std=c++11 -I.  -lm 
g++ -c -o customer.o customer.cpp -std=c++11 -I.  -lm 
g++ -o main simulator.o customer.o -std=c++11 -I.  -lm 
Running student 2025-02-05-XXX-2046501, exercise 3, test 2
rm: cannot remove 'main': No such file or directory
g++-14  -c -o simulator.o simulator.cpp -std=c++11 -I. 
make: g++-14: Command not found
make: *** [Makefile:12: simulator.o] Error 127
Running student 2025-02-05-XXX-2083011, exercise 3, test 2
rm: cannot remove 'main': No such file or directory
c++ -Wall -Wextra -std=c++17 -O2 -c main.cpp -o main.o
c++ -Wall -Wextra -std=c++17 -O2 -o main.exe main.o
Running student 2025-02-05-XXX-2034930, exercise 3, test 2
./grade1stud1ex1test.sh: line 39: cd: /home/enrico/edata/tronci@di.uniroma1.it/enrico/teaching/EXAMS/software-engineering/cpp-grader/testdir/2025-02-05-XXX-2034930/3: Not a directory
rm: cannot remove 'main': No such file or directory
make: *** No targets specified and no makefile found.  Stop.
mv: cannot stat 'results.txt': No such file or directory
Running student 2025-02-05-XXX-2061343, exercise 3, test 2
g++ -lm -O3 main.cpp -o main
Running student 2025-02-05-XXX-2052800, exercise 3, test 2
rm: cannot remove 'main': No such file or directory
g++ -Wall -Wextra -std=c++11 -o main main.cpp  
Running student 2025-02-05-XXX-1884714, exercise 3, test 2
rm: cannot remove 'main': No such file or directory
make: *** No targets specified and no makefile found.  Stop.
Running student 2025-02-05-XXX-1884742, exercise 3, test 2
rm: cannot remove 'main': No such file or directory
g++ -std=c++11 -Wall -O2 -o main main.cpp
Running student 2025-02-05-XXX-2046542, exercise 3, test 3
g++ -O2 -std=c++17 -o main main.cpp
main.cpp: In function ‘int simulateCustomer(const Parameters&, std::mt19937&)’:
main.cpp:40:10: error: ‘queue’ is not a member of ‘std’
   40 |     std::queue<int> queue; // Coda delle richieste in attesa
      |          ^~~~~
main.cpp:6:1: note: ‘std::queue’ is defined in header ‘<queue>’; did you forget to ‘#include <queue>’?
    5 | #include <ctime>
  +++ |+#include <queue>
    6 | 
main.cpp:40:16: error: expected primary-expression before ‘int’
   40 |     std::queue<int> queue; // Coda delle richieste in attesa
      |                ^~~
main.cpp:60:13: error: ‘queue’ was not declared in this scope
   60 |             queue.push(state);
      |             ^~~~~
main.cpp:64:14: error: ‘queue’ was not declared in this scope
   64 |         if (!queue.empty() && t >= server_busy_until) {
      |              ^~~~~
make: *** [Makefile:9: main] Error 1
mv: cannot stat 'results.txt': No such file or directory
Running student 2025-02-05-XXX-2041850, exercise 3, test 3
rm: cannot remove 'main': No such file or directory
g++ -lm -O3 -std=c++11 -c ../mocc/stat.cpp -o ../mocc/stat.o
g++ -lm -O3 -std=c++11 -c ../mocc/time.cpp -o ../mocc/time.o
g++ -lm -O3 -std=c++11 -c main.cpp -o main.o
g++ -lm -O3 -std=c++11 ../mocc/stat.o ../mocc/time.o main.o -o main
Running student 2025-02-05-XXX-2083154, exercise 3, test 3
rm: cannot remove 'main': No such file or directory
g++ -lm -O3 -c server.cpp -o server.o
g++ -lm -O3 -c simulation.cpp -o simulation.o
g++ -lm -O3 -c customer.cpp -o customer.o
g++ -lm -O3 -c main.cpp -o main.o
g++ -lm -O3 server.o simulation.o customer.o main.o -o main
Running student 2025-02-05-XXX-1760206, exercise 3, test 3
g++ -Wall -Wextra -std=c++11 -c main.cpp
main.cpp: In function ‘double monteCarloSimulation(const Parameters&, int, int)’:
main.cpp:65:59: warning: unused parameter ‘H’ [-Wunused-parameter]
   65 | double monteCarloSimulation(const Parameters& params, int H, int simulations) {
      |                                                       ~~~~^
g++ -Wall -Wextra -std=c++11 -o main main.o
Running student 2025-02-05-XXX-2047604, exercise 3, test 3
rm: cannot remove 'main': No such file or directory
g++ -std=c++11 -Wall -O2 -c main.cpp -o main.o
main.cpp: In function ‘double simulateCustomerCycle(const MarkovChain&, std::mt19937&)’:
main.cpp:21:10: warning: variable ‘cycleStarted’ set but not used [-Wunused-but-set-variable]
   21 |     bool cycleStarted = false;
      |          ^~~~~~~~~~~~
g++ -std=c++11 -Wall -O2 -o main main.o
Running student 2025-02-05-XXX-2045899, exercise 3, test 3
rm: cannot remove 'main': No such file or directory
make: *** No targets specified and no makefile found.  Stop.
mv: cannot stat 'results.txt': No such file or directory
Running student 2025-02-05-XXX-1810132, exercise 3, test 3
./grade1stud1ex1test.sh: line 39: cd: /home/enrico/edata/tronci@di.uniroma1.it/enrico/teaching/EXAMS/software-engineering/cpp-grader/testdir/2025-02-05-XXX-1810132/3: Not a directory
rm: cannot remove 'main': No such file or directory
make: *** No targets specified and no makefile found.  Stop.
mv: cannot stat 'results.txt': No such file or directory
Running student 2025-02-05-XXX-2047145, exercise 3, test 3
g++ -lm -O3  -c ../mocc/time.cpp -o ../mocc/time.o
g++ -lm -O3  -c ../mocc/math.cpp -o ../mocc/math.o
g++ -lm -O3  -c main.cpp -o main.o
g++ -lm -O3  ../mocc/time.o ../mocc/math.o main.o -o main
./grade1stud1ex1test.sh: line 44: 21342 Segmentation fault      nice -20 timeout -k 180 180s ./main 1>&$1.$2.$3.log
Running student 2025-02-05-XXX-2015518, exercise 3, test 3
rm: cannot remove 'main': No such file or directory
g++ -c -o simulation.o simulation.cpp -std=c++11 -I.  -lm 
g++ -o main simulation.o -std=c++11 -I.  -lm 
Running student 2025-02-05-XXX-2050059, exercise 3, test 3
rm: cannot remove 'main': No such file or directory
g++ -lm -O3 -c main.cpp -o main.o
g++ -lm -O3 main.o -o main
Running student 2025-02-05-Antonio-Rosati-2066344, exercise 3, test 3
./grade1stud1ex1test.sh: line 39: cd: /home/enrico/edata/tronci@di.uniroma1.it/enrico/teaching/EXAMS/software-engineering/cpp-grader/testdir/2025-02-05-Antonio-Rosati-2066344/3: Not a directory
rm: cannot remove 'main': No such file or directory
make: *** No targets specified and no makefile found.  Stop.
mv: cannot stat 'results.txt': No such file or directory
Running student 2025-02-05-XXX-1888625, exercise 3, test 3
g++ -std=c++11 -Wall -Wextra -c main.cpp -o main.o
g++ main.o -o main
Running student 2025-02-05-XXX-1771849, exercise 3, test 3
rm: cannot remove 'main': No such file or directory
g++ -lm -O3 -c main.cpp -o main.o
g++ -lm -O3 main.o -o main
Running student 2025-02-05-XXX-2058986, exercise 3, test 3
rm: cannot remove 'main': No such file or directory
g++ -lm -O3 -std=c++11 -c ../mocc/stat.cpp -o ../mocc/stat.o
g++ -lm -O3 -std=c++11 -c ../mocc/time.cpp -o ../mocc/time.o
g++ -lm -O3 -std=c++11 -c main.cpp -o main.o
In file included from main.cpp:2:
customer.hpp:9:10: fatal error: xlocale/_stdio.h: No such file or directory
    9 | #include <xlocale/_stdio.h>
      |          ^~~~~~~~~~~~~~~~~~
compilation terminated.
make: *** [Makefile:15: main.o] Error 1
Running student 2025-02-05-XXX-2059802, exercise 3, test 3
rm: cannot remove 'main': No such file or directory
g++ -lm -O3  -c customer.cpp -o customer.o
g++ -lm -O3  -c main.cpp -o main.o
g++ -lm -O3  customer.o main.o -o main
/usr/bin/ld: customer.o: in function `Customer::update(Time)':
customer.cpp:(.text+0x1df): undefined reference to `Stat::save(double)'
/usr/bin/ld: customer.cpp:(.text+0x263): undefined reference to `Stat::save(double)'
/usr/bin/ld: main.o: in function `main':
main.cpp:(.text.startup+0xfe): undefined reference to `Stopwatch::Stopwatch(double)'
/usr/bin/ld: main.cpp:(.text.startup+0x35c): undefined reference to `Stopwatch::tick()'
/usr/bin/ld: main.cpp:(.text.startup+0x364): undefined reference to `Stopwatch::elapsed()'
/usr/bin/ld: main.cpp:(.text.startup+0x3a4): undefined reference to `Stat::save(double)'
/usr/bin/ld: main.cpp:(.text.startup+0x421): undefined reference to `Stat::mean() const'
collect2: error: ld returned 1 exit status
make: *** [Makefile:14: main] Error 1
Running student 2025-02-05-XXX-2062810, exercise 3, test 3
g++ -c -o simulator.o simulator.cpp -std=c++11 -I.  -lm 
g++ -c -o customer.o customer.cpp -std=c++11 -I.  -lm 
g++ -c -o main.o main.cpp -std=c++11 -I.  -lm 
g++ -o main simulator.o customer.o main.o -std=c++11 -I.  -lm 
Running student 2025-02-05-XXX-2045928, exercise 3, test 3
g++                        -std=c++17 -Wall -Wextra -O2   -c main.cpp -o main.o
g++                        -std=c++17 -Wall -Wextra -O2   -o main main.o
Running student 2025-02-05-XXX-2066523, exercise 3, test 3
rm: cannot remove 'main': No such file or directory
g++ -c -o monitor.o monitor.cpp -std=c++11 -I.  -lm -g
g++ -c -o server.o server.cpp -std=c++11 -I.  -lm -g
g++ -c -o simulator.o simulator.cpp -std=c++11 -I.  -lm -g
g++ -c -o fifo.o fifo.cpp -std=c++11 -I.  -lm -g
g++ -c -o monitor1.o monitor1.cpp -std=c++11 -I.  -lm -g
g++ -c -o virtual-dtmc.o virtual-dtmc.cpp -std=c++11 -I.  -lm -g
g++ -c -o monitor2.o monitor2.cpp -std=c++11 -I.  -lm -g
g++ -c -o global.o global.cpp -std=c++11 -I.  -lm -g
g++ -c -o system.o system.cpp -std=c++11 -I.  -lm -g
g++ -c -o modello.o modello.cpp -std=c++11 -I.  -lm -g
g++ -c -o customer.o customer.cpp -std=c++11 -I.  -lm -g
g++ -c -o dispatcher.o dispatcher.cpp -std=c++11 -I.  -lm -g
g++ -c -o main.o main.cpp -std=c++11 -I.  -lm -g
g++ -o main monitor.o server.o simulator.o fifo.o monitor1.o virtual-dtmc.o monitor2.o global.o system.o modello.o customer.o dispatcher.o main.o -std=c++11 -I.  -lm -g
./grade1stud1ex1test.sh: line 44: 21595 Segmentation fault      nice -20 timeout -k 180 180s ./main 1>&$1.$2.$3.log
Running student 2025-02-05-XXX-2063098, exercise 3, test 3
rm: cannot remove 'main': No such file or directory
g++ -lm -O3  -c main.cpp -o main.o
main.cpp: In function ‘MDP read_parameters(const std::string&, double&, double&)’:
main.cpp:32:12: error: declaration of ‘double T1’ shadows a parameter
   32 |     double T1, T2;
      |            ^~
main.cpp:25:58: note: ‘double& T1’ previously declared here
   25 | MDP read_parameters(const std::string& filename, double& T1, double& T2) {
      |                                                  ~~~~~~~~^~
main.cpp:32:16: error: declaration of ‘double T2’ shadows a parameter
   32 |     double T1, T2;
      |                ^~
main.cpp:25:70: note: ‘double& T2’ previously declared here
   25 | MDP read_parameters(const std::string& filename, double& T1, double& T2) {
      |                                                              ~~~~~~~~^~
make: *** [Makefile:20: main.o] Error 1
mv: cannot stat 'results.txt': No such file or directory
Running student 2025-02-05-XXX-2060085, exercise 3, test 3
g++ -c -o server.o server.cpp -std=c++11 -I.  -lm 
g++ -c -o customer.o customer.cpp -std=c++11 -I.  -lm 
g++ -c -o main.o main.cpp -std=c++11 -I.  -lm 
g++ -o main server.o customer.o main.o -std=c++11 -I.  -lm 
Running student 2025-02-05-XXX-2046475, exercise 3, test 3
g++ -Wall -Wextra -O3 -std=c++11 -c main.cpp -o main.o
g++ -Wall -Wextra -O3 -std=c++11 -o main main.o
Running student 2025-02-05-XXX-1986385, exercise 3, test 3
rm: cannot remove 'main': No such file or directory
g++ -c main.cpp -o main.o -std=c++11 -Wall -Wextra -O2
g++ -o main main.o -std=c++11 -Wall -Wextra -O2
Running student 2025-02-05-XXX-2046000, exercise 3, test 3
g++ -c -o server.o server.cpp -std=c++11 -I.  -lm 
g++ -c -o stat.o stat.cpp -std=c++11 -I.  -lm 
g++ -c -o customer.o customer.cpp -std=c++11 -I.  -lm 
g++ -c -o parameters.o parameters.cpp -std=c++11 -I.  -lm 
g++ -c -o main.o main.cpp -std=c++11 -I.  -lm 
g++ -o main server.o stat.o customer.o parameters.o main.o -std=c++11 -I.  -lm 
Running student 2025-02-05-XXX-2060573, exercise 3, test 3
g++ -c -o dtmc.o dtmc.cpp -std=c++11 -I.  -lm 
g++ -c -o customer.o customer.cpp -std=c++11 -I.  -lm 
g++ -c -o main.o main.cpp -std=c++11 -I.  -lm 
g++ -o main dtmc.o customer.o main.o -std=c++11 -I.  -lm 
Running student 2025-02-05-XXX-204432, exercise 3, test 3
rm: cannot remove 'main': No such file or directory
g++ -Wall -std=c++11 es3.cpp -o main
mv: cannot stat 'results.txt': No such file or directory
Running student 2025-02-05-XXX-2045982, exercise 3, test 3
rm: cannot remove 'main': No such file or directory
g++ -lm -O3  -c stat.cpp -o stat.o
g++ -lm -O3  -c time.cpp -o time.o
g++ -lm -O3  -c main.cpp -o main.o
g++ -lm -O3  stat.o time.o main.o -o main
Running student 2025-02-05-XXX-1994583, exercise 3, test 3
rm: cannot remove 'main': No such file or directory
make: *** No targets specified and no makefile found.  Stop.
Running student 2025-02-05-XXX-2046212, exercise 3, test 3
g++ main.cpp -o main
Running student 2025-02-05-XXX-2182157, exercise 3, test 3
rm: cannot remove 'main': No such file or directory
g++ -O3 -std=c++17 -Wall -Wextra -pedantic -c main.cpp -o main.o
g++ -O3 -std=c++17 -Wall -Wextra -pedantic -c customer_model.cpp -o customer_model.o
g++ -O3 -std=c++17 -Wall -Wextra -pedantic -c server.cpp -o server.o
g++ -O3 -std=c++17 -Wall -Wextra -pedantic main.o customer_model.o server.o -o main
Running student 2025-02-05-XXX-2009650, exercise 3, test 3
rm: cannot remove 'main': No such file or directory
g++ -c -o simulator.o simulator.cpp -std=c++11 -I.  -lm 
g++ -o main simulator.o -std=c++11 -I.  -lm 
Running student 2025-02-05-XXX-2046234, exercise 3, test 3
g++ -c -o simulator.o simulator.cpp -std=c++11 -I.  -lm 
g++ -c -o database.o database.cpp -std=c++11 -I.  -lm 
g++ -c -o customer.o customer.cpp -std=c++11 -I.  -lm 
g++ -o main simulator.o database.o customer.o -std=c++11 -I.  -lm 
Running student 2025-02-05-XXX-2086047, exercise 3, test 3
rm: cannot remove 'main': No such file or directory
g++ -std=c++17 -Wall -Wextra -O2 -c main.cpp -o main.o
g++ -std=c++17 -Wall -Wextra -O2 -o main main.o
Running student 2025-02-05-XXX-2043878, exercise 3, test 3
g++ -Wall -std=c++11 ex3.cpp -o main
Running student 2025-02-05-XXX-2025352, exercise 3, test 3
rm: cannot remove 'main': No such file or directory
g++ -std=c++11 -Wall -static-libgcc -static-libstdc++ -c main.cpp
g++ -std=c++11 -Wall -static-libgcc -static-libstdc++ -o main main.o
Running student 2025-02-05-XXX-1895077, exercise 3, test 3
g++ -std=c++17 -Wall -I../ex3 -c main.cpp -o main.o
g++ -std=c++17 -Wall -I../ex3 -c ../ex3/simulator.cpp -o ../ex3/simulator.o
g++ -std=c++17 -Wall -I../ex3 -o main main.o ../ex3/simulator.o
Running student 2025-02-05-XXX-2042904, exercise 3, test 3
rm: cannot remove 'main': No such file or directory
g++ -c -o simulator.o simulator.cpp -std=c++11 -I.  -lm 
g++ -c -o customer.o customer.cpp -std=c++11 -I.  -lm 
g++ -o main simulator.o customer.o -std=c++11 -I.  -lm 
Running student 2025-02-05-XXX-2046501, exercise 3, test 3
rm: cannot remove 'main': No such file or directory
g++-14  -c -o simulator.o simulator.cpp -std=c++11 -I. 
make: g++-14: Command not found
make: *** [Makefile:12: simulator.o] Error 127
Running student 2025-02-05-XXX-2083011, exercise 3, test 3
rm: cannot remove 'main': No such file or directory
c++ -Wall -Wextra -std=c++17 -O2 -c main.cpp -o main.o
c++ -Wall -Wextra -std=c++17 -O2 -o main.exe main.o
Running student 2025-02-05-XXX-2034930, exercise 3, test 3
./grade1stud1ex1test.sh: line 39: cd: /home/enrico/edata/tronci@di.uniroma1.it/enrico/teaching/EXAMS/software-engineering/cpp-grader/testdir/2025-02-05-XXX-2034930/3: Not a directory
rm: cannot remove 'main': No such file or directory
make: *** No targets specified and no makefile found.  Stop.
mv: cannot stat 'results.txt': No such file or directory
Running student 2025-02-05-XXX-2061343, exercise 3, test 3
g++ -lm -O3 main.cpp -o main
Running student 2025-02-05-XXX-2052800, exercise 3, test 3
rm: cannot remove 'main': No such file or directory
g++ -Wall -Wextra -std=c++11 -o main main.cpp  
Running student 2025-02-05-XXX-1884714, exercise 3, test 3
rm: cannot remove 'main': No such file or directory
make: *** No targets specified and no makefile found.  Stop.
Running student 2025-02-05-XXX-1884742, exercise 3, test 3
rm: cannot remove 'main': No such file or directory
g++ -std=c++11 -Wall -O2 -o main main.cpp
Running student 2025-02-05-XXX-2046542, exercise 3, test 4
g++ -O2 -std=c++17 -o main main.cpp
main.cpp: In function ‘int simulateCustomer(const Parameters&, std::mt19937&)’:
main.cpp:40:10: error: ‘queue’ is not a member of ‘std’
   40 |     std::queue<int> queue; // Coda delle richieste in attesa
      |          ^~~~~
main.cpp:6:1: note: ‘std::queue’ is defined in header ‘<queue>’; did you forget to ‘#include <queue>’?
    5 | #include <ctime>
  +++ |+#include <queue>
    6 | 
main.cpp:40:16: error: expected primary-expression before ‘int’
   40 |     std::queue<int> queue; // Coda delle richieste in attesa
      |                ^~~
main.cpp:60:13: error: ‘queue’ was not declared in this scope
   60 |             queue.push(state);
      |             ^~~~~
main.cpp:64:14: error: ‘queue’ was not declared in this scope
   64 |         if (!queue.empty() && t >= server_busy_until) {
      |              ^~~~~
make: *** [Makefile:9: main] Error 1
mv: cannot stat 'results.txt': No such file or directory
Running student 2025-02-05-XXX-2041850, exercise 3, test 4
rm: cannot remove 'main': No such file or directory
g++ -lm -O3 -std=c++11 -c ../mocc/stat.cpp -o ../mocc/stat.o
g++ -lm -O3 -std=c++11 -c ../mocc/time.cpp -o ../mocc/time.o
g++ -lm -O3 -std=c++11 -c main.cpp -o main.o
g++ -lm -O3 -std=c++11 ../mocc/stat.o ../mocc/time.o main.o -o main
Running student 2025-02-05-XXX-2083154, exercise 3, test 4
rm: cannot remove 'main': No such file or directory
g++ -lm -O3 -c server.cpp -o server.o
g++ -lm -O3 -c simulation.cpp -o simulation.o
g++ -lm -O3 -c customer.cpp -o customer.o
g++ -lm -O3 -c main.cpp -o main.o
g++ -lm -O3 server.o simulation.o customer.o main.o -o main
Running student 2025-02-05-XXX-1760206, exercise 3, test 4
g++ -Wall -Wextra -std=c++11 -c main.cpp
main.cpp: In function ‘double monteCarloSimulation(const Parameters&, int, int)’:
main.cpp:65:59: warning: unused parameter ‘H’ [-Wunused-parameter]
   65 | double monteCarloSimulation(const Parameters& params, int H, int simulations) {
      |                                                       ~~~~^
g++ -Wall -Wextra -std=c++11 -o main main.o
Running student 2025-02-05-XXX-2047604, exercise 3, test 4
rm: cannot remove 'main': No such file or directory
g++ -std=c++11 -Wall -O2 -c main.cpp -o main.o
main.cpp: In function ‘double simulateCustomerCycle(const MarkovChain&, std::mt19937&)’:
main.cpp:21:10: warning: variable ‘cycleStarted’ set but not used [-Wunused-but-set-variable]
   21 |     bool cycleStarted = false;
      |          ^~~~~~~~~~~~
g++ -std=c++11 -Wall -O2 -o main main.o
Running student 2025-02-05-XXX-2045899, exercise 3, test 4
rm: cannot remove 'main': No such file or directory
make: *** No targets specified and no makefile found.  Stop.
mv: cannot stat 'results.txt': No such file or directory
Running student 2025-02-05-XXX-1810132, exercise 3, test 4
./grade1stud1ex1test.sh: line 39: cd: /home/enrico/edata/tronci@di.uniroma1.it/enrico/teaching/EXAMS/software-engineering/cpp-grader/testdir/2025-02-05-XXX-1810132/3: Not a directory
rm: cannot remove 'main': No such file or directory
make: *** No targets specified and no makefile found.  Stop.
mv: cannot stat 'results.txt': No such file or directory
Running student 2025-02-05-XXX-2047145, exercise 3, test 4
g++ -lm -O3  -c ../mocc/time.cpp -o ../mocc/time.o
g++ -lm -O3  -c ../mocc/math.cpp -o ../mocc/math.o
g++ -lm -O3  -c main.cpp -o main.o
g++ -lm -O3  ../mocc/time.o ../mocc/math.o main.o -o main
./grade1stud1ex1test.sh: line 44: 22365 Segmentation fault      nice -20 timeout -k 180 180s ./main 1>&$1.$2.$3.log
Running student 2025-02-05-XXX-2015518, exercise 3, test 4
rm: cannot remove 'main': No such file or directory
g++ -c -o simulation.o simulation.cpp -std=c++11 -I.  -lm 
g++ -o main simulation.o -std=c++11 -I.  -lm 
Running student 2025-02-05-XXX-2050059, exercise 3, test 4
rm: cannot remove 'main': No such file or directory
g++ -lm -O3 -c main.cpp -o main.o
g++ -lm -O3 main.o -o main
Running student 2025-02-05-Antonio-Rosati-2066344, exercise 3, test 4
./grade1stud1ex1test.sh: line 39: cd: /home/enrico/edata/tronci@di.uniroma1.it/enrico/teaching/EXAMS/software-engineering/cpp-grader/testdir/2025-02-05-Antonio-Rosati-2066344/3: Not a directory
rm: cannot remove 'main': No such file or directory
make: *** No targets specified and no makefile found.  Stop.
mv: cannot stat 'results.txt': No such file or directory
Running student 2025-02-05-XXX-1888625, exercise 3, test 4
g++ -std=c++11 -Wall -Wextra -c main.cpp -o main.o
g++ main.o -o main
Running student 2025-02-05-XXX-1771849, exercise 3, test 4
rm: cannot remove 'main': No such file or directory
g++ -lm -O3 -c main.cpp -o main.o
g++ -lm -O3 main.o -o main
Running student 2025-02-05-XXX-2058986, exercise 3, test 4
rm: cannot remove 'main': No such file or directory
g++ -lm -O3 -std=c++11 -c ../mocc/stat.cpp -o ../mocc/stat.o
g++ -lm -O3 -std=c++11 -c ../mocc/time.cpp -o ../mocc/time.o
g++ -lm -O3 -std=c++11 -c main.cpp -o main.o
In file included from main.cpp:2:
customer.hpp:9:10: fatal error: xlocale/_stdio.h: No such file or directory
    9 | #include <xlocale/_stdio.h>
      |          ^~~~~~~~~~~~~~~~~~
compilation terminated.
make: *** [Makefile:15: main.o] Error 1
Running student 2025-02-05-XXX-2059802, exercise 3, test 4
rm: cannot remove 'main': No such file or directory
g++ -lm -O3  -c customer.cpp -o customer.o
g++ -lm -O3  -c main.cpp -o main.o
g++ -lm -O3  customer.o main.o -o main
/usr/bin/ld: customer.o: in function `Customer::update(Time)':
customer.cpp:(.text+0x1df): undefined reference to `Stat::save(double)'
/usr/bin/ld: customer.cpp:(.text+0x263): undefined reference to `Stat::save(double)'
/usr/bin/ld: main.o: in function `main':
main.cpp:(.text.startup+0xfe): undefined reference to `Stopwatch::Stopwatch(double)'
/usr/bin/ld: main.cpp:(.text.startup+0x35c): undefined reference to `Stopwatch::tick()'
/usr/bin/ld: main.cpp:(.text.startup+0x364): undefined reference to `Stopwatch::elapsed()'
/usr/bin/ld: main.cpp:(.text.startup+0x3a4): undefined reference to `Stat::save(double)'
/usr/bin/ld: main.cpp:(.text.startup+0x421): undefined reference to `Stat::mean() const'
collect2: error: ld returned 1 exit status
make: *** [Makefile:14: main] Error 1
Running student 2025-02-05-XXX-2062810, exercise 3, test 4
g++ -c -o simulator.o simulator.cpp -std=c++11 -I.  -lm 
g++ -c -o customer.o customer.cpp -std=c++11 -I.  -lm 
g++ -c -o main.o main.cpp -std=c++11 -I.  -lm 
g++ -o main simulator.o customer.o main.o -std=c++11 -I.  -lm 
Running student 2025-02-05-XXX-2045928, exercise 3, test 4
g++                        -std=c++17 -Wall -Wextra -O2   -c main.cpp -o main.o
g++                        -std=c++17 -Wall -Wextra -O2   -o main main.o
Running student 2025-02-05-XXX-2066523, exercise 3, test 4
rm: cannot remove 'main': No such file or directory
g++ -c -o monitor.o monitor.cpp -std=c++11 -I.  -lm -g
g++ -c -o server.o server.cpp -std=c++11 -I.  -lm -g
g++ -c -o simulator.o simulator.cpp -std=c++11 -I.  -lm -g
g++ -c -o fifo.o fifo.cpp -std=c++11 -I.  -lm -g
g++ -c -o monitor1.o monitor1.cpp -std=c++11 -I.  -lm -g
g++ -c -o virtual-dtmc.o virtual-dtmc.cpp -std=c++11 -I.  -lm -g
g++ -c -o monitor2.o monitor2.cpp -std=c++11 -I.  -lm -g
g++ -c -o global.o global.cpp -std=c++11 -I.  -lm -g
g++ -c -o system.o system.cpp -std=c++11 -I.  -lm -g
g++ -c -o modello.o modello.cpp -std=c++11 -I.  -lm -g
g++ -c -o customer.o customer.cpp -std=c++11 -I.  -lm -g
g++ -c -o dispatcher.o dispatcher.cpp -std=c++11 -I.  -lm -g
g++ -c -o main.o main.cpp -std=c++11 -I.  -lm -g
g++ -o main monitor.o server.o simulator.o fifo.o monitor1.o virtual-dtmc.o monitor2.o global.o system.o modello.o customer.o dispatcher.o main.o -std=c++11 -I.  -lm -g
./grade1stud1ex1test.sh: line 44: 22617 Segmentation fault      nice -20 timeout -k 180 180s ./main 1>&$1.$2.$3.log
Running student 2025-02-05-XXX-2063098, exercise 3, test 4
rm: cannot remove 'main': No such file or directory
g++ -lm -O3  -c main.cpp -o main.o
main.cpp: In function ‘MDP read_parameters(const std::string&, double&, double&)’:
main.cpp:32:12: error: declaration of ‘double T1’ shadows a parameter
   32 |     double T1, T2;
      |            ^~
main.cpp:25:58: note: ‘double& T1’ previously declared here
   25 | MDP read_parameters(const std::string& filename, double& T1, double& T2) {
      |                                                  ~~~~~~~~^~
main.cpp:32:16: error: declaration of ‘double T2’ shadows a parameter
   32 |     double T1, T2;
      |                ^~
main.cpp:25:70: note: ‘double& T2’ previously declared here
   25 | MDP read_parameters(const std::string& filename, double& T1, double& T2) {
      |                                                              ~~~~~~~~^~
make: *** [Makefile:20: main.o] Error 1
mv: cannot stat 'results.txt': No such file or directory
Running student 2025-02-05-XXX-2060085, exercise 3, test 4
g++ -c -o server.o server.cpp -std=c++11 -I.  -lm 
g++ -c -o customer.o customer.cpp -std=c++11 -I.  -lm 
g++ -c -o main.o main.cpp -std=c++11 -I.  -lm 
g++ -o main server.o customer.o main.o -std=c++11 -I.  -lm 
Running student 2025-02-05-XXX-2046475, exercise 3, test 4
g++ -Wall -Wextra -O3 -std=c++11 -c main.cpp -o main.o
g++ -Wall -Wextra -O3 -std=c++11 -o main main.o
Running student 2025-02-05-XXX-1986385, exercise 3, test 4
rm: cannot remove 'main': No such file or directory
g++ -c main.cpp -o main.o -std=c++11 -Wall -Wextra -O2
g++ -o main main.o -std=c++11 -Wall -Wextra -O2
Running student 2025-02-05-XXX-2046000, exercise 3, test 4
g++ -c -o server.o server.cpp -std=c++11 -I.  -lm 
g++ -c -o stat.o stat.cpp -std=c++11 -I.  -lm 
g++ -c -o customer.o customer.cpp -std=c++11 -I.  -lm 
g++ -c -o parameters.o parameters.cpp -std=c++11 -I.  -lm 
g++ -c -o main.o main.cpp -std=c++11 -I.  -lm 
g++ -o main server.o stat.o customer.o parameters.o main.o -std=c++11 -I.  -lm 
Running student 2025-02-05-XXX-2060573, exercise 3, test 4
g++ -c -o dtmc.o dtmc.cpp -std=c++11 -I.  -lm 
g++ -c -o customer.o customer.cpp -std=c++11 -I.  -lm 
g++ -c -o main.o main.cpp -std=c++11 -I.  -lm 
g++ -o main dtmc.o customer.o main.o -std=c++11 -I.  -lm 
Running student 2025-02-05-XXX-204432, exercise 3, test 4
rm: cannot remove 'main': No such file or directory
g++ -Wall -std=c++11 es3.cpp -o main
mv: cannot stat 'results.txt': No such file or directory
Running student 2025-02-05-XXX-2045982, exercise 3, test 4
rm: cannot remove 'main': No such file or directory
g++ -lm -O3  -c stat.cpp -o stat.o
g++ -lm -O3  -c time.cpp -o time.o
g++ -lm -O3  -c main.cpp -o main.o
g++ -lm -O3  stat.o time.o main.o -o main
Running student 2025-02-05-XXX-1994583, exercise 3, test 4
rm: cannot remove 'main': No such file or directory
make: *** No targets specified and no makefile found.  Stop.
Running student 2025-02-05-XXX-2046212, exercise 3, test 4
g++ main.cpp -o main
Running student 2025-02-05-XXX-2182157, exercise 3, test 4
rm: cannot remove 'main': No such file or directory
g++ -O3 -std=c++17 -Wall -Wextra -pedantic -c main.cpp -o main.o
g++ -O3 -std=c++17 -Wall -Wextra -pedantic -c customer_model.cpp -o customer_model.o
g++ -O3 -std=c++17 -Wall -Wextra -pedantic -c server.cpp -o server.o
g++ -O3 -std=c++17 -Wall -Wextra -pedantic main.o customer_model.o server.o -o main
Running student 2025-02-05-XXX-2009650, exercise 3, test 4
rm: cannot remove 'main': No such file or directory
g++ -c -o simulator.o simulator.cpp -std=c++11 -I.  -lm 
g++ -o main simulator.o -std=c++11 -I.  -lm 
Running student 2025-02-05-XXX-2046234, exercise 3, test 4
g++ -c -o simulator.o simulator.cpp -std=c++11 -I.  -lm 
g++ -c -o database.o database.cpp -std=c++11 -I.  -lm 
g++ -c -o customer.o customer.cpp -std=c++11 -I.  -lm 
g++ -o main simulator.o database.o customer.o -std=c++11 -I.  -lm 
Running student 2025-02-05-XXX-2086047, exercise 3, test 4
rm: cannot remove 'main': No such file or directory
g++ -std=c++17 -Wall -Wextra -O2 -c main.cpp -o main.o
g++ -std=c++17 -Wall -Wextra -O2 -o main main.o
Running student 2025-02-05-XXX-2043878, exercise 3, test 4
g++ -Wall -std=c++11 ex3.cpp -o main
Running student 2025-02-05-XXX-2025352, exercise 3, test 4
rm: cannot remove 'main': No such file or directory
g++ -std=c++11 -Wall -static-libgcc -static-libstdc++ -c main.cpp
g++ -std=c++11 -Wall -static-libgcc -static-libstdc++ -o main main.o
Running student 2025-02-05-XXX-1895077, exercise 3, test 4
g++ -std=c++17 -Wall -I../ex3 -c main.cpp -o main.o
g++ -std=c++17 -Wall -I../ex3 -c ../ex3/simulator.cpp -o ../ex3/simulator.o
g++ -std=c++17 -Wall -I../ex3 -o main main.o ../ex3/simulator.o
Running student 2025-02-05-XXX-2042904, exercise 3, test 4
rm: cannot remove 'main': No such file or directory
g++ -c -o simulator.o simulator.cpp -std=c++11 -I.  -lm 
g++ -c -o customer.o customer.cpp -std=c++11 -I.  -lm 
g++ -o main simulator.o customer.o -std=c++11 -I.  -lm 
Running student 2025-02-05-XXX-2046501, exercise 3, test 4
rm: cannot remove 'main': No such file or directory
g++-14  -c -o simulator.o simulator.cpp -std=c++11 -I. 
make: g++-14: Command not found
make: *** [Makefile:12: simulator.o] Error 127
Running student 2025-02-05-XXX-2083011, exercise 3, test 4
rm: cannot remove 'main': No such file or directory
c++ -Wall -Wextra -std=c++17 -O2 -c main.cpp -o main.o
c++ -Wall -Wextra -std=c++17 -O2 -o main.exe main.o
Running student 2025-02-05-XXX-2034930, exercise 3, test 4
./grade1stud1ex1test.sh: line 39: cd: /home/enrico/edata/tronci@di.uniroma1.it/enrico/teaching/EXAMS/software-engineering/cpp-grader/testdir/2025-02-05-XXX-2034930/3: Not a directory
rm: cannot remove 'main': No such file or directory
make: *** No targets specified and no makefile found.  Stop.
mv: cannot stat 'results.txt': No such file or directory
Running student 2025-02-05-XXX-2061343, exercise 3, test 4
g++ -lm -O3 main.cpp -o main
Running student 2025-02-05-XXX-2052800, exercise 3, test 4
rm: cannot remove 'main': No such file or directory
g++ -Wall -Wextra -std=c++11 -o main main.cpp  
Running student 2025-02-05-XXX-1884714, exercise 3, test 4
rm: cannot remove 'main': No such file or directory
make: *** No targets specified and no makefile found.  Stop.
Running student 2025-02-05-XXX-1884742, exercise 3, test 4
rm: cannot remove 'main': No such file or directory
g++ -std=c++11 -Wall -O2 -o main main.cpp
Running student 2025-02-05-XXX-2046542, exercise 3, test 5
g++ -O2 -std=c++17 -o main main.cpp
main.cpp: In function ‘int simulateCustomer(const Parameters&, std::mt19937&)’:
main.cpp:40:10: error: ‘queue’ is not a member of ‘std’
   40 |     std::queue<int> queue; // Coda delle richieste in attesa
      |          ^~~~~
main.cpp:6:1: note: ‘std::queue’ is defined in header ‘<queue>’; did you forget to ‘#include <queue>’?
    5 | #include <ctime>
  +++ |+#include <queue>
    6 | 
main.cpp:40:16: error: expected primary-expression before ‘int’
   40 |     std::queue<int> queue; // Coda delle richieste in attesa
      |                ^~~
main.cpp:60:13: error: ‘queue’ was not declared in this scope
   60 |             queue.push(state);
      |             ^~~~~
main.cpp:64:14: error: ‘queue’ was not declared in this scope
   64 |         if (!queue.empty() && t >= server_busy_until) {
      |              ^~~~~
make: *** [Makefile:9: main] Error 1
mv: cannot stat 'results.txt': No such file or directory
Running student 2025-02-05-XXX-2041850, exercise 3, test 5
rm: cannot remove 'main': No such file or directory
g++ -lm -O3 -std=c++11 -c ../mocc/stat.cpp -o ../mocc/stat.o
g++ -lm -O3 -std=c++11 -c ../mocc/time.cpp -o ../mocc/time.o
g++ -lm -O3 -std=c++11 -c main.cpp -o main.o
g++ -lm -O3 -std=c++11 ../mocc/stat.o ../mocc/time.o main.o -o main
Running student 2025-02-05-XXX-2083154, exercise 3, test 5
rm: cannot remove 'main': No such file or directory
g++ -lm -O3 -c server.cpp -o server.o
g++ -lm -O3 -c simulation.cpp -o simulation.o
g++ -lm -O3 -c customer.cpp -o customer.o
g++ -lm -O3 -c main.cpp -o main.o
g++ -lm -O3 server.o simulation.o customer.o main.o -o main
Running student 2025-02-05-XXX-1760206, exercise 3, test 5
g++ -Wall -Wextra -std=c++11 -c main.cpp
main.cpp: In function ‘double monteCarloSimulation(const Parameters&, int, int)’:
main.cpp:65:59: warning: unused parameter ‘H’ [-Wunused-parameter]
   65 | double monteCarloSimulation(const Parameters& params, int H, int simulations) {
      |                                                       ~~~~^
g++ -Wall -Wextra -std=c++11 -o main main.o
Running student 2025-02-05-XXX-2047604, exercise 3, test 5
rm: cannot remove 'main': No such file or directory
g++ -std=c++11 -Wall -O2 -c main.cpp -o main.o
main.cpp: In function ‘double simulateCustomerCycle(const MarkovChain&, std::mt19937&)’:
main.cpp:21:10: warning: variable ‘cycleStarted’ set but not used [-Wunused-but-set-variable]
   21 |     bool cycleStarted = false;
      |          ^~~~~~~~~~~~
g++ -std=c++11 -Wall -O2 -o main main.o
Running student 2025-02-05-XXX-2045899, exercise 3, test 5
rm: cannot remove 'main': No such file or directory
make: *** No targets specified and no makefile found.  Stop.
mv: cannot stat 'results.txt': No such file or directory
Running student 2025-02-05-XXX-1810132, exercise 3, test 5
./grade1stud1ex1test.sh: line 39: cd: /home/enrico/edata/tronci@di.uniroma1.it/enrico/teaching/EXAMS/software-engineering/cpp-grader/testdir/2025-02-05-XXX-1810132/3: Not a directory
rm: cannot remove 'main': No such file or directory
make: *** No targets specified and no makefile found.  Stop.
mv: cannot stat 'results.txt': No such file or directory
Running student 2025-02-05-XXX-2047145, exercise 3, test 5
g++ -lm -O3  -c ../mocc/time.cpp -o ../mocc/time.o
g++ -lm -O3  -c ../mocc/math.cpp -o ../mocc/math.o
g++ -lm -O3  -c main.cpp -o main.o
g++ -lm -O3  ../mocc/time.o ../mocc/math.o main.o -o main
./grade1stud1ex1test.sh: line 44: 23378 Segmentation fault      nice -20 timeout -k 180 180s ./main 1>&$1.$2.$3.log
Running student 2025-02-05-XXX-2015518, exercise 3, test 5
rm: cannot remove 'main': No such file or directory
g++ -c -o simulation.o simulation.cpp -std=c++11 -I.  -lm 
g++ -o main simulation.o -std=c++11 -I.  -lm 
Running student 2025-02-05-XXX-2050059, exercise 3, test 5
rm: cannot remove 'main': No such file or directory
g++ -lm -O3 -c main.cpp -o main.o
g++ -lm -O3 main.o -o main
Running student 2025-02-05-Antonio-Rosati-2066344, exercise 3, test 5
./grade1stud1ex1test.sh: line 39: cd: /home/enrico/edata/tronci@di.uniroma1.it/enrico/teaching/EXAMS/software-engineering/cpp-grader/testdir/2025-02-05-Antonio-Rosati-2066344/3: Not a directory
rm: cannot remove 'main': No such file or directory
make: *** No targets specified and no makefile found.  Stop.
mv: cannot stat 'results.txt': No such file or directory
Running student 2025-02-05-XXX-1888625, exercise 3, test 5
g++ -std=c++11 -Wall -Wextra -c main.cpp -o main.o
g++ main.o -o main
Running student 2025-02-05-XXX-1771849, exercise 3, test 5
rm: cannot remove 'main': No such file or directory
g++ -lm -O3 -c main.cpp -o main.o
g++ -lm -O3 main.o -o main
Running student 2025-02-05-XXX-2058986, exercise 3, test 5
rm: cannot remove 'main': No such file or directory
g++ -lm -O3 -std=c++11 -c ../mocc/stat.cpp -o ../mocc/stat.o
g++ -lm -O3 -std=c++11 -c ../mocc/time.cpp -o ../mocc/time.o
g++ -lm -O3 -std=c++11 -c main.cpp -o main.o
In file included from main.cpp:2:
customer.hpp:9:10: fatal error: xlocale/_stdio.h: No such file or directory
    9 | #include <xlocale/_stdio.h>
      |          ^~~~~~~~~~~~~~~~~~
compilation terminated.
make: *** [Makefile:15: main.o] Error 1
Running student 2025-02-05-XXX-2059802, exercise 3, test 5
rm: cannot remove 'main': No such file or directory
g++ -lm -O3  -c customer.cpp -o customer.o
g++ -lm -O3  -c main.cpp -o main.o
g++ -lm -O3  customer.o main.o -o main
/usr/bin/ld: customer.o: in function `Customer::update(Time)':
customer.cpp:(.text+0x1df): undefined reference to `Stat::save(double)'
/usr/bin/ld: customer.cpp:(.text+0x263): undefined reference to `Stat::save(double)'
/usr/bin/ld: main.o: in function `main':
main.cpp:(.text.startup+0xfe): undefined reference to `Stopwatch::Stopwatch(double)'
/usr/bin/ld: main.cpp:(.text.startup+0x35c): undefined reference to `Stopwatch::tick()'
/usr/bin/ld: main.cpp:(.text.startup+0x364): undefined reference to `Stopwatch::elapsed()'
/usr/bin/ld: main.cpp:(.text.startup+0x3a4): undefined reference to `Stat::save(double)'
/usr/bin/ld: main.cpp:(.text.startup+0x421): undefined reference to `Stat::mean() const'
collect2: error: ld returned 1 exit status
make: *** [Makefile:14: main] Error 1
Running student 2025-02-05-XXX-2062810, exercise 3, test 5
g++ -c -o simulator.o simulator.cpp -std=c++11 -I.  -lm 
g++ -c -o customer.o customer.cpp -std=c++11 -I.  -lm 
g++ -c -o main.o main.cpp -std=c++11 -I.  -lm 
g++ -o main simulator.o customer.o main.o -std=c++11 -I.  -lm 
Running student 2025-02-05-XXX-2045928, exercise 3, test 5
g++                        -std=c++17 -Wall -Wextra -O2   -c main.cpp -o main.o
g++                        -std=c++17 -Wall -Wextra -O2   -o main main.o
Running student 2025-02-05-XXX-2066523, exercise 3, test 5
rm: cannot remove 'main': No such file or directory
g++ -c -o monitor.o monitor.cpp -std=c++11 -I.  -lm -g
g++ -c -o server.o server.cpp -std=c++11 -I.  -lm -g
g++ -c -o simulator.o simulator.cpp -std=c++11 -I.  -lm -g
g++ -c -o fifo.o fifo.cpp -std=c++11 -I.  -lm -g
g++ -c -o monitor1.o monitor1.cpp -std=c++11 -I.  -lm -g
g++ -c -o virtual-dtmc.o virtual-dtmc.cpp -std=c++11 -I.  -lm -g
g++ -c -o monitor2.o monitor2.cpp -std=c++11 -I.  -lm -g
g++ -c -o global.o global.cpp -std=c++11 -I.  -lm -g
g++ -c -o system.o system.cpp -std=c++11 -I.  -lm -g
g++ -c -o modello.o modello.cpp -std=c++11 -I.  -lm -g
g++ -c -o customer.o customer.cpp -std=c++11 -I.  -lm -g
g++ -c -o dispatcher.o dispatcher.cpp -std=c++11 -I.  -lm -g
g++ -c -o main.o main.cpp -std=c++11 -I.  -lm -g
g++ -o main monitor.o server.o simulator.o fifo.o monitor1.o virtual-dtmc.o monitor2.o global.o system.o modello.o customer.o dispatcher.o main.o -std=c++11 -I.  -lm -g
./grade1stud1ex1test.sh: line 44: 23630 Segmentation fault      nice -20 timeout -k 180 180s ./main 1>&$1.$2.$3.log
Running student 2025-02-05-XXX-2063098, exercise 3, test 5
rm: cannot remove 'main': No such file or directory
g++ -lm -O3  -c main.cpp -o main.o
main.cpp: In function ‘MDP read_parameters(const std::string&, double&, double&)’:
main.cpp:32:12: error: declaration of ‘double T1’ shadows a parameter
   32 |     double T1, T2;
      |            ^~
main.cpp:25:58: note: ‘double& T1’ previously declared here
   25 | MDP read_parameters(const std::string& filename, double& T1, double& T2) {
      |                                                  ~~~~~~~~^~
main.cpp:32:16: error: declaration of ‘double T2’ shadows a parameter
   32 |     double T1, T2;
      |                ^~
main.cpp:25:70: note: ‘double& T2’ previously declared here
   25 | MDP read_parameters(const std::string& filename, double& T1, double& T2) {
      |                                                              ~~~~~~~~^~
make: *** [Makefile:20: main.o] Error 1
mv: cannot stat 'results.txt': No such file or directory
Running student 2025-02-05-XXX-2060085, exercise 3, test 5
g++ -c -o server.o server.cpp -std=c++11 -I.  -lm 
g++ -c -o customer.o customer.cpp -std=c++11 -I.  -lm 
g++ -c -o main.o main.cpp -std=c++11 -I.  -lm 
g++ -o main server.o customer.o main.o -std=c++11 -I.  -lm 
Running student 2025-02-05-XXX-2046475, exercise 3, test 5
g++ -Wall -Wextra -O3 -std=c++11 -c main.cpp -o main.o
g++ -Wall -Wextra -O3 -std=c++11 -o main main.o
Running student 2025-02-05-XXX-1986385, exercise 3, test 5
rm: cannot remove 'main': No such file or directory
g++ -c main.cpp -o main.o -std=c++11 -Wall -Wextra -O2
g++ -o main main.o -std=c++11 -Wall -Wextra -O2
Running student 2025-02-05-XXX-2046000, exercise 3, test 5
g++ -c -o server.o server.cpp -std=c++11 -I.  -lm 
g++ -c -o stat.o stat.cpp -std=c++11 -I.  -lm 
g++ -c -o customer.o customer.cpp -std=c++11 -I.  -lm 
g++ -c -o parameters.o parameters.cpp -std=c++11 -I.  -lm 
g++ -c -o main.o main.cpp -std=c++11 -I.  -lm 
g++ -o main server.o stat.o customer.o parameters.o main.o -std=c++11 -I.  -lm 
Running student 2025-02-05-XXX-2060573, exercise 3, test 5
g++ -c -o dtmc.o dtmc.cpp -std=c++11 -I.  -lm 
g++ -c -o customer.o customer.cpp -std=c++11 -I.  -lm 
g++ -c -o main.o main.cpp -std=c++11 -I.  -lm 
g++ -o main dtmc.o customer.o main.o -std=c++11 -I.  -lm 
Running student 2025-02-05-XXX-204432, exercise 3, test 5
rm: cannot remove 'main': No such file or directory
g++ -Wall -std=c++11 es3.cpp -o main
mv: cannot stat 'results.txt': No such file or directory
Running student 2025-02-05-XXX-2045982, exercise 3, test 5
rm: cannot remove 'main': No such file or directory
g++ -lm -O3  -c stat.cpp -o stat.o
g++ -lm -O3  -c time.cpp -o time.o
g++ -lm -O3  -c main.cpp -o main.o
g++ -lm -O3  stat.o time.o main.o -o main
Running student 2025-02-05-XXX-1994583, exercise 3, test 5
rm: cannot remove 'main': No such file or directory
make: *** No targets specified and no makefile found.  Stop.
Running student 2025-02-05-XXX-2046212, exercise 3, test 5
g++ main.cpp -o main
Running student 2025-02-05-XXX-2182157, exercise 3, test 5
rm: cannot remove 'main': No such file or directory
g++ -O3 -std=c++17 -Wall -Wextra -pedantic -c main.cpp -o main.o
g++ -O3 -std=c++17 -Wall -Wextra -pedantic -c customer_model.cpp -o customer_model.o
g++ -O3 -std=c++17 -Wall -Wextra -pedantic -c server.cpp -o server.o
g++ -O3 -std=c++17 -Wall -Wextra -pedantic main.o customer_model.o server.o -o main
Running student 2025-02-05-XXX-2009650, exercise 3, test 5
rm: cannot remove 'main': No such file or directory
g++ -c -o simulator.o simulator.cpp -std=c++11 -I.  -lm 
g++ -o main simulator.o -std=c++11 -I.  -lm 
Running student 2025-02-05-XXX-2046234, exercise 3, test 5
g++ -c -o simulator.o simulator.cpp -std=c++11 -I.  -lm 
g++ -c -o database.o database.cpp -std=c++11 -I.  -lm 
g++ -c -o customer.o customer.cpp -std=c++11 -I.  -lm 
g++ -o main simulator.o database.o customer.o -std=c++11 -I.  -lm 
Running student 2025-02-05-XXX-2086047, exercise 3, test 5
rm: cannot remove 'main': No such file or directory
g++ -std=c++17 -Wall -Wextra -O2 -c main.cpp -o main.o
g++ -std=c++17 -Wall -Wextra -O2 -o main main.o
Running student 2025-02-05-XXX-2043878, exercise 3, test 5
g++ -Wall -std=c++11 ex3.cpp -o main
Running student 2025-02-05-XXX-2025352, exercise 3, test 5
rm: cannot remove 'main': No such file or directory
g++ -std=c++11 -Wall -static-libgcc -static-libstdc++ -c main.cpp
g++ -std=c++11 -Wall -static-libgcc -static-libstdc++ -o main main.o
Running student 2025-02-05-XXX-1895077, exercise 3, test 5
g++ -std=c++17 -Wall -I../ex3 -c main.cpp -o main.o
g++ -std=c++17 -Wall -I../ex3 -c ../ex3/simulator.cpp -o ../ex3/simulator.o
g++ -std=c++17 -Wall -I../ex3 -o main main.o ../ex3/simulator.o
Running student 2025-02-05-XXX-2042904, exercise 3, test 5
rm: cannot remove 'main': No such file or directory
g++ -c -o simulator.o simulator.cpp -std=c++11 -I.  -lm 
g++ -c -o customer.o customer.cpp -std=c++11 -I.  -lm 
g++ -o main simulator.o customer.o -std=c++11 -I.  -lm 
Running student 2025-02-05-XXX-2046501, exercise 3, test 5
rm: cannot remove 'main': No such file or directory
g++-14  -c -o simulator.o simulator.cpp -std=c++11 -I. 
make: g++-14: Command not found
make: *** [Makefile:12: simulator.o] Error 127
Running student 2025-02-05-XXX-2083011, exercise 3, test 5
rm: cannot remove 'main': No such file or directory
c++ -Wall -Wextra -std=c++17 -O2 -c main.cpp -o main.o
c++ -Wall -Wextra -std=c++17 -O2 -o main.exe main.o
Running student 2025-02-05-XXX-2034930, exercise 3, test 5
./grade1stud1ex1test.sh: line 39: cd: /home/enrico/edata/tronci@di.uniroma1.it/enrico/teaching/EXAMS/software-engineering/cpp-grader/testdir/2025-02-05-XXX-2034930/3: Not a directory
rm: cannot remove 'main': No such file or directory
make: *** No targets specified and no makefile found.  Stop.
mv: cannot stat 'results.txt': No such file or directory
Running student 2025-02-05-XXX-2061343, exercise 3, test 5
g++ -lm -O3 main.cpp -o main
Running student 2025-02-05-XXX-2052800, exercise 3, test 5
rm: cannot remove 'main': No such file or directory
g++ -Wall -Wextra -std=c++11 -o main main.cpp  
Running student 2025-02-05-XXX-1884714, exercise 3, test 5
rm: cannot remove 'main': No such file or directory
make: *** No targets specified and no makefile found.  Stop.
Running student 2025-02-05-XXX-1884742, exercise 3, test 5
rm: cannot remove 'main': No such file or directory
g++ -std=c++11 -Wall -O2 -o main main.cpp
