Log for exercise 4
Begin run  student 2025-06-12-XXX-2068261, exercise 4, test 5. Output file is: results.txt
rm: cannot remove 'main': No such file or directory
g++ -Wall -O2 main.cpp -o main
End run student 2025-06-12-XXX-2068261, exercise 4, test 5

Begin run  student 2025-06-12-XXX-2085561, exercise 4, test 5. Output file is: results.txt
rm: cannot remove 'results.txt': No such file or directory
g++ -c -o customer.o customer.cpp -std=c++11 -I.  -lm 
g++ -c -o dispatcher.o dispatcher.cpp -std=c++11 -I.  -lm 
dispatcher.cpp: In constructor ‘Dispatcher::Dispatcher(Utility*, double, double, int, int)’:
dispatcher.cpp:8:64: error: no matching function for call to ‘Server::Server(Utility*&, std::deque<std::vector<int> >*)’
    8 |     servers = std::vector<Server>(S, Server(u, &server_messages));
      |                                                                ^
In file included from dispatcher.hpp:3,
                 from dispatcher.cpp:1:
server.hpp:14:5: note: candidate: ‘Server::Server(Utility*, std::deque<std::vector<int> >*, int, int)’
   14 |     Server(Utility *u_, std::deque<std::vector<int>> *sm_, int N, int K);
      |     ^~~~~~
server.hpp:14:5: note:   candidate expects 4 arguments, 2 provided
server.hpp:5:7: note: candidate: ‘Server::Server(const Server&)’
    5 | class Server{
      |       ^~~~~~
server.hpp:5:7: note:   candidate expects 1 argument, 2 provided
server.hpp:5:7: note: candidate: ‘Server::Server(Server&&)’
server.hpp:5:7: note:   candidate expects 1 argument, 2 provided
make: *** [Makefile:12: dispatcher.o] Error 1
mv: cannot stat 'results.txt': No such file or directory
End run student 2025-06-12-XXX-2085561, exercise 4, test 5

Begin run  student 2025-06-12-XXX-2014598, exercise 4, test 5. Output file is: results.txt
g++ -O2 -std=c++17 -c main.cpp -o main.o
main.cpp: In function ‘int main()’:
main.cpp:63:10: error: ‘queue’ is not a member of ‘std’
   63 |     std::queue<DispatcherMessage> dispatcher_queue;
      |          ^~~~~
main.cpp:3:1: note: ‘std::queue’ is defined in header ‘<queue>’; did you forget to ‘#include <queue>’?
    2 | #include <fstream>
  +++ |+#include <queue>
    3 | #include <random>
main.cpp:63:33: error: expected primary-expression before ‘>’ token
   63 |     std::queue<DispatcherMessage> dispatcher_queue;
      |                                 ^
main.cpp:63:35: error: ‘dispatcher_queue’ was not declared in this scope; did you mean ‘dispatcher_reqs’?
   63 |     std::queue<DispatcherMessage> dispatcher_queue;
      |                                   ^~~~~~~~~~~~~~~~
      |                                   dispatcher_reqs
main.cpp:64:22: error: ‘queue’ is not a member of ‘std’
   64 |     std::vector<std::queue<ServerMessage>> servers_queues(S);
      |                      ^~~~~
main.cpp:64:22: note: ‘std::queue’ is defined in header ‘<queue>’; did you forget to ‘#include <queue>’?
main.cpp:64:28: error: template argument 1 is invalid
   64 |     std::vector<std::queue<ServerMessage>> servers_queues(S);
      |                            ^~~~~~~~~~~~~
main.cpp:64:28: error: template argument 2 is invalid
main.cpp:64:41: error: expected unqualified-id before ‘>’ token
   64 |     std::vector<std::queue<ServerMessage>> servers_queues(S);
      |                                         ^~
main.cpp:96:11: error: ‘servers_queues’ was not declared in this scope
   96 |           servers_queues[random_server_id].push({customer_action, time + D});
      |           ^~~~~~~~~~~~~~
main.cpp:101:13: error: ‘servers_queues’ was not declared in this scope
  101 |         if (servers_queues[server_id].empty())
      |             ^~~~~~~~~~~~~~
main.cpp:104:20: error: ‘servers_queues’ was not declared in this scope
  104 |         if (time < servers_queues[server_id].front().available_at)
      |                    ^~~~~~~~~~~~~~
main.cpp:107:29: error: ‘servers_queues’ was not declared in this scope
  107 |         size_t product_id = servers_queues[server_id].front().product;
      |                             ^~~~~~~~~~~~~~
make: *** [Makefile:13: main.o] Error 1
mv: cannot stat 'results.txt': No such file or directory
End run student 2025-06-12-XXX-2014598, exercise 4, test 5

Begin run  student 2025-06-12-XXX-1810132, exercise 4, test 5. Output file is: results.txt
make: *** No targets specified and no makefile found.  Stop.
mv: cannot stat 'results.txt': No such file or directory
End run student 2025-06-12-XXX-1810132, exercise 4, test 5

Begin run  student 2025-06-12-XXX-2083321, exercise 4, test 5. Output file is: results.txt
rm: cannot remove 'main': No such file or directory
rm: cannot remove 'results.txt': No such file or directory
g++ main.cpp -o main
In file included from main.cpp:6:
DB.cpp: In member function ‘std::vector<int> DB::make_request(float)’:
DB.cpp:65:9: warning: control reaches end of non-void function [-Wreturn-type]
   65 |         }
      |         ^
./grade1stud1ex1test.sh: line 45: 340515 Illegal instruction     nice -20 timeout -k 180 180s ./main >&$1.$2.$3.log
mv: cannot stat 'results.txt': No such file or directory
End run student 2025-06-12-XXX-2083321, exercise 4, test 5

Begin run  student 2025-06-12-XXX-2056284, exercise 4, test 5. Output file is: results.txt
g++ main.cpp -o main
End run student 2025-06-12-XXX-2056284, exercise 4, test 5

Begin run  student 2025-06-12-XXX-1933763, exercise 4, test 5. Output file is: results.txt
rm: cannot remove 'main': No such file or directory
g++ -std=c++11 -Wall -O2 -o main main.cpp
./grade1stud1ex1test.sh: line 45: 340562 Segmentation fault      nice -20 timeout -k 180 180s ./main >&$1.$2.$3.log
mv: cannot stat 'results.txt': No such file or directory
End run student 2025-06-12-XXX-1933763, exercise 4, test 5

Begin run  student 2025-06-12-XXX-2066344, exercise 4, test 5. Output file is: results.txt
g++ -std=c++11 -O2 -o main main.cpp
./grade1stud1ex1test.sh: line 45: 340586 Segmentation fault      nice -20 timeout -k 180 180s ./main >&$1.$2.$3.log
mv: cannot stat 'results.txt': No such file or directory
End run student 2025-06-12-XXX-2066344, exercise 4, test 5

Begin run  student 2025-06-12-XXX-2076586, exercise 4, test 5. Output file is: results.txt
rm: cannot remove 'main': No such file or directory
g++ -Wall -Wextra -std=c++17 -g -c main.cpp -o main.o
main.cpp: In function ‘double simulate_once(const Parameters&, std::vector<std::pair<double, int> >)’:
main.cpp:154:5: error: ‘riscrivere’ was not declared in this scope
  154 |     riscrivere esercizio 4 in base al codice di es 3
      |     ^~~~~~~~~~
main.cpp:156:1: warning: no return statement in function returning non-void [-Wreturn-type]
  156 | }
      | ^
main.cpp: In function ‘int main()’:
main.cpp:172:5: error: ‘ector’ was not declared in this scope
  172 |     ector<pair<double, int>> output = simulate_customer_behavior(params);
      |     ^~~~~
main.cpp:172:27: error: expected primary-expression before ‘>’ token
  172 |     ector<pair<double, int>> output = simulate_customer_behavior(params);
      |                           ^~
main.cpp:172:30: error: ‘output’ was not declared in this scope
  172 |     ector<pair<double, int>> output = simulate_customer_behavior(params);
      |                              ^~~~~~
make: *** [Makefile:13: main.o] Error 1
mv: cannot stat 'results.txt': No such file or directory
End run student 2025-06-12-XXX-2076586, exercise 4, test 5

Begin run  student 2025-06-12-XXX-2049029, exercise 4, test 5. Output file is: results.txt
g++  -c -o main.o main.cpp -std=c++11 -I. -lm
g++  -o main main.o -std=c++11 -I. -lm
End run student 2025-06-12-XXX-2049029, exercise 4, test 5

Begin run  student 2025-06-12-XXX-2059802, exercise 4, test 5. Output file is: results.txt
rm: cannot remove 'main': No such file or directory
g++ -lm -O3  -c ../mocc/stat.cpp -o ../mocc/stat.o
g++ -lm -O3  -c ../mocc/time.cpp -o ../mocc/time.o
g++ -lm -O3  -c main.cpp -o main.o
g++ -lm -O3  ../mocc/stat.o ../mocc/time.o main.o -o main
End run student 2025-06-12-XXX-2059802, exercise 4, test 5

Begin run  student 2025-06-12-XXX-2007103, exercise 4, test 5. Output file is: results.txt
rm: cannot remove 'main': No such file or directory
g++ -std=c++11 -Wall -O2 -o main main.cpp
./grade1stud1ex1test.sh: line 45: 340688 Floating point exceptionnice -20 timeout -k 180 180s ./main >&$1.$2.$3.log
mv: cannot stat 'results.txt': No such file or directory
End run student 2025-06-12-XXX-2007103, exercise 4, test 5

Begin run  student 2025-06-12-XXX-2085129, exercise 4, test 5. Output file is: results.txt
rm: cannot remove 'main': No such file or directory
g++ -c -o main.o main.cpp -std=c++11 -I.  -lm -g
g++ -o main main.o -std=c++11 -I.  -lm -g
./grade1stud1ex1test.sh: line 45: 340713 Floating point exceptionnice -20 timeout -k 180 180s ./main >&$1.$2.$3.log
mv: cannot stat 'results.txt': No such file or directory
End run student 2025-06-12-XXX-2085129, exercise 4, test 5

Begin run  student 2025-06-12-XXX-1943337, exercise 4, test 5. Output file is: results.txt
rm: cannot remove 'main': No such file or directory
g++ -std=c++11 -Wall -O2 -o main main.cpp
./grade1stud1ex1test.sh: line 45: 340738 Segmentation fault      nice -20 timeout -k 180 180s ./main >&$1.$2.$3.log
mv: cannot stat 'results.txt': No such file or directory
End run student 2025-06-12-XXX-1943337, exercise 4, test 5

Begin run  student 2025-06-12-XXX-2047402, exercise 4, test 5. Output file is: results.txt
rm: cannot remove 'main': No such file or directory
g++ -c -o main.o main.cpp -std=c++11 -I.  -lm 
g++ -o main main.o -std=c++11 -I.  -lm 
./grade1stud1ex1test.sh: line 45: 340764 Segmentation fault      nice -20 timeout -k 180 180s ./main >&$1.$2.$3.log
mv: cannot stat 'results.txt': No such file or directory
End run student 2025-06-12-XXX-2047402, exercise 4, test 5

Begin run  student 2025-06-12-XXX-1996623, exercise 4, test 5. Output file is: results.txt
rm: cannot remove 'main': No such file or directory
g++ -lm -O3 -std=c++11 -c ../mocc/math.cpp -o ../mocc/math.o
g++ -lm -O3 -std=c++11 -c ../mocc/time.cpp -o ../mocc/time.o
g++ -lm -O3 -std=c++11 -c main.cpp -o main.o
g++ -lm -O3 -std=c++11 ../mocc/math.o ../mocc/time.o main.o -o main
End run student 2025-06-12-XXX-1996623, exercise 4, test 5

Begin run  student 2025-06-12-XXX-1938972, exercise 4, test 5. Output file is: results.txt
rm: cannot remove 'main': No such file or directory
g++ -lm -O3 -o simulation main.cpp
mv: cannot stat 'results.txt': No such file or directory
End run student 2025-06-12-XXX-1938972, exercise 4, test 5

Begin run  student 2025-06-12-XXX-2072224, exercise 4, test 5. Output file is: results.txt
rm: cannot remove 'main': No such file or directory
rm: cannot remove 'results.txt': No such file or directory
g++ -std=c++11 -Wall -Wextra -pedantic -O3 main.cpp -o main
End run student 2025-06-12-XXX-2072224, exercise 4, test 5

Begin run  student 2025-06-12-XXX-2067545, exercise 4, test 5. Output file is: results.txt
rm: cannot remove 'main': No such file or directory
rm: cannot remove 'results.txt': No such file or directory
make: *** No targets specified and no makefile found.  Stop.
mv: cannot stat 'results.txt': No such file or directory
End run student 2025-06-12-XXX-2067545, exercise 4, test 5

Begin run  student 2025-06-12-XXX-2084918, exercise 4, test 5. Output file is: results.txt
cp: cannot stat '/home/enrico/edata/tronci@di.uniroma1.it/enrico/teaching/EXAMS/software-engineering/cpp-grader/submissions/2025-06-12-XXX-2084918': No such file or directory
cp: cannot create regular file '/home/enrico/edata/tronci@di.uniroma1.it/enrico/teaching/EXAMS/software-engineering/cpp-grader/testdir/2025-06-12-XXX-2084918/4': No such file or directory
./grade1stud1ex1test.sh: line 39: cd: /home/enrico/edata/tronci@di.uniroma1.it/enrico/teaching/EXAMS/software-engineering/cpp-grader/testdir/2025-06-12-XXX-2084918/4: No such file or directory
rm: cannot remove 'main': No such file or directory
rm: cannot remove 'results.txt': No such file or directory
make: *** No targets specified and no makefile found.  Stop.
mv: cannot stat 'results.txt': No such file or directory
End run student 2025-06-12-XXX-2084918, exercise 4, test 5

Begin run  student 2025-06-12-XXX-2086939, exercise 4, test 5. Output file is: results.txt
g++ -Wall stat.cpp server.cpp risposta.cpp richiesta.cpp costumer.cpp main.cpp -o main
server.cpp: In constructor ‘Server::Server(std::vector<int>, double, int)’:
server.cpp:16:27: warning: comparison of integer expressions of different signedness: ‘int’ and ‘std::vector<int>::size_type’ {aka ‘long unsigned int’} [-Wsign-compare]
   16 |         for (int i = 0; i < stock.size(); i++) {
      |                         ~~^~~~~~~~~~~~~~
In file included from main.cpp:10:
server.cpp: In constructor ‘Server::Server(std::vector<int>, double, int)’:
server.cpp:16:27: warning: comparison of integer expressions of different signedness: ‘int’ and ‘std::vector<int>::size_type’ {aka ‘long unsigned int’} [-Wsign-compare]
   16 |         for (int i = 0; i < stock.size(); i++) {
      |                         ~~^~~~~~~~~~~~~~
In file included from /usr/include/c++/13/random:51,
                 from main.cpp:3:
/usr/include/c++/13/bits/random.h: In instantiation of ‘class std::uniform_real_distribution<int>’:
main.cpp:49:40:   required from here
/usr/include/c++/13/bits/random.h:1781:56: error: static assertion failed: result_type must be a floating point type
 1781 |       static_assert(std::is_floating_point<_RealType>::value,
      |                                                        ^~~~~
/usr/include/c++/13/bits/random.h:1781:56: note: ‘std::integral_constant<bool, false>::value’ evaluates to false
make: *** [makefile:12: compila] Error 1
mv: cannot stat 'results.txt': No such file or directory
End run student 2025-06-12-XXX-2086939, exercise 4, test 5

Begin run  student 2025-06-12-XXX-2053287, exercise 4, test 5. Output file is: results.txt
rm: cannot remove 'main': No such file or directory
make: *** No targets specified and no makefile found.  Stop.
mv: cannot stat 'results.txt': No such file or directory
End run student 2025-06-12-XXX-2053287, exercise 4, test 5

Begin run  student 2025-06-12-XXX-270317, exercise 4, test 5. Output file is: results.txt
./grade1stud1ex1test.sh: line 39: cd: /home/enrico/edata/tronci@di.uniroma1.it/enrico/teaching/EXAMS/software-engineering/cpp-grader/testdir/2025-06-12-XXX-270317/4: Not a directory
rm: cannot remove 'main': No such file or directory
rm: cannot remove 'results.txt': No such file or directory
make: *** No targets specified and no makefile found.  Stop.
mv: cannot stat 'results.txt': No such file or directory
End run student 2025-06-12-XXX-270317, exercise 4, test 5

Begin run  student 2025-06-12-XXX-2046738, exercise 4, test 5. Output file is: results.txt
g++  -c -o main.o main.cpp -std=c++11 -I.  -lm 
g++  -o main main.o -std=c++11 -I.  -lm 
End run student 2025-06-12-XXX-2046738, exercise 4, test 5

Begin run  student 2025-06-12-XXX-2084581, exercise 4, test 5. Output file is: results.txt
rm: cannot remove 'main': No such file or directory
g++ -c -o Client.o Client.cpp -O2 -Werror -Wextra -Wpedantic -std=c++11 -I. -I.. -lm
g++ -c -o Dispatcher.o Dispatcher.cpp -O2 -Werror -Wextra -Wpedantic -std=c++11 -I. -I.. -lm
g++ -c -o main.o main.cpp -O2 -Werror -Wextra -Wpedantic -std=c++11 -I. -I.. -lm
g++ -c -o Server.o Server.cpp -O2 -Werror -Wextra -Wpedantic -std=c++11 -I. -I.. -lm
g++ -c -o System.o System.cpp -O2 -Werror -Wextra -Wpedantic -std=c++11 -I. -I.. -lm
g++ -o main Client.o Dispatcher.o main.o Server.o System.o -O2 -Werror -Wextra -Wpedantic -std=c++11 -I. -I.. -lm
End run student 2025-06-12-XXX-2084581, exercise 4, test 5

Begin run  student 2025-06-12-XXX-2054772, exercise 4, test 5. Output file is: results.txt
rm: cannot remove 'main': No such file or directory
rm: cannot remove 'results.txt': No such file or directory
g++ -c main.cpp -o main.o
g++ main.o -o main
End run student 2025-06-12-XXX-2054772, exercise 4, test 5

Begin run  student 2025-06-12-XXX-2043415, exercise 4, test 5. Output file is: results.txt
rm: cannot remove 'main': No such file or directory
rm: cannot remove 'results.txt': No such file or directory
make: *** No targets specified and no makefile found.  Stop.
mv: cannot stat 'results.txt': No such file or directory
End run student 2025-06-12-XXX-2043415, exercise 4, test 5

Begin run  student 2025-06-12-XXX-2043364, exercise 4, test 5. Output file is: results.txt
rm: cannot remove 'main': No such file or directory
rm: cannot remove 'results.txt': No such file or directory
g++ -lm -O3  -c main.cpp -o main.o
In file included from server.hpp:4,
                 from main.cpp:9:
channel.hpp: In member function ‘void Channel::getRequest(Message&)’:
channel.hpp:18:33: warning: format ‘%d’ expects argument of type ‘int’, but argument 2 has type ‘std::vector<Message>::size_type’ {aka ‘long unsigned int’} [-Wformat=]
   18 |             printf("Fifo size: %d", this->fifo.size());
      |                                ~^   ~~~~~~~~~~~~~~~~~
      |                                 |                  |
      |                                 int                std::vector<Message>::size_type {aka long unsigned int}
      |                                %ld
In file included from main.cpp:11:
dispatcher.hpp: In member function ‘Message Dispatcher::getResponse(Channel)’:
dispatcher.hpp:61:9: warning: control reaches end of non-void function [-Wreturn-type]
   61 |         }
      |         ^
g++ -lm -O3  -c math.cpp -o math.o
g++ -lm -O3  main.o math.o -o main
./grade1stud1ex1test.sh: line 45: 341147 Segmentation fault      nice -20 timeout -k 180 180s ./main >&$1.$2.$3.log
mv: cannot stat 'results.txt': No such file or directory
End run student 2025-06-12-XXX-2043364, exercise 4, test 5

Begin run  student 2025-06-12-XXX-1894979, exercise 4, test 5. Output file is: results.txt
rm: cannot remove 'main': No such file or directory
g++ -c -o main.o main.cpp -std=c++11 -I.  -lm 
g++ -o main main.o -std=c++11 -I.  -lm 
./grade1stud1ex1test.sh: line 45: 341172 Segmentation fault      nice -20 timeout -k 180 180s ./main >&$1.$2.$3.log
mv: cannot stat 'results.txt': No such file or directory
End run student 2025-06-12-XXX-1894979, exercise 4, test 5

Begin run  student 2025-06-12-XXX-1938314, exercise 4, test 5. Output file is: results.txt
rm: cannot remove 'main': No such file or directory
rm: cannot remove 'results.txt': No such file or directory
make: *** No targets specified and no makefile found.  Stop.
mv: cannot stat 'results.txt': No such file or directory
End run student 2025-06-12-XXX-1938314, exercise 4, test 5

Begin run  student 2025-06-12-XXX-2080998, exercise 4, test 5. Output file is: results.txt
g++ -c -o customer.o customer.cpp -std=c++11 -I.  -lm -g
g++ -c -o dispacer.o dispacer.cpp -std=c++11 -I.  -lm -g
g++ -c -o global.o global.cpp -std=c++11 -I.  -lm -g
g++ -c -o main.o main.cpp -std=c++11 -I.  -lm -g
g++ -c -o monitor.o monitor.cpp -std=c++11 -I.  -lm -g
g++ -c -o servers.o servers.cpp -std=c++11 -I.  -lm -g
g++ -c -o simulator.o simulator.cpp -std=c++11 -I.  -lm -g
simulator.cpp: In member function ‘void Simulator::run(double)’:
simulator.cpp:43:24: warning: format ‘%ld’ expects argument of type ‘long int’, but argument 2 has type ‘double’ [-Wformat=]
   43 |     printf("Horizon: %ld\n", Horizon);
      |                      ~~^     ~~~~~~~
      |                        |     |
      |                        |     double
      |                        long int
      |                      %f
g++ -o main customer.o dispacer.o global.o main.o monitor.o servers.o simulator.o -std=c++11 -I.  -lm -g
./grade1stud1ex1test.sh: line 45: 341233 Segmentation fault      nice -20 timeout -k 180 180s ./main >&$1.$2.$3.log
End run student 2025-06-12-XXX-2080998, exercise 4, test 5

Begin run  student 2025-06-12-XXX-1994583, exercise 4, test 5. Output file is: results.txt
g++ -std=c++11 -O2 -Wall -c main.cpp -o main.o
g++ -std=c++11 -O2 -Wall main.o -lm -o main
./grade1stud1ex1test.sh: line 45: 341258 Segmentation fault      nice -20 timeout -k 180 180s ./main >&$1.$2.$3.log
mv: cannot stat 'results.txt': No such file or directory
End run student 2025-06-12-XXX-1994583, exercise 4, test 5

Begin run  student 2025-06-12-XXX-2025557, exercise 4, test 5. Output file is: results.txt
rm: cannot remove 'main': No such file or directory
g++ -std=c++11 -Wall -O2 -o main main.cpp
mv: cannot stat 'results.txt': No such file or directory
End run student 2025-06-12-XXX-2025557, exercise 4, test 5

Begin run  student 2025-06-12-XXX-2082332, exercise 4, test 5. Output file is: results.txt
rm: cannot remove 'main': No such file or directory
g++ -c -o main.o main.cpp -std=c++11 -I.  -lm 
g++ -o main main.o -std=c++11 -I.  -lm 
End run student 2025-06-12-XXX-2082332, exercise 4, test 5

Begin run  student 2025-06-12-XXX-1987495, exercise 4, test 5. Output file is: results.txt
g++ -c -o main.o main.cpp -std=c++11 -I.  -lm 
g++ -o main main.o -std=c++11 -I.  -lm 
End run student 2025-06-12-XXX-1987495, exercise 4, test 5

Begin run  student 2025-06-12-XXX-2009650, exercise 4, test 5. Output file is: results.txt
rm: cannot remove 'main': No such file or directory
g++ -std=c++11 -Wall -O2 -o main ex4.cpp
./grade1stud1ex1test.sh: line 45: 341354 Segmentation fault      nice -20 timeout -k 180 180s ./main >&$1.$2.$3.log
mv: cannot stat 'results.txt': No such file or directory
End run student 2025-06-12-XXX-2009650, exercise 4, test 5

Begin run  student 2025-06-12-XXX-2050553, exercise 4, test 5. Output file is: results.txt
cp: cannot stat '/home/enrico/edata/tronci@di.uniroma1.it/enrico/teaching/EXAMS/software-engineering/cpp-grader/submissions/2025-06-12-XXX-2050553': No such file or directory
cp: cannot create regular file '/home/enrico/edata/tronci@di.uniroma1.it/enrico/teaching/EXAMS/software-engineering/cpp-grader/testdir/2025-06-12-XXX-2050553/4': No such file or directory
./grade1stud1ex1test.sh: line 39: cd: /home/enrico/edata/tronci@di.uniroma1.it/enrico/teaching/EXAMS/software-engineering/cpp-grader/testdir/2025-06-12-XXX-2050553/4: No such file or directory
rm: cannot remove 'main': No such file or directory
rm: cannot remove 'results.txt': No such file or directory
make: *** No targets specified and no makefile found.  Stop.
mv: cannot stat 'results.txt': No such file or directory
End run student 2025-06-12-XXX-2050553, exercise 4, test 5

Begin run  student 2025-06-12-XXX-1984794, exercise 4, test 5. Output file is: results.txt
rm: cannot remove 'main': No such file or directory
rm: cannot remove 'results.txt': No such file or directory
g++ -Wall -Wextra -std=c++17 -O2 -o main main.cpp
./grade1stud1ex1test.sh: line 45: 341396 Floating point exceptionnice -20 timeout -k 180 180s ./main >&$1.$2.$3.log
mv: cannot stat 'results.txt': No such file or directory
End run student 2025-06-12-XXX-1984794, exercise 4, test 5

Begin run  student 2025-06-12-XXX-2087359, exercise 4, test 5. Output file is: results.txt
g++ -lm -O3 main.cpp -o main
End run student 2025-06-12-XXX-2087359, exercise 4, test 5

Begin run  student 2025-06-12-XXX-2068434, exercise 4, test 5. Output file is: results.txt
rm: cannot remove 'main': No such file or directory
g++  -c -o main.o main.cpp -std=c++11 -I. -lm
g++  -o main main.o -std=c++11 -I. -lm
./grade1stud1ex1test.sh: line 45: 341444 Segmentation fault      nice -20 timeout -k 180 180s ./main >&$1.$2.$3.log
mv: cannot stat 'results.txt': No such file or directory
End run student 2025-06-12-XXX-2068434, exercise 4, test 5

Begin run  student 2025-06-12-XXX-1992615, exercise 4, test 5. Output file is: results.txt
rm: cannot remove 'main': No such file or directory
g++ -c -o main.o main.cpp -std=c++11 -I.  -lm 
main.cpp: In function ‘int main()’:
main.cpp:95:26: warning: structured bindings only available with ‘-std=c++17’ or ‘-std=gnu++17’ [-Wc++17-extensions]
   95 |                     auto [arrive_time, product] = server_queues[s].front();
      |                          ^
g++ -o main main.o -std=c++11 -I.  -lm 
./grade1stud1ex1test.sh: line 45: 341469 Segmentation fault      nice -20 timeout -k 180 180s ./main >&$1.$2.$3.log
End run student 2025-06-12-XXX-1992615, exercise 4, test 5

Begin run  student 2025-06-12-XXX-2054343, exercise 4, test 5. Output file is: results.txt
g++  -c -o main.o main.cpp -std=c++11 -I. -lm
g++  -o main main.o -std=c++11 -I. -lm
./grade1stud1ex1test.sh: line 45: 341495 Segmentation fault      nice -20 timeout -k 180 180s ./main >&$1.$2.$3.log
mv: cannot stat 'results.txt': No such file or directory
End run student 2025-06-12-XXX-2054343, exercise 4, test 5

Begin run  student 2025-06-12-XXX-2014782, exercise 4, test 5. Output file is: results.txt
rm: cannot remove 'main': No such file or directory
g++ -c -o main.o main.cpp -std=c++11 -I.  -lm 
g++ -o main main.o -std=c++11 -I.  -lm 
./grade1stud1ex1test.sh: line 45: 341520 Segmentation fault      nice -20 timeout -k 180 180s ./main >&$1.$2.$3.log
mv: cannot stat 'results.txt': No such file or directory
End run student 2025-06-12-XXX-2014782, exercise 4, test 5

Begin run  student 2025-06-12-XXX-2034930, exercise 4, test 5. Output file is: results.txt
g++ -lm -O3 -std=c++11 main.cpp -o main
In file included from Dispatcher.hpp:6,
                 from main.cpp:6:
../mocc/Queue.hpp:16:5: error: ‘deque’ does not name a type
   16 |     deque<T> queue;
      |     ^~~~~
../mocc/Queue.hpp: In member function ‘void Queue<T>::enqueue(T)’:
../mocc/Queue.hpp:24:26: error: ‘queue’ was not declared in this scope
   24 |         if (limit > 0 && queue.size() > limit)
      |                          ^~~~~
../mocc/Queue.hpp:1:1: note: ‘std::queue’ is defined in header ‘<queue>’; did you forget to ‘#include <queue>’?
  +++ |+#include <queue>
    1 | #ifndef QUEUE_HPP_
../mocc/Queue.hpp:27:9: error: ‘queue’ was not declared in this scope
   27 |         queue.push_back(value);
      |         ^~~~~
../mocc/Queue.hpp:27:9: note: ‘std::queue’ is defined in header ‘<queue>’; did you forget to ‘#include <queue>’?
../mocc/Queue.hpp: In member function ‘T Queue<T>::dequeue()’:
../mocc/Queue.hpp:32:14: error: ‘queue’ was not declared in this scope
   32 |         if (!queue.empty())
      |              ^~~~~
../mocc/Queue.hpp:32:14: note: ‘std::queue’ is defined in header ‘<queue>’; did you forget to ‘#include <queue>’?
../mocc/Queue.hpp: In member function ‘T Queue<T>::getFront()’:
../mocc/Queue.hpp:45:14: error: ‘queue’ was not declared in this scope
   45 |         if (!queue.empty())
      |              ^~~~~
../mocc/Queue.hpp:45:14: note: ‘std::queue’ is defined in header ‘<queue>’; did you forget to ‘#include <queue>’?
../mocc/Queue.hpp: In member function ‘bool Queue<T>::isEmpty()’:
../mocc/Queue.hpp:53:16: error: ‘queue’ was not declared in this scope
   53 |         return queue.empty();
      |                ^~~~~
../mocc/Queue.hpp:53:16: note: ‘std::queue’ is defined in header ‘<queue>’; did you forget to ‘#include <queue>’?
../mocc/Queue.hpp: In member function ‘void Queue<T>::reset()’:
../mocc/Queue.hpp:58:9: error: ‘queue’ was not declared in this scope
   58 |         queue = deque<T>(limit);
      |         ^~~~~
../mocc/Queue.hpp:58:9: note: ‘std::queue’ is defined in header ‘<queue>’; did you forget to ‘#include <queue>’?
../mocc/Queue.hpp:58:17: error: ‘deque’ was not declared in this scope
   58 |         queue = deque<T>(limit);
      |                 ^~~~~
../mocc/Queue.hpp:1:1: note: ‘std::deque’ is defined in header ‘<deque>’; did you forget to ‘#include <deque>’?
  +++ |+#include <deque>
    1 | #ifndef QUEUE_HPP_
../mocc/Queue.hpp:58:24: error: expected primary-expression before ‘>’ token
   58 |         queue = deque<T>(limit);
      |                        ^
make: *** [Makefile:11: main] Error 1
mv: cannot stat 'results.txt': No such file or directory
End run student 2025-06-12-XXX-2034930, exercise 4, test 5

Begin run  student 2025-06-12-XXX-2021689, exercise 4, test 5. Output file is: results.txt
./grade1stud1ex1test.sh: line 39: cd: /home/enrico/edata/tronci@di.uniroma1.it/enrico/teaching/EXAMS/software-engineering/cpp-grader/testdir/2025-06-12-XXX-2021689/4: Not a directory
rm: cannot remove 'main': No such file or directory
rm: cannot remove 'results.txt': No such file or directory
make: *** No targets specified and no makefile found.  Stop.
mv: cannot stat 'results.txt': No such file or directory
End run student 2025-06-12-XXX-2021689, exercise 4, test 5

Begin run  student 2025-06-12-XXX-1960045, exercise 4, test 5. Output file is: results.txt
rm: cannot remove 'main': No such file or directory
g++  -c -o main.o main.cpp -std=c++11 -I. -lm
g++  -o main main.o -std=c++11 -I. -lm
End run student 2025-06-12-XXX-1960045, exercise 4, test 5

Begin run  student 2025-06-12-XXX-2046790, exercise 4, test 5. Output file is: results.txt
./grade1stud1ex1test.sh: line 39: cd: /home/enrico/edata/tronci@di.uniroma1.it/enrico/teaching/EXAMS/software-engineering/cpp-grader/testdir/2025-06-12-XXX-2046790/4: Not a directory
rm: cannot remove 'main': No such file or directory
rm: cannot remove 'results.txt': No such file or directory
make: *** No targets specified and no makefile found.  Stop.
mv: cannot stat 'results.txt': No such file or directory
End run student 2025-06-12-XXX-2046790, exercise 4, test 5

Begin run  student 2025-06-12-XXX-2064472, exercise 4, test 5. Output file is: results.txt
rm: cannot remove 'main': No such file or directory
g++ main.cpp -o main
End run student 2025-06-12-XXX-2064472, exercise 4, test 5

