Log for exercise 4
Begin run  student 2025-03-21-XXX-2068261, exercise 4, test 2
g++    -c -o main.o main.cpp
g++ -Wall -Wextra -O2 -o main main.o
End run student 2025-03-21-XXX-2068261, exercise 4, test 2

Begin run  student 2025-03-21-XXX-2045899, exercise 4, test 2
rm: cannot remove 'main': No such file or directory
rm: cannot remove 'results.txt': No such file or directory
make: *** No targets specified and no makefile found.  Stop.
mv: cannot stat 'results.txt': No such file or directory
End run student 2025-03-21-XXX-2045899, exercise 4, test 2

Begin run  student 2025-03-21-XXX-1948382, exercise 4, test 2
g++ main.cpp -o main
End run student 2025-03-21-XXX-1948382, exercise 4, test 2

Begin run  student 2025-03-21-XXX-2047145, exercise 4, test 2
g++ -lm -O3  -c main.cpp -o main.o
g++ -lm -O3  main.o -o main
End run student 2025-03-21-XXX-2047145, exercise 4, test 2

Begin run  student 2025-03-21-XXX-2045204, exercise 4, test 2
g++ -lm -O3  -c main.cpp -o main.o
g++ -lm -O3  main.o -o main
End run student 2025-03-21-XXX-2045204, exercise 4, test 2

Begin run  student 2025-03-21-XXX-2015518, exercise 4, test 2
rm: cannot remove 'main': No such file or directory
g++ -c -o simulation.o simulation.cpp -std=c++11 -I.  -lm 
g++ -o main simulation.o -std=c++11 -I.  -lm 
End run student 2025-03-21-XXX-2015518, exercise 4, test 2

Begin run  student 2025-03-21-XXX-1991139, exercise 4, test 2
rm: cannot remove 'main': No such file or directory
mkdir -p build
g++ -c -o build/main.o main.cpp -lm -g -O3 -std=c++11 -I../../
g++ -o main build/main.o -lm -g -O3 -std=c++11 -I../../
End run student 2025-03-21-XXX-1991139, exercise 4, test 2

Begin run  student 2025-03-21-XXX-1933763, exercise 4, test 2
./grade1stud1ex1test.sh: line 39: cd: /home/enrico/edata/tronci@di.uniroma1.it/enrico/teaching/EXAMS/software-engineering/cpp-grader/testdir/2025-03-21-XXX-1933763/4: Not a directory
rm: cannot remove 'main': No such file or directory
rm: cannot remove 'results.txt': No such file or directory
make: *** No targets specified and no makefile found.  Stop.
mv: cannot stat 'results.txt': No such file or directory
End run student 2025-03-21-XXX-1933763, exercise 4, test 2

Begin run  student 2025-03-21-XXX-1894899, exercise 4, test 2
rm: cannot remove 'main': No such file or directory
rm: cannot remove 'results.txt': No such file or directory
make: *** No targets specified and no makefile found.  Stop.
mv: cannot stat 'results.txt': No such file or directory
End run student 2025-03-21-XXX-1894899, exercise 4, test 2

Begin run  student 2025-03-21-XXX-2087530, exercise 4, test 2
g++ -Wall -Wextra -O2 -std=c++17 -c main.cpp -o main.o
g++ -Wall -Wextra -O2 -std=c++17 -o main main.o
End run student 2025-03-21-XXX-2087530, exercise 4, test 2

Begin run  student 2025-03-21-XXX-2049029, exercise 4, test 2
rm: cannot remove 'main': No such file or directory
rm: cannot remove 'results.txt': No such file or directory
make: *** No targets specified and no makefile found.  Stop.
mv: cannot stat 'results.txt': No such file or directory
End run student 2025-03-21-XXX-2049029, exercise 4, test 2

Begin run  student 2025-03-21-XXX-2059802, exercise 4, test 2
rm: cannot remove 'main': No such file or directory
rm: cannot remove 'results.txt': No such file or directory
g++ -lm -O3  -c ../mocc/stat.cpp -o ../mocc/stat.o
g++ -lm -O3  -c ../mocc/time.cpp -o ../mocc/time.o
g++ -lm -O3  -c data.cpp -o data.o
g++ -lm -O3  -c main.cpp -o main.o
main.cpp: In function ‘int main()’:
main.cpp:8:5: error: ‘Parameters’ was not declared in this scope
    8 |     Parameters prm;
      |     ^~~~~~~~~~
make: *** [Makefile:20: main.o] Error 1
mv: cannot stat 'results.txt': No such file or directory
End run student 2025-03-21-XXX-2059802, exercise 4, test 2

Begin run  student 2025-03-21-XXX-2061657, exercise 4, test 2
g++ main.cpp -o main
End run student 2025-03-21-XXX-2061657, exercise 4, test 2

Begin run  student 2025-03-21-XXX-2045337, exercise 4, test 2
g++ -Wall -Wextra -std=c++11 -O2 -o main main.cpp
End run student 2025-03-21-XXX-2045337, exercise 4, test 2

Begin run  student 2025-03-21-XXX-2086686, exercise 4, test 2
rm: cannot remove 'main': No such file or directory
g++ -lm -O3  -c main.cpp -o main.o
g++ -lm -O3  main.o -o main
End run student 2025-03-21-XXX-2086686, exercise 4, test 2

Begin run  student 2025-03-21-XXX-2085129, exercise 4, test 2
rm: cannot remove 'main': No such file or directory
g++ -Wall -O2 -std=c++11 -c main.cpp -o main.o
g++ -Wall -O2 -std=c++11 -o main main.o
End run student 2025-03-21-XXX-2085129, exercise 4, test 2

Begin run  student 2025-03-21-XXX-2010731, exercise 4, test 2
rm: cannot remove 'main': No such file or directory
rm: cannot remove 'results.txt': No such file or directory
g++ -lm -O3 -c ../utils/math.cpp -o ../utils/math.o
g++ -lm -O3 -c ../utils/time.cpp -o ../utils/time.o
g++ -lm -O3 ../utils/math.o ../utils/time.o -o main
/usr/bin/ld: /usr/lib/gcc/x86_64-linux-gnu/13/../../../x86_64-linux-gnu/Scrt1.o: in function `_start':
(.text+0x1b): undefined reference to `main'
collect2: error: ld returned 1 exit status
make: *** [Makefile:13: main] Error 1
mv: cannot stat 'results.txt': No such file or directory
End run student 2025-03-21-XXX-2010731, exercise 4, test 2

Begin run  student 2025-03-21-XXX-2067188, exercise 4, test 2
g++ -std=c++11 -Wall -O2 -o main main.cpp
End run student 2025-03-21-XXX-2067188, exercise 4, test 2

Begin run  student 2025-03-21-XXX-2063098, exercise 4, test 2
rm: cannot remove 'main': No such file or directory
rm: cannot remove 'results.txt': No such file or directory
make: *** No targets specified and no makefile found.  Stop.
mv: cannot stat 'results.txt': No such file or directory
End run student 2025-03-21-XXX-2063098, exercise 4, test 2

Begin run  student 2025-03-21-XXX-2059337, exercise 4, test 2
rm: cannot remove 'main': No such file or directory
rm: cannot remove 'results.txt': No such file or directory
make: *** No targets specified and no makefile found.  Stop.
mv: cannot stat 'results.txt': No such file or directory
End run student 2025-03-21-XXX-2059337, exercise 4, test 2

Begin run  student 2025-03-21-XXX-1933070, exercise 4, test 2
g++  -c -o simulator.o simulator.cpp -std=c++11 -I. -lm
g++  -o main simulator.o -std=c++11 -I. -lm
End run student 2025-03-21-XXX-1933070, exercise 4, test 2

Begin run  student 2025-03-21-XXX-1943337, exercise 4, test 2
rm: cannot remove 'main': No such file or directory
g++ -std=c++11 -Wall -c main.cpp -o main.o
g++ main.o -o simulation
mv: cannot stat 'results.txt': No such file or directory
End run student 2025-03-21-XXX-1943337, exercise 4, test 2

Begin run  student 2025-03-21-XXX-2006305, exercise 4, test 2
rm: cannot remove 'main': No such file or directory
g++ -lm -O3  main.cpp -o main
End run student 2025-03-21-XXX-2006305, exercise 4, test 2

Begin run  student 2025-03-21-XXX-2044147, exercise 4, test 2
g++ -std=c++11 -pthread -O2 -c main.cpp -o main.o
g++ -std=c++11 -pthread -O2 -o main main.o
End run student 2025-03-21-XXX-2044147, exercise 4, test 2

Begin run  student 2025-03-21-XXX-1944917, exercise 4, test 2
g++ -c -o main.o main.cpp -std=c++11 -I.  -lm 
g++ -o main main.o -std=c++11 -I.  -lm 
End run student 2025-03-21-XXX-1944917, exercise 4, test 2

Begin run  student 2025-03-21-XXX-1996623, exercise 4, test 2
rm: cannot remove 'main': No such file or directory
g++ -o main  -std=c++11 -I. -lm
/usr/bin/ld: /usr/lib/gcc/x86_64-linux-gnu/13/../../../x86_64-linux-gnu/Scrt1.o: in function `_start':
(.text+0x1b): undefined reference to `main'
collect2: error: ld returned 1 exit status
make: *** [Makefile:15: main] Error 1
mv: cannot stat 'results.txt': No such file or directory
End run student 2025-03-21-XXX-1996623, exercise 4, test 2

Begin run  student 2025-03-21-XXX-2047034, exercise 4, test 2
rm: cannot remove 'main': No such file or directory
g++ -lm -O3 ../lib/stat.cpp ../lib/system.cpp main.cpp -o "main"
End run student 2025-03-21-XXX-2047034, exercise 4, test 2

Begin run  student 2025-03-21-XXX-2058986, exercise 4, test 2
rm: cannot remove 'main': No such file or directory
g++ -lm -O3 -std=c++11 -c ../mocc/stat.cpp -o ../mocc/stat.o
g++ -lm -O3 -std=c++11 -c ../mocc/time.cpp -o ../mocc/time.o
g++ -lm -O3 -std=c++11 -c main.cpp -o main.o
g++ -lm -O3 -std=c++11 ../mocc/stat.o ../mocc/time.o main.o -o main
End run student 2025-03-21-XXX-2058986, exercise 4, test 2

Begin run  student 2025-03-21-XXX-2060444, exercise 4, test 2
rm: cannot remove 'main': No such file or directory
rm: cannot remove 'results.txt': No such file or directory
make: *** No targets specified and no makefile found.  Stop.
mv: cannot stat 'results.txt': No such file or directory
End run student 2025-03-21-XXX-2060444, exercise 4, test 2

Begin run  student 2025-03-21-XXX-2070317, exercise 4, test 2
./grade1stud1ex1test.sh: line 39: cd: /home/enrico/edata/tronci@di.uniroma1.it/enrico/teaching/EXAMS/software-engineering/cpp-grader/testdir/2025-03-21-XXX-2070317/4: Not a directory
rm: cannot remove 'main': No such file or directory
rm: cannot remove 'results.txt': No such file or directory
make: *** No targets specified and no makefile found.  Stop.
mv: cannot stat 'results.txt': No such file or directory
End run student 2025-03-21-XXX-2070317, exercise 4, test 2

Begin run  student 2025-03-21-XXX-2046738, exercise 4, test 2
g++  -c -o es4.o es4.cpp -std=c++11 -I.  -lm 
g++  -o main es4.o -std=c++11 -I.  -lm 
End run student 2025-03-21-XXX-2046738, exercise 4, test 2

Begin run  student 2025-03-21-XXX-2046000, exercise 4, test 2
g++ -c -o main.o main.cpp -std=c++11 -I.  -lm 
g++ -o main main.o -std=c++11 -I.  -lm 
End run student 2025-03-21-XXX-2046000, exercise 4, test 2

Begin run  student 2025-03-21-XXX-2043415, exercise 4, test 2
g++ -c -o customer.o customer.cpp -std=c++11 -I.  -lm -static
g++ -c -o main.o main.cpp -std=c++11 -I.  -lm -static
g++ -c -o randgen.o randgen.cpp -std=c++11 -I.  -lm -static
g++ -o main customer.o main.o randgen.o -std=c++11 -I.  -lm -static; rm *.o;
End run student 2025-03-21-XXX-2043415, exercise 4, test 2

Begin run  student 2025-03-21-XXX-2043364, exercise 4, test 2
rm: cannot remove 'main': No such file or directory
rm: cannot remove 'results.txt': No such file or directory
g++ -lm -O3  -c main.cpp -o main.o
g++ -lm -O3  main.o -o main
End run student 2025-03-21-XXX-2043364, exercise 4, test 2

Begin run  student 2025-03-21-XXX-2044032, exercise 4, test 2
g++ -Wall -std=c++11 main.cpp -o main
End run student 2025-03-21-XXX-2044032, exercise 4, test 2

Begin run  student 2025-03-21-XXX-2009905, exercise 4, test 2
rm: cannot remove 'main': No such file or directory
rm: cannot remove 'results.txt': No such file or directory
make: *** No targets specified and no makefile found.  Stop.
mv: cannot stat 'results.txt': No such file or directory
End run student 2025-03-21-XXX-2009905, exercise 4, test 2

Begin run  student 2025-03-21-XXX-2069217, exercise 4, test 2
g++ -Wall -O2 -std=c++11 -o main main.cpp
End run student 2025-03-21-XXX-2069217, exercise 4, test 2

Begin run  student 2025-03-21-XXX-1994583, exercise 4, test 2
g++ -std=c++11 -Wall -O2 -o main main.cpp
End run student 2025-03-21-XXX-1994583, exercise 4, test 2

Begin run  student 2025-03-21-XXX-2025557, exercise 4, test 2
./grade1stud1ex1test.sh: line 39: cd: /home/enrico/edata/tronci@di.uniroma1.it/enrico/teaching/EXAMS/software-engineering/cpp-grader/testdir/2025-03-21-XXX-2025557/4: Not a directory
rm: cannot remove 'main': No such file or directory
rm: cannot remove 'results.txt': No such file or directory
make: *** No targets specified and no makefile found.  Stop.
mv: cannot stat 'results.txt': No such file or directory
End run student 2025-03-21-XXX-2025557, exercise 4, test 2

Begin run  student 2025-03-21-XXX-2048130, exercise 4, test 2
rm: cannot remove 'main': No such file or directory
g++ -Wall -Wextra -O2 -std=c++11 -lm -c main.cpp
g++ -Wall -Wextra -O2 -std=c++11 -lm -o main main.o
End run student 2025-03-21-XXX-2048130, exercise 4, test 2

Begin run  student 2025-03-21-XXX-1987495, exercise 4, test 2
g++ -c -o ex4.o ex4.cpp -std=c++11 -I.  -lm 
g++ -o main ex4.o -std=c++11 -I.  -lm 
End run student 2025-03-21-XXX-1987495, exercise 4, test 2

Begin run  student 2025-03-21-XXX-2087310, exercise 4, test 2
rm: cannot remove 'main': No such file or directory
rm: cannot remove 'results.txt': No such file or directory
make: *** No targets specified and no makefile found.  Stop.
mv: cannot stat 'results.txt': No such file or directory
End run student 2025-03-21-XXX-2087310, exercise 4, test 2

Begin run  student 2025-03-21-XXX-1919026, exercise 4, test 2
rm: cannot remove 'main': No such file or directory
g++ -O3 -Wall -Wextra -pedantic -I ./include/ -std=c++17 -lm main.cpp src/Parameters.cpp src/VecUtils.cpp src/DB.cpp src/Server.cpp src/Customer.cpp src/Supplier.cpp src/Simulation.cpp -o main
End run student 2025-03-21-XXX-1919026, exercise 4, test 2

Begin run  student 2025-03-21-XXX-2086047, exercise 4, test 2
rm: cannot remove 'main': No such file or directory
g++ -std=c++17 -Wall -Wextra -O2 -c main.cpp -o main.o
g++ -std=c++17 -Wall -Wextra -O2 -o main main.o
End run student 2025-03-21-XXX-2086047, exercise 4, test 2

Begin run  student 2025-03-21-XXX-2087359, exercise 4, test 2
rm: cannot remove 'main': No such file or directory
rm: cannot remove 'results.txt': No such file or directory
make: *** No targets specified and no makefile found.  Stop.
mv: cannot stat 'results.txt': No such file or directory
End run student 2025-03-21-XXX-2087359, exercise 4, test 2

Begin run  student 2025-03-21-XXX-2068434, exercise 4, test 2
rm: cannot remove 'main': No such file or directory
g++  -c -o main.o main.cpp -std=c++11 -I. -lm
g++  -o main main.o -std=c++11 -I. -lm
End run student 2025-03-21-XXX-2068434, exercise 4, test 2

Begin run  student 2025-03-21-XXX-2046758, exercise 4, test 2
g++ -lm -O3  -c main.cpp -o main.o
g++ -lm -O3  main.o -o main
End run student 2025-03-21-XXX-2046758, exercise 4, test 2

Begin run  student 2025-03-21-XXX-1857898, exercise 4, test 2
g++ -c -o main.o main.cpp -std=c++11 -I.  -lm 
g++ -o main main.o -std=c++11 -I.  -lm 
End run student 2025-03-21-XXX-1857898, exercise 4, test 2

Begin run  student 2025-03-21-XXX-2051659, exercise 4, test 2
rm: cannot remove 'main': No such file or directory
rm: cannot remove 'results.txt': No such file or directory
g++ -c -o main.o main.cpp -std=c++11 -I.  -lm 
g++ -o main main.o -std=c++11 -I.  -lm 
End run student 2025-03-21-XXX-2051659, exercise 4, test 2

Begin run  student 2025-03-21-XXX-2014782, exercise 4, test 2
rm: cannot remove 'results.txt': No such file or directory
g++ -c -o ex4.o ex4.cpp -std=c++11 -I.  -lm 
g++ -o main ex4.o -std=c++11 -I.  -lm 
End run student 2025-03-21-XXX-2014782, exercise 4, test 2

Begin run  student 2025-03-21-XXX-2046501, exercise 4, test 2
rm: cannot remove 'main': No such file or directory
g++  -c -o simulator.o simulator.cpp -std=c++11 -I.  -lm 
g++  -o main simulator.o -std=c++11 -I.  -lm 
End run student 2025-03-21-XXX-2046501, exercise 4, test 2

Begin run  student 2025-03-21-XXX-2083011, exercise 4, test 2
rm: cannot remove 'main': No such file or directory
g++ -c main.cpp -o main.o -std=c++11 -Wall -Wextra -O2
g++ -o main main.o -std=c++11 -Wall -Wextra -O2
End run student 2025-03-21-XXX-2083011, exercise 4, test 2

Begin run  student 2025-03-21-XXX-2034930, exercise 4, test 2
./grade1stud1ex1test.sh: line 39: cd: /home/enrico/edata/tronci@di.uniroma1.it/enrico/teaching/EXAMS/software-engineering/cpp-grader/testdir/2025-03-21-XXX-2034930/4: Not a directory
rm: cannot remove 'main': No such file or directory
rm: cannot remove 'results.txt': No such file or directory
make: *** No targets specified and no makefile found.  Stop.
mv: cannot stat 'results.txt': No such file or directory
End run student 2025-03-21-XXX-2034930, exercise 4, test 2

Begin run  student 2025-03-21-XXX-2021689, exercise 4, test 2
./grade1stud1ex1test.sh: line 39: cd: /home/enrico/edata/tronci@di.uniroma1.it/enrico/teaching/EXAMS/software-engineering/cpp-grader/testdir/2025-03-21-XXX-2021689/4: Not a directory
rm: cannot remove 'main': No such file or directory
rm: cannot remove 'results.txt': No such file or directory
make: *** No targets specified and no makefile found.  Stop.
mv: cannot stat 'results.txt': No such file or directory
End run student 2025-03-21-XXX-2021689, exercise 4, test 2

Begin run  student 2025-03-21-XXX-1960045, exercise 4, test 2
g++  -c -o ex4.o ex4.cpp -std=c++11 -I. -lm
g++  -o main ex4.o -std=c++11 -I. -lm
End run student 2025-03-21-XXX-1960045, exercise 4, test 2

Begin run  student 2025-03-21-XXX-2002583, exercise 4, test 2
rm: cannot remove 'main': No such file or directory
rm: cannot remove 'results.txt': No such file or directory
g++ -c -o main.o main.cpp -std=c++11 -I.  -lm 
In file included from main.cpp:5:
parameters.hpp:3:14: error: uninitialized ‘const HORIZON’ [-fpermissive]
    3 | const size_t HORIZON;
      |              ^~~~~~~
main.cpp: In function ‘int main()’:
main.cpp:14:31: error: ‘avg’ was not declared in this scope
   14 |                 parameters >> avg;
      |                               ^~~
main.cpp:16:31: error: ‘var’ was not declared in this scope
   16 |                 parameters >> var;
      |                               ^~~
main.cpp:22:5: error: ‘Stopwatch’ was not declared in this scope
   22 |     Stopwatch stopwatch(delta);
      |     ^~~~~~~~~
main.cpp:24:12: error: ‘stopwatch’ was not declared in this scope
   24 |     while (stopwatch.elapsed() <= HORIZON)
      |            ^~~~~~~~~
make: *** [Makefile:12: main.o] Error 1
mv: cannot stat 'results.txt': No such file or directory
End run student 2025-03-21-XXX-2002583, exercise 4, test 2

Begin run  student 2025-03-21-XXX-2046790, exercise 4, test 2
rm: cannot remove 'main': No such file or directory
g++ -c main.cpp -o main.o
g++ main.o -o main
End run student 2025-03-21-XXX-2046790, exercise 4, test 2

Begin run  student 2025-03-21-XXX-1844504, exercise 4, test 2
rm: cannot remove 'main': No such file or directory
g++ -std=c++11 -Wall -O2 -o main main.cpp
End run student 2025-03-21-XXX-1844504, exercise 4, test 2

Begin run  student 2025-03-21-XXX-1884714, exercise 4, test 2
rm: cannot remove 'main': No such file or directory
g++ -std=c++11 -Wall -O2 -o main main.cpp
End run student 2025-03-21-XXX-1884714, exercise 4, test 2

Begin run  student 2025-03-21-XXX-2068261, exercise 4, test 3
g++    -c -o main.o main.cpp
g++ -Wall -Wextra -O2 -o main main.o
End run student 2025-03-21-XXX-2068261, exercise 4, test 3

Begin run  student 2025-03-21-XXX-2045899, exercise 4, test 3
rm: cannot remove 'main': No such file or directory
rm: cannot remove 'results.txt': No such file or directory
make: *** No targets specified and no makefile found.  Stop.
mv: cannot stat 'results.txt': No such file or directory
End run student 2025-03-21-XXX-2045899, exercise 4, test 3

Begin run  student 2025-03-21-XXX-1948382, exercise 4, test 3
g++ main.cpp -o main
End run student 2025-03-21-XXX-1948382, exercise 4, test 3

Begin run  student 2025-03-21-XXX-2047145, exercise 4, test 3
g++ -lm -O3  -c main.cpp -o main.o
g++ -lm -O3  main.o -o main
End run student 2025-03-21-XXX-2047145, exercise 4, test 3

Begin run  student 2025-03-21-XXX-2045204, exercise 4, test 3
g++ -lm -O3  -c main.cpp -o main.o
g++ -lm -O3  main.o -o main
End run student 2025-03-21-XXX-2045204, exercise 4, test 3

Begin run  student 2025-03-21-XXX-2015518, exercise 4, test 3
rm: cannot remove 'main': No such file or directory
g++ -c -o simulation.o simulation.cpp -std=c++11 -I.  -lm 
g++ -o main simulation.o -std=c++11 -I.  -lm 
End run student 2025-03-21-XXX-2015518, exercise 4, test 3

Begin run  student 2025-03-21-XXX-1991139, exercise 4, test 3
rm: cannot remove 'main': No such file or directory
mkdir -p build
g++ -c -o build/main.o main.cpp -lm -g -O3 -std=c++11 -I../../
g++ -o main build/main.o -lm -g -O3 -std=c++11 -I../../
End run student 2025-03-21-XXX-1991139, exercise 4, test 3

Begin run  student 2025-03-21-XXX-1933763, exercise 4, test 3
./grade1stud1ex1test.sh: line 39: cd: /home/enrico/edata/tronci@di.uniroma1.it/enrico/teaching/EXAMS/software-engineering/cpp-grader/testdir/2025-03-21-XXX-1933763/4: Not a directory
rm: cannot remove 'main': No such file or directory
rm: cannot remove 'results.txt': No such file or directory
make: *** No targets specified and no makefile found.  Stop.
mv: cannot stat 'results.txt': No such file or directory
End run student 2025-03-21-XXX-1933763, exercise 4, test 3

Begin run  student 2025-03-21-XXX-1894899, exercise 4, test 3
rm: cannot remove 'main': No such file or directory
rm: cannot remove 'results.txt': No such file or directory
make: *** No targets specified and no makefile found.  Stop.
mv: cannot stat 'results.txt': No such file or directory
End run student 2025-03-21-XXX-1894899, exercise 4, test 3

Begin run  student 2025-03-21-XXX-2087530, exercise 4, test 3
g++ -Wall -Wextra -O2 -std=c++17 -c main.cpp -o main.o
g++ -Wall -Wextra -O2 -std=c++17 -o main main.o
End run student 2025-03-21-XXX-2087530, exercise 4, test 3

Begin run  student 2025-03-21-XXX-2049029, exercise 4, test 3
rm: cannot remove 'main': No such file or directory
rm: cannot remove 'results.txt': No such file or directory
make: *** No targets specified and no makefile found.  Stop.
mv: cannot stat 'results.txt': No such file or directory
End run student 2025-03-21-XXX-2049029, exercise 4, test 3

Begin run  student 2025-03-21-XXX-2059802, exercise 4, test 3
rm: cannot remove 'main': No such file or directory
rm: cannot remove 'results.txt': No such file or directory
g++ -lm -O3  -c ../mocc/stat.cpp -o ../mocc/stat.o
g++ -lm -O3  -c ../mocc/time.cpp -o ../mocc/time.o
g++ -lm -O3  -c data.cpp -o data.o
g++ -lm -O3  -c main.cpp -o main.o
main.cpp: In function ‘int main()’:
main.cpp:8:5: error: ‘Parameters’ was not declared in this scope
    8 |     Parameters prm;
      |     ^~~~~~~~~~
make: *** [Makefile:20: main.o] Error 1
mv: cannot stat 'results.txt': No such file or directory
End run student 2025-03-21-XXX-2059802, exercise 4, test 3

Begin run  student 2025-03-21-XXX-2061657, exercise 4, test 3
g++ main.cpp -o main
End run student 2025-03-21-XXX-2061657, exercise 4, test 3

Begin run  student 2025-03-21-XXX-2045337, exercise 4, test 3
g++ -Wall -Wextra -std=c++11 -O2 -o main main.cpp
End run student 2025-03-21-XXX-2045337, exercise 4, test 3

Begin run  student 2025-03-21-XXX-2086686, exercise 4, test 3
rm: cannot remove 'main': No such file or directory
g++ -lm -O3  -c main.cpp -o main.o
g++ -lm -O3  main.o -o main
End run student 2025-03-21-XXX-2086686, exercise 4, test 3

Begin run  student 2025-03-21-XXX-2085129, exercise 4, test 3
rm: cannot remove 'main': No such file or directory
g++ -Wall -O2 -std=c++11 -c main.cpp -o main.o
g++ -Wall -O2 -std=c++11 -o main main.o
End run student 2025-03-21-XXX-2085129, exercise 4, test 3

Begin run  student 2025-03-21-XXX-2010731, exercise 4, test 3
rm: cannot remove 'main': No such file or directory
rm: cannot remove 'results.txt': No such file or directory
g++ -lm -O3 -c ../utils/math.cpp -o ../utils/math.o
g++ -lm -O3 -c ../utils/time.cpp -o ../utils/time.o
g++ -lm -O3 ../utils/math.o ../utils/time.o -o main
/usr/bin/ld: /usr/lib/gcc/x86_64-linux-gnu/13/../../../x86_64-linux-gnu/Scrt1.o: in function `_start':
(.text+0x1b): undefined reference to `main'
collect2: error: ld returned 1 exit status
make: *** [Makefile:13: main] Error 1
mv: cannot stat 'results.txt': No such file or directory
End run student 2025-03-21-XXX-2010731, exercise 4, test 3

Begin run  student 2025-03-21-XXX-2067188, exercise 4, test 3
g++ -std=c++11 -Wall -O2 -o main main.cpp
End run student 2025-03-21-XXX-2067188, exercise 4, test 3

Begin run  student 2025-03-21-XXX-2063098, exercise 4, test 3
rm: cannot remove 'main': No such file or directory
rm: cannot remove 'results.txt': No such file or directory
make: *** No targets specified and no makefile found.  Stop.
mv: cannot stat 'results.txt': No such file or directory
End run student 2025-03-21-XXX-2063098, exercise 4, test 3

Begin run  student 2025-03-21-XXX-2059337, exercise 4, test 3
rm: cannot remove 'main': No such file or directory
rm: cannot remove 'results.txt': No such file or directory
make: *** No targets specified and no makefile found.  Stop.
mv: cannot stat 'results.txt': No such file or directory
End run student 2025-03-21-XXX-2059337, exercise 4, test 3

Begin run  student 2025-03-21-XXX-1933070, exercise 4, test 3
g++  -c -o simulator.o simulator.cpp -std=c++11 -I. -lm
g++  -o main simulator.o -std=c++11 -I. -lm
End run student 2025-03-21-XXX-1933070, exercise 4, test 3

Begin run  student 2025-03-21-XXX-1943337, exercise 4, test 3
rm: cannot remove 'main': No such file or directory
g++ -std=c++11 -Wall -c main.cpp -o main.o
g++ main.o -o simulation
mv: cannot stat 'results.txt': No such file or directory
End run student 2025-03-21-XXX-1943337, exercise 4, test 3

Begin run  student 2025-03-21-XXX-2006305, exercise 4, test 3
rm: cannot remove 'main': No such file or directory
g++ -lm -O3  main.cpp -o main
End run student 2025-03-21-XXX-2006305, exercise 4, test 3

Begin run  student 2025-03-21-XXX-2044147, exercise 4, test 3
g++ -std=c++11 -pthread -O2 -c main.cpp -o main.o
g++ -std=c++11 -pthread -O2 -o main main.o
End run student 2025-03-21-XXX-2044147, exercise 4, test 3

Begin run  student 2025-03-21-XXX-1944917, exercise 4, test 3
g++ -c -o main.o main.cpp -std=c++11 -I.  -lm 
g++ -o main main.o -std=c++11 -I.  -lm 
End run student 2025-03-21-XXX-1944917, exercise 4, test 3

Begin run  student 2025-03-21-XXX-1996623, exercise 4, test 3
rm: cannot remove 'main': No such file or directory
g++ -o main  -std=c++11 -I. -lm
/usr/bin/ld: /usr/lib/gcc/x86_64-linux-gnu/13/../../../x86_64-linux-gnu/Scrt1.o: in function `_start':
(.text+0x1b): undefined reference to `main'
collect2: error: ld returned 1 exit status
make: *** [Makefile:15: main] Error 1
mv: cannot stat 'results.txt': No such file or directory
End run student 2025-03-21-XXX-1996623, exercise 4, test 3

Begin run  student 2025-03-21-XXX-2047034, exercise 4, test 3
rm: cannot remove 'main': No such file or directory
g++ -lm -O3 ../lib/stat.cpp ../lib/system.cpp main.cpp -o "main"
End run student 2025-03-21-XXX-2047034, exercise 4, test 3

Begin run  student 2025-03-21-XXX-2058986, exercise 4, test 3
rm: cannot remove 'main': No such file or directory
g++ -lm -O3 -std=c++11 -c ../mocc/stat.cpp -o ../mocc/stat.o
g++ -lm -O3 -std=c++11 -c ../mocc/time.cpp -o ../mocc/time.o
g++ -lm -O3 -std=c++11 -c main.cpp -o main.o
g++ -lm -O3 -std=c++11 ../mocc/stat.o ../mocc/time.o main.o -o main
End run student 2025-03-21-XXX-2058986, exercise 4, test 3

Begin run  student 2025-03-21-XXX-2060444, exercise 4, test 3
rm: cannot remove 'main': No such file or directory
rm: cannot remove 'results.txt': No such file or directory
make: *** No targets specified and no makefile found.  Stop.
mv: cannot stat 'results.txt': No such file or directory
End run student 2025-03-21-XXX-2060444, exercise 4, test 3

Begin run  student 2025-03-21-XXX-2070317, exercise 4, test 3
./grade1stud1ex1test.sh: line 39: cd: /home/enrico/edata/tronci@di.uniroma1.it/enrico/teaching/EXAMS/software-engineering/cpp-grader/testdir/2025-03-21-XXX-2070317/4: Not a directory
rm: cannot remove 'main': No such file or directory
rm: cannot remove 'results.txt': No such file or directory
make: *** No targets specified and no makefile found.  Stop.
mv: cannot stat 'results.txt': No such file or directory
End run student 2025-03-21-XXX-2070317, exercise 4, test 3

Begin run  student 2025-03-21-XXX-2046738, exercise 4, test 3
g++  -c -o es4.o es4.cpp -std=c++11 -I.  -lm 
g++  -o main es4.o -std=c++11 -I.  -lm 
End run student 2025-03-21-XXX-2046738, exercise 4, test 3

Begin run  student 2025-03-21-XXX-2046000, exercise 4, test 3
g++ -c -o main.o main.cpp -std=c++11 -I.  -lm 
g++ -o main main.o -std=c++11 -I.  -lm 
End run student 2025-03-21-XXX-2046000, exercise 4, test 3

Begin run  student 2025-03-21-XXX-2043415, exercise 4, test 3
g++ -c -o customer.o customer.cpp -std=c++11 -I.  -lm -static
g++ -c -o main.o main.cpp -std=c++11 -I.  -lm -static
g++ -c -o randgen.o randgen.cpp -std=c++11 -I.  -lm -static
g++ -o main customer.o main.o randgen.o -std=c++11 -I.  -lm -static; rm *.o;
End run student 2025-03-21-XXX-2043415, exercise 4, test 3

Begin run  student 2025-03-21-XXX-2043364, exercise 4, test 3
rm: cannot remove 'main': No such file or directory
rm: cannot remove 'results.txt': No such file or directory
g++ -lm -O3  -c main.cpp -o main.o
g++ -lm -O3  main.o -o main
End run student 2025-03-21-XXX-2043364, exercise 4, test 3

Begin run  student 2025-03-21-XXX-2044032, exercise 4, test 3
g++ -Wall -std=c++11 main.cpp -o main
End run student 2025-03-21-XXX-2044032, exercise 4, test 3

Begin run  student 2025-03-21-XXX-2009905, exercise 4, test 3
rm: cannot remove 'main': No such file or directory
rm: cannot remove 'results.txt': No such file or directory
make: *** No targets specified and no makefile found.  Stop.
mv: cannot stat 'results.txt': No such file or directory
End run student 2025-03-21-XXX-2009905, exercise 4, test 3

Begin run  student 2025-03-21-XXX-2069217, exercise 4, test 3
g++ -Wall -O2 -std=c++11 -o main main.cpp
End run student 2025-03-21-XXX-2069217, exercise 4, test 3

Begin run  student 2025-03-21-XXX-1994583, exercise 4, test 3
g++ -std=c++11 -Wall -O2 -o main main.cpp
End run student 2025-03-21-XXX-1994583, exercise 4, test 3

Begin run  student 2025-03-21-XXX-2025557, exercise 4, test 3
./grade1stud1ex1test.sh: line 39: cd: /home/enrico/edata/tronci@di.uniroma1.it/enrico/teaching/EXAMS/software-engineering/cpp-grader/testdir/2025-03-21-XXX-2025557/4: Not a directory
rm: cannot remove 'main': No such file or directory
rm: cannot remove 'results.txt': No such file or directory
make: *** No targets specified and no makefile found.  Stop.
mv: cannot stat 'results.txt': No such file or directory
End run student 2025-03-21-XXX-2025557, exercise 4, test 3

Begin run  student 2025-03-21-XXX-2048130, exercise 4, test 3
rm: cannot remove 'main': No such file or directory
g++ -Wall -Wextra -O2 -std=c++11 -lm -c main.cpp
g++ -Wall -Wextra -O2 -std=c++11 -lm -o main main.o
End run student 2025-03-21-XXX-2048130, exercise 4, test 3

Begin run  student 2025-03-21-XXX-1987495, exercise 4, test 3
g++ -c -o ex4.o ex4.cpp -std=c++11 -I.  -lm 
g++ -o main ex4.o -std=c++11 -I.  -lm 
End run student 2025-03-21-XXX-1987495, exercise 4, test 3

Begin run  student 2025-03-21-XXX-2087310, exercise 4, test 3
rm: cannot remove 'main': No such file or directory
rm: cannot remove 'results.txt': No such file or directory
make: *** No targets specified and no makefile found.  Stop.
mv: cannot stat 'results.txt': No such file or directory
End run student 2025-03-21-XXX-2087310, exercise 4, test 3

Begin run  student 2025-03-21-XXX-1919026, exercise 4, test 3
rm: cannot remove 'main': No such file or directory
g++ -O3 -Wall -Wextra -pedantic -I ./include/ -std=c++17 -lm main.cpp src/Parameters.cpp src/VecUtils.cpp src/DB.cpp src/Server.cpp src/Customer.cpp src/Supplier.cpp src/Simulation.cpp -o main
End run student 2025-03-21-XXX-1919026, exercise 4, test 3

Begin run  student 2025-03-21-XXX-2086047, exercise 4, test 3
rm: cannot remove 'main': No such file or directory
g++ -std=c++17 -Wall -Wextra -O2 -c main.cpp -o main.o
g++ -std=c++17 -Wall -Wextra -O2 -o main main.o
End run student 2025-03-21-XXX-2086047, exercise 4, test 3

Begin run  student 2025-03-21-XXX-2087359, exercise 4, test 3
rm: cannot remove 'main': No such file or directory
rm: cannot remove 'results.txt': No such file or directory
make: *** No targets specified and no makefile found.  Stop.
mv: cannot stat 'results.txt': No such file or directory
End run student 2025-03-21-XXX-2087359, exercise 4, test 3

Begin run  student 2025-03-21-XXX-2068434, exercise 4, test 3
rm: cannot remove 'main': No such file or directory
g++  -c -o main.o main.cpp -std=c++11 -I. -lm
g++  -o main main.o -std=c++11 -I. -lm
End run student 2025-03-21-XXX-2068434, exercise 4, test 3

Begin run  student 2025-03-21-XXX-2046758, exercise 4, test 3
g++ -lm -O3  -c main.cpp -o main.o
g++ -lm -O3  main.o -o main
End run student 2025-03-21-XXX-2046758, exercise 4, test 3

Begin run  student 2025-03-21-XXX-1857898, exercise 4, test 3
g++ -c -o main.o main.cpp -std=c++11 -I.  -lm 
g++ -o main main.o -std=c++11 -I.  -lm 
End run student 2025-03-21-XXX-1857898, exercise 4, test 3

Begin run  student 2025-03-21-XXX-2051659, exercise 4, test 3
rm: cannot remove 'main': No such file or directory
rm: cannot remove 'results.txt': No such file or directory
g++ -c -o main.o main.cpp -std=c++11 -I.  -lm 
g++ -o main main.o -std=c++11 -I.  -lm 
End run student 2025-03-21-XXX-2051659, exercise 4, test 3

Begin run  student 2025-03-21-XXX-2014782, exercise 4, test 3
rm: cannot remove 'results.txt': No such file or directory
g++ -c -o ex4.o ex4.cpp -std=c++11 -I.  -lm 
g++ -o main ex4.o -std=c++11 -I.  -lm 
End run student 2025-03-21-XXX-2014782, exercise 4, test 3

Begin run  student 2025-03-21-XXX-2046501, exercise 4, test 3
rm: cannot remove 'main': No such file or directory
g++  -c -o simulator.o simulator.cpp -std=c++11 -I.  -lm 
g++  -o main simulator.o -std=c++11 -I.  -lm 
End run student 2025-03-21-XXX-2046501, exercise 4, test 3

Begin run  student 2025-03-21-XXX-2083011, exercise 4, test 3
rm: cannot remove 'main': No such file or directory
g++ -c main.cpp -o main.o -std=c++11 -Wall -Wextra -O2
g++ -o main main.o -std=c++11 -Wall -Wextra -O2
End run student 2025-03-21-XXX-2083011, exercise 4, test 3

Begin run  student 2025-03-21-XXX-2034930, exercise 4, test 3
./grade1stud1ex1test.sh: line 39: cd: /home/enrico/edata/tronci@di.uniroma1.it/enrico/teaching/EXAMS/software-engineering/cpp-grader/testdir/2025-03-21-XXX-2034930/4: Not a directory
rm: cannot remove 'main': No such file or directory
rm: cannot remove 'results.txt': No such file or directory
make: *** No targets specified and no makefile found.  Stop.
mv: cannot stat 'results.txt': No such file or directory
End run student 2025-03-21-XXX-2034930, exercise 4, test 3

Begin run  student 2025-03-21-XXX-2021689, exercise 4, test 3
./grade1stud1ex1test.sh: line 39: cd: /home/enrico/edata/tronci@di.uniroma1.it/enrico/teaching/EXAMS/software-engineering/cpp-grader/testdir/2025-03-21-XXX-2021689/4: Not a directory
rm: cannot remove 'main': No such file or directory
rm: cannot remove 'results.txt': No such file or directory
make: *** No targets specified and no makefile found.  Stop.
mv: cannot stat 'results.txt': No such file or directory
End run student 2025-03-21-XXX-2021689, exercise 4, test 3

Begin run  student 2025-03-21-XXX-1960045, exercise 4, test 3
g++  -c -o ex4.o ex4.cpp -std=c++11 -I. -lm
g++  -o main ex4.o -std=c++11 -I. -lm
End run student 2025-03-21-XXX-1960045, exercise 4, test 3

Begin run  student 2025-03-21-XXX-2002583, exercise 4, test 3
rm: cannot remove 'main': No such file or directory
rm: cannot remove 'results.txt': No such file or directory
g++ -c -o main.o main.cpp -std=c++11 -I.  -lm 
In file included from main.cpp:5:
parameters.hpp:3:14: error: uninitialized ‘const HORIZON’ [-fpermissive]
    3 | const size_t HORIZON;
      |              ^~~~~~~
main.cpp: In function ‘int main()’:
main.cpp:14:31: error: ‘avg’ was not declared in this scope
   14 |                 parameters >> avg;
      |                               ^~~
main.cpp:16:31: error: ‘var’ was not declared in this scope
   16 |                 parameters >> var;
      |                               ^~~
main.cpp:22:5: error: ‘Stopwatch’ was not declared in this scope
   22 |     Stopwatch stopwatch(delta);
      |     ^~~~~~~~~
main.cpp:24:12: error: ‘stopwatch’ was not declared in this scope
   24 |     while (stopwatch.elapsed() <= HORIZON)
      |            ^~~~~~~~~
make: *** [Makefile:12: main.o] Error 1
mv: cannot stat 'results.txt': No such file or directory
End run student 2025-03-21-XXX-2002583, exercise 4, test 3

Begin run  student 2025-03-21-XXX-2046790, exercise 4, test 3
rm: cannot remove 'main': No such file or directory
g++ -c main.cpp -o main.o
g++ main.o -o main
End run student 2025-03-21-XXX-2046790, exercise 4, test 3

Begin run  student 2025-03-21-XXX-1844504, exercise 4, test 3
rm: cannot remove 'main': No such file or directory
g++ -std=c++11 -Wall -O2 -o main main.cpp
End run student 2025-03-21-XXX-1844504, exercise 4, test 3

Begin run  student 2025-03-21-XXX-1884714, exercise 4, test 3
rm: cannot remove 'main': No such file or directory
g++ -std=c++11 -Wall -O2 -o main main.cpp
End run student 2025-03-21-XXX-1884714, exercise 4, test 3

Begin run  student 2025-03-21-XXX-2068261, exercise 4, test 4
g++    -c -o main.o main.cpp
g++ -Wall -Wextra -O2 -o main main.o
End run student 2025-03-21-XXX-2068261, exercise 4, test 4

Begin run  student 2025-03-21-XXX-2045899, exercise 4, test 4
rm: cannot remove 'main': No such file or directory
rm: cannot remove 'results.txt': No such file or directory
make: *** No targets specified and no makefile found.  Stop.
mv: cannot stat 'results.txt': No such file or directory
End run student 2025-03-21-XXX-2045899, exercise 4, test 4

Begin run  student 2025-03-21-XXX-1948382, exercise 4, test 4
g++ main.cpp -o main
End run student 2025-03-21-XXX-1948382, exercise 4, test 4

Begin run  student 2025-03-21-XXX-2047145, exercise 4, test 4
g++ -lm -O3  -c main.cpp -o main.o
g++ -lm -O3  main.o -o main
End run student 2025-03-21-XXX-2047145, exercise 4, test 4

Begin run  student 2025-03-21-XXX-2045204, exercise 4, test 4
g++ -lm -O3  -c main.cpp -o main.o
g++ -lm -O3  main.o -o main
End run student 2025-03-21-XXX-2045204, exercise 4, test 4

Begin run  student 2025-03-21-XXX-2015518, exercise 4, test 4
rm: cannot remove 'main': No such file or directory
g++ -c -o simulation.o simulation.cpp -std=c++11 -I.  -lm 
g++ -o main simulation.o -std=c++11 -I.  -lm 
End run student 2025-03-21-XXX-2015518, exercise 4, test 4

Begin run  student 2025-03-21-XXX-1991139, exercise 4, test 4
rm: cannot remove 'main': No such file or directory
mkdir -p build
g++ -c -o build/main.o main.cpp -lm -g -O3 -std=c++11 -I../../
g++ -o main build/main.o -lm -g -O3 -std=c++11 -I../../
End run student 2025-03-21-XXX-1991139, exercise 4, test 4

Begin run  student 2025-03-21-XXX-1933763, exercise 4, test 4
./grade1stud1ex1test.sh: line 39: cd: /home/enrico/edata/tronci@di.uniroma1.it/enrico/teaching/EXAMS/software-engineering/cpp-grader/testdir/2025-03-21-XXX-1933763/4: Not a directory
rm: cannot remove 'main': No such file or directory
rm: cannot remove 'results.txt': No such file or directory
make: *** No targets specified and no makefile found.  Stop.
mv: cannot stat 'results.txt': No such file or directory
End run student 2025-03-21-XXX-1933763, exercise 4, test 4

Begin run  student 2025-03-21-XXX-1894899, exercise 4, test 4
rm: cannot remove 'main': No such file or directory
rm: cannot remove 'results.txt': No such file or directory
make: *** No targets specified and no makefile found.  Stop.
mv: cannot stat 'results.txt': No such file or directory
End run student 2025-03-21-XXX-1894899, exercise 4, test 4

Begin run  student 2025-03-21-XXX-2087530, exercise 4, test 4
g++ -Wall -Wextra -O2 -std=c++17 -c main.cpp -o main.o
g++ -Wall -Wextra -O2 -std=c++17 -o main main.o
End run student 2025-03-21-XXX-2087530, exercise 4, test 4

Begin run  student 2025-03-21-XXX-2049029, exercise 4, test 4
rm: cannot remove 'main': No such file or directory
rm: cannot remove 'results.txt': No such file or directory
make: *** No targets specified and no makefile found.  Stop.
mv: cannot stat 'results.txt': No such file or directory
End run student 2025-03-21-XXX-2049029, exercise 4, test 4

Begin run  student 2025-03-21-XXX-2059802, exercise 4, test 4
rm: cannot remove 'main': No such file or directory
rm: cannot remove 'results.txt': No such file or directory
g++ -lm -O3  -c ../mocc/stat.cpp -o ../mocc/stat.o
g++ -lm -O3  -c ../mocc/time.cpp -o ../mocc/time.o
g++ -lm -O3  -c data.cpp -o data.o
g++ -lm -O3  -c main.cpp -o main.o
main.cpp: In function ‘int main()’:
main.cpp:8:5: error: ‘Parameters’ was not declared in this scope
    8 |     Parameters prm;
      |     ^~~~~~~~~~
make: *** [Makefile:20: main.o] Error 1
mv: cannot stat 'results.txt': No such file or directory
End run student 2025-03-21-XXX-2059802, exercise 4, test 4

Begin run  student 2025-03-21-XXX-2061657, exercise 4, test 4
g++ main.cpp -o main
End run student 2025-03-21-XXX-2061657, exercise 4, test 4

Begin run  student 2025-03-21-XXX-2045337, exercise 4, test 4
g++ -Wall -Wextra -std=c++11 -O2 -o main main.cpp
End run student 2025-03-21-XXX-2045337, exercise 4, test 4

Begin run  student 2025-03-21-XXX-2086686, exercise 4, test 4
rm: cannot remove 'main': No such file or directory
g++ -lm -O3  -c main.cpp -o main.o
g++ -lm -O3  main.o -o main
End run student 2025-03-21-XXX-2086686, exercise 4, test 4

Begin run  student 2025-03-21-XXX-2085129, exercise 4, test 4
rm: cannot remove 'main': No such file or directory
g++ -Wall -O2 -std=c++11 -c main.cpp -o main.o
g++ -Wall -O2 -std=c++11 -o main main.o
End run student 2025-03-21-XXX-2085129, exercise 4, test 4

Begin run  student 2025-03-21-XXX-2010731, exercise 4, test 4
rm: cannot remove 'main': No such file or directory
rm: cannot remove 'results.txt': No such file or directory
g++ -lm -O3 -c ../utils/math.cpp -o ../utils/math.o
g++ -lm -O3 -c ../utils/time.cpp -o ../utils/time.o
g++ -lm -O3 ../utils/math.o ../utils/time.o -o main
/usr/bin/ld: /usr/lib/gcc/x86_64-linux-gnu/13/../../../x86_64-linux-gnu/Scrt1.o: in function `_start':
(.text+0x1b): undefined reference to `main'
collect2: error: ld returned 1 exit status
make: *** [Makefile:13: main] Error 1
mv: cannot stat 'results.txt': No such file or directory
End run student 2025-03-21-XXX-2010731, exercise 4, test 4

Begin run  student 2025-03-21-XXX-2067188, exercise 4, test 4
g++ -std=c++11 -Wall -O2 -o main main.cpp
End run student 2025-03-21-XXX-2067188, exercise 4, test 4

Begin run  student 2025-03-21-XXX-2063098, exercise 4, test 4
rm: cannot remove 'main': No such file or directory
rm: cannot remove 'results.txt': No such file or directory
make: *** No targets specified and no makefile found.  Stop.
mv: cannot stat 'results.txt': No such file or directory
End run student 2025-03-21-XXX-2063098, exercise 4, test 4

Begin run  student 2025-03-21-XXX-2059337, exercise 4, test 4
rm: cannot remove 'main': No such file or directory
rm: cannot remove 'results.txt': No such file or directory
make: *** No targets specified and no makefile found.  Stop.
mv: cannot stat 'results.txt': No such file or directory
End run student 2025-03-21-XXX-2059337, exercise 4, test 4

Begin run  student 2025-03-21-XXX-1933070, exercise 4, test 4
g++  -c -o simulator.o simulator.cpp -std=c++11 -I. -lm
g++  -o main simulator.o -std=c++11 -I. -lm
End run student 2025-03-21-XXX-1933070, exercise 4, test 4

Begin run  student 2025-03-21-XXX-1943337, exercise 4, test 4
rm: cannot remove 'main': No such file or directory
g++ -std=c++11 -Wall -c main.cpp -o main.o
g++ main.o -o simulation
mv: cannot stat 'results.txt': No such file or directory
End run student 2025-03-21-XXX-1943337, exercise 4, test 4

Begin run  student 2025-03-21-XXX-2006305, exercise 4, test 4
rm: cannot remove 'main': No such file or directory
g++ -lm -O3  main.cpp -o main
End run student 2025-03-21-XXX-2006305, exercise 4, test 4

Begin run  student 2025-03-21-XXX-2044147, exercise 4, test 4
g++ -std=c++11 -pthread -O2 -c main.cpp -o main.o
g++ -std=c++11 -pthread -O2 -o main main.o
End run student 2025-03-21-XXX-2044147, exercise 4, test 4

Begin run  student 2025-03-21-XXX-1944917, exercise 4, test 4
g++ -c -o main.o main.cpp -std=c++11 -I.  -lm 
g++ -o main main.o -std=c++11 -I.  -lm 
End run student 2025-03-21-XXX-1944917, exercise 4, test 4

Begin run  student 2025-03-21-XXX-1996623, exercise 4, test 4
rm: cannot remove 'main': No such file or directory
g++ -o main  -std=c++11 -I. -lm
/usr/bin/ld: /usr/lib/gcc/x86_64-linux-gnu/13/../../../x86_64-linux-gnu/Scrt1.o: in function `_start':
(.text+0x1b): undefined reference to `main'
collect2: error: ld returned 1 exit status
make: *** [Makefile:15: main] Error 1
mv: cannot stat 'results.txt': No such file or directory
End run student 2025-03-21-XXX-1996623, exercise 4, test 4

Begin run  student 2025-03-21-XXX-2047034, exercise 4, test 4
rm: cannot remove 'main': No such file or directory
g++ -lm -O3 ../lib/stat.cpp ../lib/system.cpp main.cpp -o "main"
End run student 2025-03-21-XXX-2047034, exercise 4, test 4

Begin run  student 2025-03-21-XXX-2058986, exercise 4, test 4
rm: cannot remove 'main': No such file or directory
g++ -lm -O3 -std=c++11 -c ../mocc/stat.cpp -o ../mocc/stat.o
g++ -lm -O3 -std=c++11 -c ../mocc/time.cpp -o ../mocc/time.o
g++ -lm -O3 -std=c++11 -c main.cpp -o main.o
g++ -lm -O3 -std=c++11 ../mocc/stat.o ../mocc/time.o main.o -o main
End run student 2025-03-21-XXX-2058986, exercise 4, test 4

Begin run  student 2025-03-21-XXX-2060444, exercise 4, test 4
rm: cannot remove 'main': No such file or directory
rm: cannot remove 'results.txt': No such file or directory
make: *** No targets specified and no makefile found.  Stop.
mv: cannot stat 'results.txt': No such file or directory
End run student 2025-03-21-XXX-2060444, exercise 4, test 4

Begin run  student 2025-03-21-XXX-2070317, exercise 4, test 4
./grade1stud1ex1test.sh: line 39: cd: /home/enrico/edata/tronci@di.uniroma1.it/enrico/teaching/EXAMS/software-engineering/cpp-grader/testdir/2025-03-21-XXX-2070317/4: Not a directory
rm: cannot remove 'main': No such file or directory
rm: cannot remove 'results.txt': No such file or directory
make: *** No targets specified and no makefile found.  Stop.
mv: cannot stat 'results.txt': No such file or directory
End run student 2025-03-21-XXX-2070317, exercise 4, test 4

Begin run  student 2025-03-21-XXX-2046738, exercise 4, test 4
g++  -c -o es4.o es4.cpp -std=c++11 -I.  -lm 
g++  -o main es4.o -std=c++11 -I.  -lm 
End run student 2025-03-21-XXX-2046738, exercise 4, test 4

Begin run  student 2025-03-21-XXX-2046000, exercise 4, test 4
g++ -c -o main.o main.cpp -std=c++11 -I.  -lm 
g++ -o main main.o -std=c++11 -I.  -lm 
End run student 2025-03-21-XXX-2046000, exercise 4, test 4

Begin run  student 2025-03-21-XXX-2043415, exercise 4, test 4
g++ -c -o customer.o customer.cpp -std=c++11 -I.  -lm -static
g++ -c -o main.o main.cpp -std=c++11 -I.  -lm -static
g++ -c -o randgen.o randgen.cpp -std=c++11 -I.  -lm -static
g++ -o main customer.o main.o randgen.o -std=c++11 -I.  -lm -static; rm *.o;
End run student 2025-03-21-XXX-2043415, exercise 4, test 4

Begin run  student 2025-03-21-XXX-2043364, exercise 4, test 4
rm: cannot remove 'main': No such file or directory
rm: cannot remove 'results.txt': No such file or directory
g++ -lm -O3  -c main.cpp -o main.o
g++ -lm -O3  main.o -o main
End run student 2025-03-21-XXX-2043364, exercise 4, test 4

Begin run  student 2025-03-21-XXX-2044032, exercise 4, test 4
g++ -Wall -std=c++11 main.cpp -o main
End run student 2025-03-21-XXX-2044032, exercise 4, test 4

Begin run  student 2025-03-21-XXX-2009905, exercise 4, test 4
rm: cannot remove 'main': No such file or directory
rm: cannot remove 'results.txt': No such file or directory
make: *** No targets specified and no makefile found.  Stop.
mv: cannot stat 'results.txt': No such file or directory
End run student 2025-03-21-XXX-2009905, exercise 4, test 4

Begin run  student 2025-03-21-XXX-2069217, exercise 4, test 4
g++ -Wall -O2 -std=c++11 -o main main.cpp
End run student 2025-03-21-XXX-2069217, exercise 4, test 4

Begin run  student 2025-03-21-XXX-1994583, exercise 4, test 4
g++ -std=c++11 -Wall -O2 -o main main.cpp
End run student 2025-03-21-XXX-1994583, exercise 4, test 4

Begin run  student 2025-03-21-XXX-2025557, exercise 4, test 4
./grade1stud1ex1test.sh: line 39: cd: /home/enrico/edata/tronci@di.uniroma1.it/enrico/teaching/EXAMS/software-engineering/cpp-grader/testdir/2025-03-21-XXX-2025557/4: Not a directory
rm: cannot remove 'main': No such file or directory
rm: cannot remove 'results.txt': No such file or directory
make: *** No targets specified and no makefile found.  Stop.
mv: cannot stat 'results.txt': No such file or directory
End run student 2025-03-21-XXX-2025557, exercise 4, test 4

Begin run  student 2025-03-21-XXX-2048130, exercise 4, test 4
rm: cannot remove 'main': No such file or directory
g++ -Wall -Wextra -O2 -std=c++11 -lm -c main.cpp
g++ -Wall -Wextra -O2 -std=c++11 -lm -o main main.o
End run student 2025-03-21-XXX-2048130, exercise 4, test 4

Begin run  student 2025-03-21-XXX-1987495, exercise 4, test 4
g++ -c -o ex4.o ex4.cpp -std=c++11 -I.  -lm 
g++ -o main ex4.o -std=c++11 -I.  -lm 
End run student 2025-03-21-XXX-1987495, exercise 4, test 4

Begin run  student 2025-03-21-XXX-2087310, exercise 4, test 4
rm: cannot remove 'main': No such file or directory
rm: cannot remove 'results.txt': No such file or directory
make: *** No targets specified and no makefile found.  Stop.
mv: cannot stat 'results.txt': No such file or directory
End run student 2025-03-21-XXX-2087310, exercise 4, test 4

Begin run  student 2025-03-21-XXX-1919026, exercise 4, test 4
rm: cannot remove 'main': No such file or directory
g++ -O3 -Wall -Wextra -pedantic -I ./include/ -std=c++17 -lm main.cpp src/Parameters.cpp src/VecUtils.cpp src/DB.cpp src/Server.cpp src/Customer.cpp src/Supplier.cpp src/Simulation.cpp -o main
End run student 2025-03-21-XXX-1919026, exercise 4, test 4

Begin run  student 2025-03-21-XXX-2086047, exercise 4, test 4
rm: cannot remove 'main': No such file or directory
g++ -std=c++17 -Wall -Wextra -O2 -c main.cpp -o main.o
g++ -std=c++17 -Wall -Wextra -O2 -o main main.o
End run student 2025-03-21-XXX-2086047, exercise 4, test 4

Begin run  student 2025-03-21-XXX-2087359, exercise 4, test 4
rm: cannot remove 'main': No such file or directory
rm: cannot remove 'results.txt': No such file or directory
make: *** No targets specified and no makefile found.  Stop.
mv: cannot stat 'results.txt': No such file or directory
End run student 2025-03-21-XXX-2087359, exercise 4, test 4

Begin run  student 2025-03-21-XXX-2068434, exercise 4, test 4
rm: cannot remove 'main': No such file or directory
g++  -c -o main.o main.cpp -std=c++11 -I. -lm
g++  -o main main.o -std=c++11 -I. -lm
End run student 2025-03-21-XXX-2068434, exercise 4, test 4

Begin run  student 2025-03-21-XXX-2046758, exercise 4, test 4
g++ -lm -O3  -c main.cpp -o main.o
g++ -lm -O3  main.o -o main
End run student 2025-03-21-XXX-2046758, exercise 4, test 4

Begin run  student 2025-03-21-XXX-1857898, exercise 4, test 4
g++ -c -o main.o main.cpp -std=c++11 -I.  -lm 
g++ -o main main.o -std=c++11 -I.  -lm 
End run student 2025-03-21-XXX-1857898, exercise 4, test 4

Begin run  student 2025-03-21-XXX-2051659, exercise 4, test 4
rm: cannot remove 'main': No such file or directory
rm: cannot remove 'results.txt': No such file or directory
g++ -c -o main.o main.cpp -std=c++11 -I.  -lm 
g++ -o main main.o -std=c++11 -I.  -lm 
End run student 2025-03-21-XXX-2051659, exercise 4, test 4

Begin run  student 2025-03-21-XXX-2014782, exercise 4, test 4
rm: cannot remove 'results.txt': No such file or directory
g++ -c -o ex4.o ex4.cpp -std=c++11 -I.  -lm 
g++ -o main ex4.o -std=c++11 -I.  -lm 
End run student 2025-03-21-XXX-2014782, exercise 4, test 4

Begin run  student 2025-03-21-XXX-2046501, exercise 4, test 4
rm: cannot remove 'main': No such file or directory
g++  -c -o simulator.o simulator.cpp -std=c++11 -I.  -lm 
g++  -o main simulator.o -std=c++11 -I.  -lm 
End run student 2025-03-21-XXX-2046501, exercise 4, test 4

Begin run  student 2025-03-21-XXX-2083011, exercise 4, test 4
rm: cannot remove 'main': No such file or directory
g++ -c main.cpp -o main.o -std=c++11 -Wall -Wextra -O2
g++ -o main main.o -std=c++11 -Wall -Wextra -O2
End run student 2025-03-21-XXX-2083011, exercise 4, test 4

Begin run  student 2025-03-21-XXX-2034930, exercise 4, test 4
./grade1stud1ex1test.sh: line 39: cd: /home/enrico/edata/tronci@di.uniroma1.it/enrico/teaching/EXAMS/software-engineering/cpp-grader/testdir/2025-03-21-XXX-2034930/4: Not a directory
rm: cannot remove 'main': No such file or directory
rm: cannot remove 'results.txt': No such file or directory
make: *** No targets specified and no makefile found.  Stop.
mv: cannot stat 'results.txt': No such file or directory
End run student 2025-03-21-XXX-2034930, exercise 4, test 4

Begin run  student 2025-03-21-XXX-2021689, exercise 4, test 4
./grade1stud1ex1test.sh: line 39: cd: /home/enrico/edata/tronci@di.uniroma1.it/enrico/teaching/EXAMS/software-engineering/cpp-grader/testdir/2025-03-21-XXX-2021689/4: Not a directory
rm: cannot remove 'main': No such file or directory
rm: cannot remove 'results.txt': No such file or directory
make: *** No targets specified and no makefile found.  Stop.
mv: cannot stat 'results.txt': No such file or directory
End run student 2025-03-21-XXX-2021689, exercise 4, test 4

Begin run  student 2025-03-21-XXX-1960045, exercise 4, test 4
g++  -c -o ex4.o ex4.cpp -std=c++11 -I. -lm
g++  -o main ex4.o -std=c++11 -I. -lm
End run student 2025-03-21-XXX-1960045, exercise 4, test 4

Begin run  student 2025-03-21-XXX-2002583, exercise 4, test 4
rm: cannot remove 'main': No such file or directory
rm: cannot remove 'results.txt': No such file or directory
g++ -c -o main.o main.cpp -std=c++11 -I.  -lm 
In file included from main.cpp:5:
parameters.hpp:3:14: error: uninitialized ‘const HORIZON’ [-fpermissive]
    3 | const size_t HORIZON;
      |              ^~~~~~~
main.cpp: In function ‘int main()’:
main.cpp:14:31: error: ‘avg’ was not declared in this scope
   14 |                 parameters >> avg;
      |                               ^~~
main.cpp:16:31: error: ‘var’ was not declared in this scope
   16 |                 parameters >> var;
      |                               ^~~
main.cpp:22:5: error: ‘Stopwatch’ was not declared in this scope
   22 |     Stopwatch stopwatch(delta);
      |     ^~~~~~~~~
main.cpp:24:12: error: ‘stopwatch’ was not declared in this scope
   24 |     while (stopwatch.elapsed() <= HORIZON)
      |            ^~~~~~~~~
make: *** [Makefile:12: main.o] Error 1
mv: cannot stat 'results.txt': No such file or directory
End run student 2025-03-21-XXX-2002583, exercise 4, test 4

Begin run  student 2025-03-21-XXX-2046790, exercise 4, test 4
rm: cannot remove 'main': No such file or directory
g++ -c main.cpp -o main.o
g++ main.o -o main
End run student 2025-03-21-XXX-2046790, exercise 4, test 4

Begin run  student 2025-03-21-XXX-1844504, exercise 4, test 4
rm: cannot remove 'main': No such file or directory
g++ -std=c++11 -Wall -O2 -o main main.cpp
End run student 2025-03-21-XXX-1844504, exercise 4, test 4

Begin run  student 2025-03-21-XXX-1884714, exercise 4, test 4
rm: cannot remove 'main': No such file or directory
g++ -std=c++11 -Wall -O2 -o main main.cpp
End run student 2025-03-21-XXX-1884714, exercise 4, test 4

Begin run  student 2025-03-21-XXX-2068261, exercise 4, test 5
g++    -c -o main.o main.cpp
g++ -Wall -Wextra -O2 -o main main.o
End run student 2025-03-21-XXX-2068261, exercise 4, test 5

Begin run  student 2025-03-21-XXX-2045899, exercise 4, test 5
rm: cannot remove 'main': No such file or directory
rm: cannot remove 'results.txt': No such file or directory
make: *** No targets specified and no makefile found.  Stop.
mv: cannot stat 'results.txt': No such file or directory
End run student 2025-03-21-XXX-2045899, exercise 4, test 5

Begin run  student 2025-03-21-XXX-1948382, exercise 4, test 5
g++ main.cpp -o main
End run student 2025-03-21-XXX-1948382, exercise 4, test 5

Begin run  student 2025-03-21-XXX-2047145, exercise 4, test 5
g++ -lm -O3  -c main.cpp -o main.o
g++ -lm -O3  main.o -o main
End run student 2025-03-21-XXX-2047145, exercise 4, test 5

Begin run  student 2025-03-21-XXX-2045204, exercise 4, test 5
g++ -lm -O3  -c main.cpp -o main.o
g++ -lm -O3  main.o -o main
End run student 2025-03-21-XXX-2045204, exercise 4, test 5

Begin run  student 2025-03-21-XXX-2015518, exercise 4, test 5
rm: cannot remove 'main': No such file or directory
g++ -c -o simulation.o simulation.cpp -std=c++11 -I.  -lm 
g++ -o main simulation.o -std=c++11 -I.  -lm 
End run student 2025-03-21-XXX-2015518, exercise 4, test 5

Begin run  student 2025-03-21-XXX-1991139, exercise 4, test 5
rm: cannot remove 'main': No such file or directory
mkdir -p build
g++ -c -o build/main.o main.cpp -lm -g -O3 -std=c++11 -I../../
g++ -o main build/main.o -lm -g -O3 -std=c++11 -I../../
End run student 2025-03-21-XXX-1991139, exercise 4, test 5

Begin run  student 2025-03-21-XXX-1933763, exercise 4, test 5
./grade1stud1ex1test.sh: line 39: cd: /home/enrico/edata/tronci@di.uniroma1.it/enrico/teaching/EXAMS/software-engineering/cpp-grader/testdir/2025-03-21-XXX-1933763/4: Not a directory
rm: cannot remove 'main': No such file or directory
rm: cannot remove 'results.txt': No such file or directory
make: *** No targets specified and no makefile found.  Stop.
mv: cannot stat 'results.txt': No such file or directory
End run student 2025-03-21-XXX-1933763, exercise 4, test 5

Begin run  student 2025-03-21-XXX-1894899, exercise 4, test 5
rm: cannot remove 'main': No such file or directory
rm: cannot remove 'results.txt': No such file or directory
make: *** No targets specified and no makefile found.  Stop.
mv: cannot stat 'results.txt': No such file or directory
End run student 2025-03-21-XXX-1894899, exercise 4, test 5

Begin run  student 2025-03-21-XXX-2087530, exercise 4, test 5
g++ -Wall -Wextra -O2 -std=c++17 -c main.cpp -o main.o
g++ -Wall -Wextra -O2 -std=c++17 -o main main.o
End run student 2025-03-21-XXX-2087530, exercise 4, test 5

Begin run  student 2025-03-21-XXX-2049029, exercise 4, test 5
rm: cannot remove 'main': No such file or directory
rm: cannot remove 'results.txt': No such file or directory
make: *** No targets specified and no makefile found.  Stop.
mv: cannot stat 'results.txt': No such file or directory
End run student 2025-03-21-XXX-2049029, exercise 4, test 5

Begin run  student 2025-03-21-XXX-2059802, exercise 4, test 5
rm: cannot remove 'main': No such file or directory
rm: cannot remove 'results.txt': No such file or directory
g++ -lm -O3  -c ../mocc/stat.cpp -o ../mocc/stat.o
g++ -lm -O3  -c ../mocc/time.cpp -o ../mocc/time.o
g++ -lm -O3  -c data.cpp -o data.o
g++ -lm -O3  -c main.cpp -o main.o
main.cpp: In function ‘int main()’:
main.cpp:8:5: error: ‘Parameters’ was not declared in this scope
    8 |     Parameters prm;
      |     ^~~~~~~~~~
make: *** [Makefile:20: main.o] Error 1
mv: cannot stat 'results.txt': No such file or directory
End run student 2025-03-21-XXX-2059802, exercise 4, test 5

Begin run  student 2025-03-21-XXX-2061657, exercise 4, test 5
g++ main.cpp -o main
End run student 2025-03-21-XXX-2061657, exercise 4, test 5

Begin run  student 2025-03-21-XXX-2045337, exercise 4, test 5
g++ -Wall -Wextra -std=c++11 -O2 -o main main.cpp
End run student 2025-03-21-XXX-2045337, exercise 4, test 5

Begin run  student 2025-03-21-XXX-2086686, exercise 4, test 5
rm: cannot remove 'main': No such file or directory
g++ -lm -O3  -c main.cpp -o main.o
g++ -lm -O3  main.o -o main
End run student 2025-03-21-XXX-2086686, exercise 4, test 5

Begin run  student 2025-03-21-XXX-2085129, exercise 4, test 5
rm: cannot remove 'main': No such file or directory
g++ -Wall -O2 -std=c++11 -c main.cpp -o main.o
g++ -Wall -O2 -std=c++11 -o main main.o
End run student 2025-03-21-XXX-2085129, exercise 4, test 5

Begin run  student 2025-03-21-XXX-2010731, exercise 4, test 5
rm: cannot remove 'main': No such file or directory
rm: cannot remove 'results.txt': No such file or directory
g++ -lm -O3 -c ../utils/math.cpp -o ../utils/math.o
g++ -lm -O3 -c ../utils/time.cpp -o ../utils/time.o
g++ -lm -O3 ../utils/math.o ../utils/time.o -o main
/usr/bin/ld: /usr/lib/gcc/x86_64-linux-gnu/13/../../../x86_64-linux-gnu/Scrt1.o: in function `_start':
(.text+0x1b): undefined reference to `main'
collect2: error: ld returned 1 exit status
make: *** [Makefile:13: main] Error 1
mv: cannot stat 'results.txt': No such file or directory
End run student 2025-03-21-XXX-2010731, exercise 4, test 5

Begin run  student 2025-03-21-XXX-2067188, exercise 4, test 5
g++ -std=c++11 -Wall -O2 -o main main.cpp
End run student 2025-03-21-XXX-2067188, exercise 4, test 5

Begin run  student 2025-03-21-XXX-2063098, exercise 4, test 5
rm: cannot remove 'main': No such file or directory
rm: cannot remove 'results.txt': No such file or directory
make: *** No targets specified and no makefile found.  Stop.
mv: cannot stat 'results.txt': No such file or directory
End run student 2025-03-21-XXX-2063098, exercise 4, test 5

Begin run  student 2025-03-21-XXX-2059337, exercise 4, test 5
rm: cannot remove 'main': No such file or directory
rm: cannot remove 'results.txt': No such file or directory
make: *** No targets specified and no makefile found.  Stop.
mv: cannot stat 'results.txt': No such file or directory
End run student 2025-03-21-XXX-2059337, exercise 4, test 5

Begin run  student 2025-03-21-XXX-1933070, exercise 4, test 5
g++  -c -o simulator.o simulator.cpp -std=c++11 -I. -lm
g++  -o main simulator.o -std=c++11 -I. -lm
End run student 2025-03-21-XXX-1933070, exercise 4, test 5

Begin run  student 2025-03-21-XXX-1943337, exercise 4, test 5
rm: cannot remove 'main': No such file or directory
g++ -std=c++11 -Wall -c main.cpp -o main.o
g++ main.o -o simulation
mv: cannot stat 'results.txt': No such file or directory
End run student 2025-03-21-XXX-1943337, exercise 4, test 5

Begin run  student 2025-03-21-XXX-2006305, exercise 4, test 5
rm: cannot remove 'main': No such file or directory
g++ -lm -O3  main.cpp -o main
End run student 2025-03-21-XXX-2006305, exercise 4, test 5

Begin run  student 2025-03-21-XXX-2044147, exercise 4, test 5
g++ -std=c++11 -pthread -O2 -c main.cpp -o main.o
g++ -std=c++11 -pthread -O2 -o main main.o
End run student 2025-03-21-XXX-2044147, exercise 4, test 5

Begin run  student 2025-03-21-XXX-1944917, exercise 4, test 5
g++ -c -o main.o main.cpp -std=c++11 -I.  -lm 
g++ -o main main.o -std=c++11 -I.  -lm 
End run student 2025-03-21-XXX-1944917, exercise 4, test 5

Begin run  student 2025-03-21-XXX-1996623, exercise 4, test 5
rm: cannot remove 'main': No such file or directory
g++ -o main  -std=c++11 -I. -lm
/usr/bin/ld: /usr/lib/gcc/x86_64-linux-gnu/13/../../../x86_64-linux-gnu/Scrt1.o: in function `_start':
(.text+0x1b): undefined reference to `main'
collect2: error: ld returned 1 exit status
make: *** [Makefile:15: main] Error 1
mv: cannot stat 'results.txt': No such file or directory
End run student 2025-03-21-XXX-1996623, exercise 4, test 5

Begin run  student 2025-03-21-XXX-2047034, exercise 4, test 5
rm: cannot remove 'main': No such file or directory
g++ -lm -O3 ../lib/stat.cpp ../lib/system.cpp main.cpp -o "main"
End run student 2025-03-21-XXX-2047034, exercise 4, test 5

Begin run  student 2025-03-21-XXX-2058986, exercise 4, test 5
rm: cannot remove 'main': No such file or directory
g++ -lm -O3 -std=c++11 -c ../mocc/stat.cpp -o ../mocc/stat.o
g++ -lm -O3 -std=c++11 -c ../mocc/time.cpp -o ../mocc/time.o
g++ -lm -O3 -std=c++11 -c main.cpp -o main.o
g++ -lm -O3 -std=c++11 ../mocc/stat.o ../mocc/time.o main.o -o main
End run student 2025-03-21-XXX-2058986, exercise 4, test 5

Begin run  student 2025-03-21-XXX-2060444, exercise 4, test 5
rm: cannot remove 'main': No such file or directory
rm: cannot remove 'results.txt': No such file or directory
make: *** No targets specified and no makefile found.  Stop.
mv: cannot stat 'results.txt': No such file or directory
End run student 2025-03-21-XXX-2060444, exercise 4, test 5

Begin run  student 2025-03-21-XXX-2070317, exercise 4, test 5
./grade1stud1ex1test.sh: line 39: cd: /home/enrico/edata/tronci@di.uniroma1.it/enrico/teaching/EXAMS/software-engineering/cpp-grader/testdir/2025-03-21-XXX-2070317/4: Not a directory
rm: cannot remove 'main': No such file or directory
rm: cannot remove 'results.txt': No such file or directory
make: *** No targets specified and no makefile found.  Stop.
mv: cannot stat 'results.txt': No such file or directory
End run student 2025-03-21-XXX-2070317, exercise 4, test 5

Begin run  student 2025-03-21-XXX-2046738, exercise 4, test 5
g++  -c -o es4.o es4.cpp -std=c++11 -I.  -lm 
g++  -o main es4.o -std=c++11 -I.  -lm 
End run student 2025-03-21-XXX-2046738, exercise 4, test 5

Begin run  student 2025-03-21-XXX-2046000, exercise 4, test 5
g++ -c -o main.o main.cpp -std=c++11 -I.  -lm 
g++ -o main main.o -std=c++11 -I.  -lm 
End run student 2025-03-21-XXX-2046000, exercise 4, test 5

Begin run  student 2025-03-21-XXX-2043415, exercise 4, test 5
g++ -c -o customer.o customer.cpp -std=c++11 -I.  -lm -static
g++ -c -o main.o main.cpp -std=c++11 -I.  -lm -static
g++ -c -o randgen.o randgen.cpp -std=c++11 -I.  -lm -static
g++ -o main customer.o main.o randgen.o -std=c++11 -I.  -lm -static; rm *.o;
End run student 2025-03-21-XXX-2043415, exercise 4, test 5

Begin run  student 2025-03-21-XXX-2043364, exercise 4, test 5
rm: cannot remove 'main': No such file or directory
rm: cannot remove 'results.txt': No such file or directory
g++ -lm -O3  -c main.cpp -o main.o
g++ -lm -O3  main.o -o main
End run student 2025-03-21-XXX-2043364, exercise 4, test 5

Begin run  student 2025-03-21-XXX-2044032, exercise 4, test 5
g++ -Wall -std=c++11 main.cpp -o main
End run student 2025-03-21-XXX-2044032, exercise 4, test 5

Begin run  student 2025-03-21-XXX-2009905, exercise 4, test 5
rm: cannot remove 'main': No such file or directory
rm: cannot remove 'results.txt': No such file or directory
make: *** No targets specified and no makefile found.  Stop.
mv: cannot stat 'results.txt': No such file or directory
End run student 2025-03-21-XXX-2009905, exercise 4, test 5

Begin run  student 2025-03-21-XXX-2069217, exercise 4, test 5
g++ -Wall -O2 -std=c++11 -o main main.cpp
End run student 2025-03-21-XXX-2069217, exercise 4, test 5

Begin run  student 2025-03-21-XXX-1994583, exercise 4, test 5
g++ -std=c++11 -Wall -O2 -o main main.cpp
End run student 2025-03-21-XXX-1994583, exercise 4, test 5

Begin run  student 2025-03-21-XXX-2025557, exercise 4, test 5
./grade1stud1ex1test.sh: line 39: cd: /home/enrico/edata/tronci@di.uniroma1.it/enrico/teaching/EXAMS/software-engineering/cpp-grader/testdir/2025-03-21-XXX-2025557/4: Not a directory
rm: cannot remove 'main': No such file or directory
rm: cannot remove 'results.txt': No such file or directory
make: *** No targets specified and no makefile found.  Stop.
mv: cannot stat 'results.txt': No such file or directory
End run student 2025-03-21-XXX-2025557, exercise 4, test 5

Begin run  student 2025-03-21-XXX-2048130, exercise 4, test 5
rm: cannot remove 'main': No such file or directory
g++ -Wall -Wextra -O2 -std=c++11 -lm -c main.cpp
g++ -Wall -Wextra -O2 -std=c++11 -lm -o main main.o
End run student 2025-03-21-XXX-2048130, exercise 4, test 5

Begin run  student 2025-03-21-XXX-1987495, exercise 4, test 5
g++ -c -o ex4.o ex4.cpp -std=c++11 -I.  -lm 
g++ -o main ex4.o -std=c++11 -I.  -lm 
End run student 2025-03-21-XXX-1987495, exercise 4, test 5

Begin run  student 2025-03-21-XXX-2087310, exercise 4, test 5
rm: cannot remove 'main': No such file or directory
rm: cannot remove 'results.txt': No such file or directory
make: *** No targets specified and no makefile found.  Stop.
mv: cannot stat 'results.txt': No such file or directory
End run student 2025-03-21-XXX-2087310, exercise 4, test 5

Begin run  student 2025-03-21-XXX-1919026, exercise 4, test 5
rm: cannot remove 'main': No such file or directory
g++ -O3 -Wall -Wextra -pedantic -I ./include/ -std=c++17 -lm main.cpp src/Parameters.cpp src/VecUtils.cpp src/DB.cpp src/Server.cpp src/Customer.cpp src/Supplier.cpp src/Simulation.cpp -o main
End run student 2025-03-21-XXX-1919026, exercise 4, test 5

Begin run  student 2025-03-21-XXX-2086047, exercise 4, test 5
rm: cannot remove 'main': No such file or directory
g++ -std=c++17 -Wall -Wextra -O2 -c main.cpp -o main.o
g++ -std=c++17 -Wall -Wextra -O2 -o main main.o
End run student 2025-03-21-XXX-2086047, exercise 4, test 5

Begin run  student 2025-03-21-XXX-2087359, exercise 4, test 5
rm: cannot remove 'main': No such file or directory
rm: cannot remove 'results.txt': No such file or directory
make: *** No targets specified and no makefile found.  Stop.
mv: cannot stat 'results.txt': No such file or directory
End run student 2025-03-21-XXX-2087359, exercise 4, test 5

Begin run  student 2025-03-21-XXX-2068434, exercise 4, test 5
rm: cannot remove 'main': No such file or directory
g++  -c -o main.o main.cpp -std=c++11 -I. -lm
g++  -o main main.o -std=c++11 -I. -lm
End run student 2025-03-21-XXX-2068434, exercise 4, test 5

Begin run  student 2025-03-21-XXX-2046758, exercise 4, test 5
g++ -lm -O3  -c main.cpp -o main.o
g++ -lm -O3  main.o -o main
End run student 2025-03-21-XXX-2046758, exercise 4, test 5

Begin run  student 2025-03-21-XXX-1857898, exercise 4, test 5
g++ -c -o main.o main.cpp -std=c++11 -I.  -lm 
g++ -o main main.o -std=c++11 -I.  -lm 
End run student 2025-03-21-XXX-1857898, exercise 4, test 5

Begin run  student 2025-03-21-XXX-2051659, exercise 4, test 5
rm: cannot remove 'main': No such file or directory
rm: cannot remove 'results.txt': No such file or directory
g++ -c -o main.o main.cpp -std=c++11 -I.  -lm 
g++ -o main main.o -std=c++11 -I.  -lm 
End run student 2025-03-21-XXX-2051659, exercise 4, test 5

Begin run  student 2025-03-21-XXX-2014782, exercise 4, test 5
rm: cannot remove 'results.txt': No such file or directory
g++ -c -o ex4.o ex4.cpp -std=c++11 -I.  -lm 
g++ -o main ex4.o -std=c++11 -I.  -lm 
End run student 2025-03-21-XXX-2014782, exercise 4, test 5

Begin run  student 2025-03-21-XXX-2046501, exercise 4, test 5
rm: cannot remove 'main': No such file or directory
g++  -c -o simulator.o simulator.cpp -std=c++11 -I.  -lm 
g++  -o main simulator.o -std=c++11 -I.  -lm 
End run student 2025-03-21-XXX-2046501, exercise 4, test 5

Begin run  student 2025-03-21-XXX-2083011, exercise 4, test 5
rm: cannot remove 'main': No such file or directory
g++ -c main.cpp -o main.o -std=c++11 -Wall -Wextra -O2
g++ -o main main.o -std=c++11 -Wall -Wextra -O2
End run student 2025-03-21-XXX-2083011, exercise 4, test 5

Begin run  student 2025-03-21-XXX-2034930, exercise 4, test 5
./grade1stud1ex1test.sh: line 39: cd: /home/enrico/edata/tronci@di.uniroma1.it/enrico/teaching/EXAMS/software-engineering/cpp-grader/testdir/2025-03-21-XXX-2034930/4: Not a directory
rm: cannot remove 'main': No such file or directory
rm: cannot remove 'results.txt': No such file or directory
make: *** No targets specified and no makefile found.  Stop.
mv: cannot stat 'results.txt': No such file or directory
End run student 2025-03-21-XXX-2034930, exercise 4, test 5

Begin run  student 2025-03-21-XXX-2021689, exercise 4, test 5
./grade1stud1ex1test.sh: line 39: cd: /home/enrico/edata/tronci@di.uniroma1.it/enrico/teaching/EXAMS/software-engineering/cpp-grader/testdir/2025-03-21-XXX-2021689/4: Not a directory
rm: cannot remove 'main': No such file or directory
rm: cannot remove 'results.txt': No such file or directory
make: *** No targets specified and no makefile found.  Stop.
mv: cannot stat 'results.txt': No such file or directory
End run student 2025-03-21-XXX-2021689, exercise 4, test 5

Begin run  student 2025-03-21-XXX-1960045, exercise 4, test 5
g++  -c -o ex4.o ex4.cpp -std=c++11 -I. -lm
g++  -o main ex4.o -std=c++11 -I. -lm
End run student 2025-03-21-XXX-1960045, exercise 4, test 5

Begin run  student 2025-03-21-XXX-2002583, exercise 4, test 5
rm: cannot remove 'main': No such file or directory
rm: cannot remove 'results.txt': No such file or directory
g++ -c -o main.o main.cpp -std=c++11 -I.  -lm 
In file included from main.cpp:5:
parameters.hpp:3:14: error: uninitialized ‘const HORIZON’ [-fpermissive]
    3 | const size_t HORIZON;
      |              ^~~~~~~
main.cpp: In function ‘int main()’:
main.cpp:14:31: error: ‘avg’ was not declared in this scope
   14 |                 parameters >> avg;
      |                               ^~~
main.cpp:16:31: error: ‘var’ was not declared in this scope
   16 |                 parameters >> var;
      |                               ^~~
main.cpp:22:5: error: ‘Stopwatch’ was not declared in this scope
   22 |     Stopwatch stopwatch(delta);
      |     ^~~~~~~~~
main.cpp:24:12: error: ‘stopwatch’ was not declared in this scope
   24 |     while (stopwatch.elapsed() <= HORIZON)
      |            ^~~~~~~~~
make: *** [Makefile:12: main.o] Error 1
mv: cannot stat 'results.txt': No such file or directory
End run student 2025-03-21-XXX-2002583, exercise 4, test 5

Begin run  student 2025-03-21-XXX-2046790, exercise 4, test 5
rm: cannot remove 'main': No such file or directory
g++ -c main.cpp -o main.o
g++ main.o -o main
End run student 2025-03-21-XXX-2046790, exercise 4, test 5

Begin run  student 2025-03-21-XXX-1844504, exercise 4, test 5
rm: cannot remove 'main': No such file or directory
g++ -std=c++11 -Wall -O2 -o main main.cpp
End run student 2025-03-21-XXX-1844504, exercise 4, test 5

Begin run  student 2025-03-21-XXX-1884714, exercise 4, test 5
rm: cannot remove 'main': No such file or directory
g++ -std=c++11 -Wall -O2 -o main main.cpp
End run student 2025-03-21-XXX-1884714, exercise 4, test 5

