Log for exercise 1
Running student 2025-02-05-XXX-2046542, exercise 1, test 1
rm: cannot remove 'main': No such file or directory
g++ -Wall -Wextra -std=c++17 -O2   -c -o main.o main.cpp
g++ -Wall -Wextra -std=c++17 -O2 -c drone.cpp -o drone.o
g++ -Wall -Wextra -std=c++17 -O2 -c monitor.cpp -o monitor.o
g++ -Wall -Wextra -std=c++17 -O2 -o main main.o drone.o monitor.o
mv: cannot stat 'results.txt': No such file or directory
Running student 2025-02-05-XXX-2041850, exercise 1, test 1
rm: cannot remove 'main': No such file or directory
g++ -lm -O3 -std=c++11 -c ../mocc/stat.cpp -o ../mocc/stat.o
g++ -lm -O3 -std=c++11 -c ../mocc/time.cpp -o ../mocc/time.o
g++ -lm -O3 -std=c++11 -c main.cpp -o main.o
In file included from main.cpp:2:
monitor.hpp: In member function ‘void Monitor::update(const std::vector<Drone>&, size_t)’:
monitor.hpp:33:22: warning: structured bindings only available with ‘-std=c++17’ or ‘-std=gnu++17’ [-Wc++17-extensions]
   33 |                 auto [dx, dy] = d.get_position();
      |                      ^
g++ -lm -O3 -std=c++11 ../mocc/stat.o ../mocc/time.o main.o -o main
Running student 2025-02-05-XXX-2083154, exercise 1, test 1
rm: cannot remove 'main': No such file or directory
g++ -lm -O3 -c monitor.cpp -o monitor.o
g++ -lm -O3 -c simulation.cpp -o simulation.o
g++ -lm -O3 -c main.cpp -o main.o
g++ -lm -O3 -c drone.cpp -o drone.o
g++ -lm -O3 monitor.o simulation.o main.o drone.o -o main
Running student 2025-02-05-XXX-1760206, exercise 1, test 1
g++ -Wall -Wextra -std=c++11 -c main.cpp
g++ -Wall -Wextra -std=c++11 -o main main.o
Running student 2025-02-05-XXX-2047604, exercise 1, test 1
rm: cannot remove 'main': No such file or directory
g++ -std=c++11 -Wall -O2 -c main.cpp -o main.o
g++ -std=c++11 -Wall -O2 -o main main.o
Running student 2025-02-05-XXX-2045899, exercise 1, test 1
g++ -lm -O3  -c main.cpp -o main.o
g++ -lm -O3  main.o -o main
Running student 2025-02-05-XXX-1810132, exercise 1, test 1
./grade1stud1ex1test.sh: line 39: cd: /home/enrico/edata/tronci@di.uniroma1.it/enrico/teaching/EXAMS/software-engineering/cpp-grader/testdir/2025-02-05-XXX-1810132/1: Not a directory
rm: cannot remove 'main': No such file or directory
make: *** No targets specified and no makefile found.  Stop.
mv: cannot stat 'results.txt': No such file or directory
Running student 2025-02-05-XXX-2047145, exercise 1, test 1
g++ -lm -O3  -c ../mocc/time.cpp -o ../mocc/time.o
g++ -lm -O3  -c ../mocc/math.cpp -o ../mocc/math.o
g++ -lm -O3  -c main.cpp -o main.o
g++ -lm -O3  ../mocc/time.o ../mocc/math.o main.o -o main
Running student 2025-02-05-XXX-2015518, exercise 1, test 1
rm: cannot remove 'main': No such file or directory
g++ -c -o simulation.o simulation.cpp -std=c++11 -I.  -lm 
g++ -o main simulation.o -std=c++11 -I.  -lm 
Running student 2025-02-05-XXX-2050059, exercise 1, test 1
rm: cannot remove 'main': No such file or directory
g++ -lm -O3 -c main.cpp -o main.o
g++ -lm -O3 main.o -o main
Running student 2025-02-05-Antonio-Rosati-2066344, exercise 1, test 1
./grade1stud1ex1test.sh: line 39: cd: /home/enrico/edata/tronci@di.uniroma1.it/enrico/teaching/EXAMS/software-engineering/cpp-grader/testdir/2025-02-05-Antonio-Rosati-2066344/1: Not a directory
rm: cannot remove 'main': No such file or directory
make: *** No targets specified and no makefile found.  Stop.
mv: cannot stat 'results.txt': No such file or directory
Running student 2025-02-05-XXX-1888625, exercise 1, test 1
g++ -std=c++11 -Wall -Wextra -c main.cpp -o main.o
g++ main.o -o main
Running student 2025-02-05-XXX-1771849, exercise 1, test 1
rm: cannot remove 'main': No such file or directory
g++ -lm -O3 -c main.cpp -o main.o
g++ -lm -O3 main.o -o main
Running student 2025-02-05-XXX-2058986, exercise 1, test 1
rm: cannot remove 'main': No such file or directory
g++ -lm -O3 -std=c++11 -c ../mocc/stat.cpp -o ../mocc/stat.o
g++ -lm -O3 -std=c++11 -c ../mocc/time.cpp -o ../mocc/time.o
g++ -lm -O3 -std=c++11 -c main.cpp -o main.o
In file included from main.cpp:2:
drone.hpp:8:10: fatal error: xlocale/_stdio.h: No such file or directory
    8 | #include <xlocale/_stdio.h>
      |          ^~~~~~~~~~~~~~~~~~
compilation terminated.
make: *** [Makefile:15: main.o] Error 1
Running student 2025-02-05-XXX-2059802, exercise 1, test 1
rm: cannot remove 'main': No such file or directory
g++ -lm -O3  -c point.cpp -o point.o
g++ -lm -O3  -c main.cpp -o main.o
g++ -lm -O3  -c drone.cpp -o drone.o
g++ -lm -O3  point.o main.o drone.o -o main
/usr/bin/ld: main.o: in function `main':
main.cpp:(.text.startup+0x10f): undefined reference to `Stopwatch::Stopwatch(double)'
/usr/bin/ld: main.cpp:(.text.startup+0x5f6): undefined reference to `Stopwatch::tick()'
/usr/bin/ld: main.cpp:(.text.startup+0x600): undefined reference to `Stopwatch::elapsed()'
collect2: error: ld returned 1 exit status
make: *** [Makefile:14: main] Error 1
mv: cannot stat 'results.txt': No such file or directory
Running student 2025-02-05-XXX-2062810, exercise 1, test 1
g++ -c -o simulation.o simulation.cpp -std=c++11 -I.  -lm 
g++ -c -o main.o main.cpp -std=c++11 -I.  -lm 
g++ -c -o drone.o drone.cpp -std=c++11 -I.  -lm 
g++ -o main simulation.o main.o drone.o -std=c++11 -I.  -lm 
Running student 2025-02-05-XXX-2045928, exercise 1, test 1
g++                        -std=c++17 -Wall -Wextra -O2   -c main.cpp -o main.o
g++                        -std=c++17 -Wall -Wextra -O2   -o main main.o
Running student 2025-02-05-XXX-2066523, exercise 1, test 1
rm: cannot remove 'main': No such file or directory
make: *** No targets specified and no makefile found.  Stop.
mv: cannot stat 'results.txt': No such file or directory
Running student 2025-02-05-XXX-2063098, exercise 1, test 1
rm: cannot remove 'main': No such file or directory
g++ -lm -O3  -c main.cpp -o main.o
g++ -lm -O3  main.o -o main
Running student 2025-02-05-XXX-2060085, exercise 1, test 1
g++ -c -o main.o main.cpp -std=c++11 -I.  -lm 
g++ -c -o drone.o drone.cpp -std=c++11 -I.  -lm 
g++ -o main main.o drone.o -std=c++11 -I.  -lm 
Running student 2025-02-05-XXX-2046475, exercise 1, test 1
g++ -Wall -Wextra -O3 -std=c++11 -c main.cpp -o main.o
g++ -Wall -Wextra -O3 -std=c++11 -o main main.o
Running student 2025-02-05-XXX-1986385, exercise 1, test 1
rm: cannot remove 'main': No such file or directory
g++ -c main.cpp -o main.o -std=c++11 -Wall -Wextra -O2
g++ -o main main.o -std=c++11 -Wall -Wextra -O2
Running student 2025-02-05-XXX-2046000, exercise 1, test 1
g++ -c -o stat.o stat.cpp -std=c++11 -I.  -lm 
g++ -c -o monitor_point.o monitor_point.cpp -std=c++11 -I.  -lm 
g++ -c -o parameters.o parameters.cpp -std=c++11 -I.  -lm 
g++ -c -o main.o main.cpp -std=c++11 -I.  -lm 
g++ -c -o drone.o drone.cpp -std=c++11 -I.  -lm 
g++ -o main stat.o monitor_point.o parameters.o main.o drone.o -std=c++11 -I.  -lm 
Running student 2025-02-05-XXX-2060573, exercise 1, test 1
g++ -c -o main.o main.cpp -std=c++11 -I.  -lm 
g++ -o main main.o -std=c++11 -I.  -lm 
Running student 2025-02-05-XXX-204432, exercise 1, test 1
rm: cannot remove 'main': No such file or directory
g++ -Wall -std=c++11 es1.cpp -o main
es1.cpp: In member function ‘bool SimulazioneDrone::leggiParametri(const std::string&)’:
es1.cpp:48:38: error: no matching function for call to ‘std::vector<PuntiMonitorati>::push_back(<brace-enclosed initializer list>)’
   48 |             puntiMonitorati.push_back({mp, 0.0});
      |             ~~~~~~~~~~~~~~~~~~~~~~~~~^~~~~~~~~~~
In file included from /usr/include/c++/13/vector:66,
                 from es1.cpp:2:
/usr/include/c++/13/bits/stl_vector.h:1278:7: note: candidate: ‘void std::vector<_Tp, _Alloc>::push_back(const value_type&) [with _Tp = PuntiMonitorati; _Alloc = std::allocator<PuntiMonitorati>; value_type = PuntiMonitorati]’
 1278 |       push_back(const value_type& __x)
      |       ^~~~~~~~~
/usr/include/c++/13/bits/stl_vector.h:1278:35: note:   no known conversion for argument 1 from ‘<brace-enclosed initializer list>’ to ‘const std::vector<PuntiMonitorati>::value_type&’ {aka ‘const PuntiMonitorati&’}
 1278 |       push_back(const value_type& __x)
      |                 ~~~~~~~~~~~~~~~~~~^~~
/usr/include/c++/13/bits/stl_vector.h:1295:7: note: candidate: ‘void std::vector<_Tp, _Alloc>::push_back(value_type&&) [with _Tp = PuntiMonitorati; _Alloc = std::allocator<PuntiMonitorati>; value_type = PuntiMonitorati]’
 1295 |       push_back(value_type&& __x)
      |       ^~~~~~~~~
/usr/include/c++/13/bits/stl_vector.h:1295:30: note:   no known conversion for argument 1 from ‘<brace-enclosed initializer list>’ to ‘std::vector<PuntiMonitorati>::value_type&&’ {aka ‘PuntiMonitorati&&’}
 1295 |       push_back(value_type&& __x)
      |                 ~~~~~~~~~~~~~^~~
make: *** [Makefile:5: main] Error 1
mv: cannot stat 'results.txt': No such file or directory
Running student 2025-02-05-XXX-2045982, exercise 1, test 1
rm: cannot remove 'main': No such file or directory
g++ -lm -O3  -c stat.cpp -o stat.o
g++ -lm -O3  -c main.cpp -o main.o
g++ -lm -O3  stat.o main.o -o main
Running student 2025-02-05-XXX-1994583, exercise 1, test 1
rm: cannot remove 'main': No such file or directory
make: *** No targets specified and no makefile found.  Stop.
Running student 2025-02-05-XXX-2046212, exercise 1, test 1
g++ main.cpp -o main
Running student 2025-02-05-XXX-2182157, exercise 1, test 1
rm: cannot remove 'main': No such file or directory
g++ -O3 -std=c++17 -Wall -Wextra -pedantic -c main.cpp -o main.o
g++ -O3 -std=c++17 -Wall -Wextra -pedantic -c drone.cpp -o drone.o
g++ -O3 -std=c++17 -Wall -Wextra -pedantic main.o drone.o -o main
Running student 2025-02-05-XXX-2009650, exercise 1, test 1
rm: cannot remove 'main': No such file or directory
g++ -c -o simulator.o simulator.cpp -std=c++11 -I.  -lm 
g++ -o main simulator.o -std=c++11 -I.  -lm 
./grade1stud1ex1test.sh: line 43: 244315 Segmentation fault      timeout -k 60 60s ./main 1>&$1.$2.$3.log
Running student 2025-02-05-XXX-2046234, exercise 1, test 1
rm: cannot remove 'main': No such file or directory
make: *** No targets specified and no makefile found.  Stop.
mv: cannot stat 'results.txt': No such file or directory
Running student 2025-02-05-XXX-2086047, exercise 1, test 1
rm: cannot remove 'main': No such file or directory
g++ -std=c++17 -Wall -Wextra -O2 -c main.cpp -o main.o
main.cpp:9:10: fatal error: ../libreria/mocc.hpp: No such file or directory
    9 | #include "../libreria/mocc.hpp"
      |          ^~~~~~~~~~~~~~~~~~~~~~
compilation terminated.
make: *** [Makefile:19: main.o] Error 1
Running student 2025-02-05-XXX-2043878, exercise 1, test 1
g++ -Wall -std=c++11 ex1.cpp -o main
Running student 2025-02-05-XXX-2025352, exercise 1, test 1
rm: cannot remove 'main': No such file or directory
g++ -std=c++11 -Wall -static-libgcc -static-libstdc++ -c main.cpp
g++ -std=c++11 -Wall -static-libgcc -static-libstdc++ -o main main.o
Running student 2025-02-05-XXX-1895077, exercise 1, test 1
g++ -std=c++17 -Wall -c main.cpp -o main.o
g++ -std=c++17 -Wall -o main main.o
Running student 2025-02-05-XXX-2042904, exercise 1, test 1
rm: cannot remove 'main': No such file or directory
g++ -c -o simulator.o simulator.cpp -std=c++11 -I.  -lm 
g++ -c -o drone.o drone.cpp -std=c++11 -I.  -lm 
g++ -o main simulator.o drone.o -std=c++11 -I.  -lm 
Running student 2025-02-05-XXX-2046501, exercise 1, test 1
rm: cannot remove 'main': No such file or directory
g++-14  -c -o simulator.o simulator.cpp -std=c++11 -I.
make: g++-14: Command not found
make: *** [Makefile:12: simulator.o] Error 127
Running student 2025-02-05-XXX-2083011, exercise 1, test 1
rm: cannot remove 'main': No such file or directory
c++ -Wall -Wextra -std=c++17 -O2 -c main.cpp -o main.o
c++ -Wall -Wextra -std=c++17 -O2 -o main.exe main.o
Running student 2025-02-05-XXX-2034930, exercise 1, test 1
./grade1stud1ex1test.sh: line 39: cd: /home/enrico/edata/tronci@di.uniroma1.it/enrico/teaching/EXAMS/software-engineering/cpp-grader/testdir/2025-02-05-XXX-2034930/1: Not a directory
rm: cannot remove 'main': No such file or directory
make: *** No targets specified and no makefile found.  Stop.
mv: cannot stat 'results.txt': No such file or directory
Running student 2025-02-05-XXX-2061343, exercise 1, test 1
g++ -lm -O3 main.cpp -o main
Running student 2025-02-05-XXX-2052800, exercise 1, test 1
rm: cannot remove 'main': No such file or directory
g++ -Wall -Wextra -std=c++11 -o main main.cpp  
Running student 2025-02-05-XXX-1884714, exercise 1, test 1
rm: cannot remove 'main': No such file or directory
make: *** No targets specified and no makefile found.  Stop.
Running student 2025-02-05-XXX-1884742, exercise 1, test 1
rm: cannot remove 'main': No such file or directory
g++ -std=c++11 -Wall -O2 -o main main.cpp
Running student 2025-02-05-XXX-2046542, exercise 1, test 2
rm: cannot remove 'main': No such file or directory
g++ -Wall -Wextra -std=c++17 -O2   -c -o main.o main.cpp
g++ -Wall -Wextra -std=c++17 -O2 -c drone.cpp -o drone.o
g++ -Wall -Wextra -std=c++17 -O2 -c monitor.cpp -o monitor.o
g++ -Wall -Wextra -std=c++17 -O2 -o main main.o drone.o monitor.o
mv: cannot stat 'results.txt': No such file or directory
Running student 2025-02-05-XXX-2041850, exercise 1, test 2
rm: cannot remove 'main': No such file or directory
g++ -lm -O3 -std=c++11 -c ../mocc/stat.cpp -o ../mocc/stat.o
g++ -lm -O3 -std=c++11 -c ../mocc/time.cpp -o ../mocc/time.o
g++ -lm -O3 -std=c++11 -c main.cpp -o main.o
In file included from main.cpp:2:
monitor.hpp: In member function ‘void Monitor::update(const std::vector<Drone>&, size_t)’:
monitor.hpp:33:22: warning: structured bindings only available with ‘-std=c++17’ or ‘-std=gnu++17’ [-Wc++17-extensions]
   33 |                 auto [dx, dy] = d.get_position();
      |                      ^
g++ -lm -O3 -std=c++11 ../mocc/stat.o ../mocc/time.o main.o -o main
Running student 2025-02-05-XXX-2083154, exercise 1, test 2
rm: cannot remove 'main': No such file or directory
g++ -lm -O3 -c monitor.cpp -o monitor.o
g++ -lm -O3 -c simulation.cpp -o simulation.o
g++ -lm -O3 -c main.cpp -o main.o
g++ -lm -O3 -c drone.cpp -o drone.o
g++ -lm -O3 monitor.o simulation.o main.o drone.o -o main
Running student 2025-02-05-XXX-1760206, exercise 1, test 2
g++ -Wall -Wextra -std=c++11 -c main.cpp
g++ -Wall -Wextra -std=c++11 -o main main.o
Running student 2025-02-05-XXX-2047604, exercise 1, test 2
rm: cannot remove 'main': No such file or directory
g++ -std=c++11 -Wall -O2 -c main.cpp -o main.o
g++ -std=c++11 -Wall -O2 -o main main.o
Running student 2025-02-05-XXX-2045899, exercise 1, test 2
g++ -lm -O3  -c main.cpp -o main.o
g++ -lm -O3  main.o -o main
Running student 2025-02-05-XXX-1810132, exercise 1, test 2
./grade1stud1ex1test.sh: line 39: cd: /home/enrico/edata/tronci@di.uniroma1.it/enrico/teaching/EXAMS/software-engineering/cpp-grader/testdir/2025-02-05-XXX-1810132/1: Not a directory
rm: cannot remove 'main': No such file or directory
make: *** No targets specified and no makefile found.  Stop.
mv: cannot stat 'results.txt': No such file or directory
Running student 2025-02-05-XXX-2047145, exercise 1, test 2
g++ -lm -O3  -c ../mocc/time.cpp -o ../mocc/time.o
g++ -lm -O3  -c ../mocc/math.cpp -o ../mocc/math.o
g++ -lm -O3  -c main.cpp -o main.o
g++ -lm -O3  ../mocc/time.o ../mocc/math.o main.o -o main
Running student 2025-02-05-XXX-2015518, exercise 1, test 2
rm: cannot remove 'main': No such file or directory
g++ -c -o simulation.o simulation.cpp -std=c++11 -I.  -lm 
g++ -o main simulation.o -std=c++11 -I.  -lm 
Running student 2025-02-05-XXX-2050059, exercise 1, test 2
rm: cannot remove 'main': No such file or directory
g++ -lm -O3 -c main.cpp -o main.o
g++ -lm -O3 main.o -o main
Running student 2025-02-05-Antonio-Rosati-2066344, exercise 1, test 2
./grade1stud1ex1test.sh: line 39: cd: /home/enrico/edata/tronci@di.uniroma1.it/enrico/teaching/EXAMS/software-engineering/cpp-grader/testdir/2025-02-05-Antonio-Rosati-2066344/1: Not a directory
rm: cannot remove 'main': No such file or directory
make: *** No targets specified and no makefile found.  Stop.
mv: cannot stat 'results.txt': No such file or directory
Running student 2025-02-05-XXX-1888625, exercise 1, test 2
g++ -std=c++11 -Wall -Wextra -c main.cpp -o main.o
g++ main.o -o main
Running student 2025-02-05-XXX-1771849, exercise 1, test 2
rm: cannot remove 'main': No such file or directory
g++ -lm -O3 -c main.cpp -o main.o
g++ -lm -O3 main.o -o main
Running student 2025-02-05-XXX-2058986, exercise 1, test 2
rm: cannot remove 'main': No such file or directory
g++ -lm -O3 -std=c++11 -c ../mocc/stat.cpp -o ../mocc/stat.o
g++ -lm -O3 -std=c++11 -c ../mocc/time.cpp -o ../mocc/time.o
g++ -lm -O3 -std=c++11 -c main.cpp -o main.o
In file included from main.cpp:2:
drone.hpp:8:10: fatal error: xlocale/_stdio.h: No such file or directory
    8 | #include <xlocale/_stdio.h>
      |          ^~~~~~~~~~~~~~~~~~
compilation terminated.
make: *** [Makefile:15: main.o] Error 1
Running student 2025-02-05-XXX-2059802, exercise 1, test 2
rm: cannot remove 'main': No such file or directory
g++ -lm -O3  -c point.cpp -o point.o
g++ -lm -O3  -c main.cpp -o main.o
g++ -lm -O3  -c drone.cpp -o drone.o
g++ -lm -O3  point.o main.o drone.o -o main
/usr/bin/ld: main.o: in function `main':
main.cpp:(.text.startup+0x10f): undefined reference to `Stopwatch::Stopwatch(double)'
/usr/bin/ld: main.cpp:(.text.startup+0x5f6): undefined reference to `Stopwatch::tick()'
/usr/bin/ld: main.cpp:(.text.startup+0x600): undefined reference to `Stopwatch::elapsed()'
collect2: error: ld returned 1 exit status
make: *** [Makefile:14: main] Error 1
mv: cannot stat 'results.txt': No such file or directory
Running student 2025-02-05-XXX-2062810, exercise 1, test 2
g++ -c -o simulation.o simulation.cpp -std=c++11 -I.  -lm 
g++ -c -o main.o main.cpp -std=c++11 -I.  -lm 
g++ -c -o drone.o drone.cpp -std=c++11 -I.  -lm 
g++ -o main simulation.o main.o drone.o -std=c++11 -I.  -lm 
Running student 2025-02-05-XXX-2045928, exercise 1, test 2
g++                        -std=c++17 -Wall -Wextra -O2   -c main.cpp -o main.o
g++                        -std=c++17 -Wall -Wextra -O2   -o main main.o
Running student 2025-02-05-XXX-2066523, exercise 1, test 2
rm: cannot remove 'main': No such file or directory
make: *** No targets specified and no makefile found.  Stop.
mv: cannot stat 'results.txt': No such file or directory
Running student 2025-02-05-XXX-2063098, exercise 1, test 2
rm: cannot remove 'main': No such file or directory
g++ -lm -O3  -c main.cpp -o main.o
g++ -lm -O3  main.o -o main
Running student 2025-02-05-XXX-2060085, exercise 1, test 2
g++ -c -o main.o main.cpp -std=c++11 -I.  -lm 
g++ -c -o drone.o drone.cpp -std=c++11 -I.  -lm 
g++ -o main main.o drone.o -std=c++11 -I.  -lm 
Running student 2025-02-05-XXX-2046475, exercise 1, test 2
g++ -Wall -Wextra -O3 -std=c++11 -c main.cpp -o main.o
g++ -Wall -Wextra -O3 -std=c++11 -o main main.o
Running student 2025-02-05-XXX-1986385, exercise 1, test 2
rm: cannot remove 'main': No such file or directory
g++ -c main.cpp -o main.o -std=c++11 -Wall -Wextra -O2
g++ -o main main.o -std=c++11 -Wall -Wextra -O2
Running student 2025-02-05-XXX-2046000, exercise 1, test 2
g++ -c -o stat.o stat.cpp -std=c++11 -I.  -lm 
g++ -c -o monitor_point.o monitor_point.cpp -std=c++11 -I.  -lm 
g++ -c -o parameters.o parameters.cpp -std=c++11 -I.  -lm 
g++ -c -o main.o main.cpp -std=c++11 -I.  -lm 
g++ -c -o drone.o drone.cpp -std=c++11 -I.  -lm 
g++ -o main stat.o monitor_point.o parameters.o main.o drone.o -std=c++11 -I.  -lm 
Running student 2025-02-05-XXX-2060573, exercise 1, test 2
g++ -c -o main.o main.cpp -std=c++11 -I.  -lm 
g++ -o main main.o -std=c++11 -I.  -lm 
Running student 2025-02-05-XXX-204432, exercise 1, test 2
rm: cannot remove 'main': No such file or directory
g++ -Wall -std=c++11 es1.cpp -o main
es1.cpp: In member function ‘bool SimulazioneDrone::leggiParametri(const std::string&)’:
es1.cpp:48:38: error: no matching function for call to ‘std::vector<PuntiMonitorati>::push_back(<brace-enclosed initializer list>)’
   48 |             puntiMonitorati.push_back({mp, 0.0});
      |             ~~~~~~~~~~~~~~~~~~~~~~~~~^~~~~~~~~~~
In file included from /usr/include/c++/13/vector:66,
                 from es1.cpp:2:
/usr/include/c++/13/bits/stl_vector.h:1278:7: note: candidate: ‘void std::vector<_Tp, _Alloc>::push_back(const value_type&) [with _Tp = PuntiMonitorati; _Alloc = std::allocator<PuntiMonitorati>; value_type = PuntiMonitorati]’
 1278 |       push_back(const value_type& __x)
      |       ^~~~~~~~~
/usr/include/c++/13/bits/stl_vector.h:1278:35: note:   no known conversion for argument 1 from ‘<brace-enclosed initializer list>’ to ‘const std::vector<PuntiMonitorati>::value_type&’ {aka ‘const PuntiMonitorati&’}
 1278 |       push_back(const value_type& __x)
      |                 ~~~~~~~~~~~~~~~~~~^~~
/usr/include/c++/13/bits/stl_vector.h:1295:7: note: candidate: ‘void std::vector<_Tp, _Alloc>::push_back(value_type&&) [with _Tp = PuntiMonitorati; _Alloc = std::allocator<PuntiMonitorati>; value_type = PuntiMonitorati]’
 1295 |       push_back(value_type&& __x)
      |       ^~~~~~~~~
/usr/include/c++/13/bits/stl_vector.h:1295:30: note:   no known conversion for argument 1 from ‘<brace-enclosed initializer list>’ to ‘std::vector<PuntiMonitorati>::value_type&&’ {aka ‘PuntiMonitorati&&’}
 1295 |       push_back(value_type&& __x)
      |                 ~~~~~~~~~~~~~^~~
make: *** [Makefile:5: main] Error 1
mv: cannot stat 'results.txt': No such file or directory
Running student 2025-02-05-XXX-2045982, exercise 1, test 2
rm: cannot remove 'main': No such file or directory
g++ -lm -O3  -c stat.cpp -o stat.o
g++ -lm -O3  -c main.cpp -o main.o
g++ -lm -O3  stat.o main.o -o main
Running student 2025-02-05-XXX-1994583, exercise 1, test 2
rm: cannot remove 'main': No such file or directory
make: *** No targets specified and no makefile found.  Stop.
Running student 2025-02-05-XXX-2046212, exercise 1, test 2
g++ main.cpp -o main
Running student 2025-02-05-XXX-2182157, exercise 1, test 2
rm: cannot remove 'main': No such file or directory
g++ -O3 -std=c++17 -Wall -Wextra -pedantic -c main.cpp -o main.o
g++ -O3 -std=c++17 -Wall -Wextra -pedantic -c drone.cpp -o drone.o
g++ -O3 -std=c++17 -Wall -Wextra -pedantic main.o drone.o -o main
Running student 2025-02-05-XXX-2009650, exercise 1, test 2
rm: cannot remove 'main': No such file or directory
g++ -c -o simulator.o simulator.cpp -std=c++11 -I.  -lm 
g++ -o main simulator.o -std=c++11 -I.  -lm 
./grade1stud1ex1test.sh: line 43: 245486 Segmentation fault      timeout -k 60 60s ./main 1>&$1.$2.$3.log
Running student 2025-02-05-XXX-2046234, exercise 1, test 2
rm: cannot remove 'main': No such file or directory
make: *** No targets specified and no makefile found.  Stop.
mv: cannot stat 'results.txt': No such file or directory
Running student 2025-02-05-XXX-2086047, exercise 1, test 2
rm: cannot remove 'main': No such file or directory
g++ -std=c++17 -Wall -Wextra -O2 -c main.cpp -o main.o
main.cpp:9:10: fatal error: ../libreria/mocc.hpp: No such file or directory
    9 | #include "../libreria/mocc.hpp"
      |          ^~~~~~~~~~~~~~~~~~~~~~
compilation terminated.
make: *** [Makefile:19: main.o] Error 1
Running student 2025-02-05-XXX-2043878, exercise 1, test 2
g++ -Wall -std=c++11 ex1.cpp -o main
Running student 2025-02-05-XXX-2025352, exercise 1, test 2
rm: cannot remove 'main': No such file or directory
g++ -std=c++11 -Wall -static-libgcc -static-libstdc++ -c main.cpp
g++ -std=c++11 -Wall -static-libgcc -static-libstdc++ -o main main.o
Running student 2025-02-05-XXX-1895077, exercise 1, test 2
g++ -std=c++17 -Wall -c main.cpp -o main.o
g++ -std=c++17 -Wall -o main main.o
Running student 2025-02-05-XXX-2042904, exercise 1, test 2
rm: cannot remove 'main': No such file or directory
g++ -c -o simulator.o simulator.cpp -std=c++11 -I.  -lm 
g++ -c -o drone.o drone.cpp -std=c++11 -I.  -lm 
g++ -o main simulator.o drone.o -std=c++11 -I.  -lm 
Running student 2025-02-05-XXX-2046501, exercise 1, test 2
rm: cannot remove 'main': No such file or directory
g++-14  -c -o simulator.o simulator.cpp -std=c++11 -I.
make: g++-14: Command not found
make: *** [Makefile:12: simulator.o] Error 127
Running student 2025-02-05-XXX-2083011, exercise 1, test 2
rm: cannot remove 'main': No such file or directory
c++ -Wall -Wextra -std=c++17 -O2 -c main.cpp -o main.o
c++ -Wall -Wextra -std=c++17 -O2 -o main.exe main.o
Running student 2025-02-05-XXX-2034930, exercise 1, test 2
./grade1stud1ex1test.sh: line 39: cd: /home/enrico/edata/tronci@di.uniroma1.it/enrico/teaching/EXAMS/software-engineering/cpp-grader/testdir/2025-02-05-XXX-2034930/1: Not a directory
rm: cannot remove 'main': No such file or directory
make: *** No targets specified and no makefile found.  Stop.
mv: cannot stat 'results.txt': No such file or directory
Running student 2025-02-05-XXX-2061343, exercise 1, test 2
g++ -lm -O3 main.cpp -o main
Running student 2025-02-05-XXX-2052800, exercise 1, test 2
rm: cannot remove 'main': No such file or directory
g++ -Wall -Wextra -std=c++11 -o main main.cpp  
Running student 2025-02-05-XXX-1884714, exercise 1, test 2
rm: cannot remove 'main': No such file or directory
make: *** No targets specified and no makefile found.  Stop.
Running student 2025-02-05-XXX-1884742, exercise 1, test 2
rm: cannot remove 'main': No such file or directory
g++ -std=c++11 -Wall -O2 -o main main.cpp
Running student 2025-02-05-XXX-2046542, exercise 1, test 3
rm: cannot remove 'main': No such file or directory
g++ -Wall -Wextra -std=c++17 -O2   -c -o main.o main.cpp
g++ -Wall -Wextra -std=c++17 -O2 -c drone.cpp -o drone.o
g++ -Wall -Wextra -std=c++17 -O2 -c monitor.cpp -o monitor.o
g++ -Wall -Wextra -std=c++17 -O2 -o main main.o drone.o monitor.o
mv: cannot stat 'results.txt': No such file or directory
Running student 2025-02-05-XXX-2041850, exercise 1, test 3
rm: cannot remove 'main': No such file or directory
g++ -lm -O3 -std=c++11 -c ../mocc/stat.cpp -o ../mocc/stat.o
g++ -lm -O3 -std=c++11 -c ../mocc/time.cpp -o ../mocc/time.o
g++ -lm -O3 -std=c++11 -c main.cpp -o main.o
In file included from main.cpp:2:
monitor.hpp: In member function ‘void Monitor::update(const std::vector<Drone>&, size_t)’:
monitor.hpp:33:22: warning: structured bindings only available with ‘-std=c++17’ or ‘-std=gnu++17’ [-Wc++17-extensions]
   33 |                 auto [dx, dy] = d.get_position();
      |                      ^
g++ -lm -O3 -std=c++11 ../mocc/stat.o ../mocc/time.o main.o -o main
Running student 2025-02-05-XXX-2083154, exercise 1, test 3
rm: cannot remove 'main': No such file or directory
g++ -lm -O3 -c monitor.cpp -o monitor.o
g++ -lm -O3 -c simulation.cpp -o simulation.o
g++ -lm -O3 -c main.cpp -o main.o
g++ -lm -O3 -c drone.cpp -o drone.o
g++ -lm -O3 monitor.o simulation.o main.o drone.o -o main
Running student 2025-02-05-XXX-1760206, exercise 1, test 3
g++ -Wall -Wextra -std=c++11 -c main.cpp
g++ -Wall -Wextra -std=c++11 -o main main.o
Running student 2025-02-05-XXX-2047604, exercise 1, test 3
rm: cannot remove 'main': No such file or directory
g++ -std=c++11 -Wall -O2 -c main.cpp -o main.o
g++ -std=c++11 -Wall -O2 -o main main.o
Running student 2025-02-05-XXX-2045899, exercise 1, test 3
g++ -lm -O3  -c main.cpp -o main.o
g++ -lm -O3  main.o -o main
Running student 2025-02-05-XXX-1810132, exercise 1, test 3
./grade1stud1ex1test.sh: line 39: cd: /home/enrico/edata/tronci@di.uniroma1.it/enrico/teaching/EXAMS/software-engineering/cpp-grader/testdir/2025-02-05-XXX-1810132/1: Not a directory
rm: cannot remove 'main': No such file or directory
make: *** No targets specified and no makefile found.  Stop.
mv: cannot stat 'results.txt': No such file or directory
Running student 2025-02-05-XXX-2047145, exercise 1, test 3
g++ -lm -O3  -c ../mocc/time.cpp -o ../mocc/time.o
g++ -lm -O3  -c ../mocc/math.cpp -o ../mocc/math.o
g++ -lm -O3  -c main.cpp -o main.o
g++ -lm -O3  ../mocc/time.o ../mocc/math.o main.o -o main
Running student 2025-02-05-XXX-2015518, exercise 1, test 3
rm: cannot remove 'main': No such file or directory
g++ -c -o simulation.o simulation.cpp -std=c++11 -I.  -lm 
g++ -o main simulation.o -std=c++11 -I.  -lm 
Running student 2025-02-05-XXX-2050059, exercise 1, test 3
rm: cannot remove 'main': No such file or directory
g++ -lm -O3 -c main.cpp -o main.o
g++ -lm -O3 main.o -o main
Running student 2025-02-05-Antonio-Rosati-2066344, exercise 1, test 3
./grade1stud1ex1test.sh: line 39: cd: /home/enrico/edata/tronci@di.uniroma1.it/enrico/teaching/EXAMS/software-engineering/cpp-grader/testdir/2025-02-05-Antonio-Rosati-2066344/1: Not a directory
rm: cannot remove 'main': No such file or directory
make: *** No targets specified and no makefile found.  Stop.
mv: cannot stat 'results.txt': No such file or directory
Running student 2025-02-05-XXX-1888625, exercise 1, test 3
g++ -std=c++11 -Wall -Wextra -c main.cpp -o main.o
g++ main.o -o main
Running student 2025-02-05-XXX-1771849, exercise 1, test 3
rm: cannot remove 'main': No such file or directory
g++ -lm -O3 -c main.cpp -o main.o
g++ -lm -O3 main.o -o main
Running student 2025-02-05-XXX-2058986, exercise 1, test 3
rm: cannot remove 'main': No such file or directory
g++ -lm -O3 -std=c++11 -c ../mocc/stat.cpp -o ../mocc/stat.o
g++ -lm -O3 -std=c++11 -c ../mocc/time.cpp -o ../mocc/time.o
g++ -lm -O3 -std=c++11 -c main.cpp -o main.o
In file included from main.cpp:2:
drone.hpp:8:10: fatal error: xlocale/_stdio.h: No such file or directory
    8 | #include <xlocale/_stdio.h>
      |          ^~~~~~~~~~~~~~~~~~
compilation terminated.
make: *** [Makefile:15: main.o] Error 1
Running student 2025-02-05-XXX-2059802, exercise 1, test 3
rm: cannot remove 'main': No such file or directory
g++ -lm -O3  -c point.cpp -o point.o
g++ -lm -O3  -c main.cpp -o main.o
g++ -lm -O3  -c drone.cpp -o drone.o
g++ -lm -O3  point.o main.o drone.o -o main
/usr/bin/ld: main.o: in function `main':
main.cpp:(.text.startup+0x10f): undefined reference to `Stopwatch::Stopwatch(double)'
/usr/bin/ld: main.cpp:(.text.startup+0x5f6): undefined reference to `Stopwatch::tick()'
/usr/bin/ld: main.cpp:(.text.startup+0x600): undefined reference to `Stopwatch::elapsed()'
collect2: error: ld returned 1 exit status
make: *** [Makefile:14: main] Error 1
mv: cannot stat 'results.txt': No such file or directory
Running student 2025-02-05-XXX-2062810, exercise 1, test 3
g++ -c -o simulation.o simulation.cpp -std=c++11 -I.  -lm 
g++ -c -o main.o main.cpp -std=c++11 -I.  -lm 
g++ -c -o drone.o drone.cpp -std=c++11 -I.  -lm 
g++ -o main simulation.o main.o drone.o -std=c++11 -I.  -lm 
Running student 2025-02-05-XXX-2045928, exercise 1, test 3
g++                        -std=c++17 -Wall -Wextra -O2   -c main.cpp -o main.o
g++                        -std=c++17 -Wall -Wextra -O2   -o main main.o
Running student 2025-02-05-XXX-2066523, exercise 1, test 3
rm: cannot remove 'main': No such file or directory
make: *** No targets specified and no makefile found.  Stop.
mv: cannot stat 'results.txt': No such file or directory
Running student 2025-02-05-XXX-2063098, exercise 1, test 3
rm: cannot remove 'main': No such file or directory
g++ -lm -O3  -c main.cpp -o main.o
g++ -lm -O3  main.o -o main
Running student 2025-02-05-XXX-2060085, exercise 1, test 3
g++ -c -o main.o main.cpp -std=c++11 -I.  -lm 
g++ -c -o drone.o drone.cpp -std=c++11 -I.  -lm 
g++ -o main main.o drone.o -std=c++11 -I.  -lm 
Running student 2025-02-05-XXX-2046475, exercise 1, test 3
g++ -Wall -Wextra -O3 -std=c++11 -c main.cpp -o main.o
g++ -Wall -Wextra -O3 -std=c++11 -o main main.o
Running student 2025-02-05-XXX-1986385, exercise 1, test 3
rm: cannot remove 'main': No such file or directory
g++ -c main.cpp -o main.o -std=c++11 -Wall -Wextra -O2
g++ -o main main.o -std=c++11 -Wall -Wextra -O2
Running student 2025-02-05-XXX-2046000, exercise 1, test 3
g++ -c -o stat.o stat.cpp -std=c++11 -I.  -lm 
g++ -c -o monitor_point.o monitor_point.cpp -std=c++11 -I.  -lm 
g++ -c -o parameters.o parameters.cpp -std=c++11 -I.  -lm 
g++ -c -o main.o main.cpp -std=c++11 -I.  -lm 
g++ -c -o drone.o drone.cpp -std=c++11 -I.  -lm 
g++ -o main stat.o monitor_point.o parameters.o main.o drone.o -std=c++11 -I.  -lm 
Running student 2025-02-05-XXX-2060573, exercise 1, test 3
g++ -c -o main.o main.cpp -std=c++11 -I.  -lm 
g++ -o main main.o -std=c++11 -I.  -lm 
Running student 2025-02-05-XXX-204432, exercise 1, test 3
rm: cannot remove 'main': No such file or directory
g++ -Wall -std=c++11 es1.cpp -o main
es1.cpp: In member function ‘bool SimulazioneDrone::leggiParametri(const std::string&)’:
es1.cpp:48:38: error: no matching function for call to ‘std::vector<PuntiMonitorati>::push_back(<brace-enclosed initializer list>)’
   48 |             puntiMonitorati.push_back({mp, 0.0});
      |             ~~~~~~~~~~~~~~~~~~~~~~~~~^~~~~~~~~~~
In file included from /usr/include/c++/13/vector:66,
                 from es1.cpp:2:
/usr/include/c++/13/bits/stl_vector.h:1278:7: note: candidate: ‘void std::vector<_Tp, _Alloc>::push_back(const value_type&) [with _Tp = PuntiMonitorati; _Alloc = std::allocator<PuntiMonitorati>; value_type = PuntiMonitorati]’
 1278 |       push_back(const value_type& __x)
      |       ^~~~~~~~~
/usr/include/c++/13/bits/stl_vector.h:1278:35: note:   no known conversion for argument 1 from ‘<brace-enclosed initializer list>’ to ‘const std::vector<PuntiMonitorati>::value_type&’ {aka ‘const PuntiMonitorati&’}
 1278 |       push_back(const value_type& __x)
      |                 ~~~~~~~~~~~~~~~~~~^~~
/usr/include/c++/13/bits/stl_vector.h:1295:7: note: candidate: ‘void std::vector<_Tp, _Alloc>::push_back(value_type&&) [with _Tp = PuntiMonitorati; _Alloc = std::allocator<PuntiMonitorati>; value_type = PuntiMonitorati]’
 1295 |       push_back(value_type&& __x)
      |       ^~~~~~~~~
/usr/include/c++/13/bits/stl_vector.h:1295:30: note:   no known conversion for argument 1 from ‘<brace-enclosed initializer list>’ to ‘std::vector<PuntiMonitorati>::value_type&&’ {aka ‘PuntiMonitorati&&’}
 1295 |       push_back(value_type&& __x)
      |                 ~~~~~~~~~~~~~^~~
make: *** [Makefile:5: main] Error 1
mv: cannot stat 'results.txt': No such file or directory
Running student 2025-02-05-XXX-2045982, exercise 1, test 3
rm: cannot remove 'main': No such file or directory
g++ -lm -O3  -c stat.cpp -o stat.o
g++ -lm -O3  -c main.cpp -o main.o
g++ -lm -O3  stat.o main.o -o main
Running student 2025-02-05-XXX-1994583, exercise 1, test 3
rm: cannot remove 'main': No such file or directory
make: *** No targets specified and no makefile found.  Stop.
Running student 2025-02-05-XXX-2046212, exercise 1, test 3
g++ main.cpp -o main
Running student 2025-02-05-XXX-2182157, exercise 1, test 3
rm: cannot remove 'main': No such file or directory
g++ -O3 -std=c++17 -Wall -Wextra -pedantic -c main.cpp -o main.o
g++ -O3 -std=c++17 -Wall -Wextra -pedantic -c drone.cpp -o drone.o
g++ -O3 -std=c++17 -Wall -Wextra -pedantic main.o drone.o -o main
Running student 2025-02-05-XXX-2009650, exercise 1, test 3
rm: cannot remove 'main': No such file or directory
g++ -c -o simulator.o simulator.cpp -std=c++11 -I.  -lm 
g++ -o main simulator.o -std=c++11 -I.  -lm 
./grade1stud1ex1test.sh: line 43: 246519 Segmentation fault      timeout -k 60 60s ./main 1>&$1.$2.$3.log
Running student 2025-02-05-XXX-2046234, exercise 1, test 3
rm: cannot remove 'main': No such file or directory
make: *** No targets specified and no makefile found.  Stop.
mv: cannot stat 'results.txt': No such file or directory
Running student 2025-02-05-XXX-2086047, exercise 1, test 3
rm: cannot remove 'main': No such file or directory
g++ -std=c++17 -Wall -Wextra -O2 -c main.cpp -o main.o
main.cpp:9:10: fatal error: ../libreria/mocc.hpp: No such file or directory
    9 | #include "../libreria/mocc.hpp"
      |          ^~~~~~~~~~~~~~~~~~~~~~
compilation terminated.
make: *** [Makefile:19: main.o] Error 1
Running student 2025-02-05-XXX-2043878, exercise 1, test 3
g++ -Wall -std=c++11 ex1.cpp -o main
Running student 2025-02-05-XXX-2025352, exercise 1, test 3
rm: cannot remove 'main': No such file or directory
g++ -std=c++11 -Wall -static-libgcc -static-libstdc++ -c main.cpp
g++ -std=c++11 -Wall -static-libgcc -static-libstdc++ -o main main.o
Running student 2025-02-05-XXX-1895077, exercise 1, test 3
g++ -std=c++17 -Wall -c main.cpp -o main.o
g++ -std=c++17 -Wall -o main main.o
Running student 2025-02-05-XXX-2042904, exercise 1, test 3
rm: cannot remove 'main': No such file or directory
g++ -c -o simulator.o simulator.cpp -std=c++11 -I.  -lm 
g++ -c -o drone.o drone.cpp -std=c++11 -I.  -lm 
g++ -o main simulator.o drone.o -std=c++11 -I.  -lm 
Running student 2025-02-05-XXX-2046501, exercise 1, test 3
rm: cannot remove 'main': No such file or directory
g++-14  -c -o simulator.o simulator.cpp -std=c++11 -I.
make: g++-14: Command not found
make: *** [Makefile:12: simulator.o] Error 127
Running student 2025-02-05-XXX-2083011, exercise 1, test 3
rm: cannot remove 'main': No such file or directory
c++ -Wall -Wextra -std=c++17 -O2 -c main.cpp -o main.o
c++ -Wall -Wextra -std=c++17 -O2 -o main.exe main.o
Running student 2025-02-05-XXX-2034930, exercise 1, test 3
./grade1stud1ex1test.sh: line 39: cd: /home/enrico/edata/tronci@di.uniroma1.it/enrico/teaching/EXAMS/software-engineering/cpp-grader/testdir/2025-02-05-XXX-2034930/1: Not a directory
rm: cannot remove 'main': No such file or directory
make: *** No targets specified and no makefile found.  Stop.
mv: cannot stat 'results.txt': No such file or directory
Running student 2025-02-05-XXX-2061343, exercise 1, test 3
g++ -lm -O3 main.cpp -o main
Running student 2025-02-05-XXX-2052800, exercise 1, test 3
rm: cannot remove 'main': No such file or directory
g++ -Wall -Wextra -std=c++11 -o main main.cpp  
Running student 2025-02-05-XXX-1884714, exercise 1, test 3
rm: cannot remove 'main': No such file or directory
make: *** No targets specified and no makefile found.  Stop.
Running student 2025-02-05-XXX-1884742, exercise 1, test 3
rm: cannot remove 'main': No such file or directory
g++ -std=c++11 -Wall -O2 -o main main.cpp
Running student 2025-02-05-XXX-2046542, exercise 1, test 4
rm: cannot remove 'main': No such file or directory
g++ -Wall -Wextra -std=c++17 -O2   -c -o main.o main.cpp
g++ -Wall -Wextra -std=c++17 -O2 -c drone.cpp -o drone.o
g++ -Wall -Wextra -std=c++17 -O2 -c monitor.cpp -o monitor.o
g++ -Wall -Wextra -std=c++17 -O2 -o main main.o drone.o monitor.o
mv: cannot stat 'results.txt': No such file or directory
Running student 2025-02-05-XXX-2041850, exercise 1, test 4
rm: cannot remove 'main': No such file or directory
g++ -lm -O3 -std=c++11 -c ../mocc/stat.cpp -o ../mocc/stat.o
g++ -lm -O3 -std=c++11 -c ../mocc/time.cpp -o ../mocc/time.o
g++ -lm -O3 -std=c++11 -c main.cpp -o main.o
In file included from main.cpp:2:
monitor.hpp: In member function ‘void Monitor::update(const std::vector<Drone>&, size_t)’:
monitor.hpp:33:22: warning: structured bindings only available with ‘-std=c++17’ or ‘-std=gnu++17’ [-Wc++17-extensions]
   33 |                 auto [dx, dy] = d.get_position();
      |                      ^
g++ -lm -O3 -std=c++11 ../mocc/stat.o ../mocc/time.o main.o -o main
Running student 2025-02-05-XXX-2083154, exercise 1, test 4
rm: cannot remove 'main': No such file or directory
g++ -lm -O3 -c monitor.cpp -o monitor.o
g++ -lm -O3 -c simulation.cpp -o simulation.o
g++ -lm -O3 -c main.cpp -o main.o
g++ -lm -O3 -c drone.cpp -o drone.o
g++ -lm -O3 monitor.o simulation.o main.o drone.o -o main
Running student 2025-02-05-XXX-1760206, exercise 1, test 4
g++ -Wall -Wextra -std=c++11 -c main.cpp
g++ -Wall -Wextra -std=c++11 -o main main.o
Running student 2025-02-05-XXX-2047604, exercise 1, test 4
rm: cannot remove 'main': No such file or directory
g++ -std=c++11 -Wall -O2 -c main.cpp -o main.o
g++ -std=c++11 -Wall -O2 -o main main.o
Running student 2025-02-05-XXX-2045899, exercise 1, test 4
g++ -lm -O3  -c main.cpp -o main.o
g++ -lm -O3  main.o -o main
Running student 2025-02-05-XXX-1810132, exercise 1, test 4
./grade1stud1ex1test.sh: line 39: cd: /home/enrico/edata/tronci@di.uniroma1.it/enrico/teaching/EXAMS/software-engineering/cpp-grader/testdir/2025-02-05-XXX-1810132/1: Not a directory
rm: cannot remove 'main': No such file or directory
make: *** No targets specified and no makefile found.  Stop.
mv: cannot stat 'results.txt': No such file or directory
Running student 2025-02-05-XXX-2047145, exercise 1, test 4
g++ -lm -O3  -c ../mocc/time.cpp -o ../mocc/time.o
g++ -lm -O3  -c ../mocc/math.cpp -o ../mocc/math.o
g++ -lm -O3  -c main.cpp -o main.o
g++ -lm -O3  ../mocc/time.o ../mocc/math.o main.o -o main
Running student 2025-02-05-XXX-2015518, exercise 1, test 4
rm: cannot remove 'main': No such file or directory
g++ -c -o simulation.o simulation.cpp -std=c++11 -I.  -lm 
g++ -o main simulation.o -std=c++11 -I.  -lm 
Running student 2025-02-05-XXX-2050059, exercise 1, test 4
rm: cannot remove 'main': No such file or directory
g++ -lm -O3 -c main.cpp -o main.o
g++ -lm -O3 main.o -o main
Running student 2025-02-05-Antonio-Rosati-2066344, exercise 1, test 4
./grade1stud1ex1test.sh: line 39: cd: /home/enrico/edata/tronci@di.uniroma1.it/enrico/teaching/EXAMS/software-engineering/cpp-grader/testdir/2025-02-05-Antonio-Rosati-2066344/1: Not a directory
rm: cannot remove 'main': No such file or directory
make: *** No targets specified and no makefile found.  Stop.
mv: cannot stat 'results.txt': No such file or directory
Running student 2025-02-05-XXX-1888625, exercise 1, test 4
g++ -std=c++11 -Wall -Wextra -c main.cpp -o main.o
g++ main.o -o main
Running student 2025-02-05-XXX-1771849, exercise 1, test 4
rm: cannot remove 'main': No such file or directory
g++ -lm -O3 -c main.cpp -o main.o
g++ -lm -O3 main.o -o main
Running student 2025-02-05-XXX-2058986, exercise 1, test 4
rm: cannot remove 'main': No such file or directory
g++ -lm -O3 -std=c++11 -c ../mocc/stat.cpp -o ../mocc/stat.o
g++ -lm -O3 -std=c++11 -c ../mocc/time.cpp -o ../mocc/time.o
g++ -lm -O3 -std=c++11 -c main.cpp -o main.o
In file included from main.cpp:2:
drone.hpp:8:10: fatal error: xlocale/_stdio.h: No such file or directory
    8 | #include <xlocale/_stdio.h>
      |          ^~~~~~~~~~~~~~~~~~
compilation terminated.
make: *** [Makefile:15: main.o] Error 1
Running student 2025-02-05-XXX-2059802, exercise 1, test 4
rm: cannot remove 'main': No such file or directory
g++ -lm -O3  -c point.cpp -o point.o
g++ -lm -O3  -c main.cpp -o main.o
g++ -lm -O3  -c drone.cpp -o drone.o
g++ -lm -O3  point.o main.o drone.o -o main
/usr/bin/ld: main.o: in function `main':
main.cpp:(.text.startup+0x10f): undefined reference to `Stopwatch::Stopwatch(double)'
/usr/bin/ld: main.cpp:(.text.startup+0x5f6): undefined reference to `Stopwatch::tick()'
/usr/bin/ld: main.cpp:(.text.startup+0x600): undefined reference to `Stopwatch::elapsed()'
collect2: error: ld returned 1 exit status
make: *** [Makefile:14: main] Error 1
mv: cannot stat 'results.txt': No such file or directory
Running student 2025-02-05-XXX-2062810, exercise 1, test 4
g++ -c -o simulation.o simulation.cpp -std=c++11 -I.  -lm 
g++ -c -o main.o main.cpp -std=c++11 -I.  -lm 
g++ -c -o drone.o drone.cpp -std=c++11 -I.  -lm 
g++ -o main simulation.o main.o drone.o -std=c++11 -I.  -lm 
Running student 2025-02-05-XXX-2045928, exercise 1, test 4
g++                        -std=c++17 -Wall -Wextra -O2   -c main.cpp -o main.o
g++                        -std=c++17 -Wall -Wextra -O2   -o main main.o
Running student 2025-02-05-XXX-2066523, exercise 1, test 4
rm: cannot remove 'main': No such file or directory
make: *** No targets specified and no makefile found.  Stop.
mv: cannot stat 'results.txt': No such file or directory
Running student 2025-02-05-XXX-2063098, exercise 1, test 4
rm: cannot remove 'main': No such file or directory
g++ -lm -O3  -c main.cpp -o main.o
g++ -lm -O3  main.o -o main
Running student 2025-02-05-XXX-2060085, exercise 1, test 4
g++ -c -o main.o main.cpp -std=c++11 -I.  -lm 
g++ -c -o drone.o drone.cpp -std=c++11 -I.  -lm 
g++ -o main main.o drone.o -std=c++11 -I.  -lm 
Running student 2025-02-05-XXX-2046475, exercise 1, test 4
g++ -Wall -Wextra -O3 -std=c++11 -c main.cpp -o main.o
g++ -Wall -Wextra -O3 -std=c++11 -o main main.o
Running student 2025-02-05-XXX-1986385, exercise 1, test 4
rm: cannot remove 'main': No such file or directory
g++ -c main.cpp -o main.o -std=c++11 -Wall -Wextra -O2
g++ -o main main.o -std=c++11 -Wall -Wextra -O2
Running student 2025-02-05-XXX-2046000, exercise 1, test 4
g++ -c -o stat.o stat.cpp -std=c++11 -I.  -lm 
g++ -c -o monitor_point.o monitor_point.cpp -std=c++11 -I.  -lm 
g++ -c -o parameters.o parameters.cpp -std=c++11 -I.  -lm 
g++ -c -o main.o main.cpp -std=c++11 -I.  -lm 
g++ -c -o drone.o drone.cpp -std=c++11 -I.  -lm 
g++ -o main stat.o monitor_point.o parameters.o main.o drone.o -std=c++11 -I.  -lm 
Running student 2025-02-05-XXX-2060573, exercise 1, test 4
g++ -c -o main.o main.cpp -std=c++11 -I.  -lm 
g++ -o main main.o -std=c++11 -I.  -lm 
Running student 2025-02-05-XXX-204432, exercise 1, test 4
rm: cannot remove 'main': No such file or directory
g++ -Wall -std=c++11 es1.cpp -o main
es1.cpp: In member function ‘bool SimulazioneDrone::leggiParametri(const std::string&)’:
es1.cpp:48:38: error: no matching function for call to ‘std::vector<PuntiMonitorati>::push_back(<brace-enclosed initializer list>)’
   48 |             puntiMonitorati.push_back({mp, 0.0});
      |             ~~~~~~~~~~~~~~~~~~~~~~~~~^~~~~~~~~~~
In file included from /usr/include/c++/13/vector:66,
                 from es1.cpp:2:
/usr/include/c++/13/bits/stl_vector.h:1278:7: note: candidate: ‘void std::vector<_Tp, _Alloc>::push_back(const value_type&) [with _Tp = PuntiMonitorati; _Alloc = std::allocator<PuntiMonitorati>; value_type = PuntiMonitorati]’
 1278 |       push_back(const value_type& __x)
      |       ^~~~~~~~~
/usr/include/c++/13/bits/stl_vector.h:1278:35: note:   no known conversion for argument 1 from ‘<brace-enclosed initializer list>’ to ‘const std::vector<PuntiMonitorati>::value_type&’ {aka ‘const PuntiMonitorati&’}
 1278 |       push_back(const value_type& __x)
      |                 ~~~~~~~~~~~~~~~~~~^~~
/usr/include/c++/13/bits/stl_vector.h:1295:7: note: candidate: ‘void std::vector<_Tp, _Alloc>::push_back(value_type&&) [with _Tp = PuntiMonitorati; _Alloc = std::allocator<PuntiMonitorati>; value_type = PuntiMonitorati]’
 1295 |       push_back(value_type&& __x)
      |       ^~~~~~~~~
/usr/include/c++/13/bits/stl_vector.h:1295:30: note:   no known conversion for argument 1 from ‘<brace-enclosed initializer list>’ to ‘std::vector<PuntiMonitorati>::value_type&&’ {aka ‘PuntiMonitorati&&’}
 1295 |       push_back(value_type&& __x)
      |                 ~~~~~~~~~~~~~^~~
make: *** [Makefile:5: main] Error 1
mv: cannot stat 'results.txt': No such file or directory
Running student 2025-02-05-XXX-2045982, exercise 1, test 4
rm: cannot remove 'main': No such file or directory
g++ -lm -O3  -c stat.cpp -o stat.o
g++ -lm -O3  -c main.cpp -o main.o
g++ -lm -O3  stat.o main.o -o main
Running student 2025-02-05-XXX-1994583, exercise 1, test 4
rm: cannot remove 'main': No such file or directory
make: *** No targets specified and no makefile found.  Stop.
Running student 2025-02-05-XXX-2046212, exercise 1, test 4
g++ main.cpp -o main
Running student 2025-02-05-XXX-2182157, exercise 1, test 4
rm: cannot remove 'main': No such file or directory
g++ -O3 -std=c++17 -Wall -Wextra -pedantic -c main.cpp -o main.o
g++ -O3 -std=c++17 -Wall -Wextra -pedantic -c drone.cpp -o drone.o
g++ -O3 -std=c++17 -Wall -Wextra -pedantic main.o drone.o -o main
Running student 2025-02-05-XXX-2009650, exercise 1, test 4
rm: cannot remove 'main': No such file or directory
g++ -c -o simulator.o simulator.cpp -std=c++11 -I.  -lm 
g++ -o main simulator.o -std=c++11 -I.  -lm 
./grade1stud1ex1test.sh: line 43: 247447 Segmentation fault      timeout -k 60 60s ./main 1>&$1.$2.$3.log
Running student 2025-02-05-XXX-2046234, exercise 1, test 4
rm: cannot remove 'main': No such file or directory
make: *** No targets specified and no makefile found.  Stop.
mv: cannot stat 'results.txt': No such file or directory
Running student 2025-02-05-XXX-2086047, exercise 1, test 4
rm: cannot remove 'main': No such file or directory
g++ -std=c++17 -Wall -Wextra -O2 -c main.cpp -o main.o
main.cpp:9:10: fatal error: ../libreria/mocc.hpp: No such file or directory
    9 | #include "../libreria/mocc.hpp"
      |          ^~~~~~~~~~~~~~~~~~~~~~
compilation terminated.
make: *** [Makefile:19: main.o] Error 1
Running student 2025-02-05-XXX-2043878, exercise 1, test 4
g++ -Wall -std=c++11 ex1.cpp -o main
Running student 2025-02-05-XXX-2025352, exercise 1, test 4
rm: cannot remove 'main': No such file or directory
g++ -std=c++11 -Wall -static-libgcc -static-libstdc++ -c main.cpp
g++ -std=c++11 -Wall -static-libgcc -static-libstdc++ -o main main.o
Running student 2025-02-05-XXX-1895077, exercise 1, test 4
g++ -std=c++17 -Wall -c main.cpp -o main.o
g++ -std=c++17 -Wall -o main main.o
Running student 2025-02-05-XXX-2042904, exercise 1, test 4
rm: cannot remove 'main': No such file or directory
g++ -c -o simulator.o simulator.cpp -std=c++11 -I.  -lm 
g++ -c -o drone.o drone.cpp -std=c++11 -I.  -lm 
g++ -o main simulator.o drone.o -std=c++11 -I.  -lm 
Running student 2025-02-05-XXX-2046501, exercise 1, test 4
rm: cannot remove 'main': No such file or directory
g++-14  -c -o simulator.o simulator.cpp -std=c++11 -I.
make: g++-14: Command not found
make: *** [Makefile:12: simulator.o] Error 127
Running student 2025-02-05-XXX-2083011, exercise 1, test 4
rm: cannot remove 'main': No such file or directory
c++ -Wall -Wextra -std=c++17 -O2 -c main.cpp -o main.o
c++ -Wall -Wextra -std=c++17 -O2 -o main.exe main.o
Running student 2025-02-05-XXX-2034930, exercise 1, test 4
./grade1stud1ex1test.sh: line 39: cd: /home/enrico/edata/tronci@di.uniroma1.it/enrico/teaching/EXAMS/software-engineering/cpp-grader/testdir/2025-02-05-XXX-2034930/1: Not a directory
rm: cannot remove 'main': No such file or directory
make: *** No targets specified and no makefile found.  Stop.
mv: cannot stat 'results.txt': No such file or directory
Running student 2025-02-05-XXX-2061343, exercise 1, test 4
g++ -lm -O3 main.cpp -o main
Running student 2025-02-05-XXX-2052800, exercise 1, test 4
rm: cannot remove 'main': No such file or directory
g++ -Wall -Wextra -std=c++11 -o main main.cpp  
Running student 2025-02-05-XXX-1884714, exercise 1, test 4
rm: cannot remove 'main': No such file or directory
make: *** No targets specified and no makefile found.  Stop.
Running student 2025-02-05-XXX-1884742, exercise 1, test 4
rm: cannot remove 'main': No such file or directory
g++ -std=c++11 -Wall -O2 -o main main.cpp
Running student 2025-02-05-XXX-2046542, exercise 1, test 5
rm: cannot remove 'main': No such file or directory
g++ -Wall -Wextra -std=c++17 -O2   -c -o main.o main.cpp
g++ -Wall -Wextra -std=c++17 -O2 -c drone.cpp -o drone.o
g++ -Wall -Wextra -std=c++17 -O2 -c monitor.cpp -o monitor.o
g++ -Wall -Wextra -std=c++17 -O2 -o main main.o drone.o monitor.o
mv: cannot stat 'results.txt': No such file or directory
Running student 2025-02-05-XXX-2041850, exercise 1, test 5
rm: cannot remove 'main': No such file or directory
g++ -lm -O3 -std=c++11 -c ../mocc/stat.cpp -o ../mocc/stat.o
g++ -lm -O3 -std=c++11 -c ../mocc/time.cpp -o ../mocc/time.o
g++ -lm -O3 -std=c++11 -c main.cpp -o main.o
In file included from main.cpp:2:
monitor.hpp: In member function ‘void Monitor::update(const std::vector<Drone>&, size_t)’:
monitor.hpp:33:22: warning: structured bindings only available with ‘-std=c++17’ or ‘-std=gnu++17’ [-Wc++17-extensions]
   33 |                 auto [dx, dy] = d.get_position();
      |                      ^
g++ -lm -O3 -std=c++11 ../mocc/stat.o ../mocc/time.o main.o -o main
Running student 2025-02-05-XXX-2083154, exercise 1, test 5
rm: cannot remove 'main': No such file or directory
g++ -lm -O3 -c monitor.cpp -o monitor.o
g++ -lm -O3 -c simulation.cpp -o simulation.o
g++ -lm -O3 -c main.cpp -o main.o
g++ -lm -O3 -c drone.cpp -o drone.o
g++ -lm -O3 monitor.o simulation.o main.o drone.o -o main
Running student 2025-02-05-XXX-1760206, exercise 1, test 5
g++ -Wall -Wextra -std=c++11 -c main.cpp
g++ -Wall -Wextra -std=c++11 -o main main.o
Running student 2025-02-05-XXX-2047604, exercise 1, test 5
rm: cannot remove 'main': No such file or directory
g++ -std=c++11 -Wall -O2 -c main.cpp -o main.o
g++ -std=c++11 -Wall -O2 -o main main.o
Running student 2025-02-05-XXX-2045899, exercise 1, test 5
g++ -lm -O3  -c main.cpp -o main.o
g++ -lm -O3  main.o -o main
Running student 2025-02-05-XXX-1810132, exercise 1, test 5
./grade1stud1ex1test.sh: line 39: cd: /home/enrico/edata/tronci@di.uniroma1.it/enrico/teaching/EXAMS/software-engineering/cpp-grader/testdir/2025-02-05-XXX-1810132/1: Not a directory
rm: cannot remove 'main': No such file or directory
make: *** No targets specified and no makefile found.  Stop.
mv: cannot stat 'results.txt': No such file or directory
Running student 2025-02-05-XXX-2047145, exercise 1, test 5
g++ -lm -O3  -c ../mocc/time.cpp -o ../mocc/time.o
g++ -lm -O3  -c ../mocc/math.cpp -o ../mocc/math.o
g++ -lm -O3  -c main.cpp -o main.o
g++ -lm -O3  ../mocc/time.o ../mocc/math.o main.o -o main
Running student 2025-02-05-XXX-2015518, exercise 1, test 5
rm: cannot remove 'main': No such file or directory
g++ -c -o simulation.o simulation.cpp -std=c++11 -I.  -lm 
g++ -o main simulation.o -std=c++11 -I.  -lm 
Running student 2025-02-05-XXX-2050059, exercise 1, test 5
rm: cannot remove 'main': No such file or directory
g++ -lm -O3 -c main.cpp -o main.o
g++ -lm -O3 main.o -o main
Running student 2025-02-05-Antonio-Rosati-2066344, exercise 1, test 5
./grade1stud1ex1test.sh: line 39: cd: /home/enrico/edata/tronci@di.uniroma1.it/enrico/teaching/EXAMS/software-engineering/cpp-grader/testdir/2025-02-05-Antonio-Rosati-2066344/1: Not a directory
rm: cannot remove 'main': No such file or directory
make: *** No targets specified and no makefile found.  Stop.
mv: cannot stat 'results.txt': No such file or directory
Running student 2025-02-05-XXX-1888625, exercise 1, test 5
g++ -std=c++11 -Wall -Wextra -c main.cpp -o main.o
g++ main.o -o main
Running student 2025-02-05-XXX-1771849, exercise 1, test 5
rm: cannot remove 'main': No such file or directory
g++ -lm -O3 -c main.cpp -o main.o
g++ -lm -O3 main.o -o main
Running student 2025-02-05-XXX-2058986, exercise 1, test 5
rm: cannot remove 'main': No such file or directory
g++ -lm -O3 -std=c++11 -c ../mocc/stat.cpp -o ../mocc/stat.o
g++ -lm -O3 -std=c++11 -c ../mocc/time.cpp -o ../mocc/time.o
g++ -lm -O3 -std=c++11 -c main.cpp -o main.o
In file included from main.cpp:2:
drone.hpp:8:10: fatal error: xlocale/_stdio.h: No such file or directory
    8 | #include <xlocale/_stdio.h>
      |          ^~~~~~~~~~~~~~~~~~
compilation terminated.
make: *** [Makefile:15: main.o] Error 1
Running student 2025-02-05-XXX-2059802, exercise 1, test 5
rm: cannot remove 'main': No such file or directory
g++ -lm -O3  -c point.cpp -o point.o
g++ -lm -O3  -c main.cpp -o main.o
g++ -lm -O3  -c drone.cpp -o drone.o
g++ -lm -O3  point.o main.o drone.o -o main
/usr/bin/ld: main.o: in function `main':
main.cpp:(.text.startup+0x10f): undefined reference to `Stopwatch::Stopwatch(double)'
/usr/bin/ld: main.cpp:(.text.startup+0x5f6): undefined reference to `Stopwatch::tick()'
/usr/bin/ld: main.cpp:(.text.startup+0x600): undefined reference to `Stopwatch::elapsed()'
collect2: error: ld returned 1 exit status
make: *** [Makefile:14: main] Error 1
mv: cannot stat 'results.txt': No such file or directory
Running student 2025-02-05-XXX-2062810, exercise 1, test 5
g++ -c -o simulation.o simulation.cpp -std=c++11 -I.  -lm 
g++ -c -o main.o main.cpp -std=c++11 -I.  -lm 
g++ -c -o drone.o drone.cpp -std=c++11 -I.  -lm 
g++ -o main simulation.o main.o drone.o -std=c++11 -I.  -lm 
Running student 2025-02-05-XXX-2045928, exercise 1, test 5
g++                        -std=c++17 -Wall -Wextra -O2   -c main.cpp -o main.o
g++                        -std=c++17 -Wall -Wextra -O2   -o main main.o
Running student 2025-02-05-XXX-2066523, exercise 1, test 5
rm: cannot remove 'main': No such file or directory
make: *** No targets specified and no makefile found.  Stop.
mv: cannot stat 'results.txt': No such file or directory
Running student 2025-02-05-XXX-2063098, exercise 1, test 5
rm: cannot remove 'main': No such file or directory
g++ -lm -O3  -c main.cpp -o main.o
g++ -lm -O3  main.o -o main
Running student 2025-02-05-XXX-2060085, exercise 1, test 5
g++ -c -o main.o main.cpp -std=c++11 -I.  -lm 
g++ -c -o drone.o drone.cpp -std=c++11 -I.  -lm 
g++ -o main main.o drone.o -std=c++11 -I.  -lm 
Running student 2025-02-05-XXX-2046475, exercise 1, test 5
g++ -Wall -Wextra -O3 -std=c++11 -c main.cpp -o main.o
g++ -Wall -Wextra -O3 -std=c++11 -o main main.o
Running student 2025-02-05-XXX-1986385, exercise 1, test 5
rm: cannot remove 'main': No such file or directory
g++ -c main.cpp -o main.o -std=c++11 -Wall -Wextra -O2
g++ -o main main.o -std=c++11 -Wall -Wextra -O2
Running student 2025-02-05-XXX-2046000, exercise 1, test 5
g++ -c -o stat.o stat.cpp -std=c++11 -I.  -lm 
g++ -c -o monitor_point.o monitor_point.cpp -std=c++11 -I.  -lm 
g++ -c -o parameters.o parameters.cpp -std=c++11 -I.  -lm 
g++ -c -o main.o main.cpp -std=c++11 -I.  -lm 
g++ -c -o drone.o drone.cpp -std=c++11 -I.  -lm 
g++ -o main stat.o monitor_point.o parameters.o main.o drone.o -std=c++11 -I.  -lm 
Running student 2025-02-05-XXX-2060573, exercise 1, test 5
g++ -c -o main.o main.cpp -std=c++11 -I.  -lm 
g++ -o main main.o -std=c++11 -I.  -lm 
Running student 2025-02-05-XXX-204432, exercise 1, test 5
rm: cannot remove 'main': No such file or directory
g++ -Wall -std=c++11 es1.cpp -o main
es1.cpp: In member function ‘bool SimulazioneDrone::leggiParametri(const std::string&)’:
es1.cpp:48:38: error: no matching function for call to ‘std::vector<PuntiMonitorati>::push_back(<brace-enclosed initializer list>)’
   48 |             puntiMonitorati.push_back({mp, 0.0});
      |             ~~~~~~~~~~~~~~~~~~~~~~~~~^~~~~~~~~~~
In file included from /usr/include/c++/13/vector:66,
                 from es1.cpp:2:
/usr/include/c++/13/bits/stl_vector.h:1278:7: note: candidate: ‘void std::vector<_Tp, _Alloc>::push_back(const value_type&) [with _Tp = PuntiMonitorati; _Alloc = std::allocator<PuntiMonitorati>; value_type = PuntiMonitorati]’
 1278 |       push_back(const value_type& __x)
      |       ^~~~~~~~~
/usr/include/c++/13/bits/stl_vector.h:1278:35: note:   no known conversion for argument 1 from ‘<brace-enclosed initializer list>’ to ‘const std::vector<PuntiMonitorati>::value_type&’ {aka ‘const PuntiMonitorati&’}
 1278 |       push_back(const value_type& __x)
      |                 ~~~~~~~~~~~~~~~~~~^~~
/usr/include/c++/13/bits/stl_vector.h:1295:7: note: candidate: ‘void std::vector<_Tp, _Alloc>::push_back(value_type&&) [with _Tp = PuntiMonitorati; _Alloc = std::allocator<PuntiMonitorati>; value_type = PuntiMonitorati]’
 1295 |       push_back(value_type&& __x)
      |       ^~~~~~~~~
/usr/include/c++/13/bits/stl_vector.h:1295:30: note:   no known conversion for argument 1 from ‘<brace-enclosed initializer list>’ to ‘std::vector<PuntiMonitorati>::value_type&&’ {aka ‘PuntiMonitorati&&’}
 1295 |       push_back(value_type&& __x)
      |                 ~~~~~~~~~~~~~^~~
make: *** [Makefile:5: main] Error 1
mv: cannot stat 'results.txt': No such file or directory
Running student 2025-02-05-XXX-2045982, exercise 1, test 5
rm: cannot remove 'main': No such file or directory
g++ -lm -O3  -c stat.cpp -o stat.o
g++ -lm -O3  -c main.cpp -o main.o
g++ -lm -O3  stat.o main.o -o main
Running student 2025-02-05-XXX-1994583, exercise 1, test 5
rm: cannot remove 'main': No such file or directory
make: *** No targets specified and no makefile found.  Stop.
Running student 2025-02-05-XXX-2046212, exercise 1, test 5
g++ main.cpp -o main
Running student 2025-02-05-XXX-2182157, exercise 1, test 5
rm: cannot remove 'main': No such file or directory
g++ -O3 -std=c++17 -Wall -Wextra -pedantic -c main.cpp -o main.o
g++ -O3 -std=c++17 -Wall -Wextra -pedantic -c drone.cpp -o drone.o
g++ -O3 -std=c++17 -Wall -Wextra -pedantic main.o drone.o -o main
Running student 2025-02-05-XXX-2009650, exercise 1, test 5
rm: cannot remove 'main': No such file or directory
g++ -c -o simulator.o simulator.cpp -std=c++11 -I.  -lm 
g++ -o main simulator.o -std=c++11 -I.  -lm 
./grade1stud1ex1test.sh: line 43: 248432 Segmentation fault      timeout -k 60 60s ./main 1>&$1.$2.$3.log
Running student 2025-02-05-XXX-2046234, exercise 1, test 5
rm: cannot remove 'main': No such file or directory
make: *** No targets specified and no makefile found.  Stop.
mv: cannot stat 'results.txt': No such file or directory
Running student 2025-02-05-XXX-2086047, exercise 1, test 5
rm: cannot remove 'main': No such file or directory
g++ -std=c++17 -Wall -Wextra -O2 -c main.cpp -o main.o
main.cpp:9:10: fatal error: ../libreria/mocc.hpp: No such file or directory
    9 | #include "../libreria/mocc.hpp"
      |          ^~~~~~~~~~~~~~~~~~~~~~
compilation terminated.
make: *** [Makefile:19: main.o] Error 1
Running student 2025-02-05-XXX-2043878, exercise 1, test 5
g++ -Wall -std=c++11 ex1.cpp -o main
Running student 2025-02-05-XXX-2025352, exercise 1, test 5
rm: cannot remove 'main': No such file or directory
g++ -std=c++11 -Wall -static-libgcc -static-libstdc++ -c main.cpp
g++ -std=c++11 -Wall -static-libgcc -static-libstdc++ -o main main.o
Running student 2025-02-05-XXX-1895077, exercise 1, test 5
g++ -std=c++17 -Wall -c main.cpp -o main.o
g++ -std=c++17 -Wall -o main main.o
Running student 2025-02-05-XXX-2042904, exercise 1, test 5
rm: cannot remove 'main': No such file or directory
g++ -c -o simulator.o simulator.cpp -std=c++11 -I.  -lm 
g++ -c -o drone.o drone.cpp -std=c++11 -I.  -lm 
g++ -o main simulator.o drone.o -std=c++11 -I.  -lm 
Running student 2025-02-05-XXX-2046501, exercise 1, test 5
rm: cannot remove 'main': No such file or directory
g++-14  -c -o simulator.o simulator.cpp -std=c++11 -I.
make: g++-14: Command not found
make: *** [Makefile:12: simulator.o] Error 127
Running student 2025-02-05-XXX-2083011, exercise 1, test 5
rm: cannot remove 'main': No such file or directory
c++ -Wall -Wextra -std=c++17 -O2 -c main.cpp -o main.o
c++ -Wall -Wextra -std=c++17 -O2 -o main.exe main.o
Running student 2025-02-05-XXX-2034930, exercise 1, test 5
./grade1stud1ex1test.sh: line 39: cd: /home/enrico/edata/tronci@di.uniroma1.it/enrico/teaching/EXAMS/software-engineering/cpp-grader/testdir/2025-02-05-XXX-2034930/1: Not a directory
rm: cannot remove 'main': No such file or directory
make: *** No targets specified and no makefile found.  Stop.
mv: cannot stat 'results.txt': No such file or directory
Running student 2025-02-05-XXX-2061343, exercise 1, test 5
g++ -lm -O3 main.cpp -o main
Running student 2025-02-05-XXX-2052800, exercise 1, test 5
rm: cannot remove 'main': No such file or directory
g++ -Wall -Wextra -std=c++11 -o main main.cpp  
Running student 2025-02-05-XXX-1884714, exercise 1, test 5
rm: cannot remove 'main': No such file or directory
make: *** No targets specified and no makefile found.  Stop.
Running student 2025-02-05-XXX-1884742, exercise 1, test 5
rm: cannot remove 'main': No such file or directory
g++ -std=c++11 -Wall -O2 -o main main.cpp
