Log for exercise 3
Begin run  student 2025-03-21-XXX-2068261, exercise 3, test 5
g++    -c -o main.o main.cpp
g++    -c -o Cliente.o Cliente.cpp
g++    -c -o Database.o Database.cpp
g++    -c -o Fornitore.o Fornitore.cpp
g++    -c -o Server.o Server.cpp
g++    -c -o Simulazione.o Simulazione.cpp
g++ -Wall -Wextra -O2 -o main main.o Cliente.o Database.o Fornitore.o Server.o Simulazione.o
./grade1stud1ex1test.sh: line 45: 128663 Aborted                 nice -20 timeout -k 180 180s ./main >&$1.$2.$3.log
End run student 2025-03-21-XXX-2068261, exercise 3, test 5

Begin run  student 2025-03-21-XXX-2045899, exercise 3, test 5
g++ -lm -O3  -c main.cpp -o main.o
g++ -lm -O3  main.o -o main
mv: cannot stat 'results.txt': No such file or directory
End run student 2025-03-21-XXX-2045899, exercise 3, test 5

Begin run  student 2025-03-21-XXX-1948382, exercise 3, test 5
g++ main.cpp -o main
End run student 2025-03-21-XXX-1948382, exercise 3, test 5

Begin run  student 2025-03-21-XXX-2047145, exercise 3, test 5
g++ -lm -O3  -c main.cpp -o main.o
g++ -lm -O3  main.o -o main
End run student 2025-03-21-XXX-2047145, exercise 3, test 5

Begin run  student 2025-03-21-XXX-2045204, exercise 3, test 5
g++ -lm -O3  -c main.cpp -o main.o
g++ -lm -O3  main.o -o main
End run student 2025-03-21-XXX-2045204, exercise 3, test 5

Begin run  student 2025-03-21-XXX-2015518, exercise 3, test 5
rm: cannot remove 'main': No such file or directory
g++ -c -o simulation.o simulation.cpp -std=c++11 -I.  -lm 
g++ -o main simulation.o -std=c++11 -I.  -lm 
End run student 2025-03-21-XXX-2015518, exercise 3, test 5

Begin run  student 2025-03-21-XXX-1991139, exercise 3, test 5
rm: cannot remove 'main': No such file or directory
mkdir -p build
g++ -c -o build/main.o main.cpp -lm -g -O3 -std=c++11 -I../../
g++ -o main build/main.o -lm -g -O3 -std=c++11 -I../../
End run student 2025-03-21-XXX-1991139, exercise 3, test 5

Begin run  student 2025-03-21-XXX-1933763, exercise 3, test 5
./grade1stud1ex1test.sh: line 39: cd: /home/enrico/edata/tronci@di.uniroma1.it/enrico/teaching/EXAMS/software-engineering/cpp-grader/testdir/2025-03-21-XXX-1933763/3: Not a directory
rm: cannot remove 'main': No such file or directory
rm: cannot remove 'results.txt': No such file or directory
make: *** No targets specified and no makefile found.  Stop.
mv: cannot stat 'results.txt': No such file or directory
End run student 2025-03-21-XXX-1933763, exercise 3, test 5

Begin run  student 2025-03-21-XXX-1894899, exercise 3, test 5
rm: cannot remove 'main': No such file or directory
rm: cannot remove 'results.txt': No such file or directory
make: *** No targets specified and no makefile found.  Stop.
mv: cannot stat 'results.txt': No such file or directory
End run student 2025-03-21-XXX-1894899, exercise 3, test 5

Begin run  student 2025-03-21-XXX-2087530, exercise 3, test 5
g++ -Wall -Wextra -O2 -std=c++17 -c main.cpp -o main.o
g++ -Wall -Wextra -O2 -std=c++17 -o main main.o
End run student 2025-03-21-XXX-2087530, exercise 3, test 5

Begin run  student 2025-03-21-XXX-2049029, exercise 3, test 5
rm: cannot remove 'main': No such file or directory
rm: cannot remove 'results.txt': No such file or directory
make: *** No targets specified and no makefile found.  Stop.
mv: cannot stat 'results.txt': No such file or directory
End run student 2025-03-21-XXX-2049029, exercise 3, test 5

Begin run  student 2025-03-21-XXX-2059802, exercise 3, test 5
g++ -lm -O3  -c ../mocc/stat.cpp -o ../mocc/stat.o
g++ -lm -O3  -c ../mocc/time.cpp -o ../mocc/time.o
g++ -lm -O3  -c data.cpp -o data.o
g++ -lm -O3  -c main.cpp -o main.o
g++ -lm -O3  ../mocc/stat.o ../mocc/time.o data.o main.o -o main
End run student 2025-03-21-XXX-2059802, exercise 3, test 5

Begin run  student 2025-03-21-XXX-2061657, exercise 3, test 5
g++ main.cpp -o main
End run student 2025-03-21-XXX-2061657, exercise 3, test 5

Begin run  student 2025-03-21-XXX-2045337, exercise 3, test 5
g++ -Wall -Wextra -std=c++11 -O2 -o main main.cpp
End run student 2025-03-21-XXX-2045337, exercise 3, test 5

Begin run  student 2025-03-21-XXX-2086686, exercise 3, test 5
rm: cannot remove 'main': No such file or directory
g++ -lm -O3  -c main.cpp -o main.o
g++ -lm -O3  main.o -o main
End run student 2025-03-21-XXX-2086686, exercise 3, test 5

Begin run  student 2025-03-21-XXX-2085129, exercise 3, test 5
rm: cannot remove 'main': No such file or directory
g++ -Wall -O2 -std=c++11 -c main.cpp -o main.o
main.cpp: In function ‘int main()’:
main.cpp:81:22: warning: structured bindings only available with ‘-std=c++17’ or ‘-std=gnu++17’ [-Wc++17-extensions]
   81 |                 auto [prod, val] = fifo_db.front();
      |                      ^
g++ -Wall -O2 -std=c++11 -o main main.o
End run student 2025-03-21-XXX-2085129, exercise 3, test 5

Begin run  student 2025-03-21-XXX-2010731, exercise 3, test 5
rm: cannot remove 'main': No such file or directory
g++ -lm -O3 -c ../utils/math.cpp -o ../utils/math.o
g++ -lm -O3 -c ../utils/time.cpp -o ../utils/time.o
g++ -lm -O3 -c main.cpp -o main.o
g++ -lm -O3 ../utils/math.o ../utils/time.o main.o -o main
End run student 2025-03-21-XXX-2010731, exercise 3, test 5

Begin run  student 2025-03-21-XXX-2067188, exercise 3, test 5
g++ -std=c++11 -Wall -O2 -o main main.cpp
End run student 2025-03-21-XXX-2067188, exercise 3, test 5

Begin run  student 2025-03-21-XXX-2063098, exercise 3, test 5
g++ -lm -O3  -c main.cpp -o main.o
g++ -lm -O3  main.o -o main
End run student 2025-03-21-XXX-2063098, exercise 3, test 5

Begin run  student 2025-03-21-XXX-2059337, exercise 3, test 5
g++ -std=c++11 -Wall -O2 -c customer.cpp -o customer.o
customer.cpp: In member function ‘int Customer::step(DataIn, Server*)’:
customer.cpp:16:15: warning: suggest parentheses around assignment used as truth value [-Wparentheses]
   16 |         if (i = 0) return 0;
      |             ~~^~~
g++ -std=c++11 -Wall -O2 -c database.cpp -o database.o
database.cpp: In member function ‘int Database::update()’:
database.cpp:12:35: warning: comparison of integer expressions of different signedness: ‘int’ and ‘std::vector<int>::size_type’ {aka ‘long unsigned int’} [-Wsign-compare]
   12 |                 for (int i = 0; i < db.size(); i++) {
      |                                 ~~^~~~~~~~~~~
g++ -std=c++11 -Wall -O2 -c fornitore.cpp -o fornitore.o
g++ -std=c++11 -Wall -O2 -c main.cpp -o main.o
g++ -std=c++11 -Wall -O2 -c randomUtils.cpp -o randomUtils.o
randomUtils.cpp: In function ‘bool readFile(std::string, DataIn&)’:
randomUtils.cpp:147:23: warning: comparison of integer expressions of different signedness: ‘int’ and ‘std::vector<double>::size_type’ {aka ‘long unsigned int’} [-Wsign-compare]
  147 |     for (int i = 0; i < d.P.size(); i++) {
      |                     ~~^~~~~~~~~~~~
randomUtils.cpp:154:23: warning: comparison of integer expressions of different signedness: ‘int’ and ‘std::vector<double>::size_type’ {aka ‘long unsigned int’} [-Wsign-compare]
  154 |     for (int i = 0; i < d.F.size(); i++) {
      |                     ~~^~~~~~~~~~~~
g++ -std=c++11 -Wall -O2 -c server.cpp -o server.o
server.cpp: In member function ‘int Server::step(Database*)’:
server.cpp:28:35: warning: comparison of integer expressions of different signedness: ‘int’ and ‘std::vector<int>::size_type’ {aka ‘long unsigned int’} [-Wsign-compare]
   28 |                 for (int i = 0; i < cache.size(); i++) {
      |                                 ~~^~~~~~~~~~~~~~
g++ -std=c++11 -Wall -O2 -o main customer.o database.o fornitore.o main.o randomUtils.o server.o
End run student 2025-03-21-XXX-2059337, exercise 3, test 5

Begin run  student 2025-03-21-XXX-1933070, exercise 3, test 5
g++  -c -o simulator.o simulator.cpp -std=c++11 -I. -lm
g++  -o main simulator.o -std=c++11 -I. -lm
mv: cannot stat 'results.txt': No such file or directory
End run student 2025-03-21-XXX-1933070, exercise 3, test 5

Begin run  student 2025-03-21-XXX-1943337, exercise 3, test 5
rm: cannot remove 'main': No such file or directory
g++ -std=c++11 -Wall -c main.cpp -o main.o
g++ main.o -o simulation
mv: cannot stat 'results.txt': No such file or directory
End run student 2025-03-21-XXX-1943337, exercise 3, test 5

Begin run  student 2025-03-21-XXX-2006305, exercise 3, test 5
rm: cannot remove 'main': No such file or directory
g++ -lm -O3  main.cpp -o main
End run student 2025-03-21-XXX-2006305, exercise 3, test 5

Begin run  student 2025-03-21-XXX-2044147, exercise 3, test 5
g++ -std=c++11 -pthread -O2 -Wall -o main main.cpp
main.cpp: In function ‘int main()’:
main.cpp:24:18: warning: unused variable ‘update_prob’ [-Wunused-variable]
   24 |     const double update_prob = 0.1;
      |                  ^~~~~~~~~~~
End run student 2025-03-21-XXX-2044147, exercise 3, test 5

Begin run  student 2025-03-21-XXX-1944917, exercise 3, test 5
g++ -c -o main.o main.cpp -std=c++11 -I.  -lm 
g++ -o main main.o -std=c++11 -I.  -lm 
End run student 2025-03-21-XXX-1944917, exercise 3, test 5

Begin run  student 2025-03-21-XXX-1996623, exercise 3, test 5
g++ -c -o customer.o customer.cpp -std=c++11 -I.
g++ -c -o database.o database.cpp -std=c++11 -I.
g++ -c -o global.o global.cpp -std=c++11 -I.
g++ -c -o main.o main.cpp -std=c++11 -I.
g++ -c -o server.o server.cpp -std=c++11 -I.
g++ -c -o simulator.o simulator.cpp -std=c++11 -I.
g++ -c -o statistics.o statistics.cpp -std=c++11 -I.
g++ -o main customer.o database.o global.o main.o server.o simulator.o statistics.o -std=c++11 -I. -lm
./grade1stud1ex1test.sh: line 45: 129750 Segmentation fault      nice -20 timeout -k 180 180s ./main >&$1.$2.$3.log
End run student 2025-03-21-XXX-1996623, exercise 3, test 5

Begin run  student 2025-03-21-XXX-2047034, exercise 3, test 5
rm: cannot remove 'main': No such file or directory
g++ -lm -O3 ../lib/stat.cpp ../lib/system.cpp main.cpp -o "main"
End run student 2025-03-21-XXX-2047034, exercise 3, test 5

Begin run  student 2025-03-21-XXX-2058986, exercise 3, test 5
rm: cannot remove 'main': No such file or directory
g++ -lm -O3 -std=c++11 -c ../mocc/stat.cpp -o ../mocc/stat.o
g++ -lm -O3 -std=c++11 -c ../mocc/time.cpp -o ../mocc/time.o
g++ -lm -O3 -std=c++11 -c main.cpp -o main.o
g++ -lm -O3 -std=c++11 ../mocc/stat.o ../mocc/time.o main.o -o main
End run student 2025-03-21-XXX-2058986, exercise 3, test 5

Begin run  student 2025-03-21-XXX-2060444, exercise 3, test 5
rm: cannot remove 'main': No such file or directory
rm: cannot remove 'results.txt': No such file or directory
g++ -Wall -Wextra -std=c++17 -g -I. -c main.cpp -o main.o
In file included from main.cpp:5:
customer.h: In member function ‘int Customer::richiediItem(MarkovChain)’:
customer.h:10:13: warning: unused variable ‘itemRichiesto’ [-Wunused-variable]
   10 |         int itemRichiesto = mc.getLastTransition();
      |             ^~~~~~~~~~~~~
customer.h:11:5: warning: no return statement in function returning non-void [-Wreturn-type]
   11 |     }
      |     ^
main.cpp: In function ‘int main()’:
main.cpp:28:30: error: redeclaration of ‘std::vector<std::__cxx11::basic_string<char> > probInput’
   28 |     std::vector<std::string> probInput = StringUtils::splitString(file.readLine(), ' ');
      |                              ^~~~~~~~~
main.cpp:24:30: note: ‘std::vector<std::__cxx11::basic_string<char> > probInput’ previously declared here
   24 |     std::vector<std::string> probInput = StringUtils::splitString(file.readLine(), ' ');
      |                              ^~~~~~~~~
main.cpp:44:16: warning: unused variable ‘lunghezzaFIFOSimulazione’ [-Wunused-variable]
   44 |         double lunghezzaFIFOSimulazione = 0.0; // Lunghezza FIFO per questa simulazione
      |                ^~~~~~~~~~~~~~~~~~~~~~~~
main.cpp:74:5: error: ‘lunghezzaMediaFIFO’ was not declared in this scope
   74 |     lunghezzaMediaFIFO /= (ITERAZIONI * ORIZZONTE);
      |     ^~~~~~~~~~~~~~~~~~
main.cpp:36:9: warning: unused variable ‘rimozioni’ [-Wunused-variable]
   36 |     int rimozioni[1000] = {0};
      |         ^~~~~~~~~
main.cpp:38:9: warning: unused variable ‘contOverselling’ [-Wunused-variable]
   38 |     int contOverselling;
      |         ^~~~~~~~~~~~~~~
make: *** [Makefile:26: main.o] Error 1
mv: cannot stat 'results.txt': No such file or directory
End run student 2025-03-21-XXX-2060444, exercise 3, test 5

Begin run  student 2025-03-21-XXX-2070317, exercise 3, test 5
rm: cannot remove 'main': No such file or directory
g++ main.cpp -o main
mv: cannot stat 'results.txt': No such file or directory
End run student 2025-03-21-XXX-2070317, exercise 3, test 5

Begin run  student 2025-03-21-XXX-2046738, exercise 3, test 5
g++  -c -o ex3.o ex3.cpp -std=c++11 -I.  -lm 
g++  -o main ex3.o -std=c++11 -I.  -lm 
End run student 2025-03-21-XXX-2046738, exercise 3, test 5

Begin run  student 2025-03-21-XXX-2046000, exercise 3, test 5
g++ -c -o main.o main.cpp -std=c++11 -I.  -lm 
g++ -o main main.o -std=c++11 -I.  -lm 
End run student 2025-03-21-XXX-2046000, exercise 3, test 5

Begin run  student 2025-03-21-XXX-2043415, exercise 3, test 5
g++ -c -o customer.o customer.cpp -std=c++11 -I.  -lm -static
g++ -c -o main.o main.cpp -std=c++11 -I.  -lm -static
g++ -c -o randgen.o randgen.cpp -std=c++11 -I.  -lm -static
g++ -o main customer.o main.o randgen.o -std=c++11 -I.  -lm -static; rm *.o;
End run student 2025-03-21-XXX-2043415, exercise 3, test 5

Begin run  student 2025-03-21-XXX-2043364, exercise 3, test 5
rm: cannot remove 'main': No such file or directory
rm: cannot remove 'results.txt': No such file or directory
g++ -lm -O3  -c main.cpp -o main.o
main.cpp: In member function ‘void Server::readfromFIFO(std::vector<int>)’:
main.cpp:46:54: warning: ignoring return value of ‘std::vector<_Tp, _Alloc>::reference std::vector<_Tp, _Alloc>::operator[](size_type) [with _Tp = std::pair<int, int>; _Alloc = std::allocator<std::pair<int, int> >; reference = std::pair<int, int>&; size_type = long unsigned int]’, declared with attribute ‘nodiscard’ [-Wunused-result]
   46 |             cache_items_available_per_product[fifo[0]];
      |                                                      ^
In file included from /usr/include/c++/13/vector:66,
                 from /usr/include/c++/13/bits/random.h:34,
                 from /usr/include/c++/13/random:51,
                 from main.cpp:4:
/usr/include/c++/13/bits/stl_vector.h:1126:7: note: declared here
 1126 |       operator[](size_type __n) _GLIBCXX_NOEXCEPT
      |       ^~~~~~~~
g++ -lm -O3  main.o -o main
mv: cannot stat 'results.txt': No such file or directory
End run student 2025-03-21-XXX-2043364, exercise 3, test 5

Begin run  student 2025-03-21-XXX-2044032, exercise 3, test 5
g++ -Wall -std=c++11 main.cpp -o main
End run student 2025-03-21-XXX-2044032, exercise 3, test 5

Begin run  student 2025-03-21-XXX-2009905, exercise 3, test 5
g++ -lm -O3  -c ../mocc/stat.cpp -o ../mocc/stat.o
g++ -lm -O3  -c ../mocc/time.cpp -o ../mocc/time.o
g++ -lm -O3  -c main.cpp -o main.o
g++ -lm -O3  -c parameters.cpp -o parameters.o
g++ -lm -O3  ../mocc/stat.o ../mocc/time.o main.o parameters.o -o main
End run student 2025-03-21-XXX-2009905, exercise 3, test 5

Begin run  student 2025-03-21-XXX-2069217, exercise 3, test 5
g++ -Wall -O2 -std=c++11 -o main main.cpp
End run student 2025-03-21-XXX-2069217, exercise 3, test 5

Begin run  student 2025-03-21-XXX-1994583, exercise 3, test 5
g++ -std=c++11 -Wall -Wextra -c main.cpp -o main.o
g++ -std=c++11 -Wall -Wextra -o main main.o
End run student 2025-03-21-XXX-1994583, exercise 3, test 5

Begin run  student 2025-03-21-XXX-2025557, exercise 3, test 5
./grade1stud1ex1test.sh: line 39: cd: /home/enrico/edata/tronci@di.uniroma1.it/enrico/teaching/EXAMS/software-engineering/cpp-grader/testdir/2025-03-21-XXX-2025557/3: Not a directory
rm: cannot remove 'main': No such file or directory
rm: cannot remove 'results.txt': No such file or directory
make: *** No targets specified and no makefile found.  Stop.
mv: cannot stat 'results.txt': No such file or directory
End run student 2025-03-21-XXX-2025557, exercise 3, test 5

Begin run  student 2025-03-21-XXX-2048130, exercise 3, test 5
rm: cannot remove 'main': No such file or directory
g++ -Wall -Wextra -O2 -std=c++11 -lm -c main.cpp
g++ -Wall -Wextra -O2 -std=c++11 -lm -o main main.o
End run student 2025-03-21-XXX-2048130, exercise 3, test 5

Begin run  student 2025-03-21-XXX-1987495, exercise 3, test 5
g++ -c -o ex3.o ex3.cpp -std=c++11 -I.  -lm 
g++ -o main ex3.o -std=c++11 -I.  -lm 
End run student 2025-03-21-XXX-1987495, exercise 3, test 5

Begin run  student 2025-03-21-XXX-2087310, exercise 3, test 5
rm: cannot remove 'main': No such file or directory
rm: cannot remove 'results.txt': No such file or directory
g++ main.cpp customer.cpp fornitore.cpp server.cpp -o main
In file included from /usr/include/x86_64-linux-gnu/c++/13/bits/c++allocator.h:33,
                 from /usr/include/c++/13/bits/allocator.h:46,
                 from /usr/include/c++/13/string:43,
                 from /usr/include/c++/13/bits/locale_classes.h:40,
                 from /usr/include/c++/13/bits/ios_base.h:41,
                 from /usr/include/c++/13/ios:44,
                 from /usr/include/c++/13/istream:40,
                 from /usr/include/c++/13/fstream:40,
                 from main.cpp:1:
/usr/include/c++/13/bits/new_allocator.h: In instantiation of ‘void std::__new_allocator<_Tp>::construct(_Up*, _Args&& ...) [with _Up = Customer; _Args = {const Customer&}; _Tp = Customer]’:
/usr/include/c++/13/bits/alloc_traits.h:538:17:   required from ‘static void std::allocator_traits<std::allocator<_CharT> >::construct(allocator_type&, _Up*, _Args&& ...) [with _Up = Customer; _Args = {const Customer&}; _Tp = Customer; allocator_type = std::allocator<Customer>]’
/usr/include/c++/13/bits/stl_vector.h:1286:30:   required from ‘void std::vector<_Tp, _Alloc>::push_back(const value_type&) [with _Tp = Customer; _Alloc = std::allocator<Customer>; value_type = Customer]’
main.cpp:55:28:   required from here
/usr/include/c++/13/bits/new_allocator.h:191:11: error: use of deleted function ‘Customer::Customer(const Customer&)’
  191 |         { ::new((void *)__p) _Up(std::forward<_Args>(__args)...); }
      |           ^~~~~~~~~~~~~~~~~~~~~~~~~~~~~~~~~~~~~~~~~~~~~~~~~~~~~~
In file included from main.cpp:6:
customer.hpp:8:7: note: ‘Customer::Customer(const Customer&)’ is implicitly deleted because the default definition would be ill-formed:
    8 | class Customer {
      |       ^~~~~~~~
customer.hpp:8:7: error: use of deleted function ‘std::random_device::random_device(const std::random_device&)’
In file included from /usr/include/c++/13/random:51,
                 from main.cpp:4:
/usr/include/c++/13/bits/random.h:1683:5: note: declared here
 1683 |     random_device(const random_device&) = delete;
      |     ^~~~~~~~~~~~~
In file included from /usr/include/c++/13/vector:65,
                 from main.cpp:3:
/usr/include/c++/13/bits/stl_uninitialized.h: In instantiation of ‘constexpr bool std::__check_constructible() [with _ValueType = Customer; _Tp = Customer&&]’:
/usr/include/c++/13/bits/stl_uninitialized.h:182:4:   required from ‘_ForwardIterator std::uninitialized_copy(_InputIterator, _InputIterator, _ForwardIterator) [with _InputIterator = move_iterator<Customer*>; _ForwardIterator = Customer*]’
/usr/include/c++/13/bits/stl_uninitialized.h:373:37:   required from ‘_ForwardIterator std::__uninitialized_copy_a(_InputIterator, _InputIterator, _ForwardIterator, allocator<_Tp>&) [with _InputIterator = move_iterator<Customer*>; _ForwardIterator = Customer*; _Tp = Customer]’
/usr/include/c++/13/bits/stl_uninitialized.h:399:2:   required from ‘_ForwardIterator std::__uninitialized_move_if_noexcept_a(_InputIterator, _InputIterator, _ForwardIterator, _Allocator&) [with _InputIterator = Customer*; _ForwardIterator = Customer*; _Allocator = allocator<Customer>]’
/usr/include/c++/13/bits/vector.tcc:493:3:   required from ‘void std::vector<_Tp, _Alloc>::_M_realloc_insert(iterator, _Args&& ...) [with _Args = {const Customer&}; _Tp = Customer; _Alloc = std::allocator<Customer>; iterator = std::vector<Customer>::iterator]’
/usr/include/c++/13/bits/stl_vector.h:1292:21:   required from ‘void std::vector<_Tp, _Alloc>::push_back(const value_type&) [with _Tp = Customer; _Alloc = std::allocator<Customer>; value_type = Customer]’
main.cpp:55:28:   required from here
/usr/include/c++/13/bits/stl_uninitialized.h:90:56: error: static assertion failed: result type must be constructible from input type
   90 |       static_assert(is_constructible<_ValueType, _Tp>::value,
      |                                                        ^~~~~
/usr/include/c++/13/bits/stl_uninitialized.h:90:56: note: ‘std::integral_constant<bool, false>::value’ evaluates to false
customer.cpp: In constructor ‘Customer::Customer(std::vector<float>&)’:
customer.cpp:4:61: error: expression cannot be used as a function
    4 |     : gen(rd()), d(probabilita.begin(), probabilita.end(), k(probabilita.size())) {}
      |                                                            ~^~~~~~~~~~~~~~~~~~~~
make: *** [Makefile:2: make] Error 1
mv: cannot stat 'results.txt': No such file or directory
End run student 2025-03-21-XXX-2087310, exercise 3, test 5

Begin run  student 2025-03-21-XXX-1919026, exercise 3, test 5
g++ -O3 -Wall -Wextra -pedantic -I ./include/ -std=c++17 -lm main.cpp src/Parameters.cpp src/VecUtils.cpp src/DB.cpp src/Server.cpp src/Customer.cpp src/Supplier.cpp src/Simulation.cpp -o main
End run student 2025-03-21-XXX-1919026, exercise 3, test 5

Begin run  student 2025-03-21-XXX-2086047, exercise 3, test 5
rm: cannot remove 'main': No such file or directory
g++ -std=c++17 -Wall -Wextra -O2 -c main.cpp -o main.o
g++ -std=c++17 -Wall -Wextra -O2 -o main main.o
End run student 2025-03-21-XXX-2086047, exercise 3, test 5

Begin run  student 2025-03-21-XXX-2087359, exercise 3, test 5
make: *** No targets.  Stop.
mv: cannot stat 'results.txt': No such file or directory
End run student 2025-03-21-XXX-2087359, exercise 3, test 5

Begin run  student 2025-03-21-XXX-2068434, exercise 3, test 5
rm: cannot remove 'main': No such file or directory
g++  -c -o main.o main.cpp -std=c++11 -I. -lm
g++  -o main main.o -std=c++11 -I. -lm
End run student 2025-03-21-XXX-2068434, exercise 3, test 5

Begin run  student 2025-03-21-XXX-2046758, exercise 3, test 5
g++ -lm -O3  -c main.cpp -o main.o
g++ -lm -O3  main.o -o main
End run student 2025-03-21-XXX-2046758, exercise 3, test 5

Begin run  student 2025-03-21-XXX-1857898, exercise 3, test 5
g++ -c -o main.o main.cpp -std=c++11 -I.  -lm 
g++ -o main main.o -std=c++11 -I.  -lm 
mv: cannot stat 'results.txt': No such file or directory
End run student 2025-03-21-XXX-1857898, exercise 3, test 5

Begin run  student 2025-03-21-XXX-2051659, exercise 3, test 5
rm: cannot remove 'main': No such file or directory
rm: cannot remove 'results.txt': No such file or directory
g++ -c -o main.o main.cpp -std=c++11 -I.  -lm 
g++ -o main main.o -std=c++11 -I.  -lm 
End run student 2025-03-21-XXX-2051659, exercise 3, test 5

Begin run  student 2025-03-21-XXX-2014782, exercise 3, test 5
g++ -c -o main.o main.cpp -std=c++11 -I.  -lm 
g++ -o main main.o -std=c++11 -I.  -lm 
End run student 2025-03-21-XXX-2014782, exercise 3, test 5

Begin run  student 2025-03-21-XXX-2046501, exercise 3, test 5
rm: cannot remove 'main': No such file or directory
g++  -c -o simulator.o simulator.cpp -std=c++11 -I.  -lm 
g++  -o main simulator.o -std=c++11 -I.  -lm 
End run student 2025-03-21-XXX-2046501, exercise 3, test 5

Begin run  student 2025-03-21-XXX-2083011, exercise 3, test 5
rm: cannot remove 'main': No such file or directory
g++ -c main.cpp -o main.o -std=c++11 -Wall -Wextra -O2
g++ -o main main.o -std=c++11 -Wall -Wextra -O2
End run student 2025-03-21-XXX-2083011, exercise 3, test 5

Begin run  student 2025-03-21-XXX-2034930, exercise 3, test 5
./grade1stud1ex1test.sh: line 39: cd: /home/enrico/edata/tronci@di.uniroma1.it/enrico/teaching/EXAMS/software-engineering/cpp-grader/testdir/2025-03-21-XXX-2034930/3: Not a directory
rm: cannot remove 'main': No such file or directory
rm: cannot remove 'results.txt': No such file or directory
make: *** No targets specified and no makefile found.  Stop.
mv: cannot stat 'results.txt': No such file or directory
End run student 2025-03-21-XXX-2034930, exercise 3, test 5

Begin run  student 2025-03-21-XXX-2021689, exercise 3, test 5
rm: cannot remove 'results.txt': No such file or directory
g++ -c -o fifo.o fifo.cpp -std=c++11 -I.  -lm 
g++ -c -o global.o global.cpp -std=c++11 -I.  -lm 
g++ -c -o main.o main.cpp -std=c++11 -I.  -lm 
g++ -c -o receiver.o receiver.cpp -std=c++11 -I.  -lm 
g++ -c -o sender.o sender.cpp -std=c++11 -I.  -lm 
g++ -c -o simulator.o simulator.cpp -std=c++11 -I.  -lm 
g++ -c -o system.o system.cpp -std=c++11 -I.  -lm 
g++ -o main fifo.o global.o main.o receiver.o sender.o simulator.o system.o -std=c++11 -I.  -lm 
mv: cannot stat 'results.txt': No such file or directory
End run student 2025-03-21-XXX-2021689, exercise 3, test 5

Begin run  student 2025-03-21-XXX-1960045, exercise 3, test 5
g++  -c -o ex3.o ex3.cpp -std=c++11 -I. -lm
g++  -o main ex3.o -std=c++11 -I. -lm
End run student 2025-03-21-XXX-1960045, exercise 3, test 5

Begin run  student 2025-03-21-XXX-2002583, exercise 3, test 5
rm: cannot remove 'main': No such file or directory
g++ -c -o main.o main.cpp -std=c++11 -I.  -lm 
In file included from time.hpp:3,
                 from main.cpp:6:
alias.hpp:12:38: warning: backslash-newline at end of file
   12 | #define STRONG_ALIAS(ALIAS, TYPE)    \
      |                                       
main.cpp: In function ‘int main()’:
main.cpp:62:56: error: invalid new-expression of abstract class type ‘Server’
   62 |             servers.push_back(new Server(urng, probf[i]));
      |                                                        ^
In file included from main.cpp:8:
server.hpp:9:7: note:   because the following virtual functions are pure within ‘Server’:
    9 | class Server : public Observer<size_t>,
      |       ^~~~~~
In file included from notifier.hpp:5,
                 from system.hpp:3,
                 from main.cpp:5:
observer.hpp:6:18: note:     ‘void Observer<T>::update(T ...) [with T = {long unsigned int}]’
    6 |     virtual void update(T...) = 0;
      |                  ^~~~~~
make: *** [Makefile:12: main.o] Error 1
mv: cannot stat 'results.txt': No such file or directory
End run student 2025-03-21-XXX-2002583, exercise 3, test 5

Begin run  student 2025-03-21-XXX-2046790, exercise 3, test 5
rm: cannot remove 'main': No such file or directory
g++ -c main.cpp -o main.o
g++ main.o -o main
End run student 2025-03-21-XXX-2046790, exercise 3, test 5

Begin run  student 2025-03-21-XXX-1844504, exercise 3, test 5
rm: cannot remove 'main': No such file or directory
g++ -std=c++11 -Wall -O2 -o main main.cpp
End run student 2025-03-21-XXX-1844504, exercise 3, test 5

Begin run  student 2025-03-21-XXX-1884714, exercise 3, test 5
rm: cannot remove 'main': No such file or directory
g++ -std=c++11 -Wall -O2 -o main main.cpp
End run student 2025-03-21-XXX-1884714, exercise 3, test 5

